

================================================================
== Vivado HLS Report for 'dense_wrapper_ap_fixed_ap_fixed_16_6_5_3_0_config12_s'
================================================================
* Date:           Tue Jul 20 16:20:22 2021

* Version:        2019.2 (Build 2698951 on Thu Oct 24 19:15:34 MDT 2019)
* Project:        myproject_prj
* Solution:       solution1
* Product family: virtex7
* Target device:  xc7vx690t-ffg1761-2


================================================================
== Performance Estimates
================================================================
+ Timing: 
    * Summary: 
    +--------+---------+----------+------------+
    |  Clock |  Target | Estimated| Uncertainty|
    +--------+---------+----------+------------+
    |ap_clk  | 5.00 ns | 4.263 ns |   0.62 ns  |
    +--------+---------+----------+------------+

+ Latency: 
    * Summary: 
    +---------+---------+-----------+-----------+-----+-----+----------+
    |  Latency (cycles) |   Latency (absolute)  |  Interval | Pipeline |
    |   min   |   max   |    min    |    max    | min | max |   Type   |
    +---------+---------+-----------+-----------+-----+-----+----------+
    |        2|        2| 10.000 ns | 10.000 ns |    1|    1| function |
    +---------+---------+-----------+-----------+-----+-----+----------+

    + Detail: 
        * Instance: 
        N/A

        * Loop: 
        N/A

============================================================
+ Verbose Summary: Synthesis Manager
============================================================
InlineROM: 1
ExposeGlobal: 0
============================================================
+ Verbose Summary: CDFG Model
============================================================
IsTopModel: 0
ResetActiveHigh: 1
IsCombinational: 0
IsDatapathOnly: 0
HasWiredReturn: 1
HasMFsm: 2
HasVarLatency: 0
IsPipeline: 1
IsRtlPipelined: 1
IsInstanceOverlapped: 0
IsDontTouch: 0
HasImplIP: 0
IsGatedGlobalClock: 0

+ Individual pipeline summary: 
  * Pipeline-0: initiation interval (II) = 1, depth = 3


============================================================
+ Verbose Summary: Schedule
============================================================
* Number of FSM states : 3
* Pipeline : 1
  Pipeline-0 : II = 1, D = 3, States = { 1 2 3 }
* Dataflow Pipeline: 0

* FSM state transitions: 
1 --> 2 
2 --> 3 
3 --> 

* FSM state operations: 

State 1 <SV = 0> <Delay = 4.26>
ST_1 : Operation 4 [1/1] (0.00ns)   --->   "%data_15_V_read_1 = call i16 @_ssdm_op_Read.ap_auto.i16(i16 %data_15_V_read)" [firmware/nnet_utils/nnet_dense_stream.h:14]   --->   Operation 4 'read' 'data_15_V_read_1' <Predicate = true> <Delay = 0.00>
ST_1 : Operation 5 [1/1] (0.00ns)   --->   "%data_14_V_read_1 = call i16 @_ssdm_op_Read.ap_auto.i16(i16 %data_14_V_read)" [firmware/nnet_utils/nnet_dense_stream.h:14]   --->   Operation 5 'read' 'data_14_V_read_1' <Predicate = true> <Delay = 0.00>
ST_1 : Operation 6 [1/1] (0.00ns)   --->   "%data_13_V_read_1 = call i16 @_ssdm_op_Read.ap_auto.i16(i16 %data_13_V_read)" [firmware/nnet_utils/nnet_dense_stream.h:14]   --->   Operation 6 'read' 'data_13_V_read_1' <Predicate = true> <Delay = 0.00>
ST_1 : Operation 7 [1/1] (0.00ns)   --->   "%data_12_V_read_1 = call i16 @_ssdm_op_Read.ap_auto.i16(i16 %data_12_V_read)" [firmware/nnet_utils/nnet_dense_stream.h:14]   --->   Operation 7 'read' 'data_12_V_read_1' <Predicate = true> <Delay = 0.00>
ST_1 : Operation 8 [1/1] (0.00ns)   --->   "%data_11_V_read_1 = call i16 @_ssdm_op_Read.ap_auto.i16(i16 %data_11_V_read)" [firmware/nnet_utils/nnet_dense_stream.h:14]   --->   Operation 8 'read' 'data_11_V_read_1' <Predicate = true> <Delay = 0.00>
ST_1 : Operation 9 [1/1] (0.00ns)   --->   "%data_10_V_read_1 = call i16 @_ssdm_op_Read.ap_auto.i16(i16 %data_10_V_read)" [firmware/nnet_utils/nnet_dense_stream.h:14]   --->   Operation 9 'read' 'data_10_V_read_1' <Predicate = true> <Delay = 0.00>
ST_1 : Operation 10 [1/1] (0.00ns)   --->   "%data_9_V_read_1 = call i16 @_ssdm_op_Read.ap_auto.i16(i16 %data_9_V_read)" [firmware/nnet_utils/nnet_dense_stream.h:14]   --->   Operation 10 'read' 'data_9_V_read_1' <Predicate = true> <Delay = 0.00>
ST_1 : Operation 11 [1/1] (0.00ns)   --->   "%data_8_V_read_1 = call i16 @_ssdm_op_Read.ap_auto.i16(i16 %data_8_V_read)" [firmware/nnet_utils/nnet_dense_stream.h:14]   --->   Operation 11 'read' 'data_8_V_read_1' <Predicate = true> <Delay = 0.00>
ST_1 : Operation 12 [1/1] (0.00ns)   --->   "%data_7_V_read_1 = call i16 @_ssdm_op_Read.ap_auto.i16(i16 %data_7_V_read)" [firmware/nnet_utils/nnet_dense_stream.h:14]   --->   Operation 12 'read' 'data_7_V_read_1' <Predicate = true> <Delay = 0.00>
ST_1 : Operation 13 [1/1] (0.00ns)   --->   "%data_6_V_read_1 = call i16 @_ssdm_op_Read.ap_auto.i16(i16 %data_6_V_read)" [firmware/nnet_utils/nnet_dense_stream.h:14]   --->   Operation 13 'read' 'data_6_V_read_1' <Predicate = true> <Delay = 0.00>
ST_1 : Operation 14 [1/1] (0.00ns)   --->   "%data_5_V_read_1 = call i16 @_ssdm_op_Read.ap_auto.i16(i16 %data_5_V_read)" [firmware/nnet_utils/nnet_dense_stream.h:14]   --->   Operation 14 'read' 'data_5_V_read_1' <Predicate = true> <Delay = 0.00>
ST_1 : Operation 15 [1/1] (0.00ns)   --->   "%data_4_V_read_1 = call i16 @_ssdm_op_Read.ap_auto.i16(i16 %data_4_V_read)" [firmware/nnet_utils/nnet_dense_stream.h:14]   --->   Operation 15 'read' 'data_4_V_read_1' <Predicate = true> <Delay = 0.00>
ST_1 : Operation 16 [1/1] (0.00ns)   --->   "%data_3_V_read_1 = call i16 @_ssdm_op_Read.ap_auto.i16(i16 %data_3_V_read)" [firmware/nnet_utils/nnet_dense_stream.h:14]   --->   Operation 16 'read' 'data_3_V_read_1' <Predicate = true> <Delay = 0.00>
ST_1 : Operation 17 [1/1] (0.00ns)   --->   "%data_2_V_read_1 = call i16 @_ssdm_op_Read.ap_auto.i16(i16 %data_2_V_read)" [firmware/nnet_utils/nnet_dense_stream.h:14]   --->   Operation 17 'read' 'data_2_V_read_1' <Predicate = true> <Delay = 0.00>
ST_1 : Operation 18 [1/1] (0.00ns)   --->   "%data_1_V_read_1 = call i16 @_ssdm_op_Read.ap_auto.i16(i16 %data_1_V_read)" [firmware/nnet_utils/nnet_dense_stream.h:14]   --->   Operation 18 'read' 'data_1_V_read_1' <Predicate = true> <Delay = 0.00>
ST_1 : Operation 19 [1/1] (0.00ns)   --->   "%data_0_V_read_1 = call i16 @_ssdm_op_Read.ap_auto.i16(i16 %data_0_V_read)" [firmware/nnet_utils/nnet_dense_stream.h:14]   --->   Operation 19 'read' 'data_0_V_read_1' <Predicate = true> <Delay = 0.00>
ST_1 : Operation 20 [1/1] (0.00ns)   --->   "%sext_ln1118 = sext i16 %data_0_V_read_1 to i23" [firmware/nnet_utils/nnet_mult.h:67->firmware/nnet_utils/nnet_dense_latency.h:96->firmware/nnet_utils/nnet_dense_stream.h:22]   --->   Operation 20 'sext' 'sext_ln1118' <Predicate = true> <Delay = 0.00>
ST_1 : Operation 21 [1/1] (0.00ns)   --->   "%sext_ln1118_2 = sext i16 %data_0_V_read_1 to i24" [firmware/nnet_utils/nnet_mult.h:67->firmware/nnet_utils/nnet_dense_latency.h:96->firmware/nnet_utils/nnet_dense_stream.h:22]   --->   Operation 21 'sext' 'sext_ln1118_2' <Predicate = true> <Delay = 0.00>
ST_1 : Operation 22 [1/1] (3.72ns)   --->   "%mul_ln1118 = mul i24 %sext_ln1118_2, 191" [firmware/nnet_utils/nnet_mult.h:67->firmware/nnet_utils/nnet_dense_latency.h:96->firmware/nnet_utils/nnet_dense_stream.h:22]   --->   Operation 22 'mul' 'mul_ln1118' <Predicate = true> <Delay = 3.72> <Core = "Mul">   --->   Core 16 'Mul' <Latency = 0> <II = 1> <Delay = 3.72> <FuncUnit> <Opcode : 'mul'> <InPorts = 2> <OutPorts = 1>
ST_1 : Operation 23 [1/1] (0.00ns)   --->   "%trunc_ln = call i10 @_ssdm_op_PartSelect.i10.i24.i32.i32(i24 %mul_ln1118, i32 14, i32 23)" [firmware/nnet_utils/nnet_mult.h:67->firmware/nnet_utils/nnet_dense_latency.h:96->firmware/nnet_utils/nnet_dense_stream.h:22]   --->   Operation 23 'partselect' 'trunc_ln' <Predicate = true> <Delay = 0.00>
ST_1 : Operation 24 [1/1] (3.72ns)   --->   "%mul_ln1118_2 = mul i23 %sext_ln1118, -59" [firmware/nnet_utils/nnet_mult.h:67->firmware/nnet_utils/nnet_dense_latency.h:96->firmware/nnet_utils/nnet_dense_stream.h:22]   --->   Operation 24 'mul' 'mul_ln1118_2' <Predicate = true> <Delay = 3.72> <Core = "Mul">   --->   Core 16 'Mul' <Latency = 0> <II = 1> <Delay = 3.72> <FuncUnit> <Opcode : 'mul'> <InPorts = 2> <OutPorts = 1>
ST_1 : Operation 25 [1/1] (0.00ns)   --->   "%trunc_ln708_2 = call i9 @_ssdm_op_PartSelect.i9.i23.i32.i32(i23 %mul_ln1118_2, i32 14, i32 22)" [firmware/nnet_utils/nnet_mult.h:67->firmware/nnet_utils/nnet_dense_latency.h:96->firmware/nnet_utils/nnet_dense_stream.h:22]   --->   Operation 25 'partselect' 'trunc_ln708_2' <Predicate = true> <Delay = 0.00>
ST_1 : Operation 26 [1/1] (0.00ns)   --->   "%sext_ln708 = sext i9 %trunc_ln708_2 to i10" [firmware/nnet_utils/nnet_mult.h:67->firmware/nnet_utils/nnet_dense_latency.h:96->firmware/nnet_utils/nnet_dense_stream.h:22]   --->   Operation 26 'sext' 'sext_ln708' <Predicate = true> <Delay = 0.00>
ST_1 : Operation 27 [1/1] (0.00ns)   --->   "%sext_ln1118_3 = sext i16 %data_1_V_read_1 to i24" [firmware/nnet_utils/nnet_mult.h:67->firmware/nnet_utils/nnet_dense_latency.h:96->firmware/nnet_utils/nnet_dense_stream.h:22]   --->   Operation 27 'sext' 'sext_ln1118_3' <Predicate = true> <Delay = 0.00>
ST_1 : Operation 28 [1/1] (3.72ns)   --->   "%mul_ln1118_3 = mul i24 %sext_ln1118_3, -180" [firmware/nnet_utils/nnet_mult.h:67->firmware/nnet_utils/nnet_dense_latency.h:96->firmware/nnet_utils/nnet_dense_stream.h:22]   --->   Operation 28 'mul' 'mul_ln1118_3' <Predicate = true> <Delay = 3.72> <Core = "Mul">   --->   Core 16 'Mul' <Latency = 0> <II = 1> <Delay = 3.72> <FuncUnit> <Opcode : 'mul'> <InPorts = 2> <OutPorts = 1>
ST_1 : Operation 29 [1/1] (0.00ns)   --->   "%trunc_ln708_3 = call i10 @_ssdm_op_PartSelect.i10.i24.i32.i32(i24 %mul_ln1118_3, i32 14, i32 23)" [firmware/nnet_utils/nnet_mult.h:67->firmware/nnet_utils/nnet_dense_latency.h:96->firmware/nnet_utils/nnet_dense_stream.h:22]   --->   Operation 29 'partselect' 'trunc_ln708_3' <Predicate = true> <Delay = 0.00>
ST_1 : Operation 30 [1/1] (0.00ns)   --->   "%shl_ln = call i24 @_ssdm_op_BitConcatenate.i24.i16.i8(i16 %data_1_V_read_1, i8 0)" [firmware/nnet_utils/nnet_mult.h:67->firmware/nnet_utils/nnet_dense_latency.h:96->firmware/nnet_utils/nnet_dense_stream.h:22]   --->   Operation 30 'bitconcatenate' 'shl_ln' <Predicate = true> <Delay = 0.00>
ST_1 : Operation 31 [1/1] (0.00ns)   --->   "%shl_ln1118_1 = call i18 @_ssdm_op_BitConcatenate.i18.i16.i2(i16 %data_1_V_read_1, i2 0)" [firmware/nnet_utils/nnet_mult.h:67->firmware/nnet_utils/nnet_dense_latency.h:96->firmware/nnet_utils/nnet_dense_stream.h:22]   --->   Operation 31 'bitconcatenate' 'shl_ln1118_1' <Predicate = true> <Delay = 0.00>
ST_1 : Operation 32 [1/1] (0.00ns)   --->   "%sext_ln1118_4 = sext i18 %shl_ln1118_1 to i24" [firmware/nnet_utils/nnet_mult.h:67->firmware/nnet_utils/nnet_dense_latency.h:96->firmware/nnet_utils/nnet_dense_stream.h:22]   --->   Operation 32 'sext' 'sext_ln1118_4' <Predicate = true> <Delay = 0.00>
ST_1 : Operation 33 [1/1] (0.61ns)   --->   "%add_ln1118 = add i24 %sext_ln1118_4, %shl_ln" [firmware/nnet_utils/nnet_mult.h:67->firmware/nnet_utils/nnet_dense_latency.h:96->firmware/nnet_utils/nnet_dense_stream.h:22]   --->   Operation 33 'add' 'add_ln1118' <Predicate = true> <Delay = 0.61> <Core = "AddSub">   --->   Core 14 'AddSub' <Latency = 0> <II = 1> <Delay = 0.95> <FuncUnit> <Opcode : 'add' 'sub'> <InPorts = 2> <OutPorts = 1>
ST_1 : Operation 34 [1/1] (0.00ns)   --->   "%trunc_ln708_4 = call i10 @_ssdm_op_PartSelect.i10.i24.i32.i32(i24 %add_ln1118, i32 14, i32 23)" [firmware/nnet_utils/nnet_mult.h:67->firmware/nnet_utils/nnet_dense_latency.h:96->firmware/nnet_utils/nnet_dense_stream.h:22]   --->   Operation 34 'partselect' 'trunc_ln708_4' <Predicate = true> <Delay = 0.00>
ST_1 : Operation 35 [1/1] (0.00ns)   --->   "%sext_ln1118_5 = sext i16 %data_2_V_read_1 to i24" [firmware/nnet_utils/nnet_mult.h:67->firmware/nnet_utils/nnet_dense_latency.h:96->firmware/nnet_utils/nnet_dense_stream.h:22]   --->   Operation 35 'sext' 'sext_ln1118_5' <Predicate = true> <Delay = 0.00>
ST_1 : Operation 36 [1/1] (3.72ns)   --->   "%mul_ln1118_4 = mul i24 %sext_ln1118_5, 75" [firmware/nnet_utils/nnet_mult.h:67->firmware/nnet_utils/nnet_dense_latency.h:96->firmware/nnet_utils/nnet_dense_stream.h:22]   --->   Operation 36 'mul' 'mul_ln1118_4' <Predicate = true> <Delay = 3.72> <Core = "Mul">   --->   Core 16 'Mul' <Latency = 0> <II = 1> <Delay = 3.72> <FuncUnit> <Opcode : 'mul'> <InPorts = 2> <OutPorts = 1>
ST_1 : Operation 37 [1/1] (0.00ns)   --->   "%trunc_ln708_5 = call i10 @_ssdm_op_PartSelect.i10.i24.i32.i32(i24 %mul_ln1118_4, i32 14, i32 23)" [firmware/nnet_utils/nnet_mult.h:67->firmware/nnet_utils/nnet_dense_latency.h:96->firmware/nnet_utils/nnet_dense_stream.h:22]   --->   Operation 37 'partselect' 'trunc_ln708_5' <Predicate = true> <Delay = 0.00>
ST_1 : Operation 38 [1/1] (3.72ns)   --->   "%mul_ln1118_5 = mul i24 %sext_ln1118_5, 269" [firmware/nnet_utils/nnet_mult.h:67->firmware/nnet_utils/nnet_dense_latency.h:96->firmware/nnet_utils/nnet_dense_stream.h:22]   --->   Operation 38 'mul' 'mul_ln1118_5' <Predicate = true> <Delay = 3.72> <Core = "Mul">   --->   Core 16 'Mul' <Latency = 0> <II = 1> <Delay = 3.72> <FuncUnit> <Opcode : 'mul'> <InPorts = 2> <OutPorts = 1>
ST_1 : Operation 39 [1/1] (0.00ns)   --->   "%trunc_ln708_6 = call i10 @_ssdm_op_PartSelect.i10.i24.i32.i32(i24 %mul_ln1118_5, i32 14, i32 23)" [firmware/nnet_utils/nnet_mult.h:67->firmware/nnet_utils/nnet_dense_latency.h:96->firmware/nnet_utils/nnet_dense_stream.h:22]   --->   Operation 39 'partselect' 'trunc_ln708_6' <Predicate = true> <Delay = 0.00>
ST_1 : Operation 40 [1/1] (0.00ns)   --->   "%sext_ln1118_6 = sext i16 %data_3_V_read_1 to i24" [firmware/nnet_utils/nnet_mult.h:67->firmware/nnet_utils/nnet_dense_latency.h:96->firmware/nnet_utils/nnet_dense_stream.h:22]   --->   Operation 40 'sext' 'sext_ln1118_6' <Predicate = true> <Delay = 0.00>
ST_1 : Operation 41 [1/1] (3.72ns)   --->   "%mul_ln1118_6 = mul i24 %sext_ln1118_6, 284" [firmware/nnet_utils/nnet_mult.h:67->firmware/nnet_utils/nnet_dense_latency.h:96->firmware/nnet_utils/nnet_dense_stream.h:22]   --->   Operation 41 'mul' 'mul_ln1118_6' <Predicate = true> <Delay = 3.72> <Core = "Mul">   --->   Core 16 'Mul' <Latency = 0> <II = 1> <Delay = 3.72> <FuncUnit> <Opcode : 'mul'> <InPorts = 2> <OutPorts = 1>
ST_1 : Operation 42 [1/1] (0.00ns)   --->   "%trunc_ln708_7 = call i10 @_ssdm_op_PartSelect.i10.i24.i32.i32(i24 %mul_ln1118_6, i32 14, i32 23)" [firmware/nnet_utils/nnet_mult.h:67->firmware/nnet_utils/nnet_dense_latency.h:96->firmware/nnet_utils/nnet_dense_stream.h:22]   --->   Operation 42 'partselect' 'trunc_ln708_7' <Predicate = true> <Delay = 0.00>
ST_1 : Operation 43 [1/1] (3.72ns)   --->   "%mul_ln1118_7 = mul i24 %sext_ln1118_6, -178" [firmware/nnet_utils/nnet_mult.h:67->firmware/nnet_utils/nnet_dense_latency.h:96->firmware/nnet_utils/nnet_dense_stream.h:22]   --->   Operation 43 'mul' 'mul_ln1118_7' <Predicate = true> <Delay = 3.72> <Core = "Mul">   --->   Core 16 'Mul' <Latency = 0> <II = 1> <Delay = 3.72> <FuncUnit> <Opcode : 'mul'> <InPorts = 2> <OutPorts = 1>
ST_1 : Operation 44 [1/1] (0.00ns)   --->   "%trunc_ln708_8 = call i10 @_ssdm_op_PartSelect.i10.i24.i32.i32(i24 %mul_ln1118_7, i32 14, i32 23)" [firmware/nnet_utils/nnet_mult.h:67->firmware/nnet_utils/nnet_dense_latency.h:96->firmware/nnet_utils/nnet_dense_stream.h:22]   --->   Operation 44 'partselect' 'trunc_ln708_8' <Predicate = true> <Delay = 0.00>
ST_1 : Operation 45 [1/1] (0.00ns)   --->   "%sext_ln1118_7 = sext i16 %data_4_V_read_1 to i24" [firmware/nnet_utils/nnet_mult.h:67->firmware/nnet_utils/nnet_dense_latency.h:96->firmware/nnet_utils/nnet_dense_stream.h:22]   --->   Operation 45 'sext' 'sext_ln1118_7' <Predicate = true> <Delay = 0.00>
ST_1 : Operation 46 [1/1] (3.72ns)   --->   "%mul_ln1118_8 = mul i24 %sext_ln1118_7, 148" [firmware/nnet_utils/nnet_mult.h:67->firmware/nnet_utils/nnet_dense_latency.h:96->firmware/nnet_utils/nnet_dense_stream.h:22]   --->   Operation 46 'mul' 'mul_ln1118_8' <Predicate = true> <Delay = 3.72> <Core = "Mul">   --->   Core 16 'Mul' <Latency = 0> <II = 1> <Delay = 3.72> <FuncUnit> <Opcode : 'mul'> <InPorts = 2> <OutPorts = 1>
ST_1 : Operation 47 [1/1] (0.00ns)   --->   "%trunc_ln708_9 = call i10 @_ssdm_op_PartSelect.i10.i24.i32.i32(i24 %mul_ln1118_8, i32 14, i32 23)" [firmware/nnet_utils/nnet_mult.h:67->firmware/nnet_utils/nnet_dense_latency.h:96->firmware/nnet_utils/nnet_dense_stream.h:22]   --->   Operation 47 'partselect' 'trunc_ln708_9' <Predicate = true> <Delay = 0.00>
ST_1 : Operation 48 [1/1] (3.72ns)   --->   "%mul_ln1118_9 = mul i24 %sext_ln1118_7, 145" [firmware/nnet_utils/nnet_mult.h:67->firmware/nnet_utils/nnet_dense_latency.h:96->firmware/nnet_utils/nnet_dense_stream.h:22]   --->   Operation 48 'mul' 'mul_ln1118_9' <Predicate = true> <Delay = 3.72> <Core = "Mul">   --->   Core 16 'Mul' <Latency = 0> <II = 1> <Delay = 3.72> <FuncUnit> <Opcode : 'mul'> <InPorts = 2> <OutPorts = 1>
ST_1 : Operation 49 [1/1] (0.00ns)   --->   "%trunc_ln708_s = call i10 @_ssdm_op_PartSelect.i10.i24.i32.i32(i24 %mul_ln1118_9, i32 14, i32 23)" [firmware/nnet_utils/nnet_mult.h:67->firmware/nnet_utils/nnet_dense_latency.h:96->firmware/nnet_utils/nnet_dense_stream.h:22]   --->   Operation 49 'partselect' 'trunc_ln708_s' <Predicate = true> <Delay = 0.00>
ST_1 : Operation 50 [1/1] (0.00ns)   --->   "%sext_ln1118_8 = sext i16 %data_5_V_read_1 to i24" [firmware/nnet_utils/nnet_mult.h:67->firmware/nnet_utils/nnet_dense_latency.h:96->firmware/nnet_utils/nnet_dense_stream.h:22]   --->   Operation 50 'sext' 'sext_ln1118_8' <Predicate = true> <Delay = 0.00>
ST_1 : Operation 51 [1/1] (3.72ns)   --->   "%mul_ln1118_10 = mul i24 %sext_ln1118_8, 277" [firmware/nnet_utils/nnet_mult.h:67->firmware/nnet_utils/nnet_dense_latency.h:96->firmware/nnet_utils/nnet_dense_stream.h:22]   --->   Operation 51 'mul' 'mul_ln1118_10' <Predicate = true> <Delay = 3.72> <Core = "Mul">   --->   Core 16 'Mul' <Latency = 0> <II = 1> <Delay = 3.72> <FuncUnit> <Opcode : 'mul'> <InPorts = 2> <OutPorts = 1>
ST_1 : Operation 52 [1/1] (0.00ns)   --->   "%trunc_ln708_1 = call i10 @_ssdm_op_PartSelect.i10.i24.i32.i32(i24 %mul_ln1118_10, i32 14, i32 23)" [firmware/nnet_utils/nnet_mult.h:67->firmware/nnet_utils/nnet_dense_latency.h:96->firmware/nnet_utils/nnet_dense_stream.h:22]   --->   Operation 52 'partselect' 'trunc_ln708_1' <Predicate = true> <Delay = 0.00>
ST_1 : Operation 53 [1/1] (3.72ns)   --->   "%mul_ln1118_11 = mul i24 %sext_ln1118_8, 401" [firmware/nnet_utils/nnet_mult.h:67->firmware/nnet_utils/nnet_dense_latency.h:96->firmware/nnet_utils/nnet_dense_stream.h:22]   --->   Operation 53 'mul' 'mul_ln1118_11' <Predicate = true> <Delay = 3.72> <Core = "Mul">   --->   Core 16 'Mul' <Latency = 0> <II = 1> <Delay = 3.72> <FuncUnit> <Opcode : 'mul'> <InPorts = 2> <OutPorts = 1>
ST_1 : Operation 54 [1/1] (0.00ns)   --->   "%trunc_ln708_10 = call i10 @_ssdm_op_PartSelect.i10.i24.i32.i32(i24 %mul_ln1118_11, i32 14, i32 23)" [firmware/nnet_utils/nnet_mult.h:67->firmware/nnet_utils/nnet_dense_latency.h:96->firmware/nnet_utils/nnet_dense_stream.h:22]   --->   Operation 54 'partselect' 'trunc_ln708_10' <Predicate = true> <Delay = 0.00>
ST_1 : Operation 55 [1/1] (0.00ns)   --->   "%sext_ln1118_9 = sext i16 %data_6_V_read_1 to i24" [firmware/nnet_utils/nnet_mult.h:67->firmware/nnet_utils/nnet_dense_latency.h:96->firmware/nnet_utils/nnet_dense_stream.h:22]   --->   Operation 55 'sext' 'sext_ln1118_9' <Predicate = true> <Delay = 0.00>
ST_1 : Operation 56 [1/1] (3.72ns)   --->   "%mul_ln1118_12 = mul i24 %sext_ln1118_9, 211" [firmware/nnet_utils/nnet_mult.h:67->firmware/nnet_utils/nnet_dense_latency.h:96->firmware/nnet_utils/nnet_dense_stream.h:22]   --->   Operation 56 'mul' 'mul_ln1118_12' <Predicate = true> <Delay = 3.72> <Core = "Mul">   --->   Core 16 'Mul' <Latency = 0> <II = 1> <Delay = 3.72> <FuncUnit> <Opcode : 'mul'> <InPorts = 2> <OutPorts = 1>
ST_1 : Operation 57 [1/1] (0.00ns)   --->   "%trunc_ln708_11 = call i10 @_ssdm_op_PartSelect.i10.i24.i32.i32(i24 %mul_ln1118_12, i32 14, i32 23)" [firmware/nnet_utils/nnet_mult.h:67->firmware/nnet_utils/nnet_dense_latency.h:96->firmware/nnet_utils/nnet_dense_stream.h:22]   --->   Operation 57 'partselect' 'trunc_ln708_11' <Predicate = true> <Delay = 0.00>
ST_1 : Operation 58 [1/1] (0.00ns)   --->   "%shl_ln1118_2 = call i24 @_ssdm_op_BitConcatenate.i24.i16.i8(i16 %data_6_V_read_1, i8 0)" [firmware/nnet_utils/nnet_mult.h:67->firmware/nnet_utils/nnet_dense_latency.h:96->firmware/nnet_utils/nnet_dense_stream.h:22]   --->   Operation 58 'bitconcatenate' 'shl_ln1118_2' <Predicate = true> <Delay = 0.00>
ST_1 : Operation 59 [1/1] (0.00ns) (grouped into TernaryAdder)   --->   "%sub_ln1118 = sub i24 0, %shl_ln1118_2" [firmware/nnet_utils/nnet_mult.h:67->firmware/nnet_utils/nnet_dense_latency.h:96->firmware/nnet_utils/nnet_dense_stream.h:22]   --->   Operation 59 'sub' 'sub_ln1118' <Predicate = true> <Delay = 0.00> <Core = "TAddSub">   --->   Core 83 'TAddSub' <Latency = 0> <II = 1> <Delay = 0.98> <IPBlock> <Opcode : 'add' 'sub'> <InPorts = 3> <OutPorts = 1> <Sync> <CReg>
ST_1 : Operation 60 [1/1] (0.00ns)   --->   "%shl_ln1118_3 = call i19 @_ssdm_op_BitConcatenate.i19.i16.i3(i16 %data_6_V_read_1, i3 0)" [firmware/nnet_utils/nnet_mult.h:67->firmware/nnet_utils/nnet_dense_latency.h:96->firmware/nnet_utils/nnet_dense_stream.h:22]   --->   Operation 60 'bitconcatenate' 'shl_ln1118_3' <Predicate = true> <Delay = 0.00>
ST_1 : Operation 61 [1/1] (0.00ns)   --->   "%sext_ln1118_10 = sext i19 %shl_ln1118_3 to i24" [firmware/nnet_utils/nnet_mult.h:67->firmware/nnet_utils/nnet_dense_latency.h:96->firmware/nnet_utils/nnet_dense_stream.h:22]   --->   Operation 61 'sext' 'sext_ln1118_10' <Predicate = true> <Delay = 0.00>
ST_1 : Operation 62 [1/1] (2.14ns) (root node of TernaryAdder)   --->   "%sub_ln1118_1 = sub i24 %sub_ln1118, %sext_ln1118_10" [firmware/nnet_utils/nnet_mult.h:67->firmware/nnet_utils/nnet_dense_latency.h:96->firmware/nnet_utils/nnet_dense_stream.h:22]   --->   Operation 62 'sub' 'sub_ln1118_1' <Predicate = true> <Delay = 2.14> <Core = "TAddSub">   --->   Core 83 'TAddSub' <Latency = 0> <II = 1> <Delay = 0.98> <IPBlock> <Opcode : 'add' 'sub'> <InPorts = 3> <OutPorts = 1> <Sync> <CReg>
ST_1 : Operation 63 [1/1] (0.00ns)   --->   "%trunc_ln708_12 = call i10 @_ssdm_op_PartSelect.i10.i24.i32.i32(i24 %sub_ln1118_1, i32 14, i32 23)" [firmware/nnet_utils/nnet_mult.h:67->firmware/nnet_utils/nnet_dense_latency.h:96->firmware/nnet_utils/nnet_dense_stream.h:22]   --->   Operation 63 'partselect' 'trunc_ln708_12' <Predicate = true> <Delay = 0.00>
ST_1 : Operation 64 [1/1] (0.00ns)   --->   "%sext_ln1118_11 = sext i16 %data_7_V_read_1 to i24" [firmware/nnet_utils/nnet_mult.h:67->firmware/nnet_utils/nnet_dense_latency.h:96->firmware/nnet_utils/nnet_dense_stream.h:22]   --->   Operation 64 'sext' 'sext_ln1118_11' <Predicate = true> <Delay = 0.00>
ST_1 : Operation 65 [1/1] (3.72ns)   --->   "%mul_ln1118_13 = mul i24 %sext_ln1118_11, 67" [firmware/nnet_utils/nnet_mult.h:67->firmware/nnet_utils/nnet_dense_latency.h:96->firmware/nnet_utils/nnet_dense_stream.h:22]   --->   Operation 65 'mul' 'mul_ln1118_13' <Predicate = true> <Delay = 3.72> <Core = "Mul">   --->   Core 16 'Mul' <Latency = 0> <II = 1> <Delay = 3.72> <FuncUnit> <Opcode : 'mul'> <InPorts = 2> <OutPorts = 1>
ST_1 : Operation 66 [1/1] (0.00ns)   --->   "%trunc_ln708_13 = call i10 @_ssdm_op_PartSelect.i10.i24.i32.i32(i24 %mul_ln1118_13, i32 14, i32 23)" [firmware/nnet_utils/nnet_mult.h:67->firmware/nnet_utils/nnet_dense_latency.h:96->firmware/nnet_utils/nnet_dense_stream.h:22]   --->   Operation 66 'partselect' 'trunc_ln708_13' <Predicate = true> <Delay = 0.00>
ST_1 : Operation 67 [1/1] (0.00ns)   --->   "%shl_ln1118_4 = call i22 @_ssdm_op_BitConcatenate.i22.i16.i6(i16 %data_7_V_read_1, i6 0)" [firmware/nnet_utils/nnet_mult.h:67->firmware/nnet_utils/nnet_dense_latency.h:96->firmware/nnet_utils/nnet_dense_stream.h:22]   --->   Operation 67 'bitconcatenate' 'shl_ln1118_4' <Predicate = true> <Delay = 0.00>
ST_1 : Operation 68 [1/1] (0.00ns)   --->   "%sext_ln1118_12 = sext i22 %shl_ln1118_4 to i23" [firmware/nnet_utils/nnet_mult.h:67->firmware/nnet_utils/nnet_dense_latency.h:96->firmware/nnet_utils/nnet_dense_stream.h:22]   --->   Operation 68 'sext' 'sext_ln1118_12' <Predicate = true> <Delay = 0.00>
ST_1 : Operation 69 [1/1] (0.00ns)   --->   "%shl_ln1118_5 = call i18 @_ssdm_op_BitConcatenate.i18.i16.i2(i16 %data_7_V_read_1, i2 0)" [firmware/nnet_utils/nnet_mult.h:67->firmware/nnet_utils/nnet_dense_latency.h:96->firmware/nnet_utils/nnet_dense_stream.h:22]   --->   Operation 69 'bitconcatenate' 'shl_ln1118_5' <Predicate = true> <Delay = 0.00>
ST_1 : Operation 70 [1/1] (0.00ns)   --->   "%sext_ln1118_13 = sext i18 %shl_ln1118_5 to i23" [firmware/nnet_utils/nnet_mult.h:67->firmware/nnet_utils/nnet_dense_latency.h:96->firmware/nnet_utils/nnet_dense_stream.h:22]   --->   Operation 70 'sext' 'sext_ln1118_13' <Predicate = true> <Delay = 0.00>
ST_1 : Operation 71 [1/1] (0.58ns)   --->   "%add_ln1118_1 = add i23 %sext_ln1118_13, %sext_ln1118_12" [firmware/nnet_utils/nnet_mult.h:67->firmware/nnet_utils/nnet_dense_latency.h:96->firmware/nnet_utils/nnet_dense_stream.h:22]   --->   Operation 71 'add' 'add_ln1118_1' <Predicate = true> <Delay = 0.58> <Core = "AddSub">   --->   Core 14 'AddSub' <Latency = 0> <II = 1> <Delay = 0.95> <FuncUnit> <Opcode : 'add' 'sub'> <InPorts = 2> <OutPorts = 1>
ST_1 : Operation 72 [1/1] (0.00ns)   --->   "%trunc_ln708_14 = call i9 @_ssdm_op_PartSelect.i9.i23.i32.i32(i23 %add_ln1118_1, i32 14, i32 22)" [firmware/nnet_utils/nnet_mult.h:67->firmware/nnet_utils/nnet_dense_latency.h:96->firmware/nnet_utils/nnet_dense_stream.h:22]   --->   Operation 72 'partselect' 'trunc_ln708_14' <Predicate = true> <Delay = 0.00>
ST_1 : Operation 73 [1/1] (0.00ns)   --->   "%sext_ln1118_14 = sext i16 %data_8_V_read_1 to i24" [firmware/nnet_utils/nnet_mult.h:67->firmware/nnet_utils/nnet_dense_latency.h:96->firmware/nnet_utils/nnet_dense_stream.h:22]   --->   Operation 73 'sext' 'sext_ln1118_14' <Predicate = true> <Delay = 0.00>
ST_1 : Operation 74 [1/1] (0.00ns)   --->   "%shl_ln1118_6 = call i20 @_ssdm_op_BitConcatenate.i20.i16.i4(i16 %data_8_V_read_1, i4 0)" [firmware/nnet_utils/nnet_mult.h:67->firmware/nnet_utils/nnet_dense_latency.h:96->firmware/nnet_utils/nnet_dense_stream.h:22]   --->   Operation 74 'bitconcatenate' 'shl_ln1118_6' <Predicate = true> <Delay = 0.00>
ST_1 : Operation 75 [1/1] (0.00ns)   --->   "%sext_ln1118_15 = sext i20 %shl_ln1118_6 to i21" [firmware/nnet_utils/nnet_mult.h:67->firmware/nnet_utils/nnet_dense_latency.h:96->firmware/nnet_utils/nnet_dense_stream.h:22]   --->   Operation 75 'sext' 'sext_ln1118_15' <Predicate = true> <Delay = 0.00>
ST_1 : Operation 76 [1/1] (0.00ns) (grouped into TernaryAdder)   --->   "%sub_ln1118_2 = sub i21 0, %sext_ln1118_15" [firmware/nnet_utils/nnet_mult.h:67->firmware/nnet_utils/nnet_dense_latency.h:96->firmware/nnet_utils/nnet_dense_stream.h:22]   --->   Operation 76 'sub' 'sub_ln1118_2' <Predicate = true> <Delay = 0.00> <Core = "TAddSub">   --->   Core 83 'TAddSub' <Latency = 0> <II = 1> <Delay = 0.98> <IPBlock> <Opcode : 'add' 'sub'> <InPorts = 3> <OutPorts = 1> <Sync> <CReg>
ST_1 : Operation 77 [1/1] (0.00ns)   --->   "%shl_ln1118_7 = call i18 @_ssdm_op_BitConcatenate.i18.i16.i2(i16 %data_8_V_read_1, i2 0)" [firmware/nnet_utils/nnet_mult.h:67->firmware/nnet_utils/nnet_dense_latency.h:96->firmware/nnet_utils/nnet_dense_stream.h:22]   --->   Operation 77 'bitconcatenate' 'shl_ln1118_7' <Predicate = true> <Delay = 0.00>
ST_1 : Operation 78 [1/1] (0.00ns)   --->   "%sext_ln1118_16 = sext i18 %shl_ln1118_7 to i21" [firmware/nnet_utils/nnet_mult.h:67->firmware/nnet_utils/nnet_dense_latency.h:96->firmware/nnet_utils/nnet_dense_stream.h:22]   --->   Operation 78 'sext' 'sext_ln1118_16' <Predicate = true> <Delay = 0.00>
ST_1 : Operation 79 [1/1] (2.10ns) (root node of TernaryAdder)   --->   "%sub_ln1118_3 = sub i21 %sub_ln1118_2, %sext_ln1118_16" [firmware/nnet_utils/nnet_mult.h:67->firmware/nnet_utils/nnet_dense_latency.h:96->firmware/nnet_utils/nnet_dense_stream.h:22]   --->   Operation 79 'sub' 'sub_ln1118_3' <Predicate = true> <Delay = 2.10> <Core = "TAddSub">   --->   Core 83 'TAddSub' <Latency = 0> <II = 1> <Delay = 0.98> <IPBlock> <Opcode : 'add' 'sub'> <InPorts = 3> <OutPorts = 1> <Sync> <CReg>
ST_1 : Operation 80 [1/1] (0.00ns)   --->   "%trunc_ln708_15 = call i7 @_ssdm_op_PartSelect.i7.i21.i32.i32(i21 %sub_ln1118_3, i32 14, i32 20)" [firmware/nnet_utils/nnet_mult.h:67->firmware/nnet_utils/nnet_dense_latency.h:96->firmware/nnet_utils/nnet_dense_stream.h:22]   --->   Operation 80 'partselect' 'trunc_ln708_15' <Predicate = true> <Delay = 0.00>
ST_1 : Operation 81 [1/1] (3.72ns)   --->   "%mul_ln1118_14 = mul i24 %sext_ln1118_14, -202" [firmware/nnet_utils/nnet_mult.h:67->firmware/nnet_utils/nnet_dense_latency.h:96->firmware/nnet_utils/nnet_dense_stream.h:22]   --->   Operation 81 'mul' 'mul_ln1118_14' <Predicate = true> <Delay = 3.72> <Core = "Mul">   --->   Core 16 'Mul' <Latency = 0> <II = 1> <Delay = 3.72> <FuncUnit> <Opcode : 'mul'> <InPorts = 2> <OutPorts = 1>
ST_1 : Operation 82 [1/1] (0.00ns)   --->   "%trunc_ln708_16 = call i10 @_ssdm_op_PartSelect.i10.i24.i32.i32(i24 %mul_ln1118_14, i32 14, i32 23)" [firmware/nnet_utils/nnet_mult.h:67->firmware/nnet_utils/nnet_dense_latency.h:96->firmware/nnet_utils/nnet_dense_stream.h:22]   --->   Operation 82 'partselect' 'trunc_ln708_16' <Predicate = true> <Delay = 0.00>
ST_1 : Operation 83 [1/1] (0.00ns)   --->   "%sext_ln1118_18 = sext i16 %data_9_V_read_1 to i23" [firmware/nnet_utils/nnet_mult.h:67->firmware/nnet_utils/nnet_dense_latency.h:96->firmware/nnet_utils/nnet_dense_stream.h:22]   --->   Operation 83 'sext' 'sext_ln1118_18' <Predicate = true> <Delay = 0.00>
ST_1 : Operation 84 [1/1] (3.72ns)   --->   "%mul_ln1118_15 = mul i23 %sext_ln1118_18, -55" [firmware/nnet_utils/nnet_mult.h:67->firmware/nnet_utils/nnet_dense_latency.h:96->firmware/nnet_utils/nnet_dense_stream.h:22]   --->   Operation 84 'mul' 'mul_ln1118_15' <Predicate = true> <Delay = 3.72> <Core = "Mul">   --->   Core 16 'Mul' <Latency = 0> <II = 1> <Delay = 3.72> <FuncUnit> <Opcode : 'mul'> <InPorts = 2> <OutPorts = 1>
ST_1 : Operation 85 [1/1] (0.00ns)   --->   "%trunc_ln708_17 = call i9 @_ssdm_op_PartSelect.i9.i23.i32.i32(i23 %mul_ln1118_15, i32 14, i32 22)" [firmware/nnet_utils/nnet_mult.h:67->firmware/nnet_utils/nnet_dense_latency.h:96->firmware/nnet_utils/nnet_dense_stream.h:22]   --->   Operation 85 'partselect' 'trunc_ln708_17' <Predicate = true> <Delay = 0.00>
ST_1 : Operation 86 [1/1] (0.00ns)   --->   "%sext_ln708_2 = sext i9 %trunc_ln708_17 to i10" [firmware/nnet_utils/nnet_mult.h:67->firmware/nnet_utils/nnet_dense_latency.h:96->firmware/nnet_utils/nnet_dense_stream.h:22]   --->   Operation 86 'sext' 'sext_ln708_2' <Predicate = true> <Delay = 0.00>
ST_1 : Operation 87 [1/1] (3.72ns)   --->   "%mul_ln1118_16 = mul i23 %sext_ln1118_18, -61" [firmware/nnet_utils/nnet_mult.h:67->firmware/nnet_utils/nnet_dense_latency.h:96->firmware/nnet_utils/nnet_dense_stream.h:22]   --->   Operation 87 'mul' 'mul_ln1118_16' <Predicate = true> <Delay = 3.72> <Core = "Mul">   --->   Core 16 'Mul' <Latency = 0> <II = 1> <Delay = 3.72> <FuncUnit> <Opcode : 'mul'> <InPorts = 2> <OutPorts = 1>
ST_1 : Operation 88 [1/1] (0.00ns)   --->   "%trunc_ln708_18 = call i9 @_ssdm_op_PartSelect.i9.i23.i32.i32(i23 %mul_ln1118_16, i32 14, i32 22)" [firmware/nnet_utils/nnet_mult.h:67->firmware/nnet_utils/nnet_dense_latency.h:96->firmware/nnet_utils/nnet_dense_stream.h:22]   --->   Operation 88 'partselect' 'trunc_ln708_18' <Predicate = true> <Delay = 0.00>
ST_1 : Operation 89 [1/1] (0.00ns)   --->   "%sext_ln1118_19 = sext i16 %data_10_V_read_1 to i24" [firmware/nnet_utils/nnet_mult.h:67->firmware/nnet_utils/nnet_dense_latency.h:96->firmware/nnet_utils/nnet_dense_stream.h:22]   --->   Operation 89 'sext' 'sext_ln1118_19' <Predicate = true> <Delay = 0.00>
ST_1 : Operation 90 [1/1] (0.00ns)   --->   "%shl_ln1118_8 = call i23 @_ssdm_op_BitConcatenate.i23.i16.i7(i16 %data_10_V_read_1, i7 0)" [firmware/nnet_utils/nnet_mult.h:67->firmware/nnet_utils/nnet_dense_latency.h:96->firmware/nnet_utils/nnet_dense_stream.h:22]   --->   Operation 90 'bitconcatenate' 'shl_ln1118_8' <Predicate = true> <Delay = 0.00>
ST_1 : Operation 91 [1/1] (0.00ns)   --->   "%sext_ln1118_20 = sext i23 %shl_ln1118_8 to i24" [firmware/nnet_utils/nnet_mult.h:67->firmware/nnet_utils/nnet_dense_latency.h:96->firmware/nnet_utils/nnet_dense_stream.h:22]   --->   Operation 91 'sext' 'sext_ln1118_20' <Predicate = true> <Delay = 0.00>
ST_1 : Operation 92 [1/1] (0.00ns)   --->   "%shl_ln1118_9 = call i19 @_ssdm_op_BitConcatenate.i19.i16.i3(i16 %data_10_V_read_1, i3 0)" [firmware/nnet_utils/nnet_mult.h:67->firmware/nnet_utils/nnet_dense_latency.h:96->firmware/nnet_utils/nnet_dense_stream.h:22]   --->   Operation 92 'bitconcatenate' 'shl_ln1118_9' <Predicate = true> <Delay = 0.00>
ST_1 : Operation 93 [1/1] (0.00ns)   --->   "%sext_ln1118_21 = sext i19 %shl_ln1118_9 to i24" [firmware/nnet_utils/nnet_mult.h:67->firmware/nnet_utils/nnet_dense_latency.h:96->firmware/nnet_utils/nnet_dense_stream.h:22]   --->   Operation 93 'sext' 'sext_ln1118_21' <Predicate = true> <Delay = 0.00>
ST_1 : Operation 94 [1/1] (0.59ns)   --->   "%add_ln1118_2 = add i24 %sext_ln1118_21, %sext_ln1118_20" [firmware/nnet_utils/nnet_mult.h:67->firmware/nnet_utils/nnet_dense_latency.h:96->firmware/nnet_utils/nnet_dense_stream.h:22]   --->   Operation 94 'add' 'add_ln1118_2' <Predicate = true> <Delay = 0.59> <Core = "AddSub">   --->   Core 14 'AddSub' <Latency = 0> <II = 1> <Delay = 0.95> <FuncUnit> <Opcode : 'add' 'sub'> <InPorts = 2> <OutPorts = 1>
ST_1 : Operation 95 [1/1] (0.00ns)   --->   "%trunc_ln708_19 = call i10 @_ssdm_op_PartSelect.i10.i24.i32.i32(i24 %add_ln1118_2, i32 14, i32 23)" [firmware/nnet_utils/nnet_mult.h:67->firmware/nnet_utils/nnet_dense_latency.h:96->firmware/nnet_utils/nnet_dense_stream.h:22]   --->   Operation 95 'partselect' 'trunc_ln708_19' <Predicate = true> <Delay = 0.00>
ST_1 : Operation 96 [1/1] (3.72ns)   --->   "%mul_ln1118_17 = mul i24 %sext_ln1118_19, 276" [firmware/nnet_utils/nnet_mult.h:67->firmware/nnet_utils/nnet_dense_latency.h:96->firmware/nnet_utils/nnet_dense_stream.h:22]   --->   Operation 96 'mul' 'mul_ln1118_17' <Predicate = true> <Delay = 3.72> <Core = "Mul">   --->   Core 16 'Mul' <Latency = 0> <II = 1> <Delay = 3.72> <FuncUnit> <Opcode : 'mul'> <InPorts = 2> <OutPorts = 1>
ST_1 : Operation 97 [1/1] (0.00ns)   --->   "%trunc_ln708_20 = call i10 @_ssdm_op_PartSelect.i10.i24.i32.i32(i24 %mul_ln1118_17, i32 14, i32 23)" [firmware/nnet_utils/nnet_mult.h:67->firmware/nnet_utils/nnet_dense_latency.h:96->firmware/nnet_utils/nnet_dense_stream.h:22]   --->   Operation 97 'partselect' 'trunc_ln708_20' <Predicate = true> <Delay = 0.00>
ST_1 : Operation 98 [1/1] (0.00ns)   --->   "%sext_ln1118_22 = sext i16 %data_11_V_read_1 to i24" [firmware/nnet_utils/nnet_mult.h:67->firmware/nnet_utils/nnet_dense_latency.h:96->firmware/nnet_utils/nnet_dense_stream.h:22]   --->   Operation 98 'sext' 'sext_ln1118_22' <Predicate = true> <Delay = 0.00>
ST_1 : Operation 99 [1/1] (3.72ns)   --->   "%mul_ln1118_18 = mul i24 %sext_ln1118_22, 77" [firmware/nnet_utils/nnet_mult.h:67->firmware/nnet_utils/nnet_dense_latency.h:96->firmware/nnet_utils/nnet_dense_stream.h:22]   --->   Operation 99 'mul' 'mul_ln1118_18' <Predicate = true> <Delay = 3.72> <Core = "Mul">   --->   Core 16 'Mul' <Latency = 0> <II = 1> <Delay = 3.72> <FuncUnit> <Opcode : 'mul'> <InPorts = 2> <OutPorts = 1>
ST_1 : Operation 100 [1/1] (0.00ns)   --->   "%trunc_ln708_21 = call i10 @_ssdm_op_PartSelect.i10.i24.i32.i32(i24 %mul_ln1118_18, i32 14, i32 23)" [firmware/nnet_utils/nnet_mult.h:67->firmware/nnet_utils/nnet_dense_latency.h:96->firmware/nnet_utils/nnet_dense_stream.h:22]   --->   Operation 100 'partselect' 'trunc_ln708_21' <Predicate = true> <Delay = 0.00>
ST_1 : Operation 101 [1/1] (3.72ns)   --->   "%mul_ln1118_19 = mul i24 %sext_ln1118_22, -460" [firmware/nnet_utils/nnet_mult.h:67->firmware/nnet_utils/nnet_dense_latency.h:96->firmware/nnet_utils/nnet_dense_stream.h:22]   --->   Operation 101 'mul' 'mul_ln1118_19' <Predicate = true> <Delay = 3.72> <Core = "Mul">   --->   Core 16 'Mul' <Latency = 0> <II = 1> <Delay = 3.72> <FuncUnit> <Opcode : 'mul'> <InPorts = 2> <OutPorts = 1>
ST_1 : Operation 102 [1/1] (0.00ns)   --->   "%trunc_ln708_22 = call i10 @_ssdm_op_PartSelect.i10.i24.i32.i32(i24 %mul_ln1118_19, i32 14, i32 23)" [firmware/nnet_utils/nnet_mult.h:67->firmware/nnet_utils/nnet_dense_latency.h:96->firmware/nnet_utils/nnet_dense_stream.h:22]   --->   Operation 102 'partselect' 'trunc_ln708_22' <Predicate = true> <Delay = 0.00>
ST_1 : Operation 103 [1/1] (0.00ns)   --->   "%sext_ln1118_23 = sext i16 %data_12_V_read_1 to i24" [firmware/nnet_utils/nnet_mult.h:67->firmware/nnet_utils/nnet_dense_latency.h:96->firmware/nnet_utils/nnet_dense_stream.h:22]   --->   Operation 103 'sext' 'sext_ln1118_23' <Predicate = true> <Delay = 0.00>
ST_1 : Operation 104 [1/1] (0.00ns)   --->   "%sext_ln1118_24 = sext i16 %data_12_V_read_1 to i23" [firmware/nnet_utils/nnet_mult.h:67->firmware/nnet_utils/nnet_dense_latency.h:96->firmware/nnet_utils/nnet_dense_stream.h:22]   --->   Operation 104 'sext' 'sext_ln1118_24' <Predicate = true> <Delay = 0.00>
ST_1 : Operation 105 [1/1] (0.00ns)   --->   "%shl_ln1118_s = call i22 @_ssdm_op_BitConcatenate.i22.i16.i6(i16 %data_12_V_read_1, i6 0)" [firmware/nnet_utils/nnet_mult.h:67->firmware/nnet_utils/nnet_dense_latency.h:96->firmware/nnet_utils/nnet_dense_stream.h:22]   --->   Operation 105 'bitconcatenate' 'shl_ln1118_s' <Predicate = true> <Delay = 0.00>
ST_1 : Operation 106 [1/1] (0.00ns)   --->   "%sext_ln1118_25 = sext i22 %shl_ln1118_s to i23" [firmware/nnet_utils/nnet_mult.h:67->firmware/nnet_utils/nnet_dense_latency.h:96->firmware/nnet_utils/nnet_dense_stream.h:22]   --->   Operation 106 'sext' 'sext_ln1118_25' <Predicate = true> <Delay = 0.00>
ST_1 : Operation 107 [1/1] (0.58ns)   --->   "%add_ln1118_3 = add i23 %sext_ln1118_24, %sext_ln1118_25" [firmware/nnet_utils/nnet_mult.h:67->firmware/nnet_utils/nnet_dense_latency.h:96->firmware/nnet_utils/nnet_dense_stream.h:22]   --->   Operation 107 'add' 'add_ln1118_3' <Predicate = true> <Delay = 0.58> <Core = "AddSub">   --->   Core 14 'AddSub' <Latency = 0> <II = 1> <Delay = 0.95> <FuncUnit> <Opcode : 'add' 'sub'> <InPorts = 2> <OutPorts = 1>
ST_1 : Operation 108 [1/1] (0.00ns)   --->   "%trunc_ln708_23 = call i9 @_ssdm_op_PartSelect.i9.i23.i32.i32(i23 %add_ln1118_3, i32 14, i32 22)" [firmware/nnet_utils/nnet_mult.h:67->firmware/nnet_utils/nnet_dense_latency.h:96->firmware/nnet_utils/nnet_dense_stream.h:22]   --->   Operation 108 'partselect' 'trunc_ln708_23' <Predicate = true> <Delay = 0.00>
ST_1 : Operation 109 [1/1] (3.72ns)   --->   "%mul_ln1118_20 = mul i24 %sext_ln1118_23, 358" [firmware/nnet_utils/nnet_mult.h:67->firmware/nnet_utils/nnet_dense_latency.h:96->firmware/nnet_utils/nnet_dense_stream.h:22]   --->   Operation 109 'mul' 'mul_ln1118_20' <Predicate = true> <Delay = 3.72> <Core = "Mul">   --->   Core 16 'Mul' <Latency = 0> <II = 1> <Delay = 3.72> <FuncUnit> <Opcode : 'mul'> <InPorts = 2> <OutPorts = 1>
ST_1 : Operation 110 [1/1] (0.00ns)   --->   "%trunc_ln708_24 = call i10 @_ssdm_op_PartSelect.i10.i24.i32.i32(i24 %mul_ln1118_20, i32 14, i32 23)" [firmware/nnet_utils/nnet_mult.h:67->firmware/nnet_utils/nnet_dense_latency.h:96->firmware/nnet_utils/nnet_dense_stream.h:22]   --->   Operation 110 'partselect' 'trunc_ln708_24' <Predicate = true> <Delay = 0.00>
ST_1 : Operation 111 [1/1] (0.00ns)   --->   "%sext_ln1118_26 = sext i16 %data_13_V_read_1 to i24" [firmware/nnet_utils/nnet_mult.h:67->firmware/nnet_utils/nnet_dense_latency.h:96->firmware/nnet_utils/nnet_dense_stream.h:22]   --->   Operation 111 'sext' 'sext_ln1118_26' <Predicate = true> <Delay = 0.00>
ST_1 : Operation 112 [1/1] (3.72ns)   --->   "%mul_ln1118_21 = mul i24 %sext_ln1118_26, 456" [firmware/nnet_utils/nnet_mult.h:67->firmware/nnet_utils/nnet_dense_latency.h:96->firmware/nnet_utils/nnet_dense_stream.h:22]   --->   Operation 112 'mul' 'mul_ln1118_21' <Predicate = true> <Delay = 3.72> <Core = "Mul">   --->   Core 16 'Mul' <Latency = 0> <II = 1> <Delay = 3.72> <FuncUnit> <Opcode : 'mul'> <InPorts = 2> <OutPorts = 1>
ST_1 : Operation 113 [1/1] (0.00ns)   --->   "%trunc_ln708_25 = call i10 @_ssdm_op_PartSelect.i10.i24.i32.i32(i24 %mul_ln1118_21, i32 14, i32 23)" [firmware/nnet_utils/nnet_mult.h:67->firmware/nnet_utils/nnet_dense_latency.h:96->firmware/nnet_utils/nnet_dense_stream.h:22]   --->   Operation 113 'partselect' 'trunc_ln708_25' <Predicate = true> <Delay = 0.00>
ST_1 : Operation 114 [1/1] (3.72ns)   --->   "%mul_ln1118_22 = mul i24 %sext_ln1118_26, 294" [firmware/nnet_utils/nnet_mult.h:67->firmware/nnet_utils/nnet_dense_latency.h:96->firmware/nnet_utils/nnet_dense_stream.h:22]   --->   Operation 114 'mul' 'mul_ln1118_22' <Predicate = true> <Delay = 3.72> <Core = "Mul">   --->   Core 16 'Mul' <Latency = 0> <II = 1> <Delay = 3.72> <FuncUnit> <Opcode : 'mul'> <InPorts = 2> <OutPorts = 1>
ST_1 : Operation 115 [1/1] (0.00ns)   --->   "%trunc_ln708_26 = call i10 @_ssdm_op_PartSelect.i10.i24.i32.i32(i24 %mul_ln1118_22, i32 14, i32 23)" [firmware/nnet_utils/nnet_mult.h:67->firmware/nnet_utils/nnet_dense_latency.h:96->firmware/nnet_utils/nnet_dense_stream.h:22]   --->   Operation 115 'partselect' 'trunc_ln708_26' <Predicate = true> <Delay = 0.00>
ST_1 : Operation 116 [1/1] (0.00ns)   --->   "%sext_ln1118_27 = sext i16 %data_14_V_read_1 to i24" [firmware/nnet_utils/nnet_mult.h:67->firmware/nnet_utils/nnet_dense_latency.h:96->firmware/nnet_utils/nnet_dense_stream.h:22]   --->   Operation 116 'sext' 'sext_ln1118_27' <Predicate = true> <Delay = 0.00>
ST_1 : Operation 117 [1/1] (3.72ns)   --->   "%mul_ln1118_23 = mul i24 %sext_ln1118_27, -333" [firmware/nnet_utils/nnet_mult.h:67->firmware/nnet_utils/nnet_dense_latency.h:96->firmware/nnet_utils/nnet_dense_stream.h:22]   --->   Operation 117 'mul' 'mul_ln1118_23' <Predicate = true> <Delay = 3.72> <Core = "Mul">   --->   Core 16 'Mul' <Latency = 0> <II = 1> <Delay = 3.72> <FuncUnit> <Opcode : 'mul'> <InPorts = 2> <OutPorts = 1>
ST_1 : Operation 118 [1/1] (0.00ns)   --->   "%trunc_ln708_27 = call i10 @_ssdm_op_PartSelect.i10.i24.i32.i32(i24 %mul_ln1118_23, i32 14, i32 23)" [firmware/nnet_utils/nnet_mult.h:67->firmware/nnet_utils/nnet_dense_latency.h:96->firmware/nnet_utils/nnet_dense_stream.h:22]   --->   Operation 118 'partselect' 'trunc_ln708_27' <Predicate = true> <Delay = 0.00>
ST_1 : Operation 119 [1/1] (3.72ns)   --->   "%mul_ln1118_24 = mul i24 %sext_ln1118_27, 289" [firmware/nnet_utils/nnet_mult.h:67->firmware/nnet_utils/nnet_dense_latency.h:96->firmware/nnet_utils/nnet_dense_stream.h:22]   --->   Operation 119 'mul' 'mul_ln1118_24' <Predicate = true> <Delay = 3.72> <Core = "Mul">   --->   Core 16 'Mul' <Latency = 0> <II = 1> <Delay = 3.72> <FuncUnit> <Opcode : 'mul'> <InPorts = 2> <OutPorts = 1>
ST_1 : Operation 120 [1/1] (0.00ns)   --->   "%trunc_ln708_28 = call i10 @_ssdm_op_PartSelect.i10.i24.i32.i32(i24 %mul_ln1118_24, i32 14, i32 23)" [firmware/nnet_utils/nnet_mult.h:67->firmware/nnet_utils/nnet_dense_latency.h:96->firmware/nnet_utils/nnet_dense_stream.h:22]   --->   Operation 120 'partselect' 'trunc_ln708_28' <Predicate = true> <Delay = 0.00>
ST_1 : Operation 121 [1/1] (0.00ns)   --->   "%sext_ln1118_28 = sext i16 %data_15_V_read_1 to i24" [firmware/nnet_utils/nnet_mult.h:67->firmware/nnet_utils/nnet_dense_latency.h:96->firmware/nnet_utils/nnet_dense_stream.h:22]   --->   Operation 121 'sext' 'sext_ln1118_28' <Predicate = true> <Delay = 0.00>
ST_1 : Operation 122 [1/1] (3.72ns)   --->   "%mul_ln1118_25 = mul i24 %sext_ln1118_28, 280" [firmware/nnet_utils/nnet_mult.h:67->firmware/nnet_utils/nnet_dense_latency.h:96->firmware/nnet_utils/nnet_dense_stream.h:22]   --->   Operation 122 'mul' 'mul_ln1118_25' <Predicate = true> <Delay = 3.72> <Core = "Mul">   --->   Core 16 'Mul' <Latency = 0> <II = 1> <Delay = 3.72> <FuncUnit> <Opcode : 'mul'> <InPorts = 2> <OutPorts = 1>
ST_1 : Operation 123 [1/1] (0.00ns)   --->   "%trunc_ln708_29 = call i10 @_ssdm_op_PartSelect.i10.i24.i32.i32(i24 %mul_ln1118_25, i32 14, i32 23)" [firmware/nnet_utils/nnet_mult.h:67->firmware/nnet_utils/nnet_dense_latency.h:96->firmware/nnet_utils/nnet_dense_stream.h:22]   --->   Operation 123 'partselect' 'trunc_ln708_29' <Predicate = true> <Delay = 0.00>
ST_1 : Operation 124 [1/1] (3.72ns)   --->   "%mul_ln1118_26 = mul i24 %sext_ln1118_28, 281" [firmware/nnet_utils/nnet_mult.h:67->firmware/nnet_utils/nnet_dense_latency.h:96->firmware/nnet_utils/nnet_dense_stream.h:22]   --->   Operation 124 'mul' 'mul_ln1118_26' <Predicate = true> <Delay = 3.72> <Core = "Mul">   --->   Core 16 'Mul' <Latency = 0> <II = 1> <Delay = 3.72> <FuncUnit> <Opcode : 'mul'> <InPorts = 2> <OutPorts = 1>
ST_1 : Operation 125 [1/1] (0.00ns)   --->   "%trunc_ln708_30 = call i10 @_ssdm_op_PartSelect.i10.i24.i32.i32(i24 %mul_ln1118_26, i32 14, i32 23)" [firmware/nnet_utils/nnet_mult.h:67->firmware/nnet_utils/nnet_dense_latency.h:96->firmware/nnet_utils/nnet_dense_stream.h:22]   --->   Operation 125 'partselect' 'trunc_ln708_30' <Predicate = true> <Delay = 0.00>
ST_1 : Operation 126 [1/1] (0.54ns)   --->   "%add_ln703 = add i10 %trunc_ln708_3, %trunc_ln" [firmware/nnet_utils/nnet_dense_latency.h:115->firmware/nnet_utils/nnet_dense_stream.h:22]   --->   Operation 126 'add' 'add_ln703' <Predicate = true> <Delay = 0.54> <Core = "AddSub">   --->   Core 14 'AddSub' <Latency = 0> <II = 1> <Delay = 0.95> <FuncUnit> <Opcode : 'add' 'sub'> <InPorts = 2> <OutPorts = 1>
ST_1 : Operation 127 [1/1] (0.54ns)   --->   "%add_ln703_3 = add i10 %trunc_ln708_1, %trunc_ln708_9" [firmware/nnet_utils/nnet_dense_latency.h:115->firmware/nnet_utils/nnet_dense_stream.h:22]   --->   Operation 127 'add' 'add_ln703_3' <Predicate = true> <Delay = 0.54> <Core = "AddSub">   --->   Core 14 'AddSub' <Latency = 0> <II = 1> <Delay = 0.95> <FuncUnit> <Opcode : 'add' 'sub'> <InPorts = 2> <OutPorts = 1>
ST_1 : Operation 128 [1/1] (0.54ns)   --->   "%add_ln703_4 = add i10 %trunc_ln708_13, %trunc_ln708_11" [firmware/nnet_utils/nnet_dense_latency.h:115->firmware/nnet_utils/nnet_dense_stream.h:22]   --->   Operation 128 'add' 'add_ln703_4' <Predicate = true> <Delay = 0.54> <Core = "AddSub">   --->   Core 14 'AddSub' <Latency = 0> <II = 1> <Delay = 0.95> <FuncUnit> <Opcode : 'add' 'sub'> <InPorts = 2> <OutPorts = 1>
ST_1 : Operation 129 [1/1] (0.54ns)   --->   "%add_ln703_7 = add i10 %trunc_ln708_21, %trunc_ln708_19" [firmware/nnet_utils/nnet_dense_latency.h:115->firmware/nnet_utils/nnet_dense_stream.h:22]   --->   Operation 129 'add' 'add_ln703_7' <Predicate = true> <Delay = 0.54> <Core = "AddSub">   --->   Core 14 'AddSub' <Latency = 0> <II = 1> <Delay = 0.95> <FuncUnit> <Opcode : 'add' 'sub'> <InPorts = 2> <OutPorts = 1>
ST_1 : Operation 130 [1/1] (0.54ns)   --->   "%add_ln703_10 = add i10 %sext_ln708_2, %trunc_ln708_29" [firmware/nnet_utils/nnet_dense_latency.h:115->firmware/nnet_utils/nnet_dense_stream.h:22]   --->   Operation 130 'add' 'add_ln703_10' <Predicate = true> <Delay = 0.54> <Core = "AddSub">   --->   Core 14 'AddSub' <Latency = 0> <II = 1> <Delay = 0.95> <FuncUnit> <Opcode : 'add' 'sub'> <InPorts = 2> <OutPorts = 1>
ST_1 : Operation 131 [1/1] (0.54ns)   --->   "%add_ln703_16 = add i10 %trunc_ln708_6, %trunc_ln708_4" [firmware/nnet_utils/nnet_dense_latency.h:115->firmware/nnet_utils/nnet_dense_stream.h:22]   --->   Operation 131 'add' 'add_ln703_16' <Predicate = true> <Delay = 0.54> <Core = "AddSub">   --->   Core 14 'AddSub' <Latency = 0> <II = 1> <Delay = 0.95> <FuncUnit> <Opcode : 'add' 'sub'> <InPorts = 2> <OutPorts = 1>
ST_1 : Operation 132 [1/1] (0.54ns)   --->   "%add_ln703_19 = add i10 %trunc_ln708_12, %trunc_ln708_10" [firmware/nnet_utils/nnet_dense_latency.h:115->firmware/nnet_utils/nnet_dense_stream.h:22]   --->   Operation 132 'add' 'add_ln703_19' <Predicate = true> <Delay = 0.54> <Core = "AddSub">   --->   Core 14 'AddSub' <Latency = 0> <II = 1> <Delay = 0.95> <FuncUnit> <Opcode : 'add' 'sub'> <InPorts = 2> <OutPorts = 1>
ST_1 : Operation 133 [1/1] (0.54ns)   --->   "%add_ln703_20 = add i10 %trunc_ln708_20, %trunc_ln708_16" [firmware/nnet_utils/nnet_dense_latency.h:115->firmware/nnet_utils/nnet_dense_stream.h:22]   --->   Operation 133 'add' 'add_ln703_20' <Predicate = true> <Delay = 0.54> <Core = "AddSub">   --->   Core 14 'AddSub' <Latency = 0> <II = 1> <Delay = 0.95> <FuncUnit> <Opcode : 'add' 'sub'> <InPorts = 2> <OutPorts = 1>
ST_1 : Operation 134 [1/1] (0.54ns)   --->   "%add_ln703_23 = add i10 %trunc_ln708_24, %trunc_ln708_22" [firmware/nnet_utils/nnet_dense_latency.h:115->firmware/nnet_utils/nnet_dense_stream.h:22]   --->   Operation 134 'add' 'add_ln703_23' <Predicate = true> <Delay = 0.54> <Core = "AddSub">   --->   Core 14 'AddSub' <Latency = 0> <II = 1> <Delay = 0.95> <FuncUnit> <Opcode : 'add' 'sub'> <InPorts = 2> <OutPorts = 1>
ST_1 : Operation 135 [1/1] (0.54ns)   --->   "%add_ln703_26 = add i10 %sext_ln708, %trunc_ln708_30" [firmware/nnet_utils/nnet_dense_latency.h:115->firmware/nnet_utils/nnet_dense_stream.h:22]   --->   Operation 135 'add' 'add_ln703_26' <Predicate = true> <Delay = 0.54> <Core = "AddSub">   --->   Core 14 'AddSub' <Latency = 0> <II = 1> <Delay = 0.95> <FuncUnit> <Opcode : 'add' 'sub'> <InPorts = 2> <OutPorts = 1>

State 2 <SV = 1> <Delay = 3.92>
ST_2 : Operation 136 [1/1] (0.00ns)   --->   "%sext_ln708_1 = sext i9 %trunc_ln708_14 to i10" [firmware/nnet_utils/nnet_mult.h:67->firmware/nnet_utils/nnet_dense_latency.h:96->firmware/nnet_utils/nnet_dense_stream.h:22]   --->   Operation 136 'sext' 'sext_ln708_1' <Predicate = true> <Delay = 0.00>
ST_2 : Operation 137 [1/1] (0.00ns)   --->   "%sext_ln1118_17 = sext i7 %trunc_ln708_15 to i8" [firmware/nnet_utils/nnet_mult.h:67->firmware/nnet_utils/nnet_dense_latency.h:96->firmware/nnet_utils/nnet_dense_stream.h:22]   --->   Operation 137 'sext' 'sext_ln1118_17' <Predicate = true> <Delay = 0.00>
ST_2 : Operation 138 [1/1] (0.00ns)   --->   "%sext_ln708_3 = sext i9 %trunc_ln708_18 to i10" [firmware/nnet_utils/nnet_mult.h:67->firmware/nnet_utils/nnet_dense_latency.h:96->firmware/nnet_utils/nnet_dense_stream.h:22]   --->   Operation 138 'sext' 'sext_ln708_3' <Predicate = true> <Delay = 0.00>
ST_2 : Operation 139 [1/1] (0.00ns)   --->   "%sext_ln708_4 = sext i9 %trunc_ln708_23 to i10" [firmware/nnet_utils/nnet_mult.h:67->firmware/nnet_utils/nnet_dense_latency.h:96->firmware/nnet_utils/nnet_dense_stream.h:22]   --->   Operation 139 'sext' 'sext_ln708_4' <Predicate = true> <Delay = 0.00>
ST_2 : Operation 140 [1/1] (0.00ns) (grouped into TernaryAdder)   --->   "%add_ln703_1 = add i10 %trunc_ln708_7, %trunc_ln708_5" [firmware/nnet_utils/nnet_dense_latency.h:115->firmware/nnet_utils/nnet_dense_stream.h:22]   --->   Operation 140 'add' 'add_ln703_1' <Predicate = true> <Delay = 0.00> <Core = "TAddSub">   --->   Core 83 'TAddSub' <Latency = 0> <II = 1> <Delay = 0.98> <IPBlock> <Opcode : 'add' 'sub'> <InPorts = 3> <OutPorts = 1> <Sync> <CReg>
ST_2 : Operation 141 [1/1] (1.96ns) (root node of TernaryAdder)   --->   "%add_ln703_2 = add i10 %add_ln703, %add_ln703_1" [firmware/nnet_utils/nnet_dense_latency.h:115->firmware/nnet_utils/nnet_dense_stream.h:22]   --->   Operation 141 'add' 'add_ln703_2' <Predicate = true> <Delay = 1.96> <Core = "TAddSub">   --->   Core 83 'TAddSub' <Latency = 0> <II = 1> <Delay = 0.98> <IPBlock> <Opcode : 'add' 'sub'> <InPorts = 3> <OutPorts = 1> <Sync> <CReg>
ST_2 : Operation 142 [1/1] (0.00ns) (grouped into TernaryAdder)   --->   "%add_ln703_5 = add i10 %add_ln703_3, %add_ln703_4" [firmware/nnet_utils/nnet_dense_latency.h:115->firmware/nnet_utils/nnet_dense_stream.h:22]   --->   Operation 142 'add' 'add_ln703_5' <Predicate = true> <Delay = 0.00> <Core = "TAddSub">   --->   Core 83 'TAddSub' <Latency = 0> <II = 1> <Delay = 0.98> <IPBlock> <Opcode : 'add' 'sub'> <InPorts = 3> <OutPorts = 1> <Sync> <CReg>
ST_2 : Operation 143 [1/1] (1.96ns) (root node of TernaryAdder)   --->   "%add_ln703_6 = add i10 %add_ln703_2, %add_ln703_5" [firmware/nnet_utils/nnet_dense_latency.h:115->firmware/nnet_utils/nnet_dense_stream.h:22]   --->   Operation 143 'add' 'add_ln703_6' <Predicate = true> <Delay = 1.96> <Core = "TAddSub">   --->   Core 83 'TAddSub' <Latency = 0> <II = 1> <Delay = 0.98> <IPBlock> <Opcode : 'add' 'sub'> <InPorts = 3> <OutPorts = 1> <Sync> <CReg>
ST_2 : Operation 144 [1/1] (0.00ns) (grouped into TernaryAdder)   --->   "%add_ln703_8 = add i10 %trunc_ln708_27, %trunc_ln708_25" [firmware/nnet_utils/nnet_dense_latency.h:115->firmware/nnet_utils/nnet_dense_stream.h:22]   --->   Operation 144 'add' 'add_ln703_8' <Predicate = true> <Delay = 0.00> <Core = "TAddSub">   --->   Core 83 'TAddSub' <Latency = 0> <II = 1> <Delay = 0.98> <IPBlock> <Opcode : 'add' 'sub'> <InPorts = 3> <OutPorts = 1> <Sync> <CReg>
ST_2 : Operation 145 [1/1] (1.96ns) (root node of TernaryAdder)   --->   "%add_ln703_9 = add i10 %add_ln703_7, %add_ln703_8" [firmware/nnet_utils/nnet_dense_latency.h:115->firmware/nnet_utils/nnet_dense_stream.h:22]   --->   Operation 145 'add' 'add_ln703_9' <Predicate = true> <Delay = 1.96> <Core = "TAddSub">   --->   Core 83 'TAddSub' <Latency = 0> <II = 1> <Delay = 0.98> <IPBlock> <Opcode : 'add' 'sub'> <InPorts = 3> <OutPorts = 1> <Sync> <CReg>
ST_2 : Operation 146 [1/1] (0.40ns)   --->   "%add_ln703_11 = add i8 %sext_ln1118_17, -12" [firmware/nnet_utils/nnet_dense_latency.h:115->firmware/nnet_utils/nnet_dense_stream.h:22]   --->   Operation 146 'add' 'add_ln703_11' <Predicate = true> <Delay = 0.40> <Core = "AddSub">   --->   Core 14 'AddSub' <Latency = 0> <II = 1> <Delay = 0.95> <FuncUnit> <Opcode : 'add' 'sub'> <InPorts = 2> <OutPorts = 1>
ST_2 : Operation 147 [1/1] (0.00ns)   --->   "%sext_ln703 = sext i8 %add_ln703_11 to i10" [firmware/nnet_utils/nnet_dense_latency.h:115->firmware/nnet_utils/nnet_dense_stream.h:22]   --->   Operation 147 'sext' 'sext_ln703' <Predicate = true> <Delay = 0.00>
ST_2 : Operation 148 [1/1] (0.00ns) (grouped into TernaryAdder)   --->   "%add_ln703_12 = add i10 %sext_ln708_4, %sext_ln703" [firmware/nnet_utils/nnet_dense_latency.h:115->firmware/nnet_utils/nnet_dense_stream.h:22]   --->   Operation 148 'add' 'add_ln703_12' <Predicate = true> <Delay = 0.00> <Core = "TAddSub">   --->   Core 83 'TAddSub' <Latency = 0> <II = 1> <Delay = 0.98> <IPBlock> <Opcode : 'add' 'sub'> <InPorts = 3> <OutPorts = 1> <Sync> <CReg>
ST_2 : Operation 149 [1/1] (1.96ns) (root node of TernaryAdder)   --->   "%add_ln703_13 = add i10 %add_ln703_10, %add_ln703_12" [firmware/nnet_utils/nnet_dense_latency.h:115->firmware/nnet_utils/nnet_dense_stream.h:22]   --->   Operation 149 'add' 'add_ln703_13' <Predicate = true> <Delay = 1.96> <Core = "TAddSub">   --->   Core 83 'TAddSub' <Latency = 0> <II = 1> <Delay = 0.98> <IPBlock> <Opcode : 'add' 'sub'> <InPorts = 3> <OutPorts = 1> <Sync> <CReg>
ST_2 : Operation 150 [1/1] (0.00ns) (grouped into TernaryAdder)   --->   "%add_ln703_17 = add i10 %trunc_ln708_s, %trunc_ln708_8" [firmware/nnet_utils/nnet_dense_latency.h:115->firmware/nnet_utils/nnet_dense_stream.h:22]   --->   Operation 150 'add' 'add_ln703_17' <Predicate = true> <Delay = 0.00> <Core = "TAddSub">   --->   Core 83 'TAddSub' <Latency = 0> <II = 1> <Delay = 0.98> <IPBlock> <Opcode : 'add' 'sub'> <InPorts = 3> <OutPorts = 1> <Sync> <CReg>
ST_2 : Operation 151 [1/1] (1.96ns) (root node of TernaryAdder)   --->   "%add_ln703_18 = add i10 %add_ln703_16, %add_ln703_17" [firmware/nnet_utils/nnet_dense_latency.h:115->firmware/nnet_utils/nnet_dense_stream.h:22]   --->   Operation 151 'add' 'add_ln703_18' <Predicate = true> <Delay = 1.96> <Core = "TAddSub">   --->   Core 83 'TAddSub' <Latency = 0> <II = 1> <Delay = 0.98> <IPBlock> <Opcode : 'add' 'sub'> <InPorts = 3> <OutPorts = 1> <Sync> <CReg>
ST_2 : Operation 152 [1/1] (0.00ns) (grouped into TernaryAdder)   --->   "%add_ln703_21 = add i10 %add_ln703_19, %add_ln703_20" [firmware/nnet_utils/nnet_dense_latency.h:115->firmware/nnet_utils/nnet_dense_stream.h:22]   --->   Operation 152 'add' 'add_ln703_21' <Predicate = true> <Delay = 0.00> <Core = "TAddSub">   --->   Core 83 'TAddSub' <Latency = 0> <II = 1> <Delay = 0.98> <IPBlock> <Opcode : 'add' 'sub'> <InPorts = 3> <OutPorts = 1> <Sync> <CReg>
ST_2 : Operation 153 [1/1] (1.96ns) (root node of TernaryAdder)   --->   "%add_ln703_22 = add i10 %add_ln703_18, %add_ln703_21" [firmware/nnet_utils/nnet_dense_latency.h:115->firmware/nnet_utils/nnet_dense_stream.h:22]   --->   Operation 153 'add' 'add_ln703_22' <Predicate = true> <Delay = 1.96> <Core = "TAddSub">   --->   Core 83 'TAddSub' <Latency = 0> <II = 1> <Delay = 0.98> <IPBlock> <Opcode : 'add' 'sub'> <InPorts = 3> <OutPorts = 1> <Sync> <CReg>
ST_2 : Operation 154 [1/1] (0.00ns) (grouped into TernaryAdder)   --->   "%add_ln703_24 = add i10 %trunc_ln708_28, %trunc_ln708_26" [firmware/nnet_utils/nnet_dense_latency.h:115->firmware/nnet_utils/nnet_dense_stream.h:22]   --->   Operation 154 'add' 'add_ln703_24' <Predicate = true> <Delay = 0.00> <Core = "TAddSub">   --->   Core 83 'TAddSub' <Latency = 0> <II = 1> <Delay = 0.98> <IPBlock> <Opcode : 'add' 'sub'> <InPorts = 3> <OutPorts = 1> <Sync> <CReg>
ST_2 : Operation 155 [1/1] (1.96ns) (root node of TernaryAdder)   --->   "%add_ln703_25 = add i10 %add_ln703_23, %add_ln703_24" [firmware/nnet_utils/nnet_dense_latency.h:115->firmware/nnet_utils/nnet_dense_stream.h:22]   --->   Operation 155 'add' 'add_ln703_25' <Predicate = true> <Delay = 1.96> <Core = "TAddSub">   --->   Core 83 'TAddSub' <Latency = 0> <II = 1> <Delay = 0.98> <IPBlock> <Opcode : 'add' 'sub'> <InPorts = 3> <OutPorts = 1> <Sync> <CReg>
ST_2 : Operation 156 [1/1] (0.95ns)   --->   "%add_ln703_27 = add i10 %sext_ln708_3, 11" [firmware/nnet_utils/nnet_dense_latency.h:115->firmware/nnet_utils/nnet_dense_stream.h:22]   --->   Operation 156 'add' 'add_ln703_27' <Predicate = true> <Delay = 0.95> <Core = "AddSub">   --->   Core 14 'AddSub' <Latency = 0> <II = 1> <Delay = 0.95> <FuncUnit> <Opcode : 'add' 'sub'> <InPorts = 2> <OutPorts = 1>
ST_2 : Operation 157 [1/1] (0.00ns) (grouped into TernaryAdder)   --->   "%add_ln703_28 = add i10 %sext_ln708_1, %add_ln703_27" [firmware/nnet_utils/nnet_dense_latency.h:115->firmware/nnet_utils/nnet_dense_stream.h:22]   --->   Operation 157 'add' 'add_ln703_28' <Predicate = true> <Delay = 0.00> <Core = "TAddSub">   --->   Core 83 'TAddSub' <Latency = 0> <II = 1> <Delay = 0.98> <IPBlock> <Opcode : 'add' 'sub'> <InPorts = 3> <OutPorts = 1> <Sync> <CReg>
ST_2 : Operation 158 [1/1] (1.96ns) (root node of TernaryAdder)   --->   "%add_ln703_29 = add i10 %add_ln703_26, %add_ln703_28" [firmware/nnet_utils/nnet_dense_latency.h:115->firmware/nnet_utils/nnet_dense_stream.h:22]   --->   Operation 158 'add' 'add_ln703_29' <Predicate = true> <Delay = 1.96> <Core = "TAddSub">   --->   Core 83 'TAddSub' <Latency = 0> <II = 1> <Delay = 0.98> <IPBlock> <Opcode : 'add' 'sub'> <InPorts = 3> <OutPorts = 1> <Sync> <CReg>

State 3 <SV = 2> <Delay = 1.96>
ST_3 : Operation 159 [1/1] (0.00ns)   --->   "%tmp = call i32 (...)* @_ssdm_op_SpecRegionBegin([13 x i8]* @p_str39)" [firmware/nnet_utils/nnet_dense_stream.h:20]   --->   Operation 159 'specregionbegin' 'tmp' <Predicate = true> <Delay = 0.00>
ST_3 : Operation 160 [1/1] (0.00ns)   --->   "call void (...)* @_ssdm_op_SpecPipeline(i32 1, i32 1, i32 1, i32 0, [1 x i8]* @p_str15) nounwind" [firmware/nnet_utils/nnet_dense_stream.h:21]   --->   Operation 160 'specpipeline' <Predicate = true> <Delay = 0.00>
ST_3 : Operation 161 [1/1] (0.00ns)   --->   "%tmp_s = call i32 (...)* @_ssdm_op_SpecRegionBegin([13 x i8]* @p_str40)" [firmware/nnet_utils/nnet_dense_latency.h:45->firmware/nnet_utils/nnet_dense_stream.h:22]   --->   Operation 161 'specregionbegin' 'tmp_s' <Predicate = true> <Delay = 0.00>
ST_3 : Operation 162 [1/1] (0.00ns)   --->   "call void (...)* @_ssdm_op_SpecResourceLimit(i32 32, [4 x i8]* @p_str32, [1 x i8]* @p_str15, [1 x i8]* @p_str15, [1 x i8]* @p_str15) nounwind" [firmware/nnet_utils/nnet_mult.h:71->firmware/nnet_utils/nnet_dense_latency.h:57->firmware/nnet_utils/nnet_dense_stream.h:22]   --->   Operation 162 'specresourcelimit' <Predicate = true> <Delay = 0.00>
ST_3 : Operation 163 [1/1] (0.00ns)   --->   "%empty = call i32 (...)* @_ssdm_op_SpecRegionEnd([13 x i8]* @p_str40, i32 %tmp_s)" [firmware/nnet_utils/nnet_dense_latency.h:59->firmware/nnet_utils/nnet_dense_stream.h:22]   --->   Operation 163 'specregionend' 'empty' <Predicate = true> <Delay = 0.00>
ST_3 : Operation 164 [1/1] (0.00ns) (grouped into TernaryAdder)   --->   "%add_ln703_14 = add i10 %add_ln703_9, %add_ln703_13" [firmware/nnet_utils/nnet_dense_latency.h:115->firmware/nnet_utils/nnet_dense_stream.h:22]   --->   Operation 164 'add' 'add_ln703_14' <Predicate = true> <Delay = 0.00> <Core = "TAddSub">   --->   Core 83 'TAddSub' <Latency = 0> <II = 1> <Delay = 0.98> <IPBlock> <Opcode : 'add' 'sub'> <InPorts = 3> <OutPorts = 1> <Sync> <CReg>
ST_3 : Operation 165 [1/1] (1.96ns) (root node of TernaryAdder)   --->   "%p_Val2_s = add i10 %add_ln703_6, %add_ln703_14" [firmware/nnet_utils/nnet_dense_latency.h:115->firmware/nnet_utils/nnet_dense_stream.h:22]   --->   Operation 165 'add' 'p_Val2_s' <Predicate = true> <Delay = 1.96> <Core = "TAddSub">   --->   Core 83 'TAddSub' <Latency = 0> <II = 1> <Delay = 0.98> <IPBlock> <Opcode : 'add' 'sub'> <InPorts = 3> <OutPorts = 1> <Sync> <CReg>
ST_3 : Operation 166 [1/1] (0.00ns) (grouped into TernaryAdder)   --->   "%add_ln703_30 = add i10 %add_ln703_25, %add_ln703_29" [firmware/nnet_utils/nnet_dense_latency.h:115->firmware/nnet_utils/nnet_dense_stream.h:22]   --->   Operation 166 'add' 'add_ln703_30' <Predicate = true> <Delay = 0.00> <Core = "TAddSub">   --->   Core 83 'TAddSub' <Latency = 0> <II = 1> <Delay = 0.98> <IPBlock> <Opcode : 'add' 'sub'> <InPorts = 3> <OutPorts = 1> <Sync> <CReg>
ST_3 : Operation 167 [1/1] (1.96ns) (root node of TernaryAdder)   --->   "%acc_1_V = add i10 %add_ln703_22, %add_ln703_30" [firmware/nnet_utils/nnet_dense_latency.h:115->firmware/nnet_utils/nnet_dense_stream.h:22]   --->   Operation 167 'add' 'acc_1_V' <Predicate = true> <Delay = 1.96> <Core = "TAddSub">   --->   Core 83 'TAddSub' <Latency = 0> <II = 1> <Delay = 0.98> <IPBlock> <Opcode : 'add' 'sub'> <InPorts = 3> <OutPorts = 1> <Sync> <CReg>
ST_3 : Operation 168 [1/1] (0.00ns)   --->   "%res_0_V_write_assign = call i14 @_ssdm_op_BitConcatenate.i14.i10.i4(i10 %p_Val2_s, i4 0)" [firmware/nnet_utils/nnet_mult.h:101->firmware/nnet_utils/nnet_dense_latency.h:125->firmware/nnet_utils/nnet_dense_stream.h:22]   --->   Operation 168 'bitconcatenate' 'res_0_V_write_assign' <Predicate = true> <Delay = 0.00>
ST_3 : Operation 169 [1/1] (0.00ns)   --->   "%sext_ln728 = sext i14 %res_0_V_write_assign to i16" [firmware/nnet_utils/nnet_mult.h:101->firmware/nnet_utils/nnet_dense_latency.h:125->firmware/nnet_utils/nnet_dense_stream.h:22]   --->   Operation 169 'sext' 'sext_ln728' <Predicate = true> <Delay = 0.00>
ST_3 : Operation 170 [1/1] (0.00ns)   --->   "%res_1_V_write_assign = call i14 @_ssdm_op_BitConcatenate.i14.i10.i4(i10 %acc_1_V, i4 0)" [firmware/nnet_utils/nnet_mult.h:101->firmware/nnet_utils/nnet_dense_latency.h:125->firmware/nnet_utils/nnet_dense_stream.h:22]   --->   Operation 170 'bitconcatenate' 'res_1_V_write_assign' <Predicate = true> <Delay = 0.00>
ST_3 : Operation 171 [1/1] (0.00ns)   --->   "%sext_ln728_1 = sext i14 %res_1_V_write_assign to i16" [firmware/nnet_utils/nnet_mult.h:101->firmware/nnet_utils/nnet_dense_latency.h:125->firmware/nnet_utils/nnet_dense_stream.h:22]   --->   Operation 171 'sext' 'sext_ln728_1' <Predicate = true> <Delay = 0.00>
ST_3 : Operation 172 [1/1] (0.00ns)   --->   "%empty_195 = call i32 (...)* @_ssdm_op_SpecRegionEnd([13 x i8]* @p_str39, i32 %tmp)" [firmware/nnet_utils/nnet_dense_stream.h:23]   --->   Operation 172 'specregionend' 'empty_195' <Predicate = true> <Delay = 0.00>
ST_3 : Operation 173 [1/1] (0.00ns)   --->   "%mrv = insertvalue { i16, i16 } undef, i16 %sext_ln728, 0" [firmware/nnet_utils/nnet_dense_stream.h:26]   --->   Operation 173 'insertvalue' 'mrv' <Predicate = true> <Delay = 0.00>
ST_3 : Operation 174 [1/1] (0.00ns)   --->   "%mrv_1 = insertvalue { i16, i16 } %mrv, i16 %sext_ln728_1, 1" [firmware/nnet_utils/nnet_dense_stream.h:26]   --->   Operation 174 'insertvalue' 'mrv_1' <Predicate = true> <Delay = 0.00>
ST_3 : Operation 175 [1/1] (0.00ns)   --->   "ret { i16, i16 } %mrv_1" [firmware/nnet_utils/nnet_dense_stream.h:26]   --->   Operation 175 'ret' <Predicate = true> <Delay = 0.00>


============================================================
+ Verbose Summary: Timing violations
============================================================
Target clock period: 5ns, clock uncertainty: 0.625ns.

 <State 1>: 4.26ns
The critical path consists of the following:
	wire read on port 'data_15_V_read' (firmware/nnet_utils/nnet_dense_stream.h:14) [17]  (0 ns)
	'mul' operation ('mul_ln1118_25', firmware/nnet_utils/nnet_mult.h:67->firmware/nnet_utils/nnet_dense_latency.h:96->firmware/nnet_utils/nnet_dense_stream.h:22) [144]  (3.72 ns)
	'add' operation ('add_ln703_10', firmware/nnet_utils/nnet_dense_latency.h:115->firmware/nnet_utils/nnet_dense_stream.h:22) [158]  (0.543 ns)

 <State 2>: 3.92ns
The critical path consists of the following:
	'add' operation ('add_ln703_1', firmware/nnet_utils/nnet_dense_latency.h:115->firmware/nnet_utils/nnet_dense_stream.h:22) [149]  (0 ns)
	'add' operation ('add_ln703_2', firmware/nnet_utils/nnet_dense_latency.h:115->firmware/nnet_utils/nnet_dense_stream.h:22) [150]  (1.96 ns)
	'add' operation ('add_ln703_6', firmware/nnet_utils/nnet_dense_latency.h:115->firmware/nnet_utils/nnet_dense_stream.h:22) [154]  (1.96 ns)

 <State 3>: 1.96ns
The critical path consists of the following:
	'add' operation ('add_ln703_14', firmware/nnet_utils/nnet_dense_latency.h:115->firmware/nnet_utils/nnet_dense_stream.h:22) [163]  (0 ns)
	'add' operation ('__Val2__', firmware/nnet_utils/nnet_dense_latency.h:115->firmware/nnet_utils/nnet_dense_stream.h:22) [164]  (1.96 ns)


============================================================
+ Verbose Summary: Binding
============================================================
N/A
* FSMD analyzer results:
  - Output states:
 - Input state : 
  - Chain level:
	State 1
	State 2
	State 3


============================================================
+ Verbose Summary: Datapath Resource usage 
============================================================
N/A
