

================================================================
== Vivado HLS Report for 'dense_array_array_ap_fixed_16_6_5_3_0_2u_config12_s'
================================================================
* Date:           Tue Jul 20 16:26:06 2021

* Version:        2019.2 (Build 2698951 on Thu Oct 24 19:15:34 MDT 2019)
* Project:        myproject_prj
* Solution:       solution1
* Product family: virtex7
* Target device:  xc7vx690t-ffg1761-2


================================================================
== Performance Estimates
================================================================
+ Timing: 
    * Summary: 
    +--------+---------+----------+------------+
    |  Clock |  Target | Estimated| Uncertainty|
    +--------+---------+----------+------------+
    |ap_clk  | 5.00 ns | 4.263 ns |   0.62 ns  |
    +--------+---------+----------+------------+

+ Latency: 
    * Summary: 
    +---------+---------+-----------+-----------+-----+-----+---------+
    |  Latency (cycles) |   Latency (absolute)  |  Interval | Pipeline|
    |   min   |   max   |    min    |    max    | min | max |   Type  |
    +---------+---------+-----------+-----------+-----+-----+---------+
    |        4|        4| 20.000 ns | 20.000 ns |    4|    4|   none  |
    +---------+---------+-----------+-----------+-----+-----+---------+

    + Detail: 
        * Instance: 
        +------------------------------------------------------------------+-------------------------------------------------------+---------+---------+-----------+-----------+-----+-----+----------+
        |                                                                  |                                                       |  Latency (cycles) |   Latency (absolute)  |  Interval | Pipeline |
        |                             Instance                             |                         Module                        |   min   |   max   |    min    |    max    | min | max |   Type   |
        +------------------------------------------------------------------+-------------------------------------------------------+---------+---------+-----------+-----------+-----+-----+----------+
        |grp_dense_wrapper_ap_fixed_ap_fixed_16_6_5_3_0_config12_s_fu_320  |dense_wrapper_ap_fixed_ap_fixed_16_6_5_3_0_config12_s  |        2|        2| 10.000 ns | 10.000 ns |    1|    1| function |
        +------------------------------------------------------------------+-------------------------------------------------------+---------+---------+-----------+-----------+-----+-----+----------+

        * Loop: 
        N/A



================================================================
== Utilization Estimates
================================================================
* Summary: 
+-----------------+---------+-------+--------+--------+-----+
|       Name      | BRAM_18K| DSP48E|   FF   |   LUT  | URAM|
+-----------------+---------+-------+--------+--------+-----+
|DSP              |        -|      -|       -|       -|    -|
|Expression       |        -|      -|       0|       6|    -|
|FIFO             |        -|      -|       -|       -|    -|
|Instance         |        -|     26|     530|     615|    -|
|Memory           |        -|      -|       -|       -|    -|
|Multiplexer      |        -|      -|       -|     213|    -|
|Register         |        -|      -|     263|       -|    -|
+-----------------+---------+-------+--------+--------+-----+
|Total            |        0|     26|     793|     834|    0|
+-----------------+---------+-------+--------+--------+-----+
|Available        |     2940|   3600|  866400|  433200|    0|
+-----------------+---------+-------+--------+--------+-----+
|Utilization (%)  |        0|   ~0  |   ~0   |   ~0   |    0|
+-----------------+---------+-------+--------+--------+-----+

+ Detail: 
    * Instance: 
    +------------------------------------------------------------------+-------------------------------------------------------+---------+-------+-----+-----+-----+
    |                             Instance                             |                         Module                        | BRAM_18K| DSP48E|  FF | LUT | URAM|
    +------------------------------------------------------------------+-------------------------------------------------------+---------+-------+-----+-----+-----+
    |grp_dense_wrapper_ap_fixed_ap_fixed_16_6_5_3_0_config12_s_fu_320  |dense_wrapper_ap_fixed_ap_fixed_16_6_5_3_0_config12_s  |        0|     26|  530|  615|    0|
    +------------------------------------------------------------------+-------------------------------------------------------+---------+-------+-----+-----+-----+
    |Total                                                             |                                                       |        0|     26|  530|  615|    0|
    +------------------------------------------------------------------+-------------------------------------------------------+---------+-------+-----+-----+-----+

    * DSP48E: 
    N/A

    * Memory: 
    N/A

    * FIFO: 
    N/A

    * Expression: 
    +--------------------------+----------+-------+---+----+------------+------------+
    |       Variable Name      | Operation| DSP48E| FF| LUT| Bitwidth P0| Bitwidth P1|
    +--------------------------+----------+-------+---+----+------------+------------+
    |io_acc_block_signal_op49  |    and   |      0|  0|   2|           1|           1|
    |io_acc_block_signal_op6   |    and   |      0|  0|   2|           1|           1|
    |ap_block_state1           |    or    |      0|  0|   2|           1|           1|
    +--------------------------+----------+-------+---+----+------------+------------+
    |Total                     |          |      0|  0|   6|           3|           3|
    +--------------------------+----------+-------+---+----+------------+------------+

    * Multiplexer: 
    +-------------------------------+----+-----------+-----+-----------+
    |              Name             | LUT| Input Size| Bits| Total Bits|
    +-------------------------------+----+-----------+-----+-----------+
    |ap_NS_fsm                      |  33|          6|    1|          6|
    |ap_done                        |   9|          2|    1|          2|
    |data_stream_V_data_0_V_blk_n   |   9|          2|    1|          2|
    |data_stream_V_data_10_V_blk_n  |   9|          2|    1|          2|
    |data_stream_V_data_11_V_blk_n  |   9|          2|    1|          2|
    |data_stream_V_data_12_V_blk_n  |   9|          2|    1|          2|
    |data_stream_V_data_13_V_blk_n  |   9|          2|    1|          2|
    |data_stream_V_data_14_V_blk_n  |   9|          2|    1|          2|
    |data_stream_V_data_15_V_blk_n  |   9|          2|    1|          2|
    |data_stream_V_data_1_V_blk_n   |   9|          2|    1|          2|
    |data_stream_V_data_2_V_blk_n   |   9|          2|    1|          2|
    |data_stream_V_data_3_V_blk_n   |   9|          2|    1|          2|
    |data_stream_V_data_4_V_blk_n   |   9|          2|    1|          2|
    |data_stream_V_data_5_V_blk_n   |   9|          2|    1|          2|
    |data_stream_V_data_6_V_blk_n   |   9|          2|    1|          2|
    |data_stream_V_data_7_V_blk_n   |   9|          2|    1|          2|
    |data_stream_V_data_8_V_blk_n   |   9|          2|    1|          2|
    |data_stream_V_data_9_V_blk_n   |   9|          2|    1|          2|
    |real_start                     |   9|          2|    1|          2|
    |res_stream_V_data_0_V_blk_n    |   9|          2|    1|          2|
    |res_stream_V_data_1_V_blk_n    |   9|          2|    1|          2|
    +-------------------------------+----+-----------+-----+-----------+
    |Total                          | 213|         46|   21|         46|
    +-------------------------------+----+-----------+-----+-----------+

    * Register: 
    +-------------------+----+----+-----+-----------+
    |        Name       | FF | LUT| Bits| Const Bits|
    +-------------------+----+----+-----+-----------+
    |ap_CS_fsm          |   5|   0|    5|          0|
    |ap_done_reg        |   1|   0|    1|          0|
    |data_0_V_reg_414   |  16|   0|   16|          0|
    |data_10_V_reg_464  |  16|   0|   16|          0|
    |data_11_V_reg_469  |  16|   0|   16|          0|
    |data_12_V_reg_474  |  16|   0|   16|          0|
    |data_13_V_reg_479  |  16|   0|   16|          0|
    |data_14_V_reg_484  |  16|   0|   16|          0|
    |data_15_V_reg_489  |  16|   0|   16|          0|
    |data_1_V_reg_419   |  16|   0|   16|          0|
    |data_2_V_reg_424   |  16|   0|   16|          0|
    |data_3_V_reg_429   |  16|   0|   16|          0|
    |data_4_V_reg_434   |  16|   0|   16|          0|
    |data_5_V_reg_439   |  16|   0|   16|          0|
    |data_6_V_reg_444   |  16|   0|   16|          0|
    |data_7_V_reg_449   |  16|   0|   16|          0|
    |data_8_V_reg_454   |  16|   0|   16|          0|
    |data_9_V_reg_459   |  16|   0|   16|          0|
    |start_once_reg     |   1|   0|    1|          0|
    +-------------------+----+----+-----+-----------+
    |Total              | 263|   0|  263|          0|
    +-------------------+----+----+-----+-----------+



================================================================
== Interface
================================================================
* Summary: 
+---------------------------------+-----+-----+------------+------------------------------------------------------+--------------+
|            RTL Ports            | Dir | Bits|  Protocol  |                     Source Object                    |    C Type    |
+---------------------------------+-----+-----+------------+------------------------------------------------------+--------------+
|ap_clk                           |  in |    1| ap_ctrl_hs | dense<array,array<ap_fixed<16,6,5,3,0>,2u>,config12> | return value |
|ap_rst                           |  in |    1| ap_ctrl_hs | dense<array,array<ap_fixed<16,6,5,3,0>,2u>,config12> | return value |
|ap_start                         |  in |    1| ap_ctrl_hs | dense<array,array<ap_fixed<16,6,5,3,0>,2u>,config12> | return value |
|start_full_n                     |  in |    1| ap_ctrl_hs | dense<array,array<ap_fixed<16,6,5,3,0>,2u>,config12> | return value |
|ap_done                          | out |    1| ap_ctrl_hs | dense<array,array<ap_fixed<16,6,5,3,0>,2u>,config12> | return value |
|ap_continue                      |  in |    1| ap_ctrl_hs | dense<array,array<ap_fixed<16,6,5,3,0>,2u>,config12> | return value |
|ap_idle                          | out |    1| ap_ctrl_hs | dense<array,array<ap_fixed<16,6,5,3,0>,2u>,config12> | return value |
|ap_ready                         | out |    1| ap_ctrl_hs | dense<array,array<ap_fixed<16,6,5,3,0>,2u>,config12> | return value |
|start_out                        | out |    1| ap_ctrl_hs | dense<array,array<ap_fixed<16,6,5,3,0>,2u>,config12> | return value |
|start_write                      | out |    1| ap_ctrl_hs | dense<array,array<ap_fixed<16,6,5,3,0>,2u>,config12> | return value |
|data_stream_V_data_0_V_dout      |  in |   16|   ap_fifo  |                data_stream_V_data_0_V                |    pointer   |
|data_stream_V_data_0_V_empty_n   |  in |    1|   ap_fifo  |                data_stream_V_data_0_V                |    pointer   |
|data_stream_V_data_0_V_read      | out |    1|   ap_fifo  |                data_stream_V_data_0_V                |    pointer   |
|data_stream_V_data_1_V_dout      |  in |   16|   ap_fifo  |                data_stream_V_data_1_V                |    pointer   |
|data_stream_V_data_1_V_empty_n   |  in |    1|   ap_fifo  |                data_stream_V_data_1_V                |    pointer   |
|data_stream_V_data_1_V_read      | out |    1|   ap_fifo  |                data_stream_V_data_1_V                |    pointer   |
|data_stream_V_data_2_V_dout      |  in |   16|   ap_fifo  |                data_stream_V_data_2_V                |    pointer   |
|data_stream_V_data_2_V_empty_n   |  in |    1|   ap_fifo  |                data_stream_V_data_2_V                |    pointer   |
|data_stream_V_data_2_V_read      | out |    1|   ap_fifo  |                data_stream_V_data_2_V                |    pointer   |
|data_stream_V_data_3_V_dout      |  in |   16|   ap_fifo  |                data_stream_V_data_3_V                |    pointer   |
|data_stream_V_data_3_V_empty_n   |  in |    1|   ap_fifo  |                data_stream_V_data_3_V                |    pointer   |
|data_stream_V_data_3_V_read      | out |    1|   ap_fifo  |                data_stream_V_data_3_V                |    pointer   |
|data_stream_V_data_4_V_dout      |  in |   16|   ap_fifo  |                data_stream_V_data_4_V                |    pointer   |
|data_stream_V_data_4_V_empty_n   |  in |    1|   ap_fifo  |                data_stream_V_data_4_V                |    pointer   |
|data_stream_V_data_4_V_read      | out |    1|   ap_fifo  |                data_stream_V_data_4_V                |    pointer   |
|data_stream_V_data_5_V_dout      |  in |   16|   ap_fifo  |                data_stream_V_data_5_V                |    pointer   |
|data_stream_V_data_5_V_empty_n   |  in |    1|   ap_fifo  |                data_stream_V_data_5_V                |    pointer   |
|data_stream_V_data_5_V_read      | out |    1|   ap_fifo  |                data_stream_V_data_5_V                |    pointer   |
|data_stream_V_data_6_V_dout      |  in |   16|   ap_fifo  |                data_stream_V_data_6_V                |    pointer   |
|data_stream_V_data_6_V_empty_n   |  in |    1|   ap_fifo  |                data_stream_V_data_6_V                |    pointer   |
|data_stream_V_data_6_V_read      | out |    1|   ap_fifo  |                data_stream_V_data_6_V                |    pointer   |
|data_stream_V_data_7_V_dout      |  in |   16|   ap_fifo  |                data_stream_V_data_7_V                |    pointer   |
|data_stream_V_data_7_V_empty_n   |  in |    1|   ap_fifo  |                data_stream_V_data_7_V                |    pointer   |
|data_stream_V_data_7_V_read      | out |    1|   ap_fifo  |                data_stream_V_data_7_V                |    pointer   |
|data_stream_V_data_8_V_dout      |  in |   16|   ap_fifo  |                data_stream_V_data_8_V                |    pointer   |
|data_stream_V_data_8_V_empty_n   |  in |    1|   ap_fifo  |                data_stream_V_data_8_V                |    pointer   |
|data_stream_V_data_8_V_read      | out |    1|   ap_fifo  |                data_stream_V_data_8_V                |    pointer   |
|data_stream_V_data_9_V_dout      |  in |   16|   ap_fifo  |                data_stream_V_data_9_V                |    pointer   |
|data_stream_V_data_9_V_empty_n   |  in |    1|   ap_fifo  |                data_stream_V_data_9_V                |    pointer   |
|data_stream_V_data_9_V_read      | out |    1|   ap_fifo  |                data_stream_V_data_9_V                |    pointer   |
|data_stream_V_data_10_V_dout     |  in |   16|   ap_fifo  |                data_stream_V_data_10_V               |    pointer   |
|data_stream_V_data_10_V_empty_n  |  in |    1|   ap_fifo  |                data_stream_V_data_10_V               |    pointer   |
|data_stream_V_data_10_V_read     | out |    1|   ap_fifo  |                data_stream_V_data_10_V               |    pointer   |
|data_stream_V_data_11_V_dout     |  in |   16|   ap_fifo  |                data_stream_V_data_11_V               |    pointer   |
|data_stream_V_data_11_V_empty_n  |  in |    1|   ap_fifo  |                data_stream_V_data_11_V               |    pointer   |
|data_stream_V_data_11_V_read     | out |    1|   ap_fifo  |                data_stream_V_data_11_V               |    pointer   |
|data_stream_V_data_12_V_dout     |  in |   16|   ap_fifo  |                data_stream_V_data_12_V               |    pointer   |
|data_stream_V_data_12_V_empty_n  |  in |    1|   ap_fifo  |                data_stream_V_data_12_V               |    pointer   |
|data_stream_V_data_12_V_read     | out |    1|   ap_fifo  |                data_stream_V_data_12_V               |    pointer   |
|data_stream_V_data_13_V_dout     |  in |   16|   ap_fifo  |                data_stream_V_data_13_V               |    pointer   |
|data_stream_V_data_13_V_empty_n  |  in |    1|   ap_fifo  |                data_stream_V_data_13_V               |    pointer   |
|data_stream_V_data_13_V_read     | out |    1|   ap_fifo  |                data_stream_V_data_13_V               |    pointer   |
|data_stream_V_data_14_V_dout     |  in |   16|   ap_fifo  |                data_stream_V_data_14_V               |    pointer   |
|data_stream_V_data_14_V_empty_n  |  in |    1|   ap_fifo  |                data_stream_V_data_14_V               |    pointer   |
|data_stream_V_data_14_V_read     | out |    1|   ap_fifo  |                data_stream_V_data_14_V               |    pointer   |
|data_stream_V_data_15_V_dout     |  in |   16|   ap_fifo  |                data_stream_V_data_15_V               |    pointer   |
|data_stream_V_data_15_V_empty_n  |  in |    1|   ap_fifo  |                data_stream_V_data_15_V               |    pointer   |
|data_stream_V_data_15_V_read     | out |    1|   ap_fifo  |                data_stream_V_data_15_V               |    pointer   |
|res_stream_V_data_0_V_din        | out |   16|   ap_fifo  |                 res_stream_V_data_0_V                |    pointer   |
|res_stream_V_data_0_V_full_n     |  in |    1|   ap_fifo  |                 res_stream_V_data_0_V                |    pointer   |
|res_stream_V_data_0_V_write      | out |    1|   ap_fifo  |                 res_stream_V_data_0_V                |    pointer   |
|res_stream_V_data_1_V_din        | out |   16|   ap_fifo  |                 res_stream_V_data_1_V                |    pointer   |
|res_stream_V_data_1_V_full_n     |  in |    1|   ap_fifo  |                 res_stream_V_data_1_V                |    pointer   |
|res_stream_V_data_1_V_write      | out |    1|   ap_fifo  |                 res_stream_V_data_1_V                |    pointer   |
+---------------------------------+-----+-----+------------+------------------------------------------------------+--------------+

============================================================
+ Verbose Summary: Synthesis Manager
============================================================
InlineROM: 1
ExposeGlobal: 0
============================================================
+ Verbose Summary: CDFG Model
============================================================
IsTopModel: 0
ResetActiveHigh: 1
IsCombinational: 2
IsDatapathOnly: 0
HasWiredReturn: 1
HasMFsm: 0
HasVarLatency: 1
IsPipeline: 0
IsRtlPipelined: 0
IsInstanceOverlapped: 0
IsDontTouch: 0
HasImplIP: 0
IsGatedGlobalClock: 0


============================================================
+ Verbose Summary: Schedule
============================================================
* Number of FSM states : 5
* Pipeline : 0
* Dataflow Pipeline: 0

* FSM state transitions: 
1 --> 2 
2 --> 3 
3 --> 4 
4 --> 5 
5 --> 

* FSM state operations: 

State 1 <SV = 0> <Delay = 2.18>
ST_1 : Operation 6 [1/1] (2.18ns)   --->   "%empty = call { i16, i16, i16, i16, i16, i16, i16, i16, i16, i16, i16, i16, i16, i16, i16, i16 } @_ssdm_op_Read.ap_fifo.volatile.i16P.i16P.i16P.i16P.i16P.i16P.i16P.i16P.i16P.i16P.i16P.i16P.i16P.i16P.i16P.i16P(i16* %data_stream_V_data_0_V, i16* %data_stream_V_data_1_V, i16* %data_stream_V_data_2_V, i16* %data_stream_V_data_3_V, i16* %data_stream_V_data_4_V, i16* %data_stream_V_data_5_V, i16* %data_stream_V_data_6_V, i16* %data_stream_V_data_7_V, i16* %data_stream_V_data_8_V, i16* %data_stream_V_data_9_V, i16* %data_stream_V_data_10_V, i16* %data_stream_V_data_11_V, i16* %data_stream_V_data_12_V, i16* %data_stream_V_data_13_V, i16* %data_stream_V_data_14_V, i16* %data_stream_V_data_15_V)" [firmware/nnet_utils/nnet_dense_stream.h:45]   --->   Operation 6 'read' 'empty' <Predicate = true> <Delay = 2.18> <Core = "FIFO">   --->   Core 32 'FIFO' <Latency = 0> <II = 1> <Delay = 2.19> <Storage> <Opcode : 'read' 'write' 'nbread' 'nbwrite'> <Ports = 0> <Width = 16> <Depth = 12> <FIFO>
ST_1 : Operation 7 [1/1] (0.00ns)   --->   "%data_0_V = extractvalue { i16, i16, i16, i16, i16, i16, i16, i16, i16, i16, i16, i16, i16, i16, i16, i16 } %empty, 0" [firmware/nnet_utils/nnet_dense_stream.h:45]   --->   Operation 7 'extractvalue' 'data_0_V' <Predicate = true> <Delay = 0.00>
ST_1 : Operation 8 [1/1] (0.00ns)   --->   "%data_1_V = extractvalue { i16, i16, i16, i16, i16, i16, i16, i16, i16, i16, i16, i16, i16, i16, i16, i16 } %empty, 1" [firmware/nnet_utils/nnet_dense_stream.h:45]   --->   Operation 8 'extractvalue' 'data_1_V' <Predicate = true> <Delay = 0.00>
ST_1 : Operation 9 [1/1] (0.00ns)   --->   "%data_2_V = extractvalue { i16, i16, i16, i16, i16, i16, i16, i16, i16, i16, i16, i16, i16, i16, i16, i16 } %empty, 2" [firmware/nnet_utils/nnet_dense_stream.h:45]   --->   Operation 9 'extractvalue' 'data_2_V' <Predicate = true> <Delay = 0.00>
ST_1 : Operation 10 [1/1] (0.00ns)   --->   "%data_3_V = extractvalue { i16, i16, i16, i16, i16, i16, i16, i16, i16, i16, i16, i16, i16, i16, i16, i16 } %empty, 3" [firmware/nnet_utils/nnet_dense_stream.h:45]   --->   Operation 10 'extractvalue' 'data_3_V' <Predicate = true> <Delay = 0.00>
ST_1 : Operation 11 [1/1] (0.00ns)   --->   "%data_4_V = extractvalue { i16, i16, i16, i16, i16, i16, i16, i16, i16, i16, i16, i16, i16, i16, i16, i16 } %empty, 4" [firmware/nnet_utils/nnet_dense_stream.h:45]   --->   Operation 11 'extractvalue' 'data_4_V' <Predicate = true> <Delay = 0.00>
ST_1 : Operation 12 [1/1] (0.00ns)   --->   "%data_5_V = extractvalue { i16, i16, i16, i16, i16, i16, i16, i16, i16, i16, i16, i16, i16, i16, i16, i16 } %empty, 5" [firmware/nnet_utils/nnet_dense_stream.h:45]   --->   Operation 12 'extractvalue' 'data_5_V' <Predicate = true> <Delay = 0.00>
ST_1 : Operation 13 [1/1] (0.00ns)   --->   "%data_6_V = extractvalue { i16, i16, i16, i16, i16, i16, i16, i16, i16, i16, i16, i16, i16, i16, i16, i16 } %empty, 6" [firmware/nnet_utils/nnet_dense_stream.h:45]   --->   Operation 13 'extractvalue' 'data_6_V' <Predicate = true> <Delay = 0.00>
ST_1 : Operation 14 [1/1] (0.00ns)   --->   "%data_7_V = extractvalue { i16, i16, i16, i16, i16, i16, i16, i16, i16, i16, i16, i16, i16, i16, i16, i16 } %empty, 7" [firmware/nnet_utils/nnet_dense_stream.h:45]   --->   Operation 14 'extractvalue' 'data_7_V' <Predicate = true> <Delay = 0.00>
ST_1 : Operation 15 [1/1] (0.00ns)   --->   "%data_8_V = extractvalue { i16, i16, i16, i16, i16, i16, i16, i16, i16, i16, i16, i16, i16, i16, i16, i16 } %empty, 8" [firmware/nnet_utils/nnet_dense_stream.h:45]   --->   Operation 15 'extractvalue' 'data_8_V' <Predicate = true> <Delay = 0.00>
ST_1 : Operation 16 [1/1] (0.00ns)   --->   "%data_9_V = extractvalue { i16, i16, i16, i16, i16, i16, i16, i16, i16, i16, i16, i16, i16, i16, i16, i16 } %empty, 9" [firmware/nnet_utils/nnet_dense_stream.h:45]   --->   Operation 16 'extractvalue' 'data_9_V' <Predicate = true> <Delay = 0.00>
ST_1 : Operation 17 [1/1] (0.00ns)   --->   "%data_10_V = extractvalue { i16, i16, i16, i16, i16, i16, i16, i16, i16, i16, i16, i16, i16, i16, i16, i16 } %empty, 10" [firmware/nnet_utils/nnet_dense_stream.h:45]   --->   Operation 17 'extractvalue' 'data_10_V' <Predicate = true> <Delay = 0.00>
ST_1 : Operation 18 [1/1] (0.00ns)   --->   "%data_11_V = extractvalue { i16, i16, i16, i16, i16, i16, i16, i16, i16, i16, i16, i16, i16, i16, i16, i16 } %empty, 11" [firmware/nnet_utils/nnet_dense_stream.h:45]   --->   Operation 18 'extractvalue' 'data_11_V' <Predicate = true> <Delay = 0.00>
ST_1 : Operation 19 [1/1] (0.00ns)   --->   "%data_12_V = extractvalue { i16, i16, i16, i16, i16, i16, i16, i16, i16, i16, i16, i16, i16, i16, i16, i16 } %empty, 12" [firmware/nnet_utils/nnet_dense_stream.h:45]   --->   Operation 19 'extractvalue' 'data_12_V' <Predicate = true> <Delay = 0.00>
ST_1 : Operation 20 [1/1] (0.00ns)   --->   "%data_13_V = extractvalue { i16, i16, i16, i16, i16, i16, i16, i16, i16, i16, i16, i16, i16, i16, i16, i16 } %empty, 13" [firmware/nnet_utils/nnet_dense_stream.h:45]   --->   Operation 20 'extractvalue' 'data_13_V' <Predicate = true> <Delay = 0.00>
ST_1 : Operation 21 [1/1] (0.00ns)   --->   "%data_14_V = extractvalue { i16, i16, i16, i16, i16, i16, i16, i16, i16, i16, i16, i16, i16, i16, i16, i16 } %empty, 14" [firmware/nnet_utils/nnet_dense_stream.h:45]   --->   Operation 21 'extractvalue' 'data_14_V' <Predicate = true> <Delay = 0.00>
ST_1 : Operation 22 [1/1] (0.00ns)   --->   "%data_15_V = extractvalue { i16, i16, i16, i16, i16, i16, i16, i16, i16, i16, i16, i16, i16, i16, i16, i16 } %empty, 15" [firmware/nnet_utils/nnet_dense_stream.h:45]   --->   Operation 22 'extractvalue' 'data_15_V' <Predicate = true> <Delay = 0.00>

State 2 <SV = 1> <Delay = 4.26>
ST_2 : Operation 23 [4/4] (4.26ns)   --->   "%call_ret = call fastcc { i16, i16 } @"dense_wrapper<ap_fixed,ap_fixed<16,6,5,3,0>,config12>"(i16 %data_0_V, i16 %data_1_V, i16 %data_2_V, i16 %data_3_V, i16 %data_4_V, i16 %data_5_V, i16 %data_6_V, i16 %data_7_V, i16 %data_8_V, i16 %data_9_V, i16 %data_10_V, i16 %data_11_V, i16 %data_12_V, i16 %data_13_V, i16 %data_14_V, i16 %data_15_V)" [firmware/nnet_utils/nnet_dense_stream.h:52]   --->   Operation 23 'call' 'call_ret' <Predicate = true> <Delay = 4.26> <CoreType = "Generic">   --->   Core 0 '' <Latency = 0> <II = 1> <Delay = 1.00> <Generic> <Opcode : >

State 3 <SV = 2> <Delay = 4.26>
ST_3 : Operation 24 [3/4] (4.26ns)   --->   "%call_ret = call fastcc { i16, i16 } @"dense_wrapper<ap_fixed,ap_fixed<16,6,5,3,0>,config12>"(i16 %data_0_V, i16 %data_1_V, i16 %data_2_V, i16 %data_3_V, i16 %data_4_V, i16 %data_5_V, i16 %data_6_V, i16 %data_7_V, i16 %data_8_V, i16 %data_9_V, i16 %data_10_V, i16 %data_11_V, i16 %data_12_V, i16 %data_13_V, i16 %data_14_V, i16 %data_15_V)" [firmware/nnet_utils/nnet_dense_stream.h:52]   --->   Operation 24 'call' 'call_ret' <Predicate = true> <Delay = 4.26> <CoreType = "Generic">   --->   Core 0 '' <Latency = 0> <II = 1> <Delay = 1.00> <Generic> <Opcode : >

State 4 <SV = 3> <Delay = 4.26>
ST_4 : Operation 25 [2/4] (4.26ns)   --->   "%call_ret = call fastcc { i16, i16 } @"dense_wrapper<ap_fixed,ap_fixed<16,6,5,3,0>,config12>"(i16 %data_0_V, i16 %data_1_V, i16 %data_2_V, i16 %data_3_V, i16 %data_4_V, i16 %data_5_V, i16 %data_6_V, i16 %data_7_V, i16 %data_8_V, i16 %data_9_V, i16 %data_10_V, i16 %data_11_V, i16 %data_12_V, i16 %data_13_V, i16 %data_14_V, i16 %data_15_V)" [firmware/nnet_utils/nnet_dense_stream.h:52]   --->   Operation 25 'call' 'call_ret' <Predicate = true> <Delay = 4.26> <CoreType = "Generic">   --->   Core 0 '' <Latency = 0> <II = 1> <Delay = 1.00> <Generic> <Opcode : >

State 5 <SV = 4> <Delay = 4.14>
ST_5 : Operation 26 [1/1] (0.00ns)   --->   "call void (...)* @_ssdm_op_SpecInterface(i16* %res_stream_V_data_1_V, [8 x i8]* @ap_fifo_str, i32 0, i32 0, [1 x i8]* @p_str2198, i32 0, i32 0, [1 x i8]* @p_str2199, [1 x i8]* @p_str2200, [1 x i8]* @p_str2201, i32 2, i32 2, i32 16, i32 16, [1 x i8]* @p_str2202, [1 x i8]* @p_str2203)"   --->   Operation 26 'specinterface' <Predicate = true> <Delay = 0.00>
ST_5 : Operation 27 [1/1] (0.00ns)   --->   "call void (...)* @_ssdm_op_SpecInterface(i16* %res_stream_V_data_0_V, [8 x i8]* @ap_fifo_str, i32 0, i32 0, [1 x i8]* @p_str2191, i32 0, i32 0, [1 x i8]* @p_str2192, [1 x i8]* @p_str2193, [1 x i8]* @p_str2194, i32 2, i32 2, i32 16, i32 16, [1 x i8]* @p_str2195, [1 x i8]* @p_str2196)"   --->   Operation 27 'specinterface' <Predicate = true> <Delay = 0.00>
ST_5 : Operation 28 [1/1] (0.00ns)   --->   "call void (...)* @_ssdm_op_SpecInterface(i16* %data_stream_V_data_15_V, [8 x i8]* @ap_fifo_str, i32 0, i32 0, [1 x i8]* @p_str2184, i32 0, i32 0, [1 x i8]* @p_str2185, [1 x i8]* @p_str2186, [1 x i8]* @p_str2187, i32 2, i32 2, i32 16, i32 16, [1 x i8]* @p_str2188, [1 x i8]* @p_str2189)"   --->   Operation 28 'specinterface' <Predicate = true> <Delay = 0.00>
ST_5 : Operation 29 [1/1] (0.00ns)   --->   "call void (...)* @_ssdm_op_SpecInterface(i16* %data_stream_V_data_14_V, [8 x i8]* @ap_fifo_str, i32 0, i32 0, [1 x i8]* @p_str2177, i32 0, i32 0, [1 x i8]* @p_str2178, [1 x i8]* @p_str2179, [1 x i8]* @p_str2180, i32 2, i32 2, i32 16, i32 16, [1 x i8]* @p_str2181, [1 x i8]* @p_str2182)"   --->   Operation 29 'specinterface' <Predicate = true> <Delay = 0.00>
ST_5 : Operation 30 [1/1] (0.00ns)   --->   "call void (...)* @_ssdm_op_SpecInterface(i16* %data_stream_V_data_13_V, [8 x i8]* @ap_fifo_str, i32 0, i32 0, [1 x i8]* @p_str2170, i32 0, i32 0, [1 x i8]* @p_str2171, [1 x i8]* @p_str2172, [1 x i8]* @p_str2173, i32 2, i32 2, i32 16, i32 16, [1 x i8]* @p_str2174, [1 x i8]* @p_str2175)"   --->   Operation 30 'specinterface' <Predicate = true> <Delay = 0.00>
ST_5 : Operation 31 [1/1] (0.00ns)   --->   "call void (...)* @_ssdm_op_SpecInterface(i16* %data_stream_V_data_12_V, [8 x i8]* @ap_fifo_str, i32 0, i32 0, [1 x i8]* @p_str2163, i32 0, i32 0, [1 x i8]* @p_str2164, [1 x i8]* @p_str2165, [1 x i8]* @p_str2166, i32 2, i32 2, i32 16, i32 16, [1 x i8]* @p_str2167, [1 x i8]* @p_str2168)"   --->   Operation 31 'specinterface' <Predicate = true> <Delay = 0.00>
ST_5 : Operation 32 [1/1] (0.00ns)   --->   "call void (...)* @_ssdm_op_SpecInterface(i16* %data_stream_V_data_11_V, [8 x i8]* @ap_fifo_str, i32 0, i32 0, [1 x i8]* @p_str2156, i32 0, i32 0, [1 x i8]* @p_str2157, [1 x i8]* @p_str2158, [1 x i8]* @p_str2159, i32 2, i32 2, i32 16, i32 16, [1 x i8]* @p_str2160, [1 x i8]* @p_str2161)"   --->   Operation 32 'specinterface' <Predicate = true> <Delay = 0.00>
ST_5 : Operation 33 [1/1] (0.00ns)   --->   "call void (...)* @_ssdm_op_SpecInterface(i16* %data_stream_V_data_10_V, [8 x i8]* @ap_fifo_str, i32 0, i32 0, [1 x i8]* @p_str2149, i32 0, i32 0, [1 x i8]* @p_str2150, [1 x i8]* @p_str2151, [1 x i8]* @p_str2152, i32 2, i32 2, i32 16, i32 16, [1 x i8]* @p_str2153, [1 x i8]* @p_str2154)"   --->   Operation 33 'specinterface' <Predicate = true> <Delay = 0.00>
ST_5 : Operation 34 [1/1] (0.00ns)   --->   "call void (...)* @_ssdm_op_SpecInterface(i16* %data_stream_V_data_9_V, [8 x i8]* @ap_fifo_str, i32 0, i32 0, [1 x i8]* @p_str2142, i32 0, i32 0, [1 x i8]* @p_str2143, [1 x i8]* @p_str2144, [1 x i8]* @p_str2145, i32 2, i32 2, i32 16, i32 16, [1 x i8]* @p_str2146, [1 x i8]* @p_str2147)"   --->   Operation 34 'specinterface' <Predicate = true> <Delay = 0.00>
ST_5 : Operation 35 [1/1] (0.00ns)   --->   "call void (...)* @_ssdm_op_SpecInterface(i16* %data_stream_V_data_8_V, [8 x i8]* @ap_fifo_str, i32 0, i32 0, [1 x i8]* @p_str2135, i32 0, i32 0, [1 x i8]* @p_str2136, [1 x i8]* @p_str2137, [1 x i8]* @p_str2138, i32 2, i32 2, i32 16, i32 16, [1 x i8]* @p_str2139, [1 x i8]* @p_str2140)"   --->   Operation 35 'specinterface' <Predicate = true> <Delay = 0.00>
ST_5 : Operation 36 [1/1] (0.00ns)   --->   "call void (...)* @_ssdm_op_SpecInterface(i16* %data_stream_V_data_7_V, [8 x i8]* @ap_fifo_str, i32 0, i32 0, [1 x i8]* @p_str2128, i32 0, i32 0, [1 x i8]* @p_str2129, [1 x i8]* @p_str2130, [1 x i8]* @p_str2131, i32 2, i32 2, i32 16, i32 16, [1 x i8]* @p_str2132, [1 x i8]* @p_str2133)"   --->   Operation 36 'specinterface' <Predicate = true> <Delay = 0.00>
ST_5 : Operation 37 [1/1] (0.00ns)   --->   "call void (...)* @_ssdm_op_SpecInterface(i16* %data_stream_V_data_6_V, [8 x i8]* @ap_fifo_str, i32 0, i32 0, [1 x i8]* @p_str2121, i32 0, i32 0, [1 x i8]* @p_str2122, [1 x i8]* @p_str2123, [1 x i8]* @p_str2124, i32 2, i32 2, i32 16, i32 16, [1 x i8]* @p_str2125, [1 x i8]* @p_str2126)"   --->   Operation 37 'specinterface' <Predicate = true> <Delay = 0.00>
ST_5 : Operation 38 [1/1] (0.00ns)   --->   "call void (...)* @_ssdm_op_SpecInterface(i16* %data_stream_V_data_5_V, [8 x i8]* @ap_fifo_str, i32 0, i32 0, [1 x i8]* @p_str2114, i32 0, i32 0, [1 x i8]* @p_str2115, [1 x i8]* @p_str2116, [1 x i8]* @p_str2117, i32 2, i32 2, i32 16, i32 16, [1 x i8]* @p_str2118, [1 x i8]* @p_str2119)"   --->   Operation 38 'specinterface' <Predicate = true> <Delay = 0.00>
ST_5 : Operation 39 [1/1] (0.00ns)   --->   "call void (...)* @_ssdm_op_SpecInterface(i16* %data_stream_V_data_4_V, [8 x i8]* @ap_fifo_str, i32 0, i32 0, [1 x i8]* @p_str2107, i32 0, i32 0, [1 x i8]* @p_str2108, [1 x i8]* @p_str2109, [1 x i8]* @p_str2110, i32 2, i32 2, i32 16, i32 16, [1 x i8]* @p_str2111, [1 x i8]* @p_str2112)"   --->   Operation 39 'specinterface' <Predicate = true> <Delay = 0.00>
ST_5 : Operation 40 [1/1] (0.00ns)   --->   "call void (...)* @_ssdm_op_SpecInterface(i16* %data_stream_V_data_3_V, [8 x i8]* @ap_fifo_str, i32 0, i32 0, [1 x i8]* @p_str2100, i32 0, i32 0, [1 x i8]* @p_str2101, [1 x i8]* @p_str2102, [1 x i8]* @p_str2103, i32 2, i32 2, i32 16, i32 16, [1 x i8]* @p_str2104, [1 x i8]* @p_str2105)"   --->   Operation 40 'specinterface' <Predicate = true> <Delay = 0.00>
ST_5 : Operation 41 [1/1] (0.00ns)   --->   "call void (...)* @_ssdm_op_SpecInterface(i16* %data_stream_V_data_2_V, [8 x i8]* @ap_fifo_str, i32 0, i32 0, [1 x i8]* @p_str2093, i32 0, i32 0, [1 x i8]* @p_str2094, [1 x i8]* @p_str2095, [1 x i8]* @p_str2096, i32 2, i32 2, i32 16, i32 16, [1 x i8]* @p_str2097, [1 x i8]* @p_str2098)"   --->   Operation 41 'specinterface' <Predicate = true> <Delay = 0.00>
ST_5 : Operation 42 [1/1] (0.00ns)   --->   "call void (...)* @_ssdm_op_SpecInterface(i16* %data_stream_V_data_1_V, [8 x i8]* @ap_fifo_str, i32 0, i32 0, [1 x i8]* @p_str2086, i32 0, i32 0, [1 x i8]* @p_str2087, [1 x i8]* @p_str2088, [1 x i8]* @p_str2089, i32 2, i32 2, i32 16, i32 16, [1 x i8]* @p_str2090, [1 x i8]* @p_str2091)"   --->   Operation 42 'specinterface' <Predicate = true> <Delay = 0.00>
ST_5 : Operation 43 [1/1] (0.00ns)   --->   "call void (...)* @_ssdm_op_SpecInterface(i16* %data_stream_V_data_0_V, [8 x i8]* @ap_fifo_str, i32 0, i32 0, [1 x i8]* @p_str2079, i32 0, i32 0, [1 x i8]* @p_str2080, [1 x i8]* @p_str2081, [1 x i8]* @p_str2082, i32 2, i32 2, i32 16, i32 16, [1 x i8]* @p_str2083, [1 x i8]* @p_str2084)"   --->   Operation 43 'specinterface' <Predicate = true> <Delay = 0.00>
ST_5 : Operation 44 [1/1] (0.00ns)   --->   "call void (...)* @_ssdm_op_SpecLoopName([12 x i8]* @p_str35) nounwind" [firmware/nnet_utils/nnet_dense_stream.h:41]   --->   Operation 44 'specloopname' <Predicate = true> <Delay = 0.00>
ST_5 : Operation 45 [1/4] (1.96ns)   --->   "%call_ret = call fastcc { i16, i16 } @"dense_wrapper<ap_fixed,ap_fixed<16,6,5,3,0>,config12>"(i16 %data_0_V, i16 %data_1_V, i16 %data_2_V, i16 %data_3_V, i16 %data_4_V, i16 %data_5_V, i16 %data_6_V, i16 %data_7_V, i16 %data_8_V, i16 %data_9_V, i16 %data_10_V, i16 %data_11_V, i16 %data_12_V, i16 %data_13_V, i16 %data_14_V, i16 %data_15_V)" [firmware/nnet_utils/nnet_dense_stream.h:52]   --->   Operation 45 'call' 'call_ret' <Predicate = true> <Delay = 1.96> <CoreType = "Generic">   --->   Core 0 '' <Latency = 0> <II = 1> <Delay = 1.00> <Generic> <Opcode : >
ST_5 : Operation 46 [1/1] (0.00ns)   --->   "%res_0_V = extractvalue { i16, i16 } %call_ret, 0" [firmware/nnet_utils/nnet_dense_stream.h:52]   --->   Operation 46 'extractvalue' 'res_0_V' <Predicate = true> <Delay = 0.00>
ST_5 : Operation 47 [1/1] (0.00ns)   --->   "%res_1_V = extractvalue { i16, i16 } %call_ret, 1" [firmware/nnet_utils/nnet_dense_stream.h:52]   --->   Operation 47 'extractvalue' 'res_1_V' <Predicate = true> <Delay = 0.00>
ST_5 : Operation 48 [1/1] (0.00ns)   --->   "call void (...)* @_ssdm_op_SpecLoopName([9 x i8]* @p_str37) nounwind" [firmware/nnet_utils/nnet_dense_stream.h:54]   --->   Operation 48 'specloopname' <Predicate = true> <Delay = 0.00>
ST_5 : Operation 49 [1/1] (2.18ns)   --->   "call void @_ssdm_op_Write.ap_fifo.volatile.i16P.i16P(i16* %res_stream_V_data_0_V, i16* %res_stream_V_data_1_V, i16 %res_0_V, i16 %res_1_V)" [firmware/nnet_utils/nnet_dense_stream.h:64]   --->   Operation 49 'write' <Predicate = true> <Delay = 2.18> <Core = "FIFO">   --->   Core 32 'FIFO' <Latency = 0> <II = 1> <Delay = 2.19> <Storage> <Opcode : 'read' 'write' 'nbread' 'nbwrite'> <Ports = 0> <Width = 16> <Depth = 12> <FIFO>
ST_5 : Operation 50 [1/1] (0.00ns)   --->   "ret void" [firmware/nnet_utils/nnet_dense_stream.h:66]   --->   Operation 50 'ret' <Predicate = true> <Delay = 0.00>


============================================================
+ Verbose Summary: Binding
============================================================
STG Binding: 
---------------- STG Properties BEGIN ----------------
- Is combinational: 0
- Is one-state seq: 0
- Is datapath-only: 0
- Is pipelined: 0
- Is top level: 0
Port [ Return ] is wired: 1; IO mode=ap_ctrl_hs:ce=0
Port [ data_stream_V_data_0_V]:  wired=1; compound=1; hidden=0; nouse=0; global=0; static=0; extern=0; dir=0; type=3; pingpong=0; private_global=0; IO mode=ap_fifo:ce=0
Port [ data_stream_V_data_1_V]:  wired=1; compound=1; hidden=0; nouse=0; global=0; static=0; extern=0; dir=0; type=3; pingpong=0; private_global=0; IO mode=ap_fifo:ce=0
Port [ data_stream_V_data_2_V]:  wired=1; compound=1; hidden=0; nouse=0; global=0; static=0; extern=0; dir=0; type=3; pingpong=0; private_global=0; IO mode=ap_fifo:ce=0
Port [ data_stream_V_data_3_V]:  wired=1; compound=1; hidden=0; nouse=0; global=0; static=0; extern=0; dir=0; type=3; pingpong=0; private_global=0; IO mode=ap_fifo:ce=0
Port [ data_stream_V_data_4_V]:  wired=1; compound=1; hidden=0; nouse=0; global=0; static=0; extern=0; dir=0; type=3; pingpong=0; private_global=0; IO mode=ap_fifo:ce=0
Port [ data_stream_V_data_5_V]:  wired=1; compound=1; hidden=0; nouse=0; global=0; static=0; extern=0; dir=0; type=3; pingpong=0; private_global=0; IO mode=ap_fifo:ce=0
Port [ data_stream_V_data_6_V]:  wired=1; compound=1; hidden=0; nouse=0; global=0; static=0; extern=0; dir=0; type=3; pingpong=0; private_global=0; IO mode=ap_fifo:ce=0
Port [ data_stream_V_data_7_V]:  wired=1; compound=1; hidden=0; nouse=0; global=0; static=0; extern=0; dir=0; type=3; pingpong=0; private_global=0; IO mode=ap_fifo:ce=0
Port [ data_stream_V_data_8_V]:  wired=1; compound=1; hidden=0; nouse=0; global=0; static=0; extern=0; dir=0; type=3; pingpong=0; private_global=0; IO mode=ap_fifo:ce=0
Port [ data_stream_V_data_9_V]:  wired=1; compound=1; hidden=0; nouse=0; global=0; static=0; extern=0; dir=0; type=3; pingpong=0; private_global=0; IO mode=ap_fifo:ce=0
Port [ data_stream_V_data_10_V]:  wired=1; compound=1; hidden=0; nouse=0; global=0; static=0; extern=0; dir=0; type=3; pingpong=0; private_global=0; IO mode=ap_fifo:ce=0
Port [ data_stream_V_data_11_V]:  wired=1; compound=1; hidden=0; nouse=0; global=0; static=0; extern=0; dir=0; type=3; pingpong=0; private_global=0; IO mode=ap_fifo:ce=0
Port [ data_stream_V_data_12_V]:  wired=1; compound=1; hidden=0; nouse=0; global=0; static=0; extern=0; dir=0; type=3; pingpong=0; private_global=0; IO mode=ap_fifo:ce=0
Port [ data_stream_V_data_13_V]:  wired=1; compound=1; hidden=0; nouse=0; global=0; static=0; extern=0; dir=0; type=3; pingpong=0; private_global=0; IO mode=ap_fifo:ce=0
Port [ data_stream_V_data_14_V]:  wired=1; compound=1; hidden=0; nouse=0; global=0; static=0; extern=0; dir=0; type=3; pingpong=0; private_global=0; IO mode=ap_fifo:ce=0
Port [ data_stream_V_data_15_V]:  wired=1; compound=1; hidden=0; nouse=0; global=0; static=0; extern=0; dir=0; type=3; pingpong=0; private_global=0; IO mode=ap_fifo:ce=0
Port [ res_stream_V_data_0_V]:  wired=1; compound=1; hidden=0; nouse=0; global=0; static=0; extern=0; dir=1; type=3; pingpong=0; private_global=0; IO mode=ap_fifo:ce=0
Port [ res_stream_V_data_1_V]:  wired=1; compound=1; hidden=0; nouse=0; global=0; static=0; extern=0; dir=1; type=3; pingpong=0; private_global=0; IO mode=ap_fifo:ce=0
---------------- STG Properties END ------------------

---------------- Datapath Model BEGIN ----------------

<LifeTime>
<method=bitvector/>
empty             (read         ) [ 000000]
data_0_V          (extractvalue ) [ 001111]
data_1_V          (extractvalue ) [ 001111]
data_2_V          (extractvalue ) [ 001111]
data_3_V          (extractvalue ) [ 001111]
data_4_V          (extractvalue ) [ 001111]
data_5_V          (extractvalue ) [ 001111]
data_6_V          (extractvalue ) [ 001111]
data_7_V          (extractvalue ) [ 001111]
data_8_V          (extractvalue ) [ 001111]
data_9_V          (extractvalue ) [ 001111]
data_10_V         (extractvalue ) [ 001111]
data_11_V         (extractvalue ) [ 001111]
data_12_V         (extractvalue ) [ 001111]
data_13_V         (extractvalue ) [ 001111]
data_14_V         (extractvalue ) [ 001111]
data_15_V         (extractvalue ) [ 001111]
specinterface_ln0 (specinterface) [ 000000]
specinterface_ln0 (specinterface) [ 000000]
specinterface_ln0 (specinterface) [ 000000]
specinterface_ln0 (specinterface) [ 000000]
specinterface_ln0 (specinterface) [ 000000]
specinterface_ln0 (specinterface) [ 000000]
specinterface_ln0 (specinterface) [ 000000]
specinterface_ln0 (specinterface) [ 000000]
specinterface_ln0 (specinterface) [ 000000]
specinterface_ln0 (specinterface) [ 000000]
specinterface_ln0 (specinterface) [ 000000]
specinterface_ln0 (specinterface) [ 000000]
specinterface_ln0 (specinterface) [ 000000]
specinterface_ln0 (specinterface) [ 000000]
specinterface_ln0 (specinterface) [ 000000]
specinterface_ln0 (specinterface) [ 000000]
specinterface_ln0 (specinterface) [ 000000]
specinterface_ln0 (specinterface) [ 000000]
specloopname_ln41 (specloopname ) [ 000000]
call_ret          (call         ) [ 000000]
res_0_V           (extractvalue ) [ 000000]
res_1_V           (extractvalue ) [ 000000]
specloopname_ln54 (specloopname ) [ 000000]
write_ln64        (write        ) [ 000000]
ret_ln66          (ret          ) [ 000000]
</LifeTime>

<model>

<comp_list>
<comp id="0" class="1000" name="data_stream_V_data_0_V">
<pin_list>
<pin id="1" dir="1" index="0" bw="1" slack="0"/>
</pin_list>
<bind>
<StgValue><ssdm name="data_stream_V_data_0_V"/></StgValue>
</bind>
</comp>

<comp id="2" class="1000" name="data_stream_V_data_1_V">
<pin_list>
<pin id="3" dir="1" index="0" bw="1" slack="0"/>
</pin_list>
<bind>
<StgValue><ssdm name="data_stream_V_data_1_V"/></StgValue>
</bind>
</comp>

<comp id="4" class="1000" name="data_stream_V_data_2_V">
<pin_list>
<pin id="5" dir="1" index="0" bw="1" slack="0"/>
</pin_list>
<bind>
<StgValue><ssdm name="data_stream_V_data_2_V"/></StgValue>
</bind>
</comp>

<comp id="6" class="1000" name="data_stream_V_data_3_V">
<pin_list>
<pin id="7" dir="1" index="0" bw="1" slack="0"/>
</pin_list>
<bind>
<StgValue><ssdm name="data_stream_V_data_3_V"/></StgValue>
</bind>
</comp>

<comp id="8" class="1000" name="data_stream_V_data_4_V">
<pin_list>
<pin id="9" dir="1" index="0" bw="1" slack="0"/>
</pin_list>
<bind>
<StgValue><ssdm name="data_stream_V_data_4_V"/></StgValue>
</bind>
</comp>

<comp id="10" class="1000" name="data_stream_V_data_5_V">
<pin_list>
<pin id="11" dir="1" index="0" bw="1" slack="0"/>
</pin_list>
<bind>
<StgValue><ssdm name="data_stream_V_data_5_V"/></StgValue>
</bind>
</comp>

<comp id="12" class="1000" name="data_stream_V_data_6_V">
<pin_list>
<pin id="13" dir="1" index="0" bw="1" slack="0"/>
</pin_list>
<bind>
<StgValue><ssdm name="data_stream_V_data_6_V"/></StgValue>
</bind>
</comp>

<comp id="14" class="1000" name="data_stream_V_data_7_V">
<pin_list>
<pin id="15" dir="1" index="0" bw="1" slack="0"/>
</pin_list>
<bind>
<StgValue><ssdm name="data_stream_V_data_7_V"/></StgValue>
</bind>
</comp>

<comp id="16" class="1000" name="data_stream_V_data_8_V">
<pin_list>
<pin id="17" dir="1" index="0" bw="1" slack="0"/>
</pin_list>
<bind>
<StgValue><ssdm name="data_stream_V_data_8_V"/></StgValue>
</bind>
</comp>

<comp id="18" class="1000" name="data_stream_V_data_9_V">
<pin_list>
<pin id="19" dir="1" index="0" bw="1" slack="0"/>
</pin_list>
<bind>
<StgValue><ssdm name="data_stream_V_data_9_V"/></StgValue>
</bind>
</comp>

<comp id="20" class="1000" name="data_stream_V_data_10_V">
<pin_list>
<pin id="21" dir="1" index="0" bw="1" slack="0"/>
</pin_list>
<bind>
<StgValue><ssdm name="data_stream_V_data_10_V"/></StgValue>
</bind>
</comp>

<comp id="22" class="1000" name="data_stream_V_data_11_V">
<pin_list>
<pin id="23" dir="1" index="0" bw="1" slack="0"/>
</pin_list>
<bind>
<StgValue><ssdm name="data_stream_V_data_11_V"/></StgValue>
</bind>
</comp>

<comp id="24" class="1000" name="data_stream_V_data_12_V">
<pin_list>
<pin id="25" dir="1" index="0" bw="1" slack="0"/>
</pin_list>
<bind>
<StgValue><ssdm name="data_stream_V_data_12_V"/></StgValue>
</bind>
</comp>

<comp id="26" class="1000" name="data_stream_V_data_13_V">
<pin_list>
<pin id="27" dir="1" index="0" bw="1" slack="0"/>
</pin_list>
<bind>
<StgValue><ssdm name="data_stream_V_data_13_V"/></StgValue>
</bind>
</comp>

<comp id="28" class="1000" name="data_stream_V_data_14_V">
<pin_list>
<pin id="29" dir="1" index="0" bw="1" slack="0"/>
</pin_list>
<bind>
<StgValue><ssdm name="data_stream_V_data_14_V"/></StgValue>
</bind>
</comp>

<comp id="30" class="1000" name="data_stream_V_data_15_V">
<pin_list>
<pin id="31" dir="1" index="0" bw="1" slack="0"/>
</pin_list>
<bind>
<StgValue><ssdm name="data_stream_V_data_15_V"/></StgValue>
</bind>
</comp>

<comp id="32" class="1000" name="res_stream_V_data_0_V">
<pin_list>
<pin id="33" dir="1" index="0" bw="1" slack="0"/>
</pin_list>
<bind>
<StgValue><ssdm name="res_stream_V_data_0_V"/></StgValue>
</bind>
</comp>

<comp id="34" class="1000" name="res_stream_V_data_1_V">
<pin_list>
<pin id="35" dir="1" index="0" bw="1" slack="0"/>
</pin_list>
<bind>
<StgValue><ssdm name="res_stream_V_data_1_V"/></StgValue>
</bind>
</comp>

<comp id="36" class="1001" name="const_36">
<pin_list>
<pin id="37" dir="1" index="0" bw="1" slack="0"/>
</pin_list>
<bind>
<StgValue><ssdm name="_ssdm_op_Read.ap_fifo.volatile.i16P.i16P.i16P.i16P.i16P.i16P.i16P.i16P.i16P.i16P.i16P.i16P.i16P.i16P.i16P.i16P"/></StgValue>
</bind>
</comp>

<comp id="38" class="1001" name="const_38">
<pin_list>
<pin id="39" dir="1" index="0" bw="1" slack="0"/>
</pin_list>
<bind>
<StgValue><ssdm name="dense_wrapper<ap_fixed,ap_fixed<16,6,5,3,0>,config12>"/></StgValue>
</bind>
</comp>

<comp id="40" class="1001" name="const_40">
<pin_list>
<pin id="41" dir="1" index="0" bw="1" slack="2147483647"/>
</pin_list>
<bind>
<StgValue><ssdm name="_ssdm_op_SpecInterface"/></StgValue>
</bind>
</comp>

<comp id="42" class="1001" name="const_42">
<pin_list>
<pin id="43" dir="1" index="0" bw="1" slack="2147483647"/>
</pin_list>
<bind>
<StgValue><ssdm name="ap_fifo_str"/></StgValue>
</bind>
</comp>

<comp id="44" class="1001" name="const_44">
<pin_list>
<pin id="45" dir="1" index="0" bw="1" slack="2147483647"/>
</pin_list>
<bind>
<StgValue><ssdm name=""/></StgValue>
</bind>
</comp>

<comp id="46" class="1001" name="const_46">
<pin_list>
<pin id="47" dir="1" index="0" bw="1" slack="2147483647"/>
</pin_list>
<bind>
<StgValue><ssdm name="p_str2198"/></StgValue>
</bind>
</comp>

<comp id="48" class="1001" name="const_48">
<pin_list>
<pin id="49" dir="1" index="0" bw="1" slack="2147483647"/>
</pin_list>
<bind>
<StgValue><ssdm name="p_str2199"/></StgValue>
</bind>
</comp>

<comp id="50" class="1001" name="const_50">
<pin_list>
<pin id="51" dir="1" index="0" bw="1" slack="2147483647"/>
</pin_list>
<bind>
<StgValue><ssdm name="p_str2200"/></StgValue>
</bind>
</comp>

<comp id="52" class="1001" name="const_52">
<pin_list>
<pin id="53" dir="1" index="0" bw="1" slack="2147483647"/>
</pin_list>
<bind>
<StgValue><ssdm name="p_str2201"/></StgValue>
</bind>
</comp>

<comp id="54" class="1001" name="const_54">
<pin_list>
<pin id="55" dir="1" index="0" bw="1" slack="2147483647"/>
</pin_list>
<bind>
<StgValue><ssdm name=""/></StgValue>
</bind>
</comp>

<comp id="56" class="1001" name="const_56">
<pin_list>
<pin id="57" dir="1" index="0" bw="1" slack="2147483647"/>
</pin_list>
<bind>
<StgValue><ssdm name=""/></StgValue>
</bind>
</comp>

<comp id="58" class="1001" name="const_58">
<pin_list>
<pin id="59" dir="1" index="0" bw="1" slack="2147483647"/>
</pin_list>
<bind>
<StgValue><ssdm name="p_str2202"/></StgValue>
</bind>
</comp>

<comp id="60" class="1001" name="const_60">
<pin_list>
<pin id="61" dir="1" index="0" bw="1" slack="2147483647"/>
</pin_list>
<bind>
<StgValue><ssdm name="p_str2203"/></StgValue>
</bind>
</comp>

<comp id="62" class="1001" name="const_62">
<pin_list>
<pin id="63" dir="1" index="0" bw="1" slack="2147483647"/>
</pin_list>
<bind>
<StgValue><ssdm name="p_str2191"/></StgValue>
</bind>
</comp>

<comp id="64" class="1001" name="const_64">
<pin_list>
<pin id="65" dir="1" index="0" bw="1" slack="2147483647"/>
</pin_list>
<bind>
<StgValue><ssdm name="p_str2192"/></StgValue>
</bind>
</comp>

<comp id="66" class="1001" name="const_66">
<pin_list>
<pin id="67" dir="1" index="0" bw="1" slack="2147483647"/>
</pin_list>
<bind>
<StgValue><ssdm name="p_str2193"/></StgValue>
</bind>
</comp>

<comp id="68" class="1001" name="const_68">
<pin_list>
<pin id="69" dir="1" index="0" bw="1" slack="2147483647"/>
</pin_list>
<bind>
<StgValue><ssdm name="p_str2194"/></StgValue>
</bind>
</comp>

<comp id="70" class="1001" name="const_70">
<pin_list>
<pin id="71" dir="1" index="0" bw="1" slack="2147483647"/>
</pin_list>
<bind>
<StgValue><ssdm name="p_str2195"/></StgValue>
</bind>
</comp>

<comp id="72" class="1001" name="const_72">
<pin_list>
<pin id="73" dir="1" index="0" bw="1" slack="2147483647"/>
</pin_list>
<bind>
<StgValue><ssdm name="p_str2196"/></StgValue>
</bind>
</comp>

<comp id="74" class="1001" name="const_74">
<pin_list>
<pin id="75" dir="1" index="0" bw="1" slack="2147483647"/>
</pin_list>
<bind>
<StgValue><ssdm name="p_str2184"/></StgValue>
</bind>
</comp>

<comp id="76" class="1001" name="const_76">
<pin_list>
<pin id="77" dir="1" index="0" bw="1" slack="2147483647"/>
</pin_list>
<bind>
<StgValue><ssdm name="p_str2185"/></StgValue>
</bind>
</comp>

<comp id="78" class="1001" name="const_78">
<pin_list>
<pin id="79" dir="1" index="0" bw="1" slack="2147483647"/>
</pin_list>
<bind>
<StgValue><ssdm name="p_str2186"/></StgValue>
</bind>
</comp>

<comp id="80" class="1001" name="const_80">
<pin_list>
<pin id="81" dir="1" index="0" bw="1" slack="2147483647"/>
</pin_list>
<bind>
<StgValue><ssdm name="p_str2187"/></StgValue>
</bind>
</comp>

<comp id="82" class="1001" name="const_82">
<pin_list>
<pin id="83" dir="1" index="0" bw="1" slack="2147483647"/>
</pin_list>
<bind>
<StgValue><ssdm name="p_str2188"/></StgValue>
</bind>
</comp>

<comp id="84" class="1001" name="const_84">
<pin_list>
<pin id="85" dir="1" index="0" bw="1" slack="2147483647"/>
</pin_list>
<bind>
<StgValue><ssdm name="p_str2189"/></StgValue>
</bind>
</comp>

<comp id="86" class="1001" name="const_86">
<pin_list>
<pin id="87" dir="1" index="0" bw="1" slack="2147483647"/>
</pin_list>
<bind>
<StgValue><ssdm name="p_str2177"/></StgValue>
</bind>
</comp>

<comp id="88" class="1001" name="const_88">
<pin_list>
<pin id="89" dir="1" index="0" bw="1" slack="2147483647"/>
</pin_list>
<bind>
<StgValue><ssdm name="p_str2178"/></StgValue>
</bind>
</comp>

<comp id="90" class="1001" name="const_90">
<pin_list>
<pin id="91" dir="1" index="0" bw="1" slack="2147483647"/>
</pin_list>
<bind>
<StgValue><ssdm name="p_str2179"/></StgValue>
</bind>
</comp>

<comp id="92" class="1001" name="const_92">
<pin_list>
<pin id="93" dir="1" index="0" bw="1" slack="2147483647"/>
</pin_list>
<bind>
<StgValue><ssdm name="p_str2180"/></StgValue>
</bind>
</comp>

<comp id="94" class="1001" name="const_94">
<pin_list>
<pin id="95" dir="1" index="0" bw="1" slack="2147483647"/>
</pin_list>
<bind>
<StgValue><ssdm name="p_str2181"/></StgValue>
</bind>
</comp>

<comp id="96" class="1001" name="const_96">
<pin_list>
<pin id="97" dir="1" index="0" bw="1" slack="2147483647"/>
</pin_list>
<bind>
<StgValue><ssdm name="p_str2182"/></StgValue>
</bind>
</comp>

<comp id="98" class="1001" name="const_98">
<pin_list>
<pin id="99" dir="1" index="0" bw="1" slack="2147483647"/>
</pin_list>
<bind>
<StgValue><ssdm name="p_str2170"/></StgValue>
</bind>
</comp>

<comp id="100" class="1001" name="const_100">
<pin_list>
<pin id="101" dir="1" index="0" bw="1" slack="2147483647"/>
</pin_list>
<bind>
<StgValue><ssdm name="p_str2171"/></StgValue>
</bind>
</comp>

<comp id="102" class="1001" name="const_102">
<pin_list>
<pin id="103" dir="1" index="0" bw="1" slack="2147483647"/>
</pin_list>
<bind>
<StgValue><ssdm name="p_str2172"/></StgValue>
</bind>
</comp>

<comp id="104" class="1001" name="const_104">
<pin_list>
<pin id="105" dir="1" index="0" bw="1" slack="2147483647"/>
</pin_list>
<bind>
<StgValue><ssdm name="p_str2173"/></StgValue>
</bind>
</comp>

<comp id="106" class="1001" name="const_106">
<pin_list>
<pin id="107" dir="1" index="0" bw="1" slack="2147483647"/>
</pin_list>
<bind>
<StgValue><ssdm name="p_str2174"/></StgValue>
</bind>
</comp>

<comp id="108" class="1001" name="const_108">
<pin_list>
<pin id="109" dir="1" index="0" bw="1" slack="2147483647"/>
</pin_list>
<bind>
<StgValue><ssdm name="p_str2175"/></StgValue>
</bind>
</comp>

<comp id="110" class="1001" name="const_110">
<pin_list>
<pin id="111" dir="1" index="0" bw="1" slack="2147483647"/>
</pin_list>
<bind>
<StgValue><ssdm name="p_str2163"/></StgValue>
</bind>
</comp>

<comp id="112" class="1001" name="const_112">
<pin_list>
<pin id="113" dir="1" index="0" bw="1" slack="2147483647"/>
</pin_list>
<bind>
<StgValue><ssdm name="p_str2164"/></StgValue>
</bind>
</comp>

<comp id="114" class="1001" name="const_114">
<pin_list>
<pin id="115" dir="1" index="0" bw="1" slack="2147483647"/>
</pin_list>
<bind>
<StgValue><ssdm name="p_str2165"/></StgValue>
</bind>
</comp>

<comp id="116" class="1001" name="const_116">
<pin_list>
<pin id="117" dir="1" index="0" bw="1" slack="2147483647"/>
</pin_list>
<bind>
<StgValue><ssdm name="p_str2166"/></StgValue>
</bind>
</comp>

<comp id="118" class="1001" name="const_118">
<pin_list>
<pin id="119" dir="1" index="0" bw="1" slack="2147483647"/>
</pin_list>
<bind>
<StgValue><ssdm name="p_str2167"/></StgValue>
</bind>
</comp>

<comp id="120" class="1001" name="const_120">
<pin_list>
<pin id="121" dir="1" index="0" bw="1" slack="2147483647"/>
</pin_list>
<bind>
<StgValue><ssdm name="p_str2168"/></StgValue>
</bind>
</comp>

<comp id="122" class="1001" name="const_122">
<pin_list>
<pin id="123" dir="1" index="0" bw="1" slack="2147483647"/>
</pin_list>
<bind>
<StgValue><ssdm name="p_str2156"/></StgValue>
</bind>
</comp>

<comp id="124" class="1001" name="const_124">
<pin_list>
<pin id="125" dir="1" index="0" bw="1" slack="2147483647"/>
</pin_list>
<bind>
<StgValue><ssdm name="p_str2157"/></StgValue>
</bind>
</comp>

<comp id="126" class="1001" name="const_126">
<pin_list>
<pin id="127" dir="1" index="0" bw="1" slack="2147483647"/>
</pin_list>
<bind>
<StgValue><ssdm name="p_str2158"/></StgValue>
</bind>
</comp>

<comp id="128" class="1001" name="const_128">
<pin_list>
<pin id="129" dir="1" index="0" bw="1" slack="2147483647"/>
</pin_list>
<bind>
<StgValue><ssdm name="p_str2159"/></StgValue>
</bind>
</comp>

<comp id="130" class="1001" name="const_130">
<pin_list>
<pin id="131" dir="1" index="0" bw="1" slack="2147483647"/>
</pin_list>
<bind>
<StgValue><ssdm name="p_str2160"/></StgValue>
</bind>
</comp>

<comp id="132" class="1001" name="const_132">
<pin_list>
<pin id="133" dir="1" index="0" bw="1" slack="2147483647"/>
</pin_list>
<bind>
<StgValue><ssdm name="p_str2161"/></StgValue>
</bind>
</comp>

<comp id="134" class="1001" name="const_134">
<pin_list>
<pin id="135" dir="1" index="0" bw="1" slack="2147483647"/>
</pin_list>
<bind>
<StgValue><ssdm name="p_str2149"/></StgValue>
</bind>
</comp>

<comp id="136" class="1001" name="const_136">
<pin_list>
<pin id="137" dir="1" index="0" bw="1" slack="2147483647"/>
</pin_list>
<bind>
<StgValue><ssdm name="p_str2150"/></StgValue>
</bind>
</comp>

<comp id="138" class="1001" name="const_138">
<pin_list>
<pin id="139" dir="1" index="0" bw="1" slack="2147483647"/>
</pin_list>
<bind>
<StgValue><ssdm name="p_str2151"/></StgValue>
</bind>
</comp>

<comp id="140" class="1001" name="const_140">
<pin_list>
<pin id="141" dir="1" index="0" bw="1" slack="2147483647"/>
</pin_list>
<bind>
<StgValue><ssdm name="p_str2152"/></StgValue>
</bind>
</comp>

<comp id="142" class="1001" name="const_142">
<pin_list>
<pin id="143" dir="1" index="0" bw="1" slack="2147483647"/>
</pin_list>
<bind>
<StgValue><ssdm name="p_str2153"/></StgValue>
</bind>
</comp>

<comp id="144" class="1001" name="const_144">
<pin_list>
<pin id="145" dir="1" index="0" bw="1" slack="2147483647"/>
</pin_list>
<bind>
<StgValue><ssdm name="p_str2154"/></StgValue>
</bind>
</comp>

<comp id="146" class="1001" name="const_146">
<pin_list>
<pin id="147" dir="1" index="0" bw="1" slack="2147483647"/>
</pin_list>
<bind>
<StgValue><ssdm name="p_str2142"/></StgValue>
</bind>
</comp>

<comp id="148" class="1001" name="const_148">
<pin_list>
<pin id="149" dir="1" index="0" bw="1" slack="2147483647"/>
</pin_list>
<bind>
<StgValue><ssdm name="p_str2143"/></StgValue>
</bind>
</comp>

<comp id="150" class="1001" name="const_150">
<pin_list>
<pin id="151" dir="1" index="0" bw="1" slack="2147483647"/>
</pin_list>
<bind>
<StgValue><ssdm name="p_str2144"/></StgValue>
</bind>
</comp>

<comp id="152" class="1001" name="const_152">
<pin_list>
<pin id="153" dir="1" index="0" bw="1" slack="2147483647"/>
</pin_list>
<bind>
<StgValue><ssdm name="p_str2145"/></StgValue>
</bind>
</comp>

<comp id="154" class="1001" name="const_154">
<pin_list>
<pin id="155" dir="1" index="0" bw="1" slack="2147483647"/>
</pin_list>
<bind>
<StgValue><ssdm name="p_str2146"/></StgValue>
</bind>
</comp>

<comp id="156" class="1001" name="const_156">
<pin_list>
<pin id="157" dir="1" index="0" bw="1" slack="2147483647"/>
</pin_list>
<bind>
<StgValue><ssdm name="p_str2147"/></StgValue>
</bind>
</comp>

<comp id="158" class="1001" name="const_158">
<pin_list>
<pin id="159" dir="1" index="0" bw="1" slack="2147483647"/>
</pin_list>
<bind>
<StgValue><ssdm name="p_str2135"/></StgValue>
</bind>
</comp>

<comp id="160" class="1001" name="const_160">
<pin_list>
<pin id="161" dir="1" index="0" bw="1" slack="2147483647"/>
</pin_list>
<bind>
<StgValue><ssdm name="p_str2136"/></StgValue>
</bind>
</comp>

<comp id="162" class="1001" name="const_162">
<pin_list>
<pin id="163" dir="1" index="0" bw="1" slack="2147483647"/>
</pin_list>
<bind>
<StgValue><ssdm name="p_str2137"/></StgValue>
</bind>
</comp>

<comp id="164" class="1001" name="const_164">
<pin_list>
<pin id="165" dir="1" index="0" bw="1" slack="2147483647"/>
</pin_list>
<bind>
<StgValue><ssdm name="p_str2138"/></StgValue>
</bind>
</comp>

<comp id="166" class="1001" name="const_166">
<pin_list>
<pin id="167" dir="1" index="0" bw="1" slack="2147483647"/>
</pin_list>
<bind>
<StgValue><ssdm name="p_str2139"/></StgValue>
</bind>
</comp>

<comp id="168" class="1001" name="const_168">
<pin_list>
<pin id="169" dir="1" index="0" bw="1" slack="2147483647"/>
</pin_list>
<bind>
<StgValue><ssdm name="p_str2140"/></StgValue>
</bind>
</comp>

<comp id="170" class="1001" name="const_170">
<pin_list>
<pin id="171" dir="1" index="0" bw="1" slack="2147483647"/>
</pin_list>
<bind>
<StgValue><ssdm name="p_str2128"/></StgValue>
</bind>
</comp>

<comp id="172" class="1001" name="const_172">
<pin_list>
<pin id="173" dir="1" index="0" bw="1" slack="2147483647"/>
</pin_list>
<bind>
<StgValue><ssdm name="p_str2129"/></StgValue>
</bind>
</comp>

<comp id="174" class="1001" name="const_174">
<pin_list>
<pin id="175" dir="1" index="0" bw="1" slack="2147483647"/>
</pin_list>
<bind>
<StgValue><ssdm name="p_str2130"/></StgValue>
</bind>
</comp>

<comp id="176" class="1001" name="const_176">
<pin_list>
<pin id="177" dir="1" index="0" bw="1" slack="2147483647"/>
</pin_list>
<bind>
<StgValue><ssdm name="p_str2131"/></StgValue>
</bind>
</comp>

<comp id="178" class="1001" name="const_178">
<pin_list>
<pin id="179" dir="1" index="0" bw="1" slack="2147483647"/>
</pin_list>
<bind>
<StgValue><ssdm name="p_str2132"/></StgValue>
</bind>
</comp>

<comp id="180" class="1001" name="const_180">
<pin_list>
<pin id="181" dir="1" index="0" bw="1" slack="2147483647"/>
</pin_list>
<bind>
<StgValue><ssdm name="p_str2133"/></StgValue>
</bind>
</comp>

<comp id="182" class="1001" name="const_182">
<pin_list>
<pin id="183" dir="1" index="0" bw="1" slack="2147483647"/>
</pin_list>
<bind>
<StgValue><ssdm name="p_str2121"/></StgValue>
</bind>
</comp>

<comp id="184" class="1001" name="const_184">
<pin_list>
<pin id="185" dir="1" index="0" bw="1" slack="2147483647"/>
</pin_list>
<bind>
<StgValue><ssdm name="p_str2122"/></StgValue>
</bind>
</comp>

<comp id="186" class="1001" name="const_186">
<pin_list>
<pin id="187" dir="1" index="0" bw="1" slack="2147483647"/>
</pin_list>
<bind>
<StgValue><ssdm name="p_str2123"/></StgValue>
</bind>
</comp>

<comp id="188" class="1001" name="const_188">
<pin_list>
<pin id="189" dir="1" index="0" bw="1" slack="2147483647"/>
</pin_list>
<bind>
<StgValue><ssdm name="p_str2124"/></StgValue>
</bind>
</comp>

<comp id="190" class="1001" name="const_190">
<pin_list>
<pin id="191" dir="1" index="0" bw="1" slack="2147483647"/>
</pin_list>
<bind>
<StgValue><ssdm name="p_str2125"/></StgValue>
</bind>
</comp>

<comp id="192" class="1001" name="const_192">
<pin_list>
<pin id="193" dir="1" index="0" bw="1" slack="2147483647"/>
</pin_list>
<bind>
<StgValue><ssdm name="p_str2126"/></StgValue>
</bind>
</comp>

<comp id="194" class="1001" name="const_194">
<pin_list>
<pin id="195" dir="1" index="0" bw="1" slack="2147483647"/>
</pin_list>
<bind>
<StgValue><ssdm name="p_str2114"/></StgValue>
</bind>
</comp>

<comp id="196" class="1001" name="const_196">
<pin_list>
<pin id="197" dir="1" index="0" bw="1" slack="2147483647"/>
</pin_list>
<bind>
<StgValue><ssdm name="p_str2115"/></StgValue>
</bind>
</comp>

<comp id="198" class="1001" name="const_198">
<pin_list>
<pin id="199" dir="1" index="0" bw="1" slack="2147483647"/>
</pin_list>
<bind>
<StgValue><ssdm name="p_str2116"/></StgValue>
</bind>
</comp>

<comp id="200" class="1001" name="const_200">
<pin_list>
<pin id="201" dir="1" index="0" bw="1" slack="2147483647"/>
</pin_list>
<bind>
<StgValue><ssdm name="p_str2117"/></StgValue>
</bind>
</comp>

<comp id="202" class="1001" name="const_202">
<pin_list>
<pin id="203" dir="1" index="0" bw="1" slack="2147483647"/>
</pin_list>
<bind>
<StgValue><ssdm name="p_str2118"/></StgValue>
</bind>
</comp>

<comp id="204" class="1001" name="const_204">
<pin_list>
<pin id="205" dir="1" index="0" bw="1" slack="2147483647"/>
</pin_list>
<bind>
<StgValue><ssdm name="p_str2119"/></StgValue>
</bind>
</comp>

<comp id="206" class="1001" name="const_206">
<pin_list>
<pin id="207" dir="1" index="0" bw="1" slack="2147483647"/>
</pin_list>
<bind>
<StgValue><ssdm name="p_str2107"/></StgValue>
</bind>
</comp>

<comp id="208" class="1001" name="const_208">
<pin_list>
<pin id="209" dir="1" index="0" bw="1" slack="2147483647"/>
</pin_list>
<bind>
<StgValue><ssdm name="p_str2108"/></StgValue>
</bind>
</comp>

<comp id="210" class="1001" name="const_210">
<pin_list>
<pin id="211" dir="1" index="0" bw="1" slack="2147483647"/>
</pin_list>
<bind>
<StgValue><ssdm name="p_str2109"/></StgValue>
</bind>
</comp>

<comp id="212" class="1001" name="const_212">
<pin_list>
<pin id="213" dir="1" index="0" bw="1" slack="2147483647"/>
</pin_list>
<bind>
<StgValue><ssdm name="p_str2110"/></StgValue>
</bind>
</comp>

<comp id="214" class="1001" name="const_214">
<pin_list>
<pin id="215" dir="1" index="0" bw="1" slack="2147483647"/>
</pin_list>
<bind>
<StgValue><ssdm name="p_str2111"/></StgValue>
</bind>
</comp>

<comp id="216" class="1001" name="const_216">
<pin_list>
<pin id="217" dir="1" index="0" bw="1" slack="2147483647"/>
</pin_list>
<bind>
<StgValue><ssdm name="p_str2112"/></StgValue>
</bind>
</comp>

<comp id="218" class="1001" name="const_218">
<pin_list>
<pin id="219" dir="1" index="0" bw="1" slack="2147483647"/>
</pin_list>
<bind>
<StgValue><ssdm name="p_str2100"/></StgValue>
</bind>
</comp>

<comp id="220" class="1001" name="const_220">
<pin_list>
<pin id="221" dir="1" index="0" bw="1" slack="2147483647"/>
</pin_list>
<bind>
<StgValue><ssdm name="p_str2101"/></StgValue>
</bind>
</comp>

<comp id="222" class="1001" name="const_222">
<pin_list>
<pin id="223" dir="1" index="0" bw="1" slack="2147483647"/>
</pin_list>
<bind>
<StgValue><ssdm name="p_str2102"/></StgValue>
</bind>
</comp>

<comp id="224" class="1001" name="const_224">
<pin_list>
<pin id="225" dir="1" index="0" bw="1" slack="2147483647"/>
</pin_list>
<bind>
<StgValue><ssdm name="p_str2103"/></StgValue>
</bind>
</comp>

<comp id="226" class="1001" name="const_226">
<pin_list>
<pin id="227" dir="1" index="0" bw="1" slack="2147483647"/>
</pin_list>
<bind>
<StgValue><ssdm name="p_str2104"/></StgValue>
</bind>
</comp>

<comp id="228" class="1001" name="const_228">
<pin_list>
<pin id="229" dir="1" index="0" bw="1" slack="2147483647"/>
</pin_list>
<bind>
<StgValue><ssdm name="p_str2105"/></StgValue>
</bind>
</comp>

<comp id="230" class="1001" name="const_230">
<pin_list>
<pin id="231" dir="1" index="0" bw="1" slack="2147483647"/>
</pin_list>
<bind>
<StgValue><ssdm name="p_str2093"/></StgValue>
</bind>
</comp>

<comp id="232" class="1001" name="const_232">
<pin_list>
<pin id="233" dir="1" index="0" bw="1" slack="2147483647"/>
</pin_list>
<bind>
<StgValue><ssdm name="p_str2094"/></StgValue>
</bind>
</comp>

<comp id="234" class="1001" name="const_234">
<pin_list>
<pin id="235" dir="1" index="0" bw="1" slack="2147483647"/>
</pin_list>
<bind>
<StgValue><ssdm name="p_str2095"/></StgValue>
</bind>
</comp>

<comp id="236" class="1001" name="const_236">
<pin_list>
<pin id="237" dir="1" index="0" bw="1" slack="2147483647"/>
</pin_list>
<bind>
<StgValue><ssdm name="p_str2096"/></StgValue>
</bind>
</comp>

<comp id="238" class="1001" name="const_238">
<pin_list>
<pin id="239" dir="1" index="0" bw="1" slack="2147483647"/>
</pin_list>
<bind>
<StgValue><ssdm name="p_str2097"/></StgValue>
</bind>
</comp>

<comp id="240" class="1001" name="const_240">
<pin_list>
<pin id="241" dir="1" index="0" bw="1" slack="2147483647"/>
</pin_list>
<bind>
<StgValue><ssdm name="p_str2098"/></StgValue>
</bind>
</comp>

<comp id="242" class="1001" name="const_242">
<pin_list>
<pin id="243" dir="1" index="0" bw="1" slack="2147483647"/>
</pin_list>
<bind>
<StgValue><ssdm name="p_str2086"/></StgValue>
</bind>
</comp>

<comp id="244" class="1001" name="const_244">
<pin_list>
<pin id="245" dir="1" index="0" bw="1" slack="2147483647"/>
</pin_list>
<bind>
<StgValue><ssdm name="p_str2087"/></StgValue>
</bind>
</comp>

<comp id="246" class="1001" name="const_246">
<pin_list>
<pin id="247" dir="1" index="0" bw="1" slack="2147483647"/>
</pin_list>
<bind>
<StgValue><ssdm name="p_str2088"/></StgValue>
</bind>
</comp>

<comp id="248" class="1001" name="const_248">
<pin_list>
<pin id="249" dir="1" index="0" bw="1" slack="2147483647"/>
</pin_list>
<bind>
<StgValue><ssdm name="p_str2089"/></StgValue>
</bind>
</comp>

<comp id="250" class="1001" name="const_250">
<pin_list>
<pin id="251" dir="1" index="0" bw="1" slack="2147483647"/>
</pin_list>
<bind>
<StgValue><ssdm name="p_str2090"/></StgValue>
</bind>
</comp>

<comp id="252" class="1001" name="const_252">
<pin_list>
<pin id="253" dir="1" index="0" bw="1" slack="2147483647"/>
</pin_list>
<bind>
<StgValue><ssdm name="p_str2091"/></StgValue>
</bind>
</comp>

<comp id="254" class="1001" name="const_254">
<pin_list>
<pin id="255" dir="1" index="0" bw="1" slack="2147483647"/>
</pin_list>
<bind>
<StgValue><ssdm name="p_str2079"/></StgValue>
</bind>
</comp>

<comp id="256" class="1001" name="const_256">
<pin_list>
<pin id="257" dir="1" index="0" bw="1" slack="2147483647"/>
</pin_list>
<bind>
<StgValue><ssdm name="p_str2080"/></StgValue>
</bind>
</comp>

<comp id="258" class="1001" name="const_258">
<pin_list>
<pin id="259" dir="1" index="0" bw="1" slack="2147483647"/>
</pin_list>
<bind>
<StgValue><ssdm name="p_str2081"/></StgValue>
</bind>
</comp>

<comp id="260" class="1001" name="const_260">
<pin_list>
<pin id="261" dir="1" index="0" bw="1" slack="2147483647"/>
</pin_list>
<bind>
<StgValue><ssdm name="p_str2082"/></StgValue>
</bind>
</comp>

<comp id="262" class="1001" name="const_262">
<pin_list>
<pin id="263" dir="1" index="0" bw="1" slack="2147483647"/>
</pin_list>
<bind>
<StgValue><ssdm name="p_str2083"/></StgValue>
</bind>
</comp>

<comp id="264" class="1001" name="const_264">
<pin_list>
<pin id="265" dir="1" index="0" bw="1" slack="2147483647"/>
</pin_list>
<bind>
<StgValue><ssdm name="p_str2084"/></StgValue>
</bind>
</comp>

<comp id="266" class="1001" name="const_266">
<pin_list>
<pin id="267" dir="1" index="0" bw="1" slack="2147483647"/>
</pin_list>
<bind>
<StgValue><ssdm name="_ssdm_op_SpecLoopName"/></StgValue>
</bind>
</comp>

<comp id="268" class="1001" name="const_268">
<pin_list>
<pin id="269" dir="1" index="0" bw="1" slack="2147483647"/>
</pin_list>
<bind>
<StgValue><ssdm name="p_str35"/></StgValue>
</bind>
</comp>

<comp id="270" class="1001" name="const_270">
<pin_list>
<pin id="271" dir="1" index="0" bw="1" slack="2147483647"/>
</pin_list>
<bind>
<StgValue><ssdm name="p_str37"/></StgValue>
</bind>
</comp>

<comp id="272" class="1001" name="const_272">
<pin_list>
<pin id="273" dir="1" index="0" bw="1" slack="0"/>
</pin_list>
<bind>
<StgValue><ssdm name="_ssdm_op_Write.ap_fifo.volatile.i16P.i16P"/></StgValue>
</bind>
</comp>

<comp id="274" class="1004" name="empty_read_fu_274">
<pin_list>
<pin id="275" dir="0" index="0" bw="256" slack="0"/>
<pin id="276" dir="0" index="1" bw="16" slack="0"/>
<pin id="277" dir="0" index="2" bw="16" slack="0"/>
<pin id="278" dir="0" index="3" bw="16" slack="0"/>
<pin id="279" dir="0" index="4" bw="16" slack="0"/>
<pin id="280" dir="0" index="5" bw="16" slack="0"/>
<pin id="281" dir="0" index="6" bw="16" slack="0"/>
<pin id="282" dir="0" index="7" bw="16" slack="0"/>
<pin id="283" dir="0" index="8" bw="16" slack="0"/>
<pin id="284" dir="0" index="9" bw="16" slack="0"/>
<pin id="285" dir="0" index="10" bw="16" slack="0"/>
<pin id="286" dir="0" index="11" bw="16" slack="0"/>
<pin id="287" dir="0" index="12" bw="16" slack="0"/>
<pin id="288" dir="0" index="13" bw="16" slack="0"/>
<pin id="289" dir="0" index="14" bw="16" slack="0"/>
<pin id="290" dir="0" index="15" bw="16" slack="0"/>
<pin id="291" dir="0" index="16" bw="16" slack="0"/>
<pin id="292" dir="1" index="17" bw="256" slack="0"/>
</pin_list>
<bind>
<opcode="read(1150) " fcode="read"/>
<opset="empty/1 "/>
</bind>
</comp>

<comp id="310" class="1004" name="write_ln64_write_fu_310">
<pin_list>
<pin id="311" dir="0" index="0" bw="0" slack="0"/>
<pin id="312" dir="0" index="1" bw="16" slack="0"/>
<pin id="313" dir="0" index="2" bw="16" slack="0"/>
<pin id="314" dir="0" index="3" bw="16" slack="0"/>
<pin id="315" dir="0" index="4" bw="16" slack="0"/>
<pin id="316" dir="1" index="5" bw="0" slack="2147483647"/>
</pin_list>
<bind>
<opcode="write(1151) " fcode="write"/>
<opset="write_ln64/5 "/>
</bind>
</comp>

<comp id="320" class="1004" name="grp_dense_wrapper_ap_fixed_ap_fixed_16_6_5_3_0_config12_s_fu_320">
<pin_list>
<pin id="321" dir="0" index="0" bw="32" slack="0"/>
<pin id="322" dir="0" index="1" bw="16" slack="1"/>
<pin id="323" dir="0" index="2" bw="16" slack="1"/>
<pin id="324" dir="0" index="3" bw="16" slack="1"/>
<pin id="325" dir="0" index="4" bw="16" slack="1"/>
<pin id="326" dir="0" index="5" bw="16" slack="1"/>
<pin id="327" dir="0" index="6" bw="16" slack="1"/>
<pin id="328" dir="0" index="7" bw="16" slack="1"/>
<pin id="329" dir="0" index="8" bw="16" slack="1"/>
<pin id="330" dir="0" index="9" bw="16" slack="1"/>
<pin id="331" dir="0" index="10" bw="16" slack="1"/>
<pin id="332" dir="0" index="11" bw="16" slack="1"/>
<pin id="333" dir="0" index="12" bw="16" slack="1"/>
<pin id="334" dir="0" index="13" bw="16" slack="1"/>
<pin id="335" dir="0" index="14" bw="16" slack="1"/>
<pin id="336" dir="0" index="15" bw="16" slack="1"/>
<pin id="337" dir="0" index="16" bw="16" slack="1"/>
<pin id="338" dir="1" index="17" bw="32" slack="0"/>
</pin_list>
<bind>
<opcode="call(48) " fcode="call"/>
<opset="call_ret/2 "/>
</bind>
</comp>

<comp id="340" class="1004" name="data_0_V_fu_340">
<pin_list>
<pin id="341" dir="0" index="0" bw="256" slack="0"/>
<pin id="342" dir="1" index="1" bw="16" slack="1"/>
</pin_list>
<bind>
<opcode="extractvalue(56) " fcode="extractvalue"/>
<opset="data_0_V/1 "/>
</bind>
</comp>

<comp id="344" class="1004" name="data_1_V_fu_344">
<pin_list>
<pin id="345" dir="0" index="0" bw="256" slack="0"/>
<pin id="346" dir="1" index="1" bw="16" slack="1"/>
</pin_list>
<bind>
<opcode="extractvalue(56) " fcode="extractvalue"/>
<opset="data_1_V/1 "/>
</bind>
</comp>

<comp id="348" class="1004" name="data_2_V_fu_348">
<pin_list>
<pin id="349" dir="0" index="0" bw="256" slack="0"/>
<pin id="350" dir="1" index="1" bw="16" slack="1"/>
</pin_list>
<bind>
<opcode="extractvalue(56) " fcode="extractvalue"/>
<opset="data_2_V/1 "/>
</bind>
</comp>

<comp id="352" class="1004" name="data_3_V_fu_352">
<pin_list>
<pin id="353" dir="0" index="0" bw="256" slack="0"/>
<pin id="354" dir="1" index="1" bw="16" slack="1"/>
</pin_list>
<bind>
<opcode="extractvalue(56) " fcode="extractvalue"/>
<opset="data_3_V/1 "/>
</bind>
</comp>

<comp id="356" class="1004" name="data_4_V_fu_356">
<pin_list>
<pin id="357" dir="0" index="0" bw="256" slack="0"/>
<pin id="358" dir="1" index="1" bw="16" slack="1"/>
</pin_list>
<bind>
<opcode="extractvalue(56) " fcode="extractvalue"/>
<opset="data_4_V/1 "/>
</bind>
</comp>

<comp id="360" class="1004" name="data_5_V_fu_360">
<pin_list>
<pin id="361" dir="0" index="0" bw="256" slack="0"/>
<pin id="362" dir="1" index="1" bw="16" slack="1"/>
</pin_list>
<bind>
<opcode="extractvalue(56) " fcode="extractvalue"/>
<opset="data_5_V/1 "/>
</bind>
</comp>

<comp id="364" class="1004" name="data_6_V_fu_364">
<pin_list>
<pin id="365" dir="0" index="0" bw="256" slack="0"/>
<pin id="366" dir="1" index="1" bw="16" slack="1"/>
</pin_list>
<bind>
<opcode="extractvalue(56) " fcode="extractvalue"/>
<opset="data_6_V/1 "/>
</bind>
</comp>

<comp id="368" class="1004" name="data_7_V_fu_368">
<pin_list>
<pin id="369" dir="0" index="0" bw="256" slack="0"/>
<pin id="370" dir="1" index="1" bw="16" slack="1"/>
</pin_list>
<bind>
<opcode="extractvalue(56) " fcode="extractvalue"/>
<opset="data_7_V/1 "/>
</bind>
</comp>

<comp id="372" class="1004" name="data_8_V_fu_372">
<pin_list>
<pin id="373" dir="0" index="0" bw="256" slack="0"/>
<pin id="374" dir="1" index="1" bw="16" slack="1"/>
</pin_list>
<bind>
<opcode="extractvalue(56) " fcode="extractvalue"/>
<opset="data_8_V/1 "/>
</bind>
</comp>

<comp id="376" class="1004" name="data_9_V_fu_376">
<pin_list>
<pin id="377" dir="0" index="0" bw="256" slack="0"/>
<pin id="378" dir="1" index="1" bw="16" slack="1"/>
</pin_list>
<bind>
<opcode="extractvalue(56) " fcode="extractvalue"/>
<opset="data_9_V/1 "/>
</bind>
</comp>

<comp id="380" class="1004" name="data_10_V_fu_380">
<pin_list>
<pin id="381" dir="0" index="0" bw="256" slack="0"/>
<pin id="382" dir="1" index="1" bw="16" slack="1"/>
</pin_list>
<bind>
<opcode="extractvalue(56) " fcode="extractvalue"/>
<opset="data_10_V/1 "/>
</bind>
</comp>

<comp id="384" class="1004" name="data_11_V_fu_384">
<pin_list>
<pin id="385" dir="0" index="0" bw="256" slack="0"/>
<pin id="386" dir="1" index="1" bw="16" slack="1"/>
</pin_list>
<bind>
<opcode="extractvalue(56) " fcode="extractvalue"/>
<opset="data_11_V/1 "/>
</bind>
</comp>

<comp id="388" class="1004" name="data_12_V_fu_388">
<pin_list>
<pin id="389" dir="0" index="0" bw="256" slack="0"/>
<pin id="390" dir="1" index="1" bw="16" slack="1"/>
</pin_list>
<bind>
<opcode="extractvalue(56) " fcode="extractvalue"/>
<opset="data_12_V/1 "/>
</bind>
</comp>

<comp id="392" class="1004" name="data_13_V_fu_392">
<pin_list>
<pin id="393" dir="0" index="0" bw="256" slack="0"/>
<pin id="394" dir="1" index="1" bw="16" slack="1"/>
</pin_list>
<bind>
<opcode="extractvalue(56) " fcode="extractvalue"/>
<opset="data_13_V/1 "/>
</bind>
</comp>

<comp id="396" class="1004" name="data_14_V_fu_396">
<pin_list>
<pin id="397" dir="0" index="0" bw="256" slack="0"/>
<pin id="398" dir="1" index="1" bw="16" slack="1"/>
</pin_list>
<bind>
<opcode="extractvalue(56) " fcode="extractvalue"/>
<opset="data_14_V/1 "/>
</bind>
</comp>

<comp id="400" class="1004" name="data_15_V_fu_400">
<pin_list>
<pin id="401" dir="0" index="0" bw="256" slack="0"/>
<pin id="402" dir="1" index="1" bw="16" slack="1"/>
</pin_list>
<bind>
<opcode="extractvalue(56) " fcode="extractvalue"/>
<opset="data_15_V/1 "/>
</bind>
</comp>

<comp id="404" class="1004" name="res_0_V_fu_404">
<pin_list>
<pin id="405" dir="0" index="0" bw="32" slack="0"/>
<pin id="406" dir="1" index="1" bw="16" slack="0"/>
</pin_list>
<bind>
<opcode="extractvalue(56) " fcode="extractvalue"/>
<opset="res_0_V/5 "/>
</bind>
</comp>

<comp id="409" class="1004" name="res_1_V_fu_409">
<pin_list>
<pin id="410" dir="0" index="0" bw="32" slack="0"/>
<pin id="411" dir="1" index="1" bw="16" slack="0"/>
</pin_list>
<bind>
<opcode="extractvalue(56) " fcode="extractvalue"/>
<opset="res_1_V/5 "/>
</bind>
</comp>

<comp id="414" class="1005" name="data_0_V_reg_414">
<pin_list>
<pin id="415" dir="0" index="0" bw="16" slack="1"/>
<pin id="416" dir="1" index="1" bw="16" slack="1"/>
</pin_list>
<bind>
<opset="data_0_V "/>
</bind>
</comp>

<comp id="419" class="1005" name="data_1_V_reg_419">
<pin_list>
<pin id="420" dir="0" index="0" bw="16" slack="1"/>
<pin id="421" dir="1" index="1" bw="16" slack="1"/>
</pin_list>
<bind>
<opset="data_1_V "/>
</bind>
</comp>

<comp id="424" class="1005" name="data_2_V_reg_424">
<pin_list>
<pin id="425" dir="0" index="0" bw="16" slack="1"/>
<pin id="426" dir="1" index="1" bw="16" slack="1"/>
</pin_list>
<bind>
<opset="data_2_V "/>
</bind>
</comp>

<comp id="429" class="1005" name="data_3_V_reg_429">
<pin_list>
<pin id="430" dir="0" index="0" bw="16" slack="1"/>
<pin id="431" dir="1" index="1" bw="16" slack="1"/>
</pin_list>
<bind>
<opset="data_3_V "/>
</bind>
</comp>

<comp id="434" class="1005" name="data_4_V_reg_434">
<pin_list>
<pin id="435" dir="0" index="0" bw="16" slack="1"/>
<pin id="436" dir="1" index="1" bw="16" slack="1"/>
</pin_list>
<bind>
<opset="data_4_V "/>
</bind>
</comp>

<comp id="439" class="1005" name="data_5_V_reg_439">
<pin_list>
<pin id="440" dir="0" index="0" bw="16" slack="1"/>
<pin id="441" dir="1" index="1" bw="16" slack="1"/>
</pin_list>
<bind>
<opset="data_5_V "/>
</bind>
</comp>

<comp id="444" class="1005" name="data_6_V_reg_444">
<pin_list>
<pin id="445" dir="0" index="0" bw="16" slack="1"/>
<pin id="446" dir="1" index="1" bw="16" slack="1"/>
</pin_list>
<bind>
<opset="data_6_V "/>
</bind>
</comp>

<comp id="449" class="1005" name="data_7_V_reg_449">
<pin_list>
<pin id="450" dir="0" index="0" bw="16" slack="1"/>
<pin id="451" dir="1" index="1" bw="16" slack="1"/>
</pin_list>
<bind>
<opset="data_7_V "/>
</bind>
</comp>

<comp id="454" class="1005" name="data_8_V_reg_454">
<pin_list>
<pin id="455" dir="0" index="0" bw="16" slack="1"/>
<pin id="456" dir="1" index="1" bw="16" slack="1"/>
</pin_list>
<bind>
<opset="data_8_V "/>
</bind>
</comp>

<comp id="459" class="1005" name="data_9_V_reg_459">
<pin_list>
<pin id="460" dir="0" index="0" bw="16" slack="1"/>
<pin id="461" dir="1" index="1" bw="16" slack="1"/>
</pin_list>
<bind>
<opset="data_9_V "/>
</bind>
</comp>

<comp id="464" class="1005" name="data_10_V_reg_464">
<pin_list>
<pin id="465" dir="0" index="0" bw="16" slack="1"/>
<pin id="466" dir="1" index="1" bw="16" slack="1"/>
</pin_list>
<bind>
<opset="data_10_V "/>
</bind>
</comp>

<comp id="469" class="1005" name="data_11_V_reg_469">
<pin_list>
<pin id="470" dir="0" index="0" bw="16" slack="1"/>
<pin id="471" dir="1" index="1" bw="16" slack="1"/>
</pin_list>
<bind>
<opset="data_11_V "/>
</bind>
</comp>

<comp id="474" class="1005" name="data_12_V_reg_474">
<pin_list>
<pin id="475" dir="0" index="0" bw="16" slack="1"/>
<pin id="476" dir="1" index="1" bw="16" slack="1"/>
</pin_list>
<bind>
<opset="data_12_V "/>
</bind>
</comp>

<comp id="479" class="1005" name="data_13_V_reg_479">
<pin_list>
<pin id="480" dir="0" index="0" bw="16" slack="1"/>
<pin id="481" dir="1" index="1" bw="16" slack="1"/>
</pin_list>
<bind>
<opset="data_13_V "/>
</bind>
</comp>

<comp id="484" class="1005" name="data_14_V_reg_484">
<pin_list>
<pin id="485" dir="0" index="0" bw="16" slack="1"/>
<pin id="486" dir="1" index="1" bw="16" slack="1"/>
</pin_list>
<bind>
<opset="data_14_V "/>
</bind>
</comp>

<comp id="489" class="1005" name="data_15_V_reg_489">
<pin_list>
<pin id="490" dir="0" index="0" bw="16" slack="1"/>
<pin id="491" dir="1" index="1" bw="16" slack="1"/>
</pin_list>
<bind>
<opset="data_15_V "/>
</bind>
</comp>

</comp_list>

<net_list>
<net id="293"><net_src comp="36" pin="0"/><net_sink comp="274" pin=0"/></net>

<net id="294"><net_src comp="0" pin="0"/><net_sink comp="274" pin=1"/></net>

<net id="295"><net_src comp="2" pin="0"/><net_sink comp="274" pin=2"/></net>

<net id="296"><net_src comp="4" pin="0"/><net_sink comp="274" pin=3"/></net>

<net id="297"><net_src comp="6" pin="0"/><net_sink comp="274" pin=4"/></net>

<net id="298"><net_src comp="8" pin="0"/><net_sink comp="274" pin=5"/></net>

<net id="299"><net_src comp="10" pin="0"/><net_sink comp="274" pin=6"/></net>

<net id="300"><net_src comp="12" pin="0"/><net_sink comp="274" pin=7"/></net>

<net id="301"><net_src comp="14" pin="0"/><net_sink comp="274" pin=8"/></net>

<net id="302"><net_src comp="16" pin="0"/><net_sink comp="274" pin=9"/></net>

<net id="303"><net_src comp="18" pin="0"/><net_sink comp="274" pin=10"/></net>

<net id="304"><net_src comp="20" pin="0"/><net_sink comp="274" pin=11"/></net>

<net id="305"><net_src comp="22" pin="0"/><net_sink comp="274" pin=12"/></net>

<net id="306"><net_src comp="24" pin="0"/><net_sink comp="274" pin=13"/></net>

<net id="307"><net_src comp="26" pin="0"/><net_sink comp="274" pin=14"/></net>

<net id="308"><net_src comp="28" pin="0"/><net_sink comp="274" pin=15"/></net>

<net id="309"><net_src comp="30" pin="0"/><net_sink comp="274" pin=16"/></net>

<net id="317"><net_src comp="272" pin="0"/><net_sink comp="310" pin=0"/></net>

<net id="318"><net_src comp="32" pin="0"/><net_sink comp="310" pin=1"/></net>

<net id="319"><net_src comp="34" pin="0"/><net_sink comp="310" pin=2"/></net>

<net id="339"><net_src comp="38" pin="0"/><net_sink comp="320" pin=0"/></net>

<net id="343"><net_src comp="274" pin="17"/><net_sink comp="340" pin=0"/></net>

<net id="347"><net_src comp="274" pin="17"/><net_sink comp="344" pin=0"/></net>

<net id="351"><net_src comp="274" pin="17"/><net_sink comp="348" pin=0"/></net>

<net id="355"><net_src comp="274" pin="17"/><net_sink comp="352" pin=0"/></net>

<net id="359"><net_src comp="274" pin="17"/><net_sink comp="356" pin=0"/></net>

<net id="363"><net_src comp="274" pin="17"/><net_sink comp="360" pin=0"/></net>

<net id="367"><net_src comp="274" pin="17"/><net_sink comp="364" pin=0"/></net>

<net id="371"><net_src comp="274" pin="17"/><net_sink comp="368" pin=0"/></net>

<net id="375"><net_src comp="274" pin="17"/><net_sink comp="372" pin=0"/></net>

<net id="379"><net_src comp="274" pin="17"/><net_sink comp="376" pin=0"/></net>

<net id="383"><net_src comp="274" pin="17"/><net_sink comp="380" pin=0"/></net>

<net id="387"><net_src comp="274" pin="17"/><net_sink comp="384" pin=0"/></net>

<net id="391"><net_src comp="274" pin="17"/><net_sink comp="388" pin=0"/></net>

<net id="395"><net_src comp="274" pin="17"/><net_sink comp="392" pin=0"/></net>

<net id="399"><net_src comp="274" pin="17"/><net_sink comp="396" pin=0"/></net>

<net id="403"><net_src comp="274" pin="17"/><net_sink comp="400" pin=0"/></net>

<net id="407"><net_src comp="320" pin="17"/><net_sink comp="404" pin=0"/></net>

<net id="408"><net_src comp="404" pin="1"/><net_sink comp="310" pin=3"/></net>

<net id="412"><net_src comp="320" pin="17"/><net_sink comp="409" pin=0"/></net>

<net id="413"><net_src comp="409" pin="1"/><net_sink comp="310" pin=4"/></net>

<net id="417"><net_src comp="340" pin="1"/><net_sink comp="414" pin=0"/></net>

<net id="418"><net_src comp="414" pin="1"/><net_sink comp="320" pin=1"/></net>

<net id="422"><net_src comp="344" pin="1"/><net_sink comp="419" pin=0"/></net>

<net id="423"><net_src comp="419" pin="1"/><net_sink comp="320" pin=2"/></net>

<net id="427"><net_src comp="348" pin="1"/><net_sink comp="424" pin=0"/></net>

<net id="428"><net_src comp="424" pin="1"/><net_sink comp="320" pin=3"/></net>

<net id="432"><net_src comp="352" pin="1"/><net_sink comp="429" pin=0"/></net>

<net id="433"><net_src comp="429" pin="1"/><net_sink comp="320" pin=4"/></net>

<net id="437"><net_src comp="356" pin="1"/><net_sink comp="434" pin=0"/></net>

<net id="438"><net_src comp="434" pin="1"/><net_sink comp="320" pin=5"/></net>

<net id="442"><net_src comp="360" pin="1"/><net_sink comp="439" pin=0"/></net>

<net id="443"><net_src comp="439" pin="1"/><net_sink comp="320" pin=6"/></net>

<net id="447"><net_src comp="364" pin="1"/><net_sink comp="444" pin=0"/></net>

<net id="448"><net_src comp="444" pin="1"/><net_sink comp="320" pin=7"/></net>

<net id="452"><net_src comp="368" pin="1"/><net_sink comp="449" pin=0"/></net>

<net id="453"><net_src comp="449" pin="1"/><net_sink comp="320" pin=8"/></net>

<net id="457"><net_src comp="372" pin="1"/><net_sink comp="454" pin=0"/></net>

<net id="458"><net_src comp="454" pin="1"/><net_sink comp="320" pin=9"/></net>

<net id="462"><net_src comp="376" pin="1"/><net_sink comp="459" pin=0"/></net>

<net id="463"><net_src comp="459" pin="1"/><net_sink comp="320" pin=10"/></net>

<net id="467"><net_src comp="380" pin="1"/><net_sink comp="464" pin=0"/></net>

<net id="468"><net_src comp="464" pin="1"/><net_sink comp="320" pin=11"/></net>

<net id="472"><net_src comp="384" pin="1"/><net_sink comp="469" pin=0"/></net>

<net id="473"><net_src comp="469" pin="1"/><net_sink comp="320" pin=12"/></net>

<net id="477"><net_src comp="388" pin="1"/><net_sink comp="474" pin=0"/></net>

<net id="478"><net_src comp="474" pin="1"/><net_sink comp="320" pin=13"/></net>

<net id="482"><net_src comp="392" pin="1"/><net_sink comp="479" pin=0"/></net>

<net id="483"><net_src comp="479" pin="1"/><net_sink comp="320" pin=14"/></net>

<net id="487"><net_src comp="396" pin="1"/><net_sink comp="484" pin=0"/></net>

<net id="488"><net_src comp="484" pin="1"/><net_sink comp="320" pin=15"/></net>

<net id="492"><net_src comp="400" pin="1"/><net_sink comp="489" pin=0"/></net>

<net id="493"><net_src comp="489" pin="1"/><net_sink comp="320" pin=16"/></net>

</net_list>

</model> 
---------------- Datapath Model END ------------------

* FSMD analyzer results:
  - Output states:
	Port: res_stream_V_data_0_V | {5 }
	Port: res_stream_V_data_1_V | {5 }
 - Input state : 
	Port: dense<array,array<ap_fixed<16,6,5,3,0>,2u>,config12> : data_stream_V_data_0_V | {1 }
	Port: dense<array,array<ap_fixed<16,6,5,3,0>,2u>,config12> : data_stream_V_data_1_V | {1 }
	Port: dense<array,array<ap_fixed<16,6,5,3,0>,2u>,config12> : data_stream_V_data_2_V | {1 }
	Port: dense<array,array<ap_fixed<16,6,5,3,0>,2u>,config12> : data_stream_V_data_3_V | {1 }
	Port: dense<array,array<ap_fixed<16,6,5,3,0>,2u>,config12> : data_stream_V_data_4_V | {1 }
	Port: dense<array,array<ap_fixed<16,6,5,3,0>,2u>,config12> : data_stream_V_data_5_V | {1 }
	Port: dense<array,array<ap_fixed<16,6,5,3,0>,2u>,config12> : data_stream_V_data_6_V | {1 }
	Port: dense<array,array<ap_fixed<16,6,5,3,0>,2u>,config12> : data_stream_V_data_7_V | {1 }
	Port: dense<array,array<ap_fixed<16,6,5,3,0>,2u>,config12> : data_stream_V_data_8_V | {1 }
	Port: dense<array,array<ap_fixed<16,6,5,3,0>,2u>,config12> : data_stream_V_data_9_V | {1 }
	Port: dense<array,array<ap_fixed<16,6,5,3,0>,2u>,config12> : data_stream_V_data_10_V | {1 }
	Port: dense<array,array<ap_fixed<16,6,5,3,0>,2u>,config12> : data_stream_V_data_11_V | {1 }
	Port: dense<array,array<ap_fixed<16,6,5,3,0>,2u>,config12> : data_stream_V_data_12_V | {1 }
	Port: dense<array,array<ap_fixed<16,6,5,3,0>,2u>,config12> : data_stream_V_data_13_V | {1 }
	Port: dense<array,array<ap_fixed<16,6,5,3,0>,2u>,config12> : data_stream_V_data_14_V | {1 }
	Port: dense<array,array<ap_fixed<16,6,5,3,0>,2u>,config12> : data_stream_V_data_15_V | {1 }
  - Chain level:
	State 1
	State 2
	State 3
	State 4
	State 5
		res_0_V : 1
		res_1_V : 1
		write_ln64 : 2


============================================================
+ Verbose Summary: Datapath Resource usage 
============================================================

* Functional unit list:
|----------|------------------------------------------------------------------|---------|---------|---------|
| Operation|                          Functional Unit                         |  DSP48E |    FF   |   LUT   |
|----------|------------------------------------------------------------------|---------|---------|---------|
|   call   | grp_dense_wrapper_ap_fixed_ap_fixed_16_6_5_3_0_config12_s_fu_320 |    26   |   274   |   607   |
|----------|------------------------------------------------------------------|---------|---------|---------|
|   read   |                         empty_read_fu_274                        |    0    |    0    |    0    |
|----------|------------------------------------------------------------------|---------|---------|---------|
|   write  |                      write_ln64_write_fu_310                     |    0    |    0    |    0    |
|----------|------------------------------------------------------------------|---------|---------|---------|
|          |                          data_0_V_fu_340                         |    0    |    0    |    0    |
|          |                          data_1_V_fu_344                         |    0    |    0    |    0    |
|          |                          data_2_V_fu_348                         |    0    |    0    |    0    |
|          |                          data_3_V_fu_352                         |    0    |    0    |    0    |
|          |                          data_4_V_fu_356                         |    0    |    0    |    0    |
|          |                          data_5_V_fu_360                         |    0    |    0    |    0    |
|          |                          data_6_V_fu_364                         |    0    |    0    |    0    |
|          |                          data_7_V_fu_368                         |    0    |    0    |    0    |
|extractvalue|                          data_8_V_fu_372                         |    0    |    0    |    0    |
|          |                          data_9_V_fu_376                         |    0    |    0    |    0    |
|          |                         data_10_V_fu_380                         |    0    |    0    |    0    |
|          |                         data_11_V_fu_384                         |    0    |    0    |    0    |
|          |                         data_12_V_fu_388                         |    0    |    0    |    0    |
|          |                         data_13_V_fu_392                         |    0    |    0    |    0    |
|          |                         data_14_V_fu_396                         |    0    |    0    |    0    |
|          |                         data_15_V_fu_400                         |    0    |    0    |    0    |
|          |                          res_0_V_fu_404                          |    0    |    0    |    0    |
|          |                          res_1_V_fu_409                          |    0    |    0    |    0    |
|----------|------------------------------------------------------------------|---------|---------|---------|
|   Total  |                                                                  |    26   |   274   |   607   |
|----------|------------------------------------------------------------------|---------|---------|---------|

Memories:
N/A

* Register list:
+-----------------+--------+
|                 |   FF   |
+-----------------+--------+
| data_0_V_reg_414|   16   |
|data_10_V_reg_464|   16   |
|data_11_V_reg_469|   16   |
|data_12_V_reg_474|   16   |
|data_13_V_reg_479|   16   |
|data_14_V_reg_484|   16   |
|data_15_V_reg_489|   16   |
| data_1_V_reg_419|   16   |
| data_2_V_reg_424|   16   |
| data_3_V_reg_429|   16   |
| data_4_V_reg_434|   16   |
| data_5_V_reg_439|   16   |
| data_6_V_reg_444|   16   |
| data_7_V_reg_449|   16   |
| data_8_V_reg_454|   16   |
| data_9_V_reg_459|   16   |
+-----------------+--------+
|      Total      |   256  |
+-----------------+--------+

* Multiplexer (MUX) list: 
|--------|------|------|------|--------|
|  Comp  |  Pin | Size |  BW  | S x BW |
|--------|------|------|------|--------|
|  Total |      |      |      |    0   |
|--------|------|------|------|--------|



* Summary:
+-----------+--------+--------+--------+
|           | DSP48E |   FF   |   LUT  |
+-----------+--------+--------+--------+
|  Function |   26   |   274  |   607  |
|   Memory  |    -   |    -   |    -   |
|Multiplexer|    -   |    -   |    -   |
|  Register |    -   |   256  |    -   |
+-----------+--------+--------+--------+
|   Total   |   26   |   530  |   607  |
+-----------+--------+--------+--------+
