

================================================================
== Vivado HLS Report for 'relu_array_array_ap_fixed_8u_relu_config6_s'
================================================================
* Date:           Tue Jul 20 16:21:59 2021

* Version:        2019.2 (Build 2698951 on Thu Oct 24 19:15:34 MDT 2019)
* Project:        myproject_prj
* Solution:       solution1
* Product family: virtex7
* Target device:  xc7vx690t-ffg1761-2


================================================================
== Performance Estimates
================================================================
+ Timing: 
    * Summary: 
    +--------+---------+----------+------------+
    |  Clock |  Target | Estimated| Uncertainty|
    +--------+---------+----------+------------+
    |ap_clk  | 5.00 ns | 3.843 ns |   0.62 ns  |
    +--------+---------+----------+------------+

+ Latency: 
    * Summary: 
    +---------+---------+----------+----------+-----+-----+---------+
    |  Latency (cycles) |  Latency (absolute) |  Interval | Pipeline|
    |   min   |   max   |    min   |    max   | min | max |   Type  |
    +---------+---------+----------+----------+-----+-----+---------+
    |      147|      147| 0.735 us | 0.735 us |  147|  147|   none  |
    +---------+---------+----------+----------+-----+-----+---------+

    + Detail: 
        * Instance: 
        N/A

        * Loop: 
        +---------------+---------+---------+----------+-----------+-----------+------+----------+
        |               |  Latency (cycles) | Iteration|  Initiation Interval  | Trip |          |
        |   Loop Name   |   min   |   max   |  Latency |  achieved |   target  | Count| Pipelined|
        +---------------+---------+---------+----------+-----------+-----------+------+----------+
        |- ReLUActLoop  |      145|      145|         3|          1|          1|   144|    yes   |
        +---------------+---------+---------+----------+-----------+-----------+------+----------+



================================================================
== Utilization Estimates
================================================================
* Summary: 
+-----------------+---------+-------+--------+--------+-----+
|       Name      | BRAM_18K| DSP48E|   FF   |   LUT  | URAM|
+-----------------+---------+-------+--------+--------+-----+
|DSP              |        -|      -|       -|       -|    -|
|Expression       |        -|      -|       0|     274|    -|
|FIFO             |        -|      -|       -|       -|    -|
|Instance         |        -|      -|       -|       -|    -|
|Memory           |        -|      -|       -|       -|    -|
|Multiplexer      |        -|      -|       -|     210|    -|
|Register         |        -|      -|     146|       -|    -|
+-----------------+---------+-------+--------+--------+-----+
|Total            |        0|      0|     146|     484|    0|
+-----------------+---------+-------+--------+--------+-----+
|Available        |     2940|   3600|  866400|  433200|    0|
+-----------------+---------+-------+--------+--------+-----+
|Utilization (%)  |        0|      0|   ~0   |   ~0   |    0|
+-----------------+---------+-------+--------+--------+-----+

+ Detail: 
    * Instance: 
    N/A

    * DSP48E: 
    N/A

    * Memory: 
    N/A

    * FIFO: 
    N/A

    * Expression: 
    +----------------------------------+----------+-------+---+----+------------+------------+
    |           Variable Name          | Operation| DSP48E| FF| LUT| Bitwidth P0| Bitwidth P1|
    +----------------------------------+----------+-------+---+----+------------+------------+
    |i_fu_331_p2                       |     +    |      0|  0|  15|           8|           1|
    |ap_block_state3_pp0_stage0_iter1  |    and   |      0|  0|   2|           1|           1|
    |ap_block_state4_pp0_stage0_iter2  |    and   |      0|  0|   2|           1|           1|
    |io_acc_block_signal_op28          |    and   |      0|  0|   2|           1|           1|
    |io_acc_block_signal_op56          |    and   |      0|  0|   2|           1|           1|
    |icmp_ln1494_1_fu_382_p2           |   icmp   |      0|  0|  13|          16|           1|
    |icmp_ln1494_2_fu_395_p2           |   icmp   |      0|  0|  13|          16|           1|
    |icmp_ln1494_3_fu_408_p2           |   icmp   |      0|  0|  13|          16|           1|
    |icmp_ln1494_4_fu_421_p2           |   icmp   |      0|  0|  13|          16|           1|
    |icmp_ln1494_5_fu_434_p2           |   icmp   |      0|  0|  13|          16|           1|
    |icmp_ln1494_6_fu_447_p2           |   icmp   |      0|  0|  13|          16|           1|
    |icmp_ln1494_7_fu_460_p2           |   icmp   |      0|  0|  13|          16|           1|
    |icmp_ln1494_fu_369_p2             |   icmp   |      0|  0|  13|          16|           1|
    |icmp_ln60_fu_325_p2               |   icmp   |      0|  0|  11|           8|           8|
    |ap_block_pp0_stage0_01001         |    or    |      0|  0|   2|           1|           1|
    |ap_block_state1                   |    or    |      0|  0|   2|           1|           1|
    |res_V_data_0_V_din                |  select  |      0|  0|  16|           1|          16|
    |res_V_data_1_V_din                |  select  |      0|  0|  16|           1|          16|
    |res_V_data_2_V_din                |  select  |      0|  0|  16|           1|          16|
    |res_V_data_3_V_din                |  select  |      0|  0|  16|           1|          16|
    |res_V_data_4_V_din                |  select  |      0|  0|  16|           1|          16|
    |res_V_data_5_V_din                |  select  |      0|  0|  16|           1|          16|
    |res_V_data_6_V_din                |  select  |      0|  0|  16|           1|          16|
    |res_V_data_7_V_din                |  select  |      0|  0|  16|           1|          16|
    |ap_enable_pp0                     |    xor   |      0|  0|   2|           1|           2|
    |ap_enable_reg_pp0_iter1           |    xor   |      0|  0|   2|           2|           1|
    +----------------------------------+----------+-------+---+----+------------+------------+
    |Total                             |          |      0|  0| 274|         161|         154|
    +----------------------------------+----------+-------+---+----+------------+------------+

    * Multiplexer: 
    +-------------------------+----+-----------+-----+-----------+
    |           Name          | LUT| Input Size| Bits| Total Bits|
    +-------------------------+----+-----------+-----+-----------+
    |ap_NS_fsm                |  21|          4|    1|          4|
    |ap_done                  |   9|          2|    1|          2|
    |ap_enable_reg_pp0_iter1  |   9|          2|    1|          2|
    |ap_enable_reg_pp0_iter2  |   9|          2|    1|          2|
    |data_V_data_0_V_blk_n    |   9|          2|    1|          2|
    |data_V_data_1_V_blk_n    |   9|          2|    1|          2|
    |data_V_data_2_V_blk_n    |   9|          2|    1|          2|
    |data_V_data_3_V_blk_n    |   9|          2|    1|          2|
    |data_V_data_4_V_blk_n    |   9|          2|    1|          2|
    |data_V_data_5_V_blk_n    |   9|          2|    1|          2|
    |data_V_data_6_V_blk_n    |   9|          2|    1|          2|
    |data_V_data_7_V_blk_n    |   9|          2|    1|          2|
    |i_0_reg_314              |   9|          2|    8|         16|
    |real_start               |   9|          2|    1|          2|
    |res_V_data_0_V_blk_n     |   9|          2|    1|          2|
    |res_V_data_1_V_blk_n     |   9|          2|    1|          2|
    |res_V_data_2_V_blk_n     |   9|          2|    1|          2|
    |res_V_data_3_V_blk_n     |   9|          2|    1|          2|
    |res_V_data_4_V_blk_n     |   9|          2|    1|          2|
    |res_V_data_5_V_blk_n     |   9|          2|    1|          2|
    |res_V_data_6_V_blk_n     |   9|          2|    1|          2|
    |res_V_data_7_V_blk_n     |   9|          2|    1|          2|
    +-------------------------+----+-----------+-----+-----------+
    |Total                    | 210|         46|   29|         60|
    +-------------------------+----+-----------+-----+-----------+

    * Register: 
    +---------------------------------+----+----+-----+-----------+
    |               Name              | FF | LUT| Bits| Const Bits|
    +---------------------------------+----+----+-----+-----------+
    |ap_CS_fsm                        |   3|   0|    3|          0|
    |ap_done_reg                      |   1|   0|    1|          0|
    |ap_enable_reg_pp0_iter0          |   1|   0|    1|          0|
    |ap_enable_reg_pp0_iter1          |   1|   0|    1|          0|
    |ap_enable_reg_pp0_iter2          |   1|   0|    1|          0|
    |i_0_reg_314                      |   8|   0|    8|          0|
    |icmp_ln60_reg_473                |   1|   0|    1|          0|
    |icmp_ln60_reg_473_pp0_iter1_reg  |   1|   0|    1|          0|
    |start_once_reg                   |   1|   0|    1|          0|
    |tmp_data_V_0_reg_482             |  16|   0|   16|          0|
    |tmp_data_V_1_reg_488             |  16|   0|   16|          0|
    |tmp_data_V_213_reg_494           |  16|   0|   16|          0|
    |tmp_data_V_3_reg_500             |  16|   0|   16|          0|
    |tmp_data_V_4_reg_506             |  16|   0|   16|          0|
    |tmp_data_V_5_reg_512             |  16|   0|   16|          0|
    |tmp_data_V_6_reg_518             |  16|   0|   16|          0|
    |tmp_data_V_7_reg_524             |  16|   0|   16|          0|
    +---------------------------------+----+----+-----+-----------+
    |Total                            | 146|   0|  146|          0|
    +---------------------------------+----+----+-----+-----------+



================================================================
== Interface
================================================================
* Summary: 
+-------------------------+-----+-----+------------+---------------------------------------------+--------------+
|        RTL Ports        | Dir | Bits|  Protocol  |                Source Object                |    C Type    |
+-------------------------+-----+-----+------------+---------------------------------------------+--------------+
|ap_clk                   |  in |    1| ap_ctrl_hs | relu<array,array<ap_fixed,8u>,relu_config6> | return value |
|ap_rst                   |  in |    1| ap_ctrl_hs | relu<array,array<ap_fixed,8u>,relu_config6> | return value |
|ap_start                 |  in |    1| ap_ctrl_hs | relu<array,array<ap_fixed,8u>,relu_config6> | return value |
|start_full_n             |  in |    1| ap_ctrl_hs | relu<array,array<ap_fixed,8u>,relu_config6> | return value |
|ap_done                  | out |    1| ap_ctrl_hs | relu<array,array<ap_fixed,8u>,relu_config6> | return value |
|ap_continue              |  in |    1| ap_ctrl_hs | relu<array,array<ap_fixed,8u>,relu_config6> | return value |
|ap_idle                  | out |    1| ap_ctrl_hs | relu<array,array<ap_fixed,8u>,relu_config6> | return value |
|ap_ready                 | out |    1| ap_ctrl_hs | relu<array,array<ap_fixed,8u>,relu_config6> | return value |
|start_out                | out |    1| ap_ctrl_hs | relu<array,array<ap_fixed,8u>,relu_config6> | return value |
|start_write              | out |    1| ap_ctrl_hs | relu<array,array<ap_fixed,8u>,relu_config6> | return value |
|data_V_data_0_V_dout     |  in |   16|   ap_fifo  |               data_V_data_0_V               |    pointer   |
|data_V_data_0_V_empty_n  |  in |    1|   ap_fifo  |               data_V_data_0_V               |    pointer   |
|data_V_data_0_V_read     | out |    1|   ap_fifo  |               data_V_data_0_V               |    pointer   |
|data_V_data_1_V_dout     |  in |   16|   ap_fifo  |               data_V_data_1_V               |    pointer   |
|data_V_data_1_V_empty_n  |  in |    1|   ap_fifo  |               data_V_data_1_V               |    pointer   |
|data_V_data_1_V_read     | out |    1|   ap_fifo  |               data_V_data_1_V               |    pointer   |
|data_V_data_2_V_dout     |  in |   16|   ap_fifo  |               data_V_data_2_V               |    pointer   |
|data_V_data_2_V_empty_n  |  in |    1|   ap_fifo  |               data_V_data_2_V               |    pointer   |
|data_V_data_2_V_read     | out |    1|   ap_fifo  |               data_V_data_2_V               |    pointer   |
|data_V_data_3_V_dout     |  in |   16|   ap_fifo  |               data_V_data_3_V               |    pointer   |
|data_V_data_3_V_empty_n  |  in |    1|   ap_fifo  |               data_V_data_3_V               |    pointer   |
|data_V_data_3_V_read     | out |    1|   ap_fifo  |               data_V_data_3_V               |    pointer   |
|data_V_data_4_V_dout     |  in |   16|   ap_fifo  |               data_V_data_4_V               |    pointer   |
|data_V_data_4_V_empty_n  |  in |    1|   ap_fifo  |               data_V_data_4_V               |    pointer   |
|data_V_data_4_V_read     | out |    1|   ap_fifo  |               data_V_data_4_V               |    pointer   |
|data_V_data_5_V_dout     |  in |   16|   ap_fifo  |               data_V_data_5_V               |    pointer   |
|data_V_data_5_V_empty_n  |  in |    1|   ap_fifo  |               data_V_data_5_V               |    pointer   |
|data_V_data_5_V_read     | out |    1|   ap_fifo  |               data_V_data_5_V               |    pointer   |
|data_V_data_6_V_dout     |  in |   16|   ap_fifo  |               data_V_data_6_V               |    pointer   |
|data_V_data_6_V_empty_n  |  in |    1|   ap_fifo  |               data_V_data_6_V               |    pointer   |
|data_V_data_6_V_read     | out |    1|   ap_fifo  |               data_V_data_6_V               |    pointer   |
|data_V_data_7_V_dout     |  in |   16|   ap_fifo  |               data_V_data_7_V               |    pointer   |
|data_V_data_7_V_empty_n  |  in |    1|   ap_fifo  |               data_V_data_7_V               |    pointer   |
|data_V_data_7_V_read     | out |    1|   ap_fifo  |               data_V_data_7_V               |    pointer   |
|res_V_data_0_V_din       | out |   16|   ap_fifo  |                res_V_data_0_V               |    pointer   |
|res_V_data_0_V_full_n    |  in |    1|   ap_fifo  |                res_V_data_0_V               |    pointer   |
|res_V_data_0_V_write     | out |    1|   ap_fifo  |                res_V_data_0_V               |    pointer   |
|res_V_data_1_V_din       | out |   16|   ap_fifo  |                res_V_data_1_V               |    pointer   |
|res_V_data_1_V_full_n    |  in |    1|   ap_fifo  |                res_V_data_1_V               |    pointer   |
|res_V_data_1_V_write     | out |    1|   ap_fifo  |                res_V_data_1_V               |    pointer   |
|res_V_data_2_V_din       | out |   16|   ap_fifo  |                res_V_data_2_V               |    pointer   |
|res_V_data_2_V_full_n    |  in |    1|   ap_fifo  |                res_V_data_2_V               |    pointer   |
|res_V_data_2_V_write     | out |    1|   ap_fifo  |                res_V_data_2_V               |    pointer   |
|res_V_data_3_V_din       | out |   16|   ap_fifo  |                res_V_data_3_V               |    pointer   |
|res_V_data_3_V_full_n    |  in |    1|   ap_fifo  |                res_V_data_3_V               |    pointer   |
|res_V_data_3_V_write     | out |    1|   ap_fifo  |                res_V_data_3_V               |    pointer   |
|res_V_data_4_V_din       | out |   16|   ap_fifo  |                res_V_data_4_V               |    pointer   |
|res_V_data_4_V_full_n    |  in |    1|   ap_fifo  |                res_V_data_4_V               |    pointer   |
|res_V_data_4_V_write     | out |    1|   ap_fifo  |                res_V_data_4_V               |    pointer   |
|res_V_data_5_V_din       | out |   16|   ap_fifo  |                res_V_data_5_V               |    pointer   |
|res_V_data_5_V_full_n    |  in |    1|   ap_fifo  |                res_V_data_5_V               |    pointer   |
|res_V_data_5_V_write     | out |    1|   ap_fifo  |                res_V_data_5_V               |    pointer   |
|res_V_data_6_V_din       | out |   16|   ap_fifo  |                res_V_data_6_V               |    pointer   |
|res_V_data_6_V_full_n    |  in |    1|   ap_fifo  |                res_V_data_6_V               |    pointer   |
|res_V_data_6_V_write     | out |    1|   ap_fifo  |                res_V_data_6_V               |    pointer   |
|res_V_data_7_V_din       | out |   16|   ap_fifo  |                res_V_data_7_V               |    pointer   |
|res_V_data_7_V_full_n    |  in |    1|   ap_fifo  |                res_V_data_7_V               |    pointer   |
|res_V_data_7_V_write     | out |    1|   ap_fifo  |                res_V_data_7_V               |    pointer   |
+-------------------------+-----+-----+------------+---------------------------------------------+--------------+

============================================================
+ Verbose Summary: Synthesis Manager
============================================================
InlineROM: 1
ExposeGlobal: 0
============================================================
+ Verbose Summary: CDFG Model
============================================================
IsTopModel: 0
ResetActiveHigh: 1
IsCombinational: 2
IsDatapathOnly: 0
HasWiredReturn: 1
HasMFsm: 0
HasVarLatency: 1
IsPipeline: 0
IsRtlPipelined: 0
IsInstanceOverlapped: 0
IsDontTouch: 0
HasImplIP: 0
IsGatedGlobalClock: 0

+ Individual pipeline summary: 
  * Pipeline-0: initiation interval (II) = 1, depth = 3


============================================================
+ Verbose Summary: Schedule
============================================================
* Number of FSM states : 5
* Pipeline : 1
  Pipeline-0 : II = 1, D = 3, States = { 2 3 4 }
* Dataflow Pipeline: 0

* FSM state transitions: 
1 --> 2 
2 --> 5 3 
3 --> 4 
4 --> 2 
5 --> 

* FSM state operations: 

State 1 <SV = 0> <Delay = 0.85>
ST_1 : Operation 6 [1/1] (0.00ns)   --->   "call void (...)* @_ssdm_op_SpecInterface(i16* %res_V_data_7_V, [8 x i8]* @ap_fifo_str, i32 0, i32 0, [1 x i8]* @p_str1680, i32 0, i32 0, [1 x i8]* @p_str1681, [1 x i8]* @p_str1682, [1 x i8]* @p_str1683, i32 2, i32 2, i32 16, i32 16, [1 x i8]* @p_str1684, [1 x i8]* @p_str1685)"   --->   Operation 6 'specinterface' <Predicate = true> <Delay = 0.00>
ST_1 : Operation 7 [1/1] (0.00ns)   --->   "call void (...)* @_ssdm_op_SpecInterface(i16* %res_V_data_6_V, [8 x i8]* @ap_fifo_str, i32 0, i32 0, [1 x i8]* @p_str1673, i32 0, i32 0, [1 x i8]* @p_str1674, [1 x i8]* @p_str1675, [1 x i8]* @p_str1676, i32 2, i32 2, i32 16, i32 16, [1 x i8]* @p_str1677, [1 x i8]* @p_str1678)"   --->   Operation 7 'specinterface' <Predicate = true> <Delay = 0.00>
ST_1 : Operation 8 [1/1] (0.00ns)   --->   "call void (...)* @_ssdm_op_SpecInterface(i16* %res_V_data_5_V, [8 x i8]* @ap_fifo_str, i32 0, i32 0, [1 x i8]* @p_str1666, i32 0, i32 0, [1 x i8]* @p_str1667, [1 x i8]* @p_str1668, [1 x i8]* @p_str1669, i32 2, i32 2, i32 16, i32 16, [1 x i8]* @p_str1670, [1 x i8]* @p_str1671)"   --->   Operation 8 'specinterface' <Predicate = true> <Delay = 0.00>
ST_1 : Operation 9 [1/1] (0.00ns)   --->   "call void (...)* @_ssdm_op_SpecInterface(i16* %res_V_data_4_V, [8 x i8]* @ap_fifo_str, i32 0, i32 0, [1 x i8]* @p_str1659, i32 0, i32 0, [1 x i8]* @p_str1660, [1 x i8]* @p_str1661, [1 x i8]* @p_str1662, i32 2, i32 2, i32 16, i32 16, [1 x i8]* @p_str1663, [1 x i8]* @p_str1664)"   --->   Operation 9 'specinterface' <Predicate = true> <Delay = 0.00>
ST_1 : Operation 10 [1/1] (0.00ns)   --->   "call void (...)* @_ssdm_op_SpecInterface(i16* %res_V_data_3_V, [8 x i8]* @ap_fifo_str, i32 0, i32 0, [1 x i8]* @p_str1652, i32 0, i32 0, [1 x i8]* @p_str1653, [1 x i8]* @p_str1654, [1 x i8]* @p_str1655, i32 2, i32 2, i32 16, i32 16, [1 x i8]* @p_str1656, [1 x i8]* @p_str1657)"   --->   Operation 10 'specinterface' <Predicate = true> <Delay = 0.00>
ST_1 : Operation 11 [1/1] (0.00ns)   --->   "call void (...)* @_ssdm_op_SpecInterface(i16* %res_V_data_2_V, [8 x i8]* @ap_fifo_str, i32 0, i32 0, [1 x i8]* @p_str1645, i32 0, i32 0, [1 x i8]* @p_str1646, [1 x i8]* @p_str1647, [1 x i8]* @p_str1648, i32 2, i32 2, i32 16, i32 16, [1 x i8]* @p_str1649, [1 x i8]* @p_str1650)"   --->   Operation 11 'specinterface' <Predicate = true> <Delay = 0.00>
ST_1 : Operation 12 [1/1] (0.00ns)   --->   "call void (...)* @_ssdm_op_SpecInterface(i16* %res_V_data_1_V, [8 x i8]* @ap_fifo_str, i32 0, i32 0, [1 x i8]* @p_str1638, i32 0, i32 0, [1 x i8]* @p_str1639, [1 x i8]* @p_str1640, [1 x i8]* @p_str1641, i32 2, i32 2, i32 16, i32 16, [1 x i8]* @p_str1642, [1 x i8]* @p_str1643)"   --->   Operation 12 'specinterface' <Predicate = true> <Delay = 0.00>
ST_1 : Operation 13 [1/1] (0.00ns)   --->   "call void (...)* @_ssdm_op_SpecInterface(i16* %res_V_data_0_V, [8 x i8]* @ap_fifo_str, i32 0, i32 0, [1 x i8]* @p_str1631, i32 0, i32 0, [1 x i8]* @p_str1632, [1 x i8]* @p_str1633, [1 x i8]* @p_str1634, i32 2, i32 2, i32 16, i32 16, [1 x i8]* @p_str1635, [1 x i8]* @p_str1636)"   --->   Operation 13 'specinterface' <Predicate = true> <Delay = 0.00>
ST_1 : Operation 14 [1/1] (0.00ns)   --->   "call void (...)* @_ssdm_op_SpecInterface(i16* %data_V_data_7_V, [8 x i8]* @ap_fifo_str, i32 0, i32 0, [1 x i8]* @p_str1624, i32 0, i32 0, [1 x i8]* @p_str1625, [1 x i8]* @p_str1626, [1 x i8]* @p_str1627, i32 2, i32 2, i32 16, i32 16, [1 x i8]* @p_str1628, [1 x i8]* @p_str1629)"   --->   Operation 14 'specinterface' <Predicate = true> <Delay = 0.00>
ST_1 : Operation 15 [1/1] (0.00ns)   --->   "call void (...)* @_ssdm_op_SpecInterface(i16* %data_V_data_6_V, [8 x i8]* @ap_fifo_str, i32 0, i32 0, [1 x i8]* @p_str1617, i32 0, i32 0, [1 x i8]* @p_str1618, [1 x i8]* @p_str1619, [1 x i8]* @p_str1620, i32 2, i32 2, i32 16, i32 16, [1 x i8]* @p_str1621, [1 x i8]* @p_str1622)"   --->   Operation 15 'specinterface' <Predicate = true> <Delay = 0.00>
ST_1 : Operation 16 [1/1] (0.00ns)   --->   "call void (...)* @_ssdm_op_SpecInterface(i16* %data_V_data_5_V, [8 x i8]* @ap_fifo_str, i32 0, i32 0, [1 x i8]* @p_str1610, i32 0, i32 0, [1 x i8]* @p_str1611, [1 x i8]* @p_str1612, [1 x i8]* @p_str1613, i32 2, i32 2, i32 16, i32 16, [1 x i8]* @p_str1614, [1 x i8]* @p_str1615)"   --->   Operation 16 'specinterface' <Predicate = true> <Delay = 0.00>
ST_1 : Operation 17 [1/1] (0.00ns)   --->   "call void (...)* @_ssdm_op_SpecInterface(i16* %data_V_data_4_V, [8 x i8]* @ap_fifo_str, i32 0, i32 0, [1 x i8]* @p_str1603, i32 0, i32 0, [1 x i8]* @p_str1604, [1 x i8]* @p_str1605, [1 x i8]* @p_str1606, i32 2, i32 2, i32 16, i32 16, [1 x i8]* @p_str1607, [1 x i8]* @p_str1608)"   --->   Operation 17 'specinterface' <Predicate = true> <Delay = 0.00>
ST_1 : Operation 18 [1/1] (0.00ns)   --->   "call void (...)* @_ssdm_op_SpecInterface(i16* %data_V_data_3_V, [8 x i8]* @ap_fifo_str, i32 0, i32 0, [1 x i8]* @p_str1596, i32 0, i32 0, [1 x i8]* @p_str1597, [1 x i8]* @p_str1598, [1 x i8]* @p_str1599, i32 2, i32 2, i32 16, i32 16, [1 x i8]* @p_str1600, [1 x i8]* @p_str1601)"   --->   Operation 18 'specinterface' <Predicate = true> <Delay = 0.00>
ST_1 : Operation 19 [1/1] (0.00ns)   --->   "call void (...)* @_ssdm_op_SpecInterface(i16* %data_V_data_2_V, [8 x i8]* @ap_fifo_str, i32 0, i32 0, [1 x i8]* @p_str1589, i32 0, i32 0, [1 x i8]* @p_str1590, [1 x i8]* @p_str1591, [1 x i8]* @p_str1592, i32 2, i32 2, i32 16, i32 16, [1 x i8]* @p_str1593, [1 x i8]* @p_str1594)"   --->   Operation 19 'specinterface' <Predicate = true> <Delay = 0.00>
ST_1 : Operation 20 [1/1] (0.00ns)   --->   "call void (...)* @_ssdm_op_SpecInterface(i16* %data_V_data_1_V, [8 x i8]* @ap_fifo_str, i32 0, i32 0, [1 x i8]* @p_str1582, i32 0, i32 0, [1 x i8]* @p_str1583, [1 x i8]* @p_str1584, [1 x i8]* @p_str1585, i32 2, i32 2, i32 16, i32 16, [1 x i8]* @p_str1586, [1 x i8]* @p_str1587)"   --->   Operation 20 'specinterface' <Predicate = true> <Delay = 0.00>
ST_1 : Operation 21 [1/1] (0.00ns)   --->   "call void (...)* @_ssdm_op_SpecInterface(i16* %data_V_data_0_V, [8 x i8]* @ap_fifo_str, i32 0, i32 0, [1 x i8]* @p_str1575, i32 0, i32 0, [1 x i8]* @p_str1576, [1 x i8]* @p_str1577, [1 x i8]* @p_str1578, i32 2, i32 2, i32 16, i32 16, [1 x i8]* @p_str1579, [1 x i8]* @p_str1580)"   --->   Operation 21 'specinterface' <Predicate = true> <Delay = 0.00>
ST_1 : Operation 22 [1/1] (0.85ns)   --->   "br label %1" [firmware/nnet_utils/nnet_activation_stream.h:60]   --->   Operation 22 'br' <Predicate = true> <Delay = 0.85>

State 2 <SV = 1> <Delay = 1.35>
ST_2 : Operation 23 [1/1] (0.00ns)   --->   "%i_0 = phi i8 [ 0, %0 ], [ %i, %ReLUActLoop ]"   --->   Operation 23 'phi' 'i_0' <Predicate = true> <Delay = 0.00>
ST_2 : Operation 24 [1/1] (0.86ns)   --->   "%icmp_ln60 = icmp eq i8 %i_0, -112" [firmware/nnet_utils/nnet_activation_stream.h:60]   --->   Operation 24 'icmp' 'icmp_ln60' <Predicate = true> <Delay = 0.86> <Core = "Cmp">   --->   Core 25 'Cmp' <Latency = 0> <II = 1> <Delay = 0.86> <FuncUnit> <Opcode : 'icmp'> <InPorts = 2> <OutPorts = 1>
ST_2 : Operation 25 [1/1] (0.00ns)   --->   "%empty = call i32 (...)* @_ssdm_op_SpecLoopTripCount(i64 144, i64 144, i64 144)"   --->   Operation 25 'speclooptripcount' 'empty' <Predicate = true> <Delay = 0.00>
ST_2 : Operation 26 [1/1] (1.35ns)   --->   "%i = add i8 %i_0, 1" [firmware/nnet_utils/nnet_activation_stream.h:60]   --->   Operation 26 'add' 'i' <Predicate = true> <Delay = 1.35> <Core = "AddSub">   --->   Core 14 'AddSub' <Latency = 0> <II = 1> <Delay = 1.35> <FuncUnit> <Opcode : 'add' 'sub'> <InPorts = 2> <OutPorts = 1>
ST_2 : Operation 27 [1/1] (0.00ns)   --->   "br i1 %icmp_ln60, label %2, label %ReLUActLoop" [firmware/nnet_utils/nnet_activation_stream.h:60]   --->   Operation 27 'br' <Predicate = true> <Delay = 0.00>

State 3 <SV = 2> <Delay = 2.18>
ST_3 : Operation 28 [1/1] (2.18ns)   --->   "%empty_33 = call { i16, i16, i16, i16, i16, i16, i16, i16 } @_ssdm_op_Read.ap_fifo.volatile.i16P.i16P.i16P.i16P.i16P.i16P.i16P.i16P(i16* %data_V_data_0_V, i16* %data_V_data_1_V, i16* %data_V_data_2_V, i16* %data_V_data_3_V, i16* %data_V_data_4_V, i16* %data_V_data_5_V, i16* %data_V_data_6_V, i16* %data_V_data_7_V)" [firmware/nnet_utils/nnet_activation_stream.h:63]   --->   Operation 28 'read' 'empty_33' <Predicate = (!icmp_ln60)> <Delay = 2.18> <Core = "FIFO">   --->   Core 32 'FIFO' <Latency = 0> <II = 1> <Delay = 2.38> <Storage> <Opcode : 'read' 'write' 'nbread' 'nbwrite'> <Ports = 0> <Width = 16> <Depth = 36> <FIFO>
ST_3 : Operation 29 [1/1] (0.00ns)   --->   "%tmp_data_V_0 = extractvalue { i16, i16, i16, i16, i16, i16, i16, i16 } %empty_33, 0" [firmware/nnet_utils/nnet_activation_stream.h:63]   --->   Operation 29 'extractvalue' 'tmp_data_V_0' <Predicate = (!icmp_ln60)> <Delay = 0.00>
ST_3 : Operation 30 [1/1] (0.00ns)   --->   "%tmp_data_V_1 = extractvalue { i16, i16, i16, i16, i16, i16, i16, i16 } %empty_33, 1" [firmware/nnet_utils/nnet_activation_stream.h:63]   --->   Operation 30 'extractvalue' 'tmp_data_V_1' <Predicate = (!icmp_ln60)> <Delay = 0.00>
ST_3 : Operation 31 [1/1] (0.00ns)   --->   "%tmp_data_V_213 = extractvalue { i16, i16, i16, i16, i16, i16, i16, i16 } %empty_33, 2" [firmware/nnet_utils/nnet_activation_stream.h:63]   --->   Operation 31 'extractvalue' 'tmp_data_V_213' <Predicate = (!icmp_ln60)> <Delay = 0.00>
ST_3 : Operation 32 [1/1] (0.00ns)   --->   "%tmp_data_V_3 = extractvalue { i16, i16, i16, i16, i16, i16, i16, i16 } %empty_33, 3" [firmware/nnet_utils/nnet_activation_stream.h:63]   --->   Operation 32 'extractvalue' 'tmp_data_V_3' <Predicate = (!icmp_ln60)> <Delay = 0.00>
ST_3 : Operation 33 [1/1] (0.00ns)   --->   "%tmp_data_V_4 = extractvalue { i16, i16, i16, i16, i16, i16, i16, i16 } %empty_33, 4" [firmware/nnet_utils/nnet_activation_stream.h:63]   --->   Operation 33 'extractvalue' 'tmp_data_V_4' <Predicate = (!icmp_ln60)> <Delay = 0.00>
ST_3 : Operation 34 [1/1] (0.00ns)   --->   "%tmp_data_V_5 = extractvalue { i16, i16, i16, i16, i16, i16, i16, i16 } %empty_33, 5" [firmware/nnet_utils/nnet_activation_stream.h:63]   --->   Operation 34 'extractvalue' 'tmp_data_V_5' <Predicate = (!icmp_ln60)> <Delay = 0.00>
ST_3 : Operation 35 [1/1] (0.00ns)   --->   "%tmp_data_V_6 = extractvalue { i16, i16, i16, i16, i16, i16, i16, i16 } %empty_33, 6" [firmware/nnet_utils/nnet_activation_stream.h:63]   --->   Operation 35 'extractvalue' 'tmp_data_V_6' <Predicate = (!icmp_ln60)> <Delay = 0.00>
ST_3 : Operation 36 [1/1] (0.00ns)   --->   "%tmp_data_V_7 = extractvalue { i16, i16, i16, i16, i16, i16, i16, i16 } %empty_33, 7" [firmware/nnet_utils/nnet_activation_stream.h:63]   --->   Operation 36 'extractvalue' 'tmp_data_V_7' <Predicate = (!icmp_ln60)> <Delay = 0.00>

State 4 <SV = 3> <Delay = 3.84>
ST_4 : Operation 37 [1/1] (0.00ns)   --->   "call void (...)* @_ssdm_op_SpecLoopName([12 x i8]* @p_str47) nounwind" [firmware/nnet_utils/nnet_activation_stream.h:60]   --->   Operation 37 'specloopname' <Predicate = (!icmp_ln60)> <Delay = 0.00>
ST_4 : Operation 38 [1/1] (0.00ns)   --->   "%tmp = call i32 (...)* @_ssdm_op_SpecRegionBegin([12 x i8]* @p_str47)" [firmware/nnet_utils/nnet_activation_stream.h:60]   --->   Operation 38 'specregionbegin' 'tmp' <Predicate = (!icmp_ln60)> <Delay = 0.00>
ST_4 : Operation 39 [1/1] (0.00ns)   --->   "call void (...)* @_ssdm_op_SpecPipeline(i32 -1, i32 1, i32 1, i32 0, [1 x i8]* @p_str15) nounwind" [firmware/nnet_utils/nnet_activation_stream.h:61]   --->   Operation 39 'specpipeline' <Predicate = (!icmp_ln60)> <Delay = 0.00>
ST_4 : Operation 40 [1/1] (1.18ns)   --->   "%icmp_ln1494 = icmp sgt i16 %tmp_data_V_0, 0" [firmware/nnet_utils/nnet_activation_stream.h:69]   --->   Operation 40 'icmp' 'icmp_ln1494' <Predicate = (!icmp_ln60)> <Delay = 1.18> <Core = "Cmp">   --->   Core 25 'Cmp' <Latency = 0> <II = 1> <Delay = 0.86> <FuncUnit> <Opcode : 'icmp'> <InPorts = 2> <OutPorts = 1>
ST_4 : Operation 41 [1/1] (0.47ns)   --->   "%tmp_data_0_V = select i1 %icmp_ln1494, i16 %tmp_data_V_0, i16 0" [firmware/nnet_utils/nnet_activation_stream.h:69]   --->   Operation 41 'select' 'tmp_data_0_V' <Predicate = (!icmp_ln60)> <Delay = 0.47> <Core = "Sel">   --->   Core 26 'Sel' <Latency = 0> <II = 1> <Delay = 0.47> <FuncUnit> <Opcode : 'select'> <InPorts = 3> <OutPorts = 1>
ST_4 : Operation 42 [1/1] (1.18ns)   --->   "%icmp_ln1494_1 = icmp sgt i16 %tmp_data_V_1, 0" [firmware/nnet_utils/nnet_activation_stream.h:69]   --->   Operation 42 'icmp' 'icmp_ln1494_1' <Predicate = (!icmp_ln60)> <Delay = 1.18> <Core = "Cmp">   --->   Core 25 'Cmp' <Latency = 0> <II = 1> <Delay = 0.86> <FuncUnit> <Opcode : 'icmp'> <InPorts = 2> <OutPorts = 1>
ST_4 : Operation 43 [1/1] (0.47ns)   --->   "%tmp_data_1_V = select i1 %icmp_ln1494_1, i16 %tmp_data_V_1, i16 0" [firmware/nnet_utils/nnet_activation_stream.h:69]   --->   Operation 43 'select' 'tmp_data_1_V' <Predicate = (!icmp_ln60)> <Delay = 0.47> <Core = "Sel">   --->   Core 26 'Sel' <Latency = 0> <II = 1> <Delay = 0.47> <FuncUnit> <Opcode : 'select'> <InPorts = 3> <OutPorts = 1>
ST_4 : Operation 44 [1/1] (1.18ns)   --->   "%icmp_ln1494_2 = icmp sgt i16 %tmp_data_V_213, 0" [firmware/nnet_utils/nnet_activation_stream.h:69]   --->   Operation 44 'icmp' 'icmp_ln1494_2' <Predicate = (!icmp_ln60)> <Delay = 1.18> <Core = "Cmp">   --->   Core 25 'Cmp' <Latency = 0> <II = 1> <Delay = 0.86> <FuncUnit> <Opcode : 'icmp'> <InPorts = 2> <OutPorts = 1>
ST_4 : Operation 45 [1/1] (0.47ns)   --->   "%tmp_data_2_V = select i1 %icmp_ln1494_2, i16 %tmp_data_V_213, i16 0" [firmware/nnet_utils/nnet_activation_stream.h:69]   --->   Operation 45 'select' 'tmp_data_2_V' <Predicate = (!icmp_ln60)> <Delay = 0.47> <Core = "Sel">   --->   Core 26 'Sel' <Latency = 0> <II = 1> <Delay = 0.47> <FuncUnit> <Opcode : 'select'> <InPorts = 3> <OutPorts = 1>
ST_4 : Operation 46 [1/1] (1.18ns)   --->   "%icmp_ln1494_3 = icmp sgt i16 %tmp_data_V_3, 0" [firmware/nnet_utils/nnet_activation_stream.h:69]   --->   Operation 46 'icmp' 'icmp_ln1494_3' <Predicate = (!icmp_ln60)> <Delay = 1.18> <Core = "Cmp">   --->   Core 25 'Cmp' <Latency = 0> <II = 1> <Delay = 0.86> <FuncUnit> <Opcode : 'icmp'> <InPorts = 2> <OutPorts = 1>
ST_4 : Operation 47 [1/1] (0.47ns)   --->   "%tmp_data_3_V = select i1 %icmp_ln1494_3, i16 %tmp_data_V_3, i16 0" [firmware/nnet_utils/nnet_activation_stream.h:69]   --->   Operation 47 'select' 'tmp_data_3_V' <Predicate = (!icmp_ln60)> <Delay = 0.47> <Core = "Sel">   --->   Core 26 'Sel' <Latency = 0> <II = 1> <Delay = 0.47> <FuncUnit> <Opcode : 'select'> <InPorts = 3> <OutPorts = 1>
ST_4 : Operation 48 [1/1] (1.18ns)   --->   "%icmp_ln1494_4 = icmp sgt i16 %tmp_data_V_4, 0" [firmware/nnet_utils/nnet_activation_stream.h:69]   --->   Operation 48 'icmp' 'icmp_ln1494_4' <Predicate = (!icmp_ln60)> <Delay = 1.18> <Core = "Cmp">   --->   Core 25 'Cmp' <Latency = 0> <II = 1> <Delay = 0.86> <FuncUnit> <Opcode : 'icmp'> <InPorts = 2> <OutPorts = 1>
ST_4 : Operation 49 [1/1] (0.47ns)   --->   "%tmp_data_4_V = select i1 %icmp_ln1494_4, i16 %tmp_data_V_4, i16 0" [firmware/nnet_utils/nnet_activation_stream.h:69]   --->   Operation 49 'select' 'tmp_data_4_V' <Predicate = (!icmp_ln60)> <Delay = 0.47> <Core = "Sel">   --->   Core 26 'Sel' <Latency = 0> <II = 1> <Delay = 0.47> <FuncUnit> <Opcode : 'select'> <InPorts = 3> <OutPorts = 1>
ST_4 : Operation 50 [1/1] (1.18ns)   --->   "%icmp_ln1494_5 = icmp sgt i16 %tmp_data_V_5, 0" [firmware/nnet_utils/nnet_activation_stream.h:69]   --->   Operation 50 'icmp' 'icmp_ln1494_5' <Predicate = (!icmp_ln60)> <Delay = 1.18> <Core = "Cmp">   --->   Core 25 'Cmp' <Latency = 0> <II = 1> <Delay = 0.86> <FuncUnit> <Opcode : 'icmp'> <InPorts = 2> <OutPorts = 1>
ST_4 : Operation 51 [1/1] (0.47ns)   --->   "%tmp_data_5_V = select i1 %icmp_ln1494_5, i16 %tmp_data_V_5, i16 0" [firmware/nnet_utils/nnet_activation_stream.h:69]   --->   Operation 51 'select' 'tmp_data_5_V' <Predicate = (!icmp_ln60)> <Delay = 0.47> <Core = "Sel">   --->   Core 26 'Sel' <Latency = 0> <II = 1> <Delay = 0.47> <FuncUnit> <Opcode : 'select'> <InPorts = 3> <OutPorts = 1>
ST_4 : Operation 52 [1/1] (1.18ns)   --->   "%icmp_ln1494_6 = icmp sgt i16 %tmp_data_V_6, 0" [firmware/nnet_utils/nnet_activation_stream.h:69]   --->   Operation 52 'icmp' 'icmp_ln1494_6' <Predicate = (!icmp_ln60)> <Delay = 1.18> <Core = "Cmp">   --->   Core 25 'Cmp' <Latency = 0> <II = 1> <Delay = 0.86> <FuncUnit> <Opcode : 'icmp'> <InPorts = 2> <OutPorts = 1>
ST_4 : Operation 53 [1/1] (0.47ns)   --->   "%tmp_data_6_V = select i1 %icmp_ln1494_6, i16 %tmp_data_V_6, i16 0" [firmware/nnet_utils/nnet_activation_stream.h:69]   --->   Operation 53 'select' 'tmp_data_6_V' <Predicate = (!icmp_ln60)> <Delay = 0.47> <Core = "Sel">   --->   Core 26 'Sel' <Latency = 0> <II = 1> <Delay = 0.47> <FuncUnit> <Opcode : 'select'> <InPorts = 3> <OutPorts = 1>
ST_4 : Operation 54 [1/1] (1.18ns)   --->   "%icmp_ln1494_7 = icmp sgt i16 %tmp_data_V_7, 0" [firmware/nnet_utils/nnet_activation_stream.h:69]   --->   Operation 54 'icmp' 'icmp_ln1494_7' <Predicate = (!icmp_ln60)> <Delay = 1.18> <Core = "Cmp">   --->   Core 25 'Cmp' <Latency = 0> <II = 1> <Delay = 0.86> <FuncUnit> <Opcode : 'icmp'> <InPorts = 2> <OutPorts = 1>
ST_4 : Operation 55 [1/1] (0.47ns)   --->   "%tmp_data_7_V = select i1 %icmp_ln1494_7, i16 %tmp_data_V_7, i16 0" [firmware/nnet_utils/nnet_activation_stream.h:69]   --->   Operation 55 'select' 'tmp_data_7_V' <Predicate = (!icmp_ln60)> <Delay = 0.47> <Core = "Sel">   --->   Core 26 'Sel' <Latency = 0> <II = 1> <Delay = 0.47> <FuncUnit> <Opcode : 'select'> <InPorts = 3> <OutPorts = 1>
ST_4 : Operation 56 [1/1] (2.18ns)   --->   "call void @_ssdm_op_Write.ap_fifo.volatile.i16P.i16P.i16P.i16P.i16P.i16P.i16P.i16P(i16* %res_V_data_0_V, i16* %res_V_data_1_V, i16* %res_V_data_2_V, i16* %res_V_data_3_V, i16* %res_V_data_4_V, i16* %res_V_data_5_V, i16* %res_V_data_6_V, i16* %res_V_data_7_V, i16 %tmp_data_0_V, i16 %tmp_data_1_V, i16 %tmp_data_2_V, i16 %tmp_data_3_V, i16 %tmp_data_4_V, i16 %tmp_data_5_V, i16 %tmp_data_6_V, i16 %tmp_data_7_V)" [firmware/nnet_utils/nnet_activation_stream.h:73]   --->   Operation 56 'write' <Predicate = (!icmp_ln60)> <Delay = 2.18> <Core = "FIFO">   --->   Core 32 'FIFO' <Latency = 0> <II = 1> <Delay = 2.38> <Storage> <Opcode : 'read' 'write' 'nbread' 'nbwrite'> <Ports = 0> <Width = 16> <Depth = 36> <FIFO>
ST_4 : Operation 57 [1/1] (0.00ns)   --->   "%empty_34 = call i32 (...)* @_ssdm_op_SpecRegionEnd([12 x i8]* @p_str47, i32 %tmp)" [firmware/nnet_utils/nnet_activation_stream.h:74]   --->   Operation 57 'specregionend' 'empty_34' <Predicate = (!icmp_ln60)> <Delay = 0.00>
ST_4 : Operation 58 [1/1] (0.00ns)   --->   "br label %1" [firmware/nnet_utils/nnet_activation_stream.h:60]   --->   Operation 58 'br' <Predicate = (!icmp_ln60)> <Delay = 0.00>

State 5 <SV = 2> <Delay = 0.00>
ST_5 : Operation 59 [1/1] (0.00ns)   --->   "ret void" [firmware/nnet_utils/nnet_activation_stream.h:75]   --->   Operation 59 'ret' <Predicate = true> <Delay = 0.00>


============================================================
+ Verbose Summary: Binding
============================================================
STG Binding: 
---------------- STG Properties BEGIN ----------------
- Is combinational: 0
- Is one-state seq: 0
- Is datapath-only: 0
- Is pipelined: 0
- Is top level: 0
Port [ Return ] is wired: 1; IO mode=ap_ctrl_hs:ce=0
Port [ data_V_data_0_V]:  wired=1; compound=1; hidden=0; nouse=0; global=0; static=0; extern=0; dir=0; type=3; pingpong=0; private_global=0; IO mode=ap_fifo:ce=0
Port [ data_V_data_1_V]:  wired=1; compound=1; hidden=0; nouse=0; global=0; static=0; extern=0; dir=0; type=3; pingpong=0; private_global=0; IO mode=ap_fifo:ce=0
Port [ data_V_data_2_V]:  wired=1; compound=1; hidden=0; nouse=0; global=0; static=0; extern=0; dir=0; type=3; pingpong=0; private_global=0; IO mode=ap_fifo:ce=0
Port [ data_V_data_3_V]:  wired=1; compound=1; hidden=0; nouse=0; global=0; static=0; extern=0; dir=0; type=3; pingpong=0; private_global=0; IO mode=ap_fifo:ce=0
Port [ data_V_data_4_V]:  wired=1; compound=1; hidden=0; nouse=0; global=0; static=0; extern=0; dir=0; type=3; pingpong=0; private_global=0; IO mode=ap_fifo:ce=0
Port [ data_V_data_5_V]:  wired=1; compound=1; hidden=0; nouse=0; global=0; static=0; extern=0; dir=0; type=3; pingpong=0; private_global=0; IO mode=ap_fifo:ce=0
Port [ data_V_data_6_V]:  wired=1; compound=1; hidden=0; nouse=0; global=0; static=0; extern=0; dir=0; type=3; pingpong=0; private_global=0; IO mode=ap_fifo:ce=0
Port [ data_V_data_7_V]:  wired=1; compound=1; hidden=0; nouse=0; global=0; static=0; extern=0; dir=0; type=3; pingpong=0; private_global=0; IO mode=ap_fifo:ce=0
Port [ res_V_data_0_V]:  wired=1; compound=1; hidden=0; nouse=0; global=0; static=0; extern=0; dir=1; type=3; pingpong=0; private_global=0; IO mode=ap_fifo:ce=0
Port [ res_V_data_1_V]:  wired=1; compound=1; hidden=0; nouse=0; global=0; static=0; extern=0; dir=1; type=3; pingpong=0; private_global=0; IO mode=ap_fifo:ce=0
Port [ res_V_data_2_V]:  wired=1; compound=1; hidden=0; nouse=0; global=0; static=0; extern=0; dir=1; type=3; pingpong=0; private_global=0; IO mode=ap_fifo:ce=0
Port [ res_V_data_3_V]:  wired=1; compound=1; hidden=0; nouse=0; global=0; static=0; extern=0; dir=1; type=3; pingpong=0; private_global=0; IO mode=ap_fifo:ce=0
Port [ res_V_data_4_V]:  wired=1; compound=1; hidden=0; nouse=0; global=0; static=0; extern=0; dir=1; type=3; pingpong=0; private_global=0; IO mode=ap_fifo:ce=0
Port [ res_V_data_5_V]:  wired=1; compound=1; hidden=0; nouse=0; global=0; static=0; extern=0; dir=1; type=3; pingpong=0; private_global=0; IO mode=ap_fifo:ce=0
Port [ res_V_data_6_V]:  wired=1; compound=1; hidden=0; nouse=0; global=0; static=0; extern=0; dir=1; type=3; pingpong=0; private_global=0; IO mode=ap_fifo:ce=0
Port [ res_V_data_7_V]:  wired=1; compound=1; hidden=0; nouse=0; global=0; static=0; extern=0; dir=1; type=3; pingpong=0; private_global=0; IO mode=ap_fifo:ce=0
---------------- STG Properties END ------------------

---------------- Datapath Model BEGIN ----------------

<LifeTime>
<method=bitvector/>
specinterface_ln0 (specinterface    ) [ 000000]
specinterface_ln0 (specinterface    ) [ 000000]
specinterface_ln0 (specinterface    ) [ 000000]
specinterface_ln0 (specinterface    ) [ 000000]
specinterface_ln0 (specinterface    ) [ 000000]
specinterface_ln0 (specinterface    ) [ 000000]
specinterface_ln0 (specinterface    ) [ 000000]
specinterface_ln0 (specinterface    ) [ 000000]
specinterface_ln0 (specinterface    ) [ 000000]
specinterface_ln0 (specinterface    ) [ 000000]
specinterface_ln0 (specinterface    ) [ 000000]
specinterface_ln0 (specinterface    ) [ 000000]
specinterface_ln0 (specinterface    ) [ 000000]
specinterface_ln0 (specinterface    ) [ 000000]
specinterface_ln0 (specinterface    ) [ 000000]
specinterface_ln0 (specinterface    ) [ 000000]
br_ln60           (br               ) [ 011110]
i_0               (phi              ) [ 001000]
icmp_ln60         (icmp             ) [ 001110]
empty             (speclooptripcount) [ 000000]
i                 (add              ) [ 011110]
br_ln60           (br               ) [ 000000]
empty_33          (read             ) [ 000000]
tmp_data_V_0      (extractvalue     ) [ 001010]
tmp_data_V_1      (extractvalue     ) [ 001010]
tmp_data_V_213    (extractvalue     ) [ 001010]
tmp_data_V_3      (extractvalue     ) [ 001010]
tmp_data_V_4      (extractvalue     ) [ 001010]
tmp_data_V_5      (extractvalue     ) [ 001010]
tmp_data_V_6      (extractvalue     ) [ 001010]
tmp_data_V_7      (extractvalue     ) [ 001010]
specloopname_ln60 (specloopname     ) [ 000000]
tmp               (specregionbegin  ) [ 000000]
specpipeline_ln61 (specpipeline     ) [ 000000]
icmp_ln1494       (icmp             ) [ 000000]
tmp_data_0_V      (select           ) [ 000000]
icmp_ln1494_1     (icmp             ) [ 000000]
tmp_data_1_V      (select           ) [ 000000]
icmp_ln1494_2     (icmp             ) [ 000000]
tmp_data_2_V      (select           ) [ 000000]
icmp_ln1494_3     (icmp             ) [ 000000]
tmp_data_3_V      (select           ) [ 000000]
icmp_ln1494_4     (icmp             ) [ 000000]
tmp_data_4_V      (select           ) [ 000000]
icmp_ln1494_5     (icmp             ) [ 000000]
tmp_data_5_V      (select           ) [ 000000]
icmp_ln1494_6     (icmp             ) [ 000000]
tmp_data_6_V      (select           ) [ 000000]
icmp_ln1494_7     (icmp             ) [ 000000]
tmp_data_7_V      (select           ) [ 000000]
write_ln73        (write            ) [ 000000]
empty_34          (specregionend    ) [ 000000]
br_ln60           (br               ) [ 011110]
ret_ln75          (ret              ) [ 000000]
</LifeTime>

<model>

<comp_list>
<comp id="0" class="1000" name="data_V_data_0_V">
<pin_list>
<pin id="1" dir="1" index="0" bw="1" slack="0"/>
</pin_list>
<bind>
<StgValue><ssdm name="data_V_data_0_V"/></StgValue>
</bind>
</comp>

<comp id="2" class="1000" name="data_V_data_1_V">
<pin_list>
<pin id="3" dir="1" index="0" bw="1" slack="0"/>
</pin_list>
<bind>
<StgValue><ssdm name="data_V_data_1_V"/></StgValue>
</bind>
</comp>

<comp id="4" class="1000" name="data_V_data_2_V">
<pin_list>
<pin id="5" dir="1" index="0" bw="1" slack="0"/>
</pin_list>
<bind>
<StgValue><ssdm name="data_V_data_2_V"/></StgValue>
</bind>
</comp>

<comp id="6" class="1000" name="data_V_data_3_V">
<pin_list>
<pin id="7" dir="1" index="0" bw="1" slack="0"/>
</pin_list>
<bind>
<StgValue><ssdm name="data_V_data_3_V"/></StgValue>
</bind>
</comp>

<comp id="8" class="1000" name="data_V_data_4_V">
<pin_list>
<pin id="9" dir="1" index="0" bw="1" slack="0"/>
</pin_list>
<bind>
<StgValue><ssdm name="data_V_data_4_V"/></StgValue>
</bind>
</comp>

<comp id="10" class="1000" name="data_V_data_5_V">
<pin_list>
<pin id="11" dir="1" index="0" bw="1" slack="0"/>
</pin_list>
<bind>
<StgValue><ssdm name="data_V_data_5_V"/></StgValue>
</bind>
</comp>

<comp id="12" class="1000" name="data_V_data_6_V">
<pin_list>
<pin id="13" dir="1" index="0" bw="1" slack="0"/>
</pin_list>
<bind>
<StgValue><ssdm name="data_V_data_6_V"/></StgValue>
</bind>
</comp>

<comp id="14" class="1000" name="data_V_data_7_V">
<pin_list>
<pin id="15" dir="1" index="0" bw="1" slack="0"/>
</pin_list>
<bind>
<StgValue><ssdm name="data_V_data_7_V"/></StgValue>
</bind>
</comp>

<comp id="16" class="1000" name="res_V_data_0_V">
<pin_list>
<pin id="17" dir="1" index="0" bw="1" slack="0"/>
</pin_list>
<bind>
<StgValue><ssdm name="res_V_data_0_V"/></StgValue>
</bind>
</comp>

<comp id="18" class="1000" name="res_V_data_1_V">
<pin_list>
<pin id="19" dir="1" index="0" bw="1" slack="0"/>
</pin_list>
<bind>
<StgValue><ssdm name="res_V_data_1_V"/></StgValue>
</bind>
</comp>

<comp id="20" class="1000" name="res_V_data_2_V">
<pin_list>
<pin id="21" dir="1" index="0" bw="1" slack="0"/>
</pin_list>
<bind>
<StgValue><ssdm name="res_V_data_2_V"/></StgValue>
</bind>
</comp>

<comp id="22" class="1000" name="res_V_data_3_V">
<pin_list>
<pin id="23" dir="1" index="0" bw="1" slack="0"/>
</pin_list>
<bind>
<StgValue><ssdm name="res_V_data_3_V"/></StgValue>
</bind>
</comp>

<comp id="24" class="1000" name="res_V_data_4_V">
<pin_list>
<pin id="25" dir="1" index="0" bw="1" slack="0"/>
</pin_list>
<bind>
<StgValue><ssdm name="res_V_data_4_V"/></StgValue>
</bind>
</comp>

<comp id="26" class="1000" name="res_V_data_5_V">
<pin_list>
<pin id="27" dir="1" index="0" bw="1" slack="0"/>
</pin_list>
<bind>
<StgValue><ssdm name="res_V_data_5_V"/></StgValue>
</bind>
</comp>

<comp id="28" class="1000" name="res_V_data_6_V">
<pin_list>
<pin id="29" dir="1" index="0" bw="1" slack="0"/>
</pin_list>
<bind>
<StgValue><ssdm name="res_V_data_6_V"/></StgValue>
</bind>
</comp>

<comp id="30" class="1000" name="res_V_data_7_V">
<pin_list>
<pin id="31" dir="1" index="0" bw="1" slack="0"/>
</pin_list>
<bind>
<StgValue><ssdm name="res_V_data_7_V"/></StgValue>
</bind>
</comp>

<comp id="32" class="1001" name="const_32">
<pin_list>
<pin id="33" dir="1" index="0" bw="1" slack="2147483647"/>
</pin_list>
<bind>
<StgValue><ssdm name="_ssdm_op_SpecInterface"/></StgValue>
</bind>
</comp>

<comp id="34" class="1001" name="const_34">
<pin_list>
<pin id="35" dir="1" index="0" bw="1" slack="2147483647"/>
</pin_list>
<bind>
<StgValue><ssdm name="ap_fifo_str"/></StgValue>
</bind>
</comp>

<comp id="36" class="1001" name="const_36">
<pin_list>
<pin id="37" dir="1" index="0" bw="1" slack="2147483647"/>
</pin_list>
<bind>
<StgValue><ssdm name=""/></StgValue>
</bind>
</comp>

<comp id="38" class="1001" name="const_38">
<pin_list>
<pin id="39" dir="1" index="0" bw="1" slack="2147483647"/>
</pin_list>
<bind>
<StgValue><ssdm name="p_str1680"/></StgValue>
</bind>
</comp>

<comp id="40" class="1001" name="const_40">
<pin_list>
<pin id="41" dir="1" index="0" bw="1" slack="2147483647"/>
</pin_list>
<bind>
<StgValue><ssdm name="p_str1681"/></StgValue>
</bind>
</comp>

<comp id="42" class="1001" name="const_42">
<pin_list>
<pin id="43" dir="1" index="0" bw="1" slack="2147483647"/>
</pin_list>
<bind>
<StgValue><ssdm name="p_str1682"/></StgValue>
</bind>
</comp>

<comp id="44" class="1001" name="const_44">
<pin_list>
<pin id="45" dir="1" index="0" bw="1" slack="2147483647"/>
</pin_list>
<bind>
<StgValue><ssdm name="p_str1683"/></StgValue>
</bind>
</comp>

<comp id="46" class="1001" name="const_46">
<pin_list>
<pin id="47" dir="1" index="0" bw="1" slack="2147483647"/>
</pin_list>
<bind>
<StgValue><ssdm name=""/></StgValue>
</bind>
</comp>

<comp id="48" class="1001" name="const_48">
<pin_list>
<pin id="49" dir="1" index="0" bw="1" slack="2147483647"/>
</pin_list>
<bind>
<StgValue><ssdm name=""/></StgValue>
</bind>
</comp>

<comp id="50" class="1001" name="const_50">
<pin_list>
<pin id="51" dir="1" index="0" bw="1" slack="2147483647"/>
</pin_list>
<bind>
<StgValue><ssdm name="p_str1684"/></StgValue>
</bind>
</comp>

<comp id="52" class="1001" name="const_52">
<pin_list>
<pin id="53" dir="1" index="0" bw="1" slack="2147483647"/>
</pin_list>
<bind>
<StgValue><ssdm name="p_str1685"/></StgValue>
</bind>
</comp>

<comp id="54" class="1001" name="const_54">
<pin_list>
<pin id="55" dir="1" index="0" bw="1" slack="2147483647"/>
</pin_list>
<bind>
<StgValue><ssdm name="p_str1673"/></StgValue>
</bind>
</comp>

<comp id="56" class="1001" name="const_56">
<pin_list>
<pin id="57" dir="1" index="0" bw="1" slack="2147483647"/>
</pin_list>
<bind>
<StgValue><ssdm name="p_str1674"/></StgValue>
</bind>
</comp>

<comp id="58" class="1001" name="const_58">
<pin_list>
<pin id="59" dir="1" index="0" bw="1" slack="2147483647"/>
</pin_list>
<bind>
<StgValue><ssdm name="p_str1675"/></StgValue>
</bind>
</comp>

<comp id="60" class="1001" name="const_60">
<pin_list>
<pin id="61" dir="1" index="0" bw="1" slack="2147483647"/>
</pin_list>
<bind>
<StgValue><ssdm name="p_str1676"/></StgValue>
</bind>
</comp>

<comp id="62" class="1001" name="const_62">
<pin_list>
<pin id="63" dir="1" index="0" bw="1" slack="2147483647"/>
</pin_list>
<bind>
<StgValue><ssdm name="p_str1677"/></StgValue>
</bind>
</comp>

<comp id="64" class="1001" name="const_64">
<pin_list>
<pin id="65" dir="1" index="0" bw="1" slack="2147483647"/>
</pin_list>
<bind>
<StgValue><ssdm name="p_str1678"/></StgValue>
</bind>
</comp>

<comp id="66" class="1001" name="const_66">
<pin_list>
<pin id="67" dir="1" index="0" bw="1" slack="2147483647"/>
</pin_list>
<bind>
<StgValue><ssdm name="p_str1666"/></StgValue>
</bind>
</comp>

<comp id="68" class="1001" name="const_68">
<pin_list>
<pin id="69" dir="1" index="0" bw="1" slack="2147483647"/>
</pin_list>
<bind>
<StgValue><ssdm name="p_str1667"/></StgValue>
</bind>
</comp>

<comp id="70" class="1001" name="const_70">
<pin_list>
<pin id="71" dir="1" index="0" bw="1" slack="2147483647"/>
</pin_list>
<bind>
<StgValue><ssdm name="p_str1668"/></StgValue>
</bind>
</comp>

<comp id="72" class="1001" name="const_72">
<pin_list>
<pin id="73" dir="1" index="0" bw="1" slack="2147483647"/>
</pin_list>
<bind>
<StgValue><ssdm name="p_str1669"/></StgValue>
</bind>
</comp>

<comp id="74" class="1001" name="const_74">
<pin_list>
<pin id="75" dir="1" index="0" bw="1" slack="2147483647"/>
</pin_list>
<bind>
<StgValue><ssdm name="p_str1670"/></StgValue>
</bind>
</comp>

<comp id="76" class="1001" name="const_76">
<pin_list>
<pin id="77" dir="1" index="0" bw="1" slack="2147483647"/>
</pin_list>
<bind>
<StgValue><ssdm name="p_str1671"/></StgValue>
</bind>
</comp>

<comp id="78" class="1001" name="const_78">
<pin_list>
<pin id="79" dir="1" index="0" bw="1" slack="2147483647"/>
</pin_list>
<bind>
<StgValue><ssdm name="p_str1659"/></StgValue>
</bind>
</comp>

<comp id="80" class="1001" name="const_80">
<pin_list>
<pin id="81" dir="1" index="0" bw="1" slack="2147483647"/>
</pin_list>
<bind>
<StgValue><ssdm name="p_str1660"/></StgValue>
</bind>
</comp>

<comp id="82" class="1001" name="const_82">
<pin_list>
<pin id="83" dir="1" index="0" bw="1" slack="2147483647"/>
</pin_list>
<bind>
<StgValue><ssdm name="p_str1661"/></StgValue>
</bind>
</comp>

<comp id="84" class="1001" name="const_84">
<pin_list>
<pin id="85" dir="1" index="0" bw="1" slack="2147483647"/>
</pin_list>
<bind>
<StgValue><ssdm name="p_str1662"/></StgValue>
</bind>
</comp>

<comp id="86" class="1001" name="const_86">
<pin_list>
<pin id="87" dir="1" index="0" bw="1" slack="2147483647"/>
</pin_list>
<bind>
<StgValue><ssdm name="p_str1663"/></StgValue>
</bind>
</comp>

<comp id="88" class="1001" name="const_88">
<pin_list>
<pin id="89" dir="1" index="0" bw="1" slack="2147483647"/>
</pin_list>
<bind>
<StgValue><ssdm name="p_str1664"/></StgValue>
</bind>
</comp>

<comp id="90" class="1001" name="const_90">
<pin_list>
<pin id="91" dir="1" index="0" bw="1" slack="2147483647"/>
</pin_list>
<bind>
<StgValue><ssdm name="p_str1652"/></StgValue>
</bind>
</comp>

<comp id="92" class="1001" name="const_92">
<pin_list>
<pin id="93" dir="1" index="0" bw="1" slack="2147483647"/>
</pin_list>
<bind>
<StgValue><ssdm name="p_str1653"/></StgValue>
</bind>
</comp>

<comp id="94" class="1001" name="const_94">
<pin_list>
<pin id="95" dir="1" index="0" bw="1" slack="2147483647"/>
</pin_list>
<bind>
<StgValue><ssdm name="p_str1654"/></StgValue>
</bind>
</comp>

<comp id="96" class="1001" name="const_96">
<pin_list>
<pin id="97" dir="1" index="0" bw="1" slack="2147483647"/>
</pin_list>
<bind>
<StgValue><ssdm name="p_str1655"/></StgValue>
</bind>
</comp>

<comp id="98" class="1001" name="const_98">
<pin_list>
<pin id="99" dir="1" index="0" bw="1" slack="2147483647"/>
</pin_list>
<bind>
<StgValue><ssdm name="p_str1656"/></StgValue>
</bind>
</comp>

<comp id="100" class="1001" name="const_100">
<pin_list>
<pin id="101" dir="1" index="0" bw="1" slack="2147483647"/>
</pin_list>
<bind>
<StgValue><ssdm name="p_str1657"/></StgValue>
</bind>
</comp>

<comp id="102" class="1001" name="const_102">
<pin_list>
<pin id="103" dir="1" index="0" bw="1" slack="2147483647"/>
</pin_list>
<bind>
<StgValue><ssdm name="p_str1645"/></StgValue>
</bind>
</comp>

<comp id="104" class="1001" name="const_104">
<pin_list>
<pin id="105" dir="1" index="0" bw="1" slack="2147483647"/>
</pin_list>
<bind>
<StgValue><ssdm name="p_str1646"/></StgValue>
</bind>
</comp>

<comp id="106" class="1001" name="const_106">
<pin_list>
<pin id="107" dir="1" index="0" bw="1" slack="2147483647"/>
</pin_list>
<bind>
<StgValue><ssdm name="p_str1647"/></StgValue>
</bind>
</comp>

<comp id="108" class="1001" name="const_108">
<pin_list>
<pin id="109" dir="1" index="0" bw="1" slack="2147483647"/>
</pin_list>
<bind>
<StgValue><ssdm name="p_str1648"/></StgValue>
</bind>
</comp>

<comp id="110" class="1001" name="const_110">
<pin_list>
<pin id="111" dir="1" index="0" bw="1" slack="2147483647"/>
</pin_list>
<bind>
<StgValue><ssdm name="p_str1649"/></StgValue>
</bind>
</comp>

<comp id="112" class="1001" name="const_112">
<pin_list>
<pin id="113" dir="1" index="0" bw="1" slack="2147483647"/>
</pin_list>
<bind>
<StgValue><ssdm name="p_str1650"/></StgValue>
</bind>
</comp>

<comp id="114" class="1001" name="const_114">
<pin_list>
<pin id="115" dir="1" index="0" bw="1" slack="2147483647"/>
</pin_list>
<bind>
<StgValue><ssdm name="p_str1638"/></StgValue>
</bind>
</comp>

<comp id="116" class="1001" name="const_116">
<pin_list>
<pin id="117" dir="1" index="0" bw="1" slack="2147483647"/>
</pin_list>
<bind>
<StgValue><ssdm name="p_str1639"/></StgValue>
</bind>
</comp>

<comp id="118" class="1001" name="const_118">
<pin_list>
<pin id="119" dir="1" index="0" bw="1" slack="2147483647"/>
</pin_list>
<bind>
<StgValue><ssdm name="p_str1640"/></StgValue>
</bind>
</comp>

<comp id="120" class="1001" name="const_120">
<pin_list>
<pin id="121" dir="1" index="0" bw="1" slack="2147483647"/>
</pin_list>
<bind>
<StgValue><ssdm name="p_str1641"/></StgValue>
</bind>
</comp>

<comp id="122" class="1001" name="const_122">
<pin_list>
<pin id="123" dir="1" index="0" bw="1" slack="2147483647"/>
</pin_list>
<bind>
<StgValue><ssdm name="p_str1642"/></StgValue>
</bind>
</comp>

<comp id="124" class="1001" name="const_124">
<pin_list>
<pin id="125" dir="1" index="0" bw="1" slack="2147483647"/>
</pin_list>
<bind>
<StgValue><ssdm name="p_str1643"/></StgValue>
</bind>
</comp>

<comp id="126" class="1001" name="const_126">
<pin_list>
<pin id="127" dir="1" index="0" bw="1" slack="2147483647"/>
</pin_list>
<bind>
<StgValue><ssdm name="p_str1631"/></StgValue>
</bind>
</comp>

<comp id="128" class="1001" name="const_128">
<pin_list>
<pin id="129" dir="1" index="0" bw="1" slack="2147483647"/>
</pin_list>
<bind>
<StgValue><ssdm name="p_str1632"/></StgValue>
</bind>
</comp>

<comp id="130" class="1001" name="const_130">
<pin_list>
<pin id="131" dir="1" index="0" bw="1" slack="2147483647"/>
</pin_list>
<bind>
<StgValue><ssdm name="p_str1633"/></StgValue>
</bind>
</comp>

<comp id="132" class="1001" name="const_132">
<pin_list>
<pin id="133" dir="1" index="0" bw="1" slack="2147483647"/>
</pin_list>
<bind>
<StgValue><ssdm name="p_str1634"/></StgValue>
</bind>
</comp>

<comp id="134" class="1001" name="const_134">
<pin_list>
<pin id="135" dir="1" index="0" bw="1" slack="2147483647"/>
</pin_list>
<bind>
<StgValue><ssdm name="p_str1635"/></StgValue>
</bind>
</comp>

<comp id="136" class="1001" name="const_136">
<pin_list>
<pin id="137" dir="1" index="0" bw="1" slack="2147483647"/>
</pin_list>
<bind>
<StgValue><ssdm name="p_str1636"/></StgValue>
</bind>
</comp>

<comp id="138" class="1001" name="const_138">
<pin_list>
<pin id="139" dir="1" index="0" bw="1" slack="2147483647"/>
</pin_list>
<bind>
<StgValue><ssdm name="p_str1624"/></StgValue>
</bind>
</comp>

<comp id="140" class="1001" name="const_140">
<pin_list>
<pin id="141" dir="1" index="0" bw="1" slack="2147483647"/>
</pin_list>
<bind>
<StgValue><ssdm name="p_str1625"/></StgValue>
</bind>
</comp>

<comp id="142" class="1001" name="const_142">
<pin_list>
<pin id="143" dir="1" index="0" bw="1" slack="2147483647"/>
</pin_list>
<bind>
<StgValue><ssdm name="p_str1626"/></StgValue>
</bind>
</comp>

<comp id="144" class="1001" name="const_144">
<pin_list>
<pin id="145" dir="1" index="0" bw="1" slack="2147483647"/>
</pin_list>
<bind>
<StgValue><ssdm name="p_str1627"/></StgValue>
</bind>
</comp>

<comp id="146" class="1001" name="const_146">
<pin_list>
<pin id="147" dir="1" index="0" bw="1" slack="2147483647"/>
</pin_list>
<bind>
<StgValue><ssdm name="p_str1628"/></StgValue>
</bind>
</comp>

<comp id="148" class="1001" name="const_148">
<pin_list>
<pin id="149" dir="1" index="0" bw="1" slack="2147483647"/>
</pin_list>
<bind>
<StgValue><ssdm name="p_str1629"/></StgValue>
</bind>
</comp>

<comp id="150" class="1001" name="const_150">
<pin_list>
<pin id="151" dir="1" index="0" bw="1" slack="2147483647"/>
</pin_list>
<bind>
<StgValue><ssdm name="p_str1617"/></StgValue>
</bind>
</comp>

<comp id="152" class="1001" name="const_152">
<pin_list>
<pin id="153" dir="1" index="0" bw="1" slack="2147483647"/>
</pin_list>
<bind>
<StgValue><ssdm name="p_str1618"/></StgValue>
</bind>
</comp>

<comp id="154" class="1001" name="const_154">
<pin_list>
<pin id="155" dir="1" index="0" bw="1" slack="2147483647"/>
</pin_list>
<bind>
<StgValue><ssdm name="p_str1619"/></StgValue>
</bind>
</comp>

<comp id="156" class="1001" name="const_156">
<pin_list>
<pin id="157" dir="1" index="0" bw="1" slack="2147483647"/>
</pin_list>
<bind>
<StgValue><ssdm name="p_str1620"/></StgValue>
</bind>
</comp>

<comp id="158" class="1001" name="const_158">
<pin_list>
<pin id="159" dir="1" index="0" bw="1" slack="2147483647"/>
</pin_list>
<bind>
<StgValue><ssdm name="p_str1621"/></StgValue>
</bind>
</comp>

<comp id="160" class="1001" name="const_160">
<pin_list>
<pin id="161" dir="1" index="0" bw="1" slack="2147483647"/>
</pin_list>
<bind>
<StgValue><ssdm name="p_str1622"/></StgValue>
</bind>
</comp>

<comp id="162" class="1001" name="const_162">
<pin_list>
<pin id="163" dir="1" index="0" bw="1" slack="2147483647"/>
</pin_list>
<bind>
<StgValue><ssdm name="p_str1610"/></StgValue>
</bind>
</comp>

<comp id="164" class="1001" name="const_164">
<pin_list>
<pin id="165" dir="1" index="0" bw="1" slack="2147483647"/>
</pin_list>
<bind>
<StgValue><ssdm name="p_str1611"/></StgValue>
</bind>
</comp>

<comp id="166" class="1001" name="const_166">
<pin_list>
<pin id="167" dir="1" index="0" bw="1" slack="2147483647"/>
</pin_list>
<bind>
<StgValue><ssdm name="p_str1612"/></StgValue>
</bind>
</comp>

<comp id="168" class="1001" name="const_168">
<pin_list>
<pin id="169" dir="1" index="0" bw="1" slack="2147483647"/>
</pin_list>
<bind>
<StgValue><ssdm name="p_str1613"/></StgValue>
</bind>
</comp>

<comp id="170" class="1001" name="const_170">
<pin_list>
<pin id="171" dir="1" index="0" bw="1" slack="2147483647"/>
</pin_list>
<bind>
<StgValue><ssdm name="p_str1614"/></StgValue>
</bind>
</comp>

<comp id="172" class="1001" name="const_172">
<pin_list>
<pin id="173" dir="1" index="0" bw="1" slack="2147483647"/>
</pin_list>
<bind>
<StgValue><ssdm name="p_str1615"/></StgValue>
</bind>
</comp>

<comp id="174" class="1001" name="const_174">
<pin_list>
<pin id="175" dir="1" index="0" bw="1" slack="2147483647"/>
</pin_list>
<bind>
<StgValue><ssdm name="p_str1603"/></StgValue>
</bind>
</comp>

<comp id="176" class="1001" name="const_176">
<pin_list>
<pin id="177" dir="1" index="0" bw="1" slack="2147483647"/>
</pin_list>
<bind>
<StgValue><ssdm name="p_str1604"/></StgValue>
</bind>
</comp>

<comp id="178" class="1001" name="const_178">
<pin_list>
<pin id="179" dir="1" index="0" bw="1" slack="2147483647"/>
</pin_list>
<bind>
<StgValue><ssdm name="p_str1605"/></StgValue>
</bind>
</comp>

<comp id="180" class="1001" name="const_180">
<pin_list>
<pin id="181" dir="1" index="0" bw="1" slack="2147483647"/>
</pin_list>
<bind>
<StgValue><ssdm name="p_str1606"/></StgValue>
</bind>
</comp>

<comp id="182" class="1001" name="const_182">
<pin_list>
<pin id="183" dir="1" index="0" bw="1" slack="2147483647"/>
</pin_list>
<bind>
<StgValue><ssdm name="p_str1607"/></StgValue>
</bind>
</comp>

<comp id="184" class="1001" name="const_184">
<pin_list>
<pin id="185" dir="1" index="0" bw="1" slack="2147483647"/>
</pin_list>
<bind>
<StgValue><ssdm name="p_str1608"/></StgValue>
</bind>
</comp>

<comp id="186" class="1001" name="const_186">
<pin_list>
<pin id="187" dir="1" index="0" bw="1" slack="2147483647"/>
</pin_list>
<bind>
<StgValue><ssdm name="p_str1596"/></StgValue>
</bind>
</comp>

<comp id="188" class="1001" name="const_188">
<pin_list>
<pin id="189" dir="1" index="0" bw="1" slack="2147483647"/>
</pin_list>
<bind>
<StgValue><ssdm name="p_str1597"/></StgValue>
</bind>
</comp>

<comp id="190" class="1001" name="const_190">
<pin_list>
<pin id="191" dir="1" index="0" bw="1" slack="2147483647"/>
</pin_list>
<bind>
<StgValue><ssdm name="p_str1598"/></StgValue>
</bind>
</comp>

<comp id="192" class="1001" name="const_192">
<pin_list>
<pin id="193" dir="1" index="0" bw="1" slack="2147483647"/>
</pin_list>
<bind>
<StgValue><ssdm name="p_str1599"/></StgValue>
</bind>
</comp>

<comp id="194" class="1001" name="const_194">
<pin_list>
<pin id="195" dir="1" index="0" bw="1" slack="2147483647"/>
</pin_list>
<bind>
<StgValue><ssdm name="p_str1600"/></StgValue>
</bind>
</comp>

<comp id="196" class="1001" name="const_196">
<pin_list>
<pin id="197" dir="1" index="0" bw="1" slack="2147483647"/>
</pin_list>
<bind>
<StgValue><ssdm name="p_str1601"/></StgValue>
</bind>
</comp>

<comp id="198" class="1001" name="const_198">
<pin_list>
<pin id="199" dir="1" index="0" bw="1" slack="2147483647"/>
</pin_list>
<bind>
<StgValue><ssdm name="p_str1589"/></StgValue>
</bind>
</comp>

<comp id="200" class="1001" name="const_200">
<pin_list>
<pin id="201" dir="1" index="0" bw="1" slack="2147483647"/>
</pin_list>
<bind>
<StgValue><ssdm name="p_str1590"/></StgValue>
</bind>
</comp>

<comp id="202" class="1001" name="const_202">
<pin_list>
<pin id="203" dir="1" index="0" bw="1" slack="2147483647"/>
</pin_list>
<bind>
<StgValue><ssdm name="p_str1591"/></StgValue>
</bind>
</comp>

<comp id="204" class="1001" name="const_204">
<pin_list>
<pin id="205" dir="1" index="0" bw="1" slack="2147483647"/>
</pin_list>
<bind>
<StgValue><ssdm name="p_str1592"/></StgValue>
</bind>
</comp>

<comp id="206" class="1001" name="const_206">
<pin_list>
<pin id="207" dir="1" index="0" bw="1" slack="2147483647"/>
</pin_list>
<bind>
<StgValue><ssdm name="p_str1593"/></StgValue>
</bind>
</comp>

<comp id="208" class="1001" name="const_208">
<pin_list>
<pin id="209" dir="1" index="0" bw="1" slack="2147483647"/>
</pin_list>
<bind>
<StgValue><ssdm name="p_str1594"/></StgValue>
</bind>
</comp>

<comp id="210" class="1001" name="const_210">
<pin_list>
<pin id="211" dir="1" index="0" bw="1" slack="2147483647"/>
</pin_list>
<bind>
<StgValue><ssdm name="p_str1582"/></StgValue>
</bind>
</comp>

<comp id="212" class="1001" name="const_212">
<pin_list>
<pin id="213" dir="1" index="0" bw="1" slack="2147483647"/>
</pin_list>
<bind>
<StgValue><ssdm name="p_str1583"/></StgValue>
</bind>
</comp>

<comp id="214" class="1001" name="const_214">
<pin_list>
<pin id="215" dir="1" index="0" bw="1" slack="2147483647"/>
</pin_list>
<bind>
<StgValue><ssdm name="p_str1584"/></StgValue>
</bind>
</comp>

<comp id="216" class="1001" name="const_216">
<pin_list>
<pin id="217" dir="1" index="0" bw="1" slack="2147483647"/>
</pin_list>
<bind>
<StgValue><ssdm name="p_str1585"/></StgValue>
</bind>
</comp>

<comp id="218" class="1001" name="const_218">
<pin_list>
<pin id="219" dir="1" index="0" bw="1" slack="2147483647"/>
</pin_list>
<bind>
<StgValue><ssdm name="p_str1586"/></StgValue>
</bind>
</comp>

<comp id="220" class="1001" name="const_220">
<pin_list>
<pin id="221" dir="1" index="0" bw="1" slack="2147483647"/>
</pin_list>
<bind>
<StgValue><ssdm name="p_str1587"/></StgValue>
</bind>
</comp>

<comp id="222" class="1001" name="const_222">
<pin_list>
<pin id="223" dir="1" index="0" bw="1" slack="2147483647"/>
</pin_list>
<bind>
<StgValue><ssdm name="p_str1575"/></StgValue>
</bind>
</comp>

<comp id="224" class="1001" name="const_224">
<pin_list>
<pin id="225" dir="1" index="0" bw="1" slack="2147483647"/>
</pin_list>
<bind>
<StgValue><ssdm name="p_str1576"/></StgValue>
</bind>
</comp>

<comp id="226" class="1001" name="const_226">
<pin_list>
<pin id="227" dir="1" index="0" bw="1" slack="2147483647"/>
</pin_list>
<bind>
<StgValue><ssdm name="p_str1577"/></StgValue>
</bind>
</comp>

<comp id="228" class="1001" name="const_228">
<pin_list>
<pin id="229" dir="1" index="0" bw="1" slack="2147483647"/>
</pin_list>
<bind>
<StgValue><ssdm name="p_str1578"/></StgValue>
</bind>
</comp>

<comp id="230" class="1001" name="const_230">
<pin_list>
<pin id="231" dir="1" index="0" bw="1" slack="2147483647"/>
</pin_list>
<bind>
<StgValue><ssdm name="p_str1579"/></StgValue>
</bind>
</comp>

<comp id="232" class="1001" name="const_232">
<pin_list>
<pin id="233" dir="1" index="0" bw="1" slack="2147483647"/>
</pin_list>
<bind>
<StgValue><ssdm name="p_str1580"/></StgValue>
</bind>
</comp>

<comp id="234" class="1001" name="const_234">
<pin_list>
<pin id="235" dir="1" index="0" bw="1" slack="1"/>
</pin_list>
<bind>
<StgValue><ssdm name=""/></StgValue>
</bind>
</comp>

<comp id="236" class="1001" name="const_236">
<pin_list>
<pin id="237" dir="1" index="0" bw="1" slack="0"/>
</pin_list>
<bind>
<StgValue><ssdm name=""/></StgValue>
</bind>
</comp>

<comp id="238" class="1001" name="const_238">
<pin_list>
<pin id="239" dir="1" index="0" bw="1" slack="2147483647"/>
</pin_list>
<bind>
<StgValue><ssdm name="_ssdm_op_SpecLoopTripCount"/></StgValue>
</bind>
</comp>

<comp id="240" class="1001" name="const_240">
<pin_list>
<pin id="241" dir="1" index="0" bw="1" slack="2147483647"/>
</pin_list>
<bind>
<StgValue><ssdm name=""/></StgValue>
</bind>
</comp>

<comp id="242" class="1001" name="const_242">
<pin_list>
<pin id="243" dir="1" index="0" bw="1" slack="0"/>
</pin_list>
<bind>
<StgValue><ssdm name=""/></StgValue>
</bind>
</comp>

<comp id="244" class="1001" name="const_244">
<pin_list>
<pin id="245" dir="1" index="0" bw="1" slack="0"/>
</pin_list>
<bind>
<StgValue><ssdm name="_ssdm_op_Read.ap_fifo.volatile.i16P.i16P.i16P.i16P.i16P.i16P.i16P.i16P"/></StgValue>
</bind>
</comp>

<comp id="246" class="1001" name="const_246">
<pin_list>
<pin id="247" dir="1" index="0" bw="1" slack="2147483647"/>
</pin_list>
<bind>
<StgValue><ssdm name="_ssdm_op_SpecLoopName"/></StgValue>
</bind>
</comp>

<comp id="248" class="1001" name="const_248">
<pin_list>
<pin id="249" dir="1" index="0" bw="1" slack="2147483647"/>
</pin_list>
<bind>
<StgValue><ssdm name="p_str47"/></StgValue>
</bind>
</comp>

<comp id="250" class="1001" name="const_250">
<pin_list>
<pin id="251" dir="1" index="0" bw="1" slack="2147483647"/>
</pin_list>
<bind>
<StgValue><ssdm name="_ssdm_op_SpecRegionBegin"/></StgValue>
</bind>
</comp>

<comp id="252" class="1001" name="const_252">
<pin_list>
<pin id="253" dir="1" index="0" bw="1" slack="2147483647"/>
</pin_list>
<bind>
<StgValue><ssdm name="_ssdm_op_SpecPipeline"/></StgValue>
</bind>
</comp>

<comp id="254" class="1001" name="const_254">
<pin_list>
<pin id="255" dir="1" index="0" bw="1" slack="2147483647"/>
</pin_list>
<bind>
<StgValue><ssdm name=""/></StgValue>
</bind>
</comp>

<comp id="256" class="1001" name="const_256">
<pin_list>
<pin id="257" dir="1" index="0" bw="1" slack="2147483647"/>
</pin_list>
<bind>
<StgValue><ssdm name=""/></StgValue>
</bind>
</comp>

<comp id="258" class="1001" name="const_258">
<pin_list>
<pin id="259" dir="1" index="0" bw="1" slack="2147483647"/>
</pin_list>
<bind>
<StgValue><ssdm name="p_str15"/></StgValue>
</bind>
</comp>

<comp id="260" class="1001" name="const_260">
<pin_list>
<pin id="261" dir="1" index="0" bw="1" slack="0"/>
</pin_list>
<bind>
<StgValue><ssdm name=""/></StgValue>
</bind>
</comp>

<comp id="262" class="1001" name="const_262">
<pin_list>
<pin id="263" dir="1" index="0" bw="1" slack="0"/>
</pin_list>
<bind>
<StgValue><ssdm name="_ssdm_op_Write.ap_fifo.volatile.i16P.i16P.i16P.i16P.i16P.i16P.i16P.i16P"/></StgValue>
</bind>
</comp>

<comp id="264" class="1001" name="const_264">
<pin_list>
<pin id="265" dir="1" index="0" bw="1" slack="2147483647"/>
</pin_list>
<bind>
<StgValue><ssdm name="_ssdm_op_SpecRegionEnd"/></StgValue>
</bind>
</comp>

<comp id="266" class="1004" name="empty_33_read_fu_266">
<pin_list>
<pin id="267" dir="0" index="0" bw="128" slack="0"/>
<pin id="268" dir="0" index="1" bw="16" slack="0"/>
<pin id="269" dir="0" index="2" bw="16" slack="0"/>
<pin id="270" dir="0" index="3" bw="16" slack="0"/>
<pin id="271" dir="0" index="4" bw="16" slack="0"/>
<pin id="272" dir="0" index="5" bw="16" slack="0"/>
<pin id="273" dir="0" index="6" bw="16" slack="0"/>
<pin id="274" dir="0" index="7" bw="16" slack="0"/>
<pin id="275" dir="0" index="8" bw="16" slack="0"/>
<pin id="276" dir="1" index="9" bw="128" slack="0"/>
</pin_list>
<bind>
<opcode="read(1150) " fcode="read"/>
<opset="empty_33/3 "/>
</bind>
</comp>

<comp id="286" class="1004" name="write_ln73_write_fu_286">
<pin_list>
<pin id="287" dir="0" index="0" bw="0" slack="0"/>
<pin id="288" dir="0" index="1" bw="16" slack="0"/>
<pin id="289" dir="0" index="2" bw="16" slack="0"/>
<pin id="290" dir="0" index="3" bw="16" slack="0"/>
<pin id="291" dir="0" index="4" bw="16" slack="0"/>
<pin id="292" dir="0" index="5" bw="16" slack="0"/>
<pin id="293" dir="0" index="6" bw="16" slack="0"/>
<pin id="294" dir="0" index="7" bw="16" slack="0"/>
<pin id="295" dir="0" index="8" bw="16" slack="0"/>
<pin id="296" dir="0" index="9" bw="16" slack="0"/>
<pin id="297" dir="0" index="10" bw="16" slack="0"/>
<pin id="298" dir="0" index="11" bw="16" slack="0"/>
<pin id="299" dir="0" index="12" bw="16" slack="0"/>
<pin id="300" dir="0" index="13" bw="16" slack="0"/>
<pin id="301" dir="0" index="14" bw="16" slack="0"/>
<pin id="302" dir="0" index="15" bw="16" slack="0"/>
<pin id="303" dir="0" index="16" bw="16" slack="0"/>
<pin id="304" dir="1" index="17" bw="0" slack="2147483647"/>
</pin_list>
<bind>
<opcode="write(1151) " fcode="write"/>
<opset="write_ln73/4 "/>
</bind>
</comp>

<comp id="314" class="1005" name="i_0_reg_314">
<pin_list>
<pin id="315" dir="0" index="0" bw="8" slack="1"/>
<pin id="316" dir="1" index="1" bw="8" slack="1"/>
</pin_list>
<bind>
<opset="i_0 (phireg) "/>
</bind>
</comp>

<comp id="318" class="1004" name="i_0_phi_fu_318">
<pin_list>
<pin id="319" dir="0" index="0" bw="1" slack="1"/>
<pin id="320" dir="0" index="1" bw="0" slack="2147483647"/>
<pin id="321" dir="0" index="2" bw="8" slack="0"/>
<pin id="322" dir="0" index="3" bw="0" slack="2147483647"/>
<pin id="323" dir="1" index="4" bw="8" slack="0"/>
</pin_list>
<bind>
<opcode="phi(47) " fcode="phi"/>
<opset="i_0/2 "/>
</bind>
</comp>

<comp id="325" class="1004" name="icmp_ln60_fu_325">
<pin_list>
<pin id="326" dir="0" index="0" bw="8" slack="0"/>
<pin id="327" dir="0" index="1" bw="8" slack="0"/>
<pin id="328" dir="1" index="2" bw="1" slack="1"/>
</pin_list>
<bind>
<opcode="icmp(45) " fcode="icmp"/>
<opset="icmp_ln60/2 "/>
</bind>
</comp>

<comp id="331" class="1004" name="i_fu_331">
<pin_list>
<pin id="332" dir="0" index="0" bw="8" slack="0"/>
<pin id="333" dir="0" index="1" bw="1" slack="0"/>
<pin id="334" dir="1" index="2" bw="8" slack="0"/>
</pin_list>
<bind>
<opcode="add(8) " fcode="add"/>
<opset="i/2 "/>
</bind>
</comp>

<comp id="337" class="1004" name="tmp_data_V_0_fu_337">
<pin_list>
<pin id="338" dir="0" index="0" bw="128" slack="0"/>
<pin id="339" dir="1" index="1" bw="16" slack="1"/>
</pin_list>
<bind>
<opcode="extractvalue(56) " fcode="extractvalue"/>
<opset="tmp_data_V_0/3 "/>
</bind>
</comp>

<comp id="341" class="1004" name="tmp_data_V_1_fu_341">
<pin_list>
<pin id="342" dir="0" index="0" bw="128" slack="0"/>
<pin id="343" dir="1" index="1" bw="16" slack="1"/>
</pin_list>
<bind>
<opcode="extractvalue(56) " fcode="extractvalue"/>
<opset="tmp_data_V_1/3 "/>
</bind>
</comp>

<comp id="345" class="1004" name="tmp_data_V_213_fu_345">
<pin_list>
<pin id="346" dir="0" index="0" bw="128" slack="0"/>
<pin id="347" dir="1" index="1" bw="16" slack="1"/>
</pin_list>
<bind>
<opcode="extractvalue(56) " fcode="extractvalue"/>
<opset="tmp_data_V_213/3 "/>
</bind>
</comp>

<comp id="349" class="1004" name="tmp_data_V_3_fu_349">
<pin_list>
<pin id="350" dir="0" index="0" bw="128" slack="0"/>
<pin id="351" dir="1" index="1" bw="16" slack="1"/>
</pin_list>
<bind>
<opcode="extractvalue(56) " fcode="extractvalue"/>
<opset="tmp_data_V_3/3 "/>
</bind>
</comp>

<comp id="353" class="1004" name="tmp_data_V_4_fu_353">
<pin_list>
<pin id="354" dir="0" index="0" bw="128" slack="0"/>
<pin id="355" dir="1" index="1" bw="16" slack="1"/>
</pin_list>
<bind>
<opcode="extractvalue(56) " fcode="extractvalue"/>
<opset="tmp_data_V_4/3 "/>
</bind>
</comp>

<comp id="357" class="1004" name="tmp_data_V_5_fu_357">
<pin_list>
<pin id="358" dir="0" index="0" bw="128" slack="0"/>
<pin id="359" dir="1" index="1" bw="16" slack="1"/>
</pin_list>
<bind>
<opcode="extractvalue(56) " fcode="extractvalue"/>
<opset="tmp_data_V_5/3 "/>
</bind>
</comp>

<comp id="361" class="1004" name="tmp_data_V_6_fu_361">
<pin_list>
<pin id="362" dir="0" index="0" bw="128" slack="0"/>
<pin id="363" dir="1" index="1" bw="16" slack="1"/>
</pin_list>
<bind>
<opcode="extractvalue(56) " fcode="extractvalue"/>
<opset="tmp_data_V_6/3 "/>
</bind>
</comp>

<comp id="365" class="1004" name="tmp_data_V_7_fu_365">
<pin_list>
<pin id="366" dir="0" index="0" bw="128" slack="0"/>
<pin id="367" dir="1" index="1" bw="16" slack="1"/>
</pin_list>
<bind>
<opcode="extractvalue(56) " fcode="extractvalue"/>
<opset="tmp_data_V_7/3 "/>
</bind>
</comp>

<comp id="369" class="1004" name="icmp_ln1494_fu_369">
<pin_list>
<pin id="370" dir="0" index="0" bw="16" slack="1"/>
<pin id="371" dir="0" index="1" bw="16" slack="0"/>
<pin id="372" dir="1" index="2" bw="1" slack="0"/>
</pin_list>
<bind>
<opcode="icmp(45) " fcode="icmp"/>
<opset="icmp_ln1494/4 "/>
</bind>
</comp>

<comp id="374" class="1004" name="tmp_data_0_V_fu_374">
<pin_list>
<pin id="375" dir="0" index="0" bw="1" slack="0"/>
<pin id="376" dir="0" index="1" bw="16" slack="1"/>
<pin id="377" dir="0" index="2" bw="16" slack="0"/>
<pin id="378" dir="1" index="3" bw="16" slack="0"/>
</pin_list>
<bind>
<opcode="select(49) " fcode="select"/>
<opset="tmp_data_0_V/4 "/>
</bind>
</comp>

<comp id="382" class="1004" name="icmp_ln1494_1_fu_382">
<pin_list>
<pin id="383" dir="0" index="0" bw="16" slack="1"/>
<pin id="384" dir="0" index="1" bw="16" slack="0"/>
<pin id="385" dir="1" index="2" bw="1" slack="0"/>
</pin_list>
<bind>
<opcode="icmp(45) " fcode="icmp"/>
<opset="icmp_ln1494_1/4 "/>
</bind>
</comp>

<comp id="387" class="1004" name="tmp_data_1_V_fu_387">
<pin_list>
<pin id="388" dir="0" index="0" bw="1" slack="0"/>
<pin id="389" dir="0" index="1" bw="16" slack="1"/>
<pin id="390" dir="0" index="2" bw="16" slack="0"/>
<pin id="391" dir="1" index="3" bw="16" slack="0"/>
</pin_list>
<bind>
<opcode="select(49) " fcode="select"/>
<opset="tmp_data_1_V/4 "/>
</bind>
</comp>

<comp id="395" class="1004" name="icmp_ln1494_2_fu_395">
<pin_list>
<pin id="396" dir="0" index="0" bw="16" slack="1"/>
<pin id="397" dir="0" index="1" bw="16" slack="0"/>
<pin id="398" dir="1" index="2" bw="1" slack="0"/>
</pin_list>
<bind>
<opcode="icmp(45) " fcode="icmp"/>
<opset="icmp_ln1494_2/4 "/>
</bind>
</comp>

<comp id="400" class="1004" name="tmp_data_2_V_fu_400">
<pin_list>
<pin id="401" dir="0" index="0" bw="1" slack="0"/>
<pin id="402" dir="0" index="1" bw="16" slack="1"/>
<pin id="403" dir="0" index="2" bw="16" slack="0"/>
<pin id="404" dir="1" index="3" bw="16" slack="0"/>
</pin_list>
<bind>
<opcode="select(49) " fcode="select"/>
<opset="tmp_data_2_V/4 "/>
</bind>
</comp>

<comp id="408" class="1004" name="icmp_ln1494_3_fu_408">
<pin_list>
<pin id="409" dir="0" index="0" bw="16" slack="1"/>
<pin id="410" dir="0" index="1" bw="16" slack="0"/>
<pin id="411" dir="1" index="2" bw="1" slack="0"/>
</pin_list>
<bind>
<opcode="icmp(45) " fcode="icmp"/>
<opset="icmp_ln1494_3/4 "/>
</bind>
</comp>

<comp id="413" class="1004" name="tmp_data_3_V_fu_413">
<pin_list>
<pin id="414" dir="0" index="0" bw="1" slack="0"/>
<pin id="415" dir="0" index="1" bw="16" slack="1"/>
<pin id="416" dir="0" index="2" bw="16" slack="0"/>
<pin id="417" dir="1" index="3" bw="16" slack="0"/>
</pin_list>
<bind>
<opcode="select(49) " fcode="select"/>
<opset="tmp_data_3_V/4 "/>
</bind>
</comp>

<comp id="421" class="1004" name="icmp_ln1494_4_fu_421">
<pin_list>
<pin id="422" dir="0" index="0" bw="16" slack="1"/>
<pin id="423" dir="0" index="1" bw="16" slack="0"/>
<pin id="424" dir="1" index="2" bw="1" slack="0"/>
</pin_list>
<bind>
<opcode="icmp(45) " fcode="icmp"/>
<opset="icmp_ln1494_4/4 "/>
</bind>
</comp>

<comp id="426" class="1004" name="tmp_data_4_V_fu_426">
<pin_list>
<pin id="427" dir="0" index="0" bw="1" slack="0"/>
<pin id="428" dir="0" index="1" bw="16" slack="1"/>
<pin id="429" dir="0" index="2" bw="16" slack="0"/>
<pin id="430" dir="1" index="3" bw="16" slack="0"/>
</pin_list>
<bind>
<opcode="select(49) " fcode="select"/>
<opset="tmp_data_4_V/4 "/>
</bind>
</comp>

<comp id="434" class="1004" name="icmp_ln1494_5_fu_434">
<pin_list>
<pin id="435" dir="0" index="0" bw="16" slack="1"/>
<pin id="436" dir="0" index="1" bw="16" slack="0"/>
<pin id="437" dir="1" index="2" bw="1" slack="0"/>
</pin_list>
<bind>
<opcode="icmp(45) " fcode="icmp"/>
<opset="icmp_ln1494_5/4 "/>
</bind>
</comp>

<comp id="439" class="1004" name="tmp_data_5_V_fu_439">
<pin_list>
<pin id="440" dir="0" index="0" bw="1" slack="0"/>
<pin id="441" dir="0" index="1" bw="16" slack="1"/>
<pin id="442" dir="0" index="2" bw="16" slack="0"/>
<pin id="443" dir="1" index="3" bw="16" slack="0"/>
</pin_list>
<bind>
<opcode="select(49) " fcode="select"/>
<opset="tmp_data_5_V/4 "/>
</bind>
</comp>

<comp id="447" class="1004" name="icmp_ln1494_6_fu_447">
<pin_list>
<pin id="448" dir="0" index="0" bw="16" slack="1"/>
<pin id="449" dir="0" index="1" bw="16" slack="0"/>
<pin id="450" dir="1" index="2" bw="1" slack="0"/>
</pin_list>
<bind>
<opcode="icmp(45) " fcode="icmp"/>
<opset="icmp_ln1494_6/4 "/>
</bind>
</comp>

<comp id="452" class="1004" name="tmp_data_6_V_fu_452">
<pin_list>
<pin id="453" dir="0" index="0" bw="1" slack="0"/>
<pin id="454" dir="0" index="1" bw="16" slack="1"/>
<pin id="455" dir="0" index="2" bw="16" slack="0"/>
<pin id="456" dir="1" index="3" bw="16" slack="0"/>
</pin_list>
<bind>
<opcode="select(49) " fcode="select"/>
<opset="tmp_data_6_V/4 "/>
</bind>
</comp>

<comp id="460" class="1004" name="icmp_ln1494_7_fu_460">
<pin_list>
<pin id="461" dir="0" index="0" bw="16" slack="1"/>
<pin id="462" dir="0" index="1" bw="16" slack="0"/>
<pin id="463" dir="1" index="2" bw="1" slack="0"/>
</pin_list>
<bind>
<opcode="icmp(45) " fcode="icmp"/>
<opset="icmp_ln1494_7/4 "/>
</bind>
</comp>

<comp id="465" class="1004" name="tmp_data_7_V_fu_465">
<pin_list>
<pin id="466" dir="0" index="0" bw="1" slack="0"/>
<pin id="467" dir="0" index="1" bw="16" slack="1"/>
<pin id="468" dir="0" index="2" bw="16" slack="0"/>
<pin id="469" dir="1" index="3" bw="16" slack="0"/>
</pin_list>
<bind>
<opcode="select(49) " fcode="select"/>
<opset="tmp_data_7_V/4 "/>
</bind>
</comp>

<comp id="473" class="1005" name="icmp_ln60_reg_473">
<pin_list>
<pin id="474" dir="0" index="0" bw="1" slack="1"/>
<pin id="475" dir="1" index="1" bw="1" slack="2147483647"/>
</pin_list>
<bind>
<opset="icmp_ln60 "/>
</bind>
</comp>

<comp id="477" class="1005" name="i_reg_477">
<pin_list>
<pin id="478" dir="0" index="0" bw="8" slack="0"/>
<pin id="479" dir="1" index="1" bw="8" slack="0"/>
</pin_list>
<bind>
<opset="i "/>
</bind>
</comp>

<comp id="482" class="1005" name="tmp_data_V_0_reg_482">
<pin_list>
<pin id="483" dir="0" index="0" bw="16" slack="1"/>
<pin id="484" dir="1" index="1" bw="16" slack="1"/>
</pin_list>
<bind>
<opset="tmp_data_V_0 "/>
</bind>
</comp>

<comp id="488" class="1005" name="tmp_data_V_1_reg_488">
<pin_list>
<pin id="489" dir="0" index="0" bw="16" slack="1"/>
<pin id="490" dir="1" index="1" bw="16" slack="1"/>
</pin_list>
<bind>
<opset="tmp_data_V_1 "/>
</bind>
</comp>

<comp id="494" class="1005" name="tmp_data_V_213_reg_494">
<pin_list>
<pin id="495" dir="0" index="0" bw="16" slack="1"/>
<pin id="496" dir="1" index="1" bw="16" slack="1"/>
</pin_list>
<bind>
<opset="tmp_data_V_213 "/>
</bind>
</comp>

<comp id="500" class="1005" name="tmp_data_V_3_reg_500">
<pin_list>
<pin id="501" dir="0" index="0" bw="16" slack="1"/>
<pin id="502" dir="1" index="1" bw="16" slack="1"/>
</pin_list>
<bind>
<opset="tmp_data_V_3 "/>
</bind>
</comp>

<comp id="506" class="1005" name="tmp_data_V_4_reg_506">
<pin_list>
<pin id="507" dir="0" index="0" bw="16" slack="1"/>
<pin id="508" dir="1" index="1" bw="16" slack="1"/>
</pin_list>
<bind>
<opset="tmp_data_V_4 "/>
</bind>
</comp>

<comp id="512" class="1005" name="tmp_data_V_5_reg_512">
<pin_list>
<pin id="513" dir="0" index="0" bw="16" slack="1"/>
<pin id="514" dir="1" index="1" bw="16" slack="1"/>
</pin_list>
<bind>
<opset="tmp_data_V_5 "/>
</bind>
</comp>

<comp id="518" class="1005" name="tmp_data_V_6_reg_518">
<pin_list>
<pin id="519" dir="0" index="0" bw="16" slack="1"/>
<pin id="520" dir="1" index="1" bw="16" slack="1"/>
</pin_list>
<bind>
<opset="tmp_data_V_6 "/>
</bind>
</comp>

<comp id="524" class="1005" name="tmp_data_V_7_reg_524">
<pin_list>
<pin id="525" dir="0" index="0" bw="16" slack="1"/>
<pin id="526" dir="1" index="1" bw="16" slack="1"/>
</pin_list>
<bind>
<opset="tmp_data_V_7 "/>
</bind>
</comp>

</comp_list>

<net_list>
<net id="277"><net_src comp="244" pin="0"/><net_sink comp="266" pin=0"/></net>

<net id="278"><net_src comp="0" pin="0"/><net_sink comp="266" pin=1"/></net>

<net id="279"><net_src comp="2" pin="0"/><net_sink comp="266" pin=2"/></net>

<net id="280"><net_src comp="4" pin="0"/><net_sink comp="266" pin=3"/></net>

<net id="281"><net_src comp="6" pin="0"/><net_sink comp="266" pin=4"/></net>

<net id="282"><net_src comp="8" pin="0"/><net_sink comp="266" pin=5"/></net>

<net id="283"><net_src comp="10" pin="0"/><net_sink comp="266" pin=6"/></net>

<net id="284"><net_src comp="12" pin="0"/><net_sink comp="266" pin=7"/></net>

<net id="285"><net_src comp="14" pin="0"/><net_sink comp="266" pin=8"/></net>

<net id="305"><net_src comp="262" pin="0"/><net_sink comp="286" pin=0"/></net>

<net id="306"><net_src comp="16" pin="0"/><net_sink comp="286" pin=1"/></net>

<net id="307"><net_src comp="18" pin="0"/><net_sink comp="286" pin=2"/></net>

<net id="308"><net_src comp="20" pin="0"/><net_sink comp="286" pin=3"/></net>

<net id="309"><net_src comp="22" pin="0"/><net_sink comp="286" pin=4"/></net>

<net id="310"><net_src comp="24" pin="0"/><net_sink comp="286" pin=5"/></net>

<net id="311"><net_src comp="26" pin="0"/><net_sink comp="286" pin=6"/></net>

<net id="312"><net_src comp="28" pin="0"/><net_sink comp="286" pin=7"/></net>

<net id="313"><net_src comp="30" pin="0"/><net_sink comp="286" pin=8"/></net>

<net id="317"><net_src comp="234" pin="0"/><net_sink comp="314" pin=0"/></net>

<net id="324"><net_src comp="314" pin="1"/><net_sink comp="318" pin=0"/></net>

<net id="329"><net_src comp="318" pin="4"/><net_sink comp="325" pin=0"/></net>

<net id="330"><net_src comp="236" pin="0"/><net_sink comp="325" pin=1"/></net>

<net id="335"><net_src comp="318" pin="4"/><net_sink comp="331" pin=0"/></net>

<net id="336"><net_src comp="242" pin="0"/><net_sink comp="331" pin=1"/></net>

<net id="340"><net_src comp="266" pin="9"/><net_sink comp="337" pin=0"/></net>

<net id="344"><net_src comp="266" pin="9"/><net_sink comp="341" pin=0"/></net>

<net id="348"><net_src comp="266" pin="9"/><net_sink comp="345" pin=0"/></net>

<net id="352"><net_src comp="266" pin="9"/><net_sink comp="349" pin=0"/></net>

<net id="356"><net_src comp="266" pin="9"/><net_sink comp="353" pin=0"/></net>

<net id="360"><net_src comp="266" pin="9"/><net_sink comp="357" pin=0"/></net>

<net id="364"><net_src comp="266" pin="9"/><net_sink comp="361" pin=0"/></net>

<net id="368"><net_src comp="266" pin="9"/><net_sink comp="365" pin=0"/></net>

<net id="373"><net_src comp="260" pin="0"/><net_sink comp="369" pin=1"/></net>

<net id="379"><net_src comp="369" pin="2"/><net_sink comp="374" pin=0"/></net>

<net id="380"><net_src comp="260" pin="0"/><net_sink comp="374" pin=2"/></net>

<net id="381"><net_src comp="374" pin="3"/><net_sink comp="286" pin=9"/></net>

<net id="386"><net_src comp="260" pin="0"/><net_sink comp="382" pin=1"/></net>

<net id="392"><net_src comp="382" pin="2"/><net_sink comp="387" pin=0"/></net>

<net id="393"><net_src comp="260" pin="0"/><net_sink comp="387" pin=2"/></net>

<net id="394"><net_src comp="387" pin="3"/><net_sink comp="286" pin=10"/></net>

<net id="399"><net_src comp="260" pin="0"/><net_sink comp="395" pin=1"/></net>

<net id="405"><net_src comp="395" pin="2"/><net_sink comp="400" pin=0"/></net>

<net id="406"><net_src comp="260" pin="0"/><net_sink comp="400" pin=2"/></net>

<net id="407"><net_src comp="400" pin="3"/><net_sink comp="286" pin=11"/></net>

<net id="412"><net_src comp="260" pin="0"/><net_sink comp="408" pin=1"/></net>

<net id="418"><net_src comp="408" pin="2"/><net_sink comp="413" pin=0"/></net>

<net id="419"><net_src comp="260" pin="0"/><net_sink comp="413" pin=2"/></net>

<net id="420"><net_src comp="413" pin="3"/><net_sink comp="286" pin=12"/></net>

<net id="425"><net_src comp="260" pin="0"/><net_sink comp="421" pin=1"/></net>

<net id="431"><net_src comp="421" pin="2"/><net_sink comp="426" pin=0"/></net>

<net id="432"><net_src comp="260" pin="0"/><net_sink comp="426" pin=2"/></net>

<net id="433"><net_src comp="426" pin="3"/><net_sink comp="286" pin=13"/></net>

<net id="438"><net_src comp="260" pin="0"/><net_sink comp="434" pin=1"/></net>

<net id="444"><net_src comp="434" pin="2"/><net_sink comp="439" pin=0"/></net>

<net id="445"><net_src comp="260" pin="0"/><net_sink comp="439" pin=2"/></net>

<net id="446"><net_src comp="439" pin="3"/><net_sink comp="286" pin=14"/></net>

<net id="451"><net_src comp="260" pin="0"/><net_sink comp="447" pin=1"/></net>

<net id="457"><net_src comp="447" pin="2"/><net_sink comp="452" pin=0"/></net>

<net id="458"><net_src comp="260" pin="0"/><net_sink comp="452" pin=2"/></net>

<net id="459"><net_src comp="452" pin="3"/><net_sink comp="286" pin=15"/></net>

<net id="464"><net_src comp="260" pin="0"/><net_sink comp="460" pin=1"/></net>

<net id="470"><net_src comp="460" pin="2"/><net_sink comp="465" pin=0"/></net>

<net id="471"><net_src comp="260" pin="0"/><net_sink comp="465" pin=2"/></net>

<net id="472"><net_src comp="465" pin="3"/><net_sink comp="286" pin=16"/></net>

<net id="476"><net_src comp="325" pin="2"/><net_sink comp="473" pin=0"/></net>

<net id="480"><net_src comp="331" pin="2"/><net_sink comp="477" pin=0"/></net>

<net id="481"><net_src comp="477" pin="1"/><net_sink comp="318" pin=2"/></net>

<net id="485"><net_src comp="337" pin="1"/><net_sink comp="482" pin=0"/></net>

<net id="486"><net_src comp="482" pin="1"/><net_sink comp="369" pin=0"/></net>

<net id="487"><net_src comp="482" pin="1"/><net_sink comp="374" pin=1"/></net>

<net id="491"><net_src comp="341" pin="1"/><net_sink comp="488" pin=0"/></net>

<net id="492"><net_src comp="488" pin="1"/><net_sink comp="382" pin=0"/></net>

<net id="493"><net_src comp="488" pin="1"/><net_sink comp="387" pin=1"/></net>

<net id="497"><net_src comp="345" pin="1"/><net_sink comp="494" pin=0"/></net>

<net id="498"><net_src comp="494" pin="1"/><net_sink comp="395" pin=0"/></net>

<net id="499"><net_src comp="494" pin="1"/><net_sink comp="400" pin=1"/></net>

<net id="503"><net_src comp="349" pin="1"/><net_sink comp="500" pin=0"/></net>

<net id="504"><net_src comp="500" pin="1"/><net_sink comp="408" pin=0"/></net>

<net id="505"><net_src comp="500" pin="1"/><net_sink comp="413" pin=1"/></net>

<net id="509"><net_src comp="353" pin="1"/><net_sink comp="506" pin=0"/></net>

<net id="510"><net_src comp="506" pin="1"/><net_sink comp="421" pin=0"/></net>

<net id="511"><net_src comp="506" pin="1"/><net_sink comp="426" pin=1"/></net>

<net id="515"><net_src comp="357" pin="1"/><net_sink comp="512" pin=0"/></net>

<net id="516"><net_src comp="512" pin="1"/><net_sink comp="434" pin=0"/></net>

<net id="517"><net_src comp="512" pin="1"/><net_sink comp="439" pin=1"/></net>

<net id="521"><net_src comp="361" pin="1"/><net_sink comp="518" pin=0"/></net>

<net id="522"><net_src comp="518" pin="1"/><net_sink comp="447" pin=0"/></net>

<net id="523"><net_src comp="518" pin="1"/><net_sink comp="452" pin=1"/></net>

<net id="527"><net_src comp="365" pin="1"/><net_sink comp="524" pin=0"/></net>

<net id="528"><net_src comp="524" pin="1"/><net_sink comp="460" pin=0"/></net>

<net id="529"><net_src comp="524" pin="1"/><net_sink comp="465" pin=1"/></net>

</net_list>

</model> 
---------------- Datapath Model END ------------------

* FSMD analyzer results:
  - Output states:
	Port: res_V_data_0_V | {4 }
	Port: res_V_data_1_V | {4 }
	Port: res_V_data_2_V | {4 }
	Port: res_V_data_3_V | {4 }
	Port: res_V_data_4_V | {4 }
	Port: res_V_data_5_V | {4 }
	Port: res_V_data_6_V | {4 }
	Port: res_V_data_7_V | {4 }
 - Input state : 
	Port: relu<array,array<ap_fixed,8u>,relu_config6> : data_V_data_0_V | {3 }
	Port: relu<array,array<ap_fixed,8u>,relu_config6> : data_V_data_1_V | {3 }
	Port: relu<array,array<ap_fixed,8u>,relu_config6> : data_V_data_2_V | {3 }
	Port: relu<array,array<ap_fixed,8u>,relu_config6> : data_V_data_3_V | {3 }
	Port: relu<array,array<ap_fixed,8u>,relu_config6> : data_V_data_4_V | {3 }
	Port: relu<array,array<ap_fixed,8u>,relu_config6> : data_V_data_5_V | {3 }
	Port: relu<array,array<ap_fixed,8u>,relu_config6> : data_V_data_6_V | {3 }
	Port: relu<array,array<ap_fixed,8u>,relu_config6> : data_V_data_7_V | {3 }
  - Chain level:
	State 1
	State 2
		icmp_ln60 : 1
		i : 1
		br_ln60 : 2
	State 3
	State 4
		tmp_data_0_V : 1
		tmp_data_1_V : 1
		tmp_data_2_V : 1
		tmp_data_3_V : 1
		tmp_data_4_V : 1
		tmp_data_5_V : 1
		tmp_data_6_V : 1
		tmp_data_7_V : 1
		write_ln73 : 2
		empty_34 : 1
	State 5


============================================================
+ Verbose Summary: Datapath Resource usage 
============================================================

* Functional unit list:
|----------|-------------------------|---------|---------|
| Operation|     Functional Unit     |    FF   |   LUT   |
|----------|-------------------------|---------|---------|
|          |   tmp_data_0_V_fu_374   |    0    |    16   |
|          |   tmp_data_1_V_fu_387   |    0    |    16   |
|          |   tmp_data_2_V_fu_400   |    0    |    16   |
|  select  |   tmp_data_3_V_fu_413   |    0    |    16   |
|          |   tmp_data_4_V_fu_426   |    0    |    16   |
|          |   tmp_data_5_V_fu_439   |    0    |    16   |
|          |   tmp_data_6_V_fu_452   |    0    |    16   |
|          |   tmp_data_7_V_fu_465   |    0    |    16   |
|----------|-------------------------|---------|---------|
|          |     icmp_ln60_fu_325    |    0    |    11   |
|          |    icmp_ln1494_fu_369   |    0    |    13   |
|          |   icmp_ln1494_1_fu_382  |    0    |    13   |
|          |   icmp_ln1494_2_fu_395  |    0    |    13   |
|   icmp   |   icmp_ln1494_3_fu_408  |    0    |    13   |
|          |   icmp_ln1494_4_fu_421  |    0    |    13   |
|          |   icmp_ln1494_5_fu_434  |    0    |    13   |
|          |   icmp_ln1494_6_fu_447  |    0    |    13   |
|          |   icmp_ln1494_7_fu_460  |    0    |    13   |
|----------|-------------------------|---------|---------|
|    add   |         i_fu_331        |    0    |    15   |
|----------|-------------------------|---------|---------|
|   read   |   empty_33_read_fu_266  |    0    |    0    |
|----------|-------------------------|---------|---------|
|   write  | write_ln73_write_fu_286 |    0    |    0    |
|----------|-------------------------|---------|---------|
|          |   tmp_data_V_0_fu_337   |    0    |    0    |
|          |   tmp_data_V_1_fu_341   |    0    |    0    |
|          |  tmp_data_V_213_fu_345  |    0    |    0    |
|extractvalue|   tmp_data_V_3_fu_349   |    0    |    0    |
|          |   tmp_data_V_4_fu_353   |    0    |    0    |
|          |   tmp_data_V_5_fu_357   |    0    |    0    |
|          |   tmp_data_V_6_fu_361   |    0    |    0    |
|          |   tmp_data_V_7_fu_365   |    0    |    0    |
|----------|-------------------------|---------|---------|
|   Total  |                         |    0    |   258   |
|----------|-------------------------|---------|---------|

Memories:
N/A

* Register list:
+----------------------+--------+
|                      |   FF   |
+----------------------+--------+
|      i_0_reg_314     |    8   |
|       i_reg_477      |    8   |
|   icmp_ln60_reg_473  |    1   |
| tmp_data_V_0_reg_482 |   16   |
| tmp_data_V_1_reg_488 |   16   |
|tmp_data_V_213_reg_494|   16   |
| tmp_data_V_3_reg_500 |   16   |
| tmp_data_V_4_reg_506 |   16   |
| tmp_data_V_5_reg_512 |   16   |
| tmp_data_V_6_reg_518 |   16   |
| tmp_data_V_7_reg_524 |   16   |
+----------------------+--------+
|         Total        |   145  |
+----------------------+--------+

* Multiplexer (MUX) list: 
|--------|------|------|------|--------|
|  Comp  |  Pin | Size |  BW  | S x BW |
|--------|------|------|------|--------|
|  Total |      |      |      |    0   |
|--------|------|------|------|--------|



* Summary:
+-----------+--------+--------+
|           |   FF   |   LUT  |
+-----------+--------+--------+
|  Function |    0   |   258  |
|   Memory  |    -   |    -   |
|Multiplexer|    -   |    -   |
|  Register |   145  |    -   |
+-----------+--------+--------+
|   Total   |   145  |   258  |
+-----------+--------+--------+
