

================================================================
== Vivado HLS Report for 'relu_array_array_ap_fixed_16u_relu_config9_s'
================================================================
* Date:           Tue Jul 20 16:14:46 2021

* Version:        2019.2 (Build 2698951 on Thu Oct 24 19:15:34 MDT 2019)
* Project:        myproject_prj
* Solution:       solution1
* Product family: virtex7
* Target device:  xc7vx690t-ffg1761-2


================================================================
== Performance Estimates
================================================================
+ Timing: 
    * Summary: 
    +--------+---------+----------+------------+
    |  Clock |  Target | Estimated| Uncertainty|
    +--------+---------+----------+------------+
    |ap_clk  | 5.00 ns | 3.843 ns |   0.62 ns  |
    +--------+---------+----------+------------+

+ Latency: 
    * Summary: 
    +---------+---------+-----------+-----------+-----+-----+---------+
    |  Latency (cycles) |   Latency (absolute)  |  Interval | Pipeline|
    |   min   |   max   |    min    |    max    | min | max |   Type  |
    +---------+---------+-----------+-----------+-----+-----+---------+
    |       19|       19| 95.000 ns | 95.000 ns |   19|   19|   none  |
    +---------+---------+-----------+-----------+-----+-----+---------+

    + Detail: 
        * Instance: 
        N/A

        * Loop: 
        +---------------+---------+---------+----------+-----------+-----------+------+----------+
        |               |  Latency (cycles) | Iteration|  Initiation Interval  | Trip |          |
        |   Loop Name   |   min   |   max   |  Latency |  achieved |   target  | Count| Pipelined|
        +---------------+---------+---------+----------+-----------+-----------+------+----------+
        |- ReLUActLoop  |       17|       17|         3|          1|          1|    16|    yes   |
        +---------------+---------+---------+----------+-----------+-----------+------+----------+

============================================================
+ Verbose Summary: Synthesis Manager
============================================================
InlineROM: 1
ExposeGlobal: 0
============================================================
+ Verbose Summary: CDFG Model
============================================================
IsTopModel: 0
ResetActiveHigh: 1
IsCombinational: 2
IsDatapathOnly: 0
HasWiredReturn: 1
HasMFsm: 0
HasVarLatency: 1
IsPipeline: 0
IsRtlPipelined: 0
IsInstanceOverlapped: 0
IsDontTouch: 0
HasImplIP: 0
IsGatedGlobalClock: 0

+ Individual pipeline summary: 
  * Pipeline-0: initiation interval (II) = 1, depth = 3


============================================================
+ Verbose Summary: Schedule
============================================================
* Number of FSM states : 5
* Pipeline : 1
  Pipeline-0 : II = 1, D = 3, States = { 2 3 4 }
* Dataflow Pipeline: 0

* FSM state transitions: 
1 --> 2 
2 --> 5 3 
3 --> 4 
4 --> 2 
5 --> 

* FSM state operations: 

State 1 <SV = 0> <Delay = 0.85>
ST_1 : Operation 6 [1/1] (0.00ns)   --->   "call void (...)* @_ssdm_op_SpecInterface(i16* %res_V_data_15_V, [8 x i8]* @ap_fifo_str, i32 0, i32 0, [1 x i8]* @p_str1960, i32 0, i32 0, [1 x i8]* @p_str1961, [1 x i8]* @p_str1962, [1 x i8]* @p_str1963, i32 2, i32 2, i32 16, i32 16, [1 x i8]* @p_str1964, [1 x i8]* @p_str1965)"   --->   Operation 6 'specinterface' <Predicate = true> <Delay = 0.00>
ST_1 : Operation 7 [1/1] (0.00ns)   --->   "call void (...)* @_ssdm_op_SpecInterface(i16* %res_V_data_14_V, [8 x i8]* @ap_fifo_str, i32 0, i32 0, [1 x i8]* @p_str1953, i32 0, i32 0, [1 x i8]* @p_str1954, [1 x i8]* @p_str1955, [1 x i8]* @p_str1956, i32 2, i32 2, i32 16, i32 16, [1 x i8]* @p_str1957, [1 x i8]* @p_str1958)"   --->   Operation 7 'specinterface' <Predicate = true> <Delay = 0.00>
ST_1 : Operation 8 [1/1] (0.00ns)   --->   "call void (...)* @_ssdm_op_SpecInterface(i16* %res_V_data_13_V, [8 x i8]* @ap_fifo_str, i32 0, i32 0, [1 x i8]* @p_str1946, i32 0, i32 0, [1 x i8]* @p_str1947, [1 x i8]* @p_str1948, [1 x i8]* @p_str1949, i32 2, i32 2, i32 16, i32 16, [1 x i8]* @p_str1950, [1 x i8]* @p_str1951)"   --->   Operation 8 'specinterface' <Predicate = true> <Delay = 0.00>
ST_1 : Operation 9 [1/1] (0.00ns)   --->   "call void (...)* @_ssdm_op_SpecInterface(i16* %res_V_data_12_V, [8 x i8]* @ap_fifo_str, i32 0, i32 0, [1 x i8]* @p_str1939, i32 0, i32 0, [1 x i8]* @p_str1940, [1 x i8]* @p_str1941, [1 x i8]* @p_str1942, i32 2, i32 2, i32 16, i32 16, [1 x i8]* @p_str1943, [1 x i8]* @p_str1944)"   --->   Operation 9 'specinterface' <Predicate = true> <Delay = 0.00>
ST_1 : Operation 10 [1/1] (0.00ns)   --->   "call void (...)* @_ssdm_op_SpecInterface(i16* %res_V_data_11_V, [8 x i8]* @ap_fifo_str, i32 0, i32 0, [1 x i8]* @p_str1932, i32 0, i32 0, [1 x i8]* @p_str1933, [1 x i8]* @p_str1934, [1 x i8]* @p_str1935, i32 2, i32 2, i32 16, i32 16, [1 x i8]* @p_str1936, [1 x i8]* @p_str1937)"   --->   Operation 10 'specinterface' <Predicate = true> <Delay = 0.00>
ST_1 : Operation 11 [1/1] (0.00ns)   --->   "call void (...)* @_ssdm_op_SpecInterface(i16* %res_V_data_10_V, [8 x i8]* @ap_fifo_str, i32 0, i32 0, [1 x i8]* @p_str1925, i32 0, i32 0, [1 x i8]* @p_str1926, [1 x i8]* @p_str1927, [1 x i8]* @p_str1928, i32 2, i32 2, i32 16, i32 16, [1 x i8]* @p_str1929, [1 x i8]* @p_str1930)"   --->   Operation 11 'specinterface' <Predicate = true> <Delay = 0.00>
ST_1 : Operation 12 [1/1] (0.00ns)   --->   "call void (...)* @_ssdm_op_SpecInterface(i16* %res_V_data_9_V, [8 x i8]* @ap_fifo_str, i32 0, i32 0, [1 x i8]* @p_str1918, i32 0, i32 0, [1 x i8]* @p_str1919, [1 x i8]* @p_str1920, [1 x i8]* @p_str1921, i32 2, i32 2, i32 16, i32 16, [1 x i8]* @p_str1922, [1 x i8]* @p_str1923)"   --->   Operation 12 'specinterface' <Predicate = true> <Delay = 0.00>
ST_1 : Operation 13 [1/1] (0.00ns)   --->   "call void (...)* @_ssdm_op_SpecInterface(i16* %res_V_data_8_V, [8 x i8]* @ap_fifo_str, i32 0, i32 0, [1 x i8]* @p_str1911, i32 0, i32 0, [1 x i8]* @p_str1912, [1 x i8]* @p_str1913, [1 x i8]* @p_str1914, i32 2, i32 2, i32 16, i32 16, [1 x i8]* @p_str1915, [1 x i8]* @p_str1916)"   --->   Operation 13 'specinterface' <Predicate = true> <Delay = 0.00>
ST_1 : Operation 14 [1/1] (0.00ns)   --->   "call void (...)* @_ssdm_op_SpecInterface(i16* %res_V_data_7_V, [8 x i8]* @ap_fifo_str, i32 0, i32 0, [1 x i8]* @p_str1904, i32 0, i32 0, [1 x i8]* @p_str1905, [1 x i8]* @p_str1906, [1 x i8]* @p_str1907, i32 2, i32 2, i32 16, i32 16, [1 x i8]* @p_str1908, [1 x i8]* @p_str1909)"   --->   Operation 14 'specinterface' <Predicate = true> <Delay = 0.00>
ST_1 : Operation 15 [1/1] (0.00ns)   --->   "call void (...)* @_ssdm_op_SpecInterface(i16* %res_V_data_6_V, [8 x i8]* @ap_fifo_str, i32 0, i32 0, [1 x i8]* @p_str1897, i32 0, i32 0, [1 x i8]* @p_str1898, [1 x i8]* @p_str1899, [1 x i8]* @p_str1900, i32 2, i32 2, i32 16, i32 16, [1 x i8]* @p_str1901, [1 x i8]* @p_str1902)"   --->   Operation 15 'specinterface' <Predicate = true> <Delay = 0.00>
ST_1 : Operation 16 [1/1] (0.00ns)   --->   "call void (...)* @_ssdm_op_SpecInterface(i16* %res_V_data_5_V, [8 x i8]* @ap_fifo_str, i32 0, i32 0, [1 x i8]* @p_str1890, i32 0, i32 0, [1 x i8]* @p_str1891, [1 x i8]* @p_str1892, [1 x i8]* @p_str1893, i32 2, i32 2, i32 16, i32 16, [1 x i8]* @p_str1894, [1 x i8]* @p_str1895)"   --->   Operation 16 'specinterface' <Predicate = true> <Delay = 0.00>
ST_1 : Operation 17 [1/1] (0.00ns)   --->   "call void (...)* @_ssdm_op_SpecInterface(i16* %res_V_data_4_V, [8 x i8]* @ap_fifo_str, i32 0, i32 0, [1 x i8]* @p_str1883, i32 0, i32 0, [1 x i8]* @p_str1884, [1 x i8]* @p_str1885, [1 x i8]* @p_str1886, i32 2, i32 2, i32 16, i32 16, [1 x i8]* @p_str1887, [1 x i8]* @p_str1888)"   --->   Operation 17 'specinterface' <Predicate = true> <Delay = 0.00>
ST_1 : Operation 18 [1/1] (0.00ns)   --->   "call void (...)* @_ssdm_op_SpecInterface(i16* %res_V_data_3_V, [8 x i8]* @ap_fifo_str, i32 0, i32 0, [1 x i8]* @p_str1876, i32 0, i32 0, [1 x i8]* @p_str1877, [1 x i8]* @p_str1878, [1 x i8]* @p_str1879, i32 2, i32 2, i32 16, i32 16, [1 x i8]* @p_str1880, [1 x i8]* @p_str1881)"   --->   Operation 18 'specinterface' <Predicate = true> <Delay = 0.00>
ST_1 : Operation 19 [1/1] (0.00ns)   --->   "call void (...)* @_ssdm_op_SpecInterface(i16* %res_V_data_2_V, [8 x i8]* @ap_fifo_str, i32 0, i32 0, [1 x i8]* @p_str1869, i32 0, i32 0, [1 x i8]* @p_str1870, [1 x i8]* @p_str1871, [1 x i8]* @p_str1872, i32 2, i32 2, i32 16, i32 16, [1 x i8]* @p_str1873, [1 x i8]* @p_str1874)"   --->   Operation 19 'specinterface' <Predicate = true> <Delay = 0.00>
ST_1 : Operation 20 [1/1] (0.00ns)   --->   "call void (...)* @_ssdm_op_SpecInterface(i16* %res_V_data_1_V, [8 x i8]* @ap_fifo_str, i32 0, i32 0, [1 x i8]* @p_str1862, i32 0, i32 0, [1 x i8]* @p_str1863, [1 x i8]* @p_str1864, [1 x i8]* @p_str1865, i32 2, i32 2, i32 16, i32 16, [1 x i8]* @p_str1866, [1 x i8]* @p_str1867)"   --->   Operation 20 'specinterface' <Predicate = true> <Delay = 0.00>
ST_1 : Operation 21 [1/1] (0.00ns)   --->   "call void (...)* @_ssdm_op_SpecInterface(i16* %res_V_data_0_V, [8 x i8]* @ap_fifo_str, i32 0, i32 0, [1 x i8]* @p_str1855, i32 0, i32 0, [1 x i8]* @p_str1856, [1 x i8]* @p_str1857, [1 x i8]* @p_str1858, i32 2, i32 2, i32 16, i32 16, [1 x i8]* @p_str1859, [1 x i8]* @p_str1860)"   --->   Operation 21 'specinterface' <Predicate = true> <Delay = 0.00>
ST_1 : Operation 22 [1/1] (0.00ns)   --->   "call void (...)* @_ssdm_op_SpecInterface(i16* %data_V_data_15_V, [8 x i8]* @ap_fifo_str, i32 0, i32 0, [1 x i8]* @p_str1848, i32 0, i32 0, [1 x i8]* @p_str1849, [1 x i8]* @p_str1850, [1 x i8]* @p_str1851, i32 2, i32 2, i32 16, i32 16, [1 x i8]* @p_str1852, [1 x i8]* @p_str1853)"   --->   Operation 22 'specinterface' <Predicate = true> <Delay = 0.00>
ST_1 : Operation 23 [1/1] (0.00ns)   --->   "call void (...)* @_ssdm_op_SpecInterface(i16* %data_V_data_14_V, [8 x i8]* @ap_fifo_str, i32 0, i32 0, [1 x i8]* @p_str1841, i32 0, i32 0, [1 x i8]* @p_str1842, [1 x i8]* @p_str1843, [1 x i8]* @p_str1844, i32 2, i32 2, i32 16, i32 16, [1 x i8]* @p_str1845, [1 x i8]* @p_str1846)"   --->   Operation 23 'specinterface' <Predicate = true> <Delay = 0.00>
ST_1 : Operation 24 [1/1] (0.00ns)   --->   "call void (...)* @_ssdm_op_SpecInterface(i16* %data_V_data_13_V, [8 x i8]* @ap_fifo_str, i32 0, i32 0, [1 x i8]* @p_str1834, i32 0, i32 0, [1 x i8]* @p_str1835, [1 x i8]* @p_str1836, [1 x i8]* @p_str1837, i32 2, i32 2, i32 16, i32 16, [1 x i8]* @p_str1838, [1 x i8]* @p_str1839)"   --->   Operation 24 'specinterface' <Predicate = true> <Delay = 0.00>
ST_1 : Operation 25 [1/1] (0.00ns)   --->   "call void (...)* @_ssdm_op_SpecInterface(i16* %data_V_data_12_V, [8 x i8]* @ap_fifo_str, i32 0, i32 0, [1 x i8]* @p_str1827, i32 0, i32 0, [1 x i8]* @p_str1828, [1 x i8]* @p_str1829, [1 x i8]* @p_str1830, i32 2, i32 2, i32 16, i32 16, [1 x i8]* @p_str1831, [1 x i8]* @p_str1832)"   --->   Operation 25 'specinterface' <Predicate = true> <Delay = 0.00>
ST_1 : Operation 26 [1/1] (0.00ns)   --->   "call void (...)* @_ssdm_op_SpecInterface(i16* %data_V_data_11_V, [8 x i8]* @ap_fifo_str, i32 0, i32 0, [1 x i8]* @p_str1820, i32 0, i32 0, [1 x i8]* @p_str1821, [1 x i8]* @p_str1822, [1 x i8]* @p_str1823, i32 2, i32 2, i32 16, i32 16, [1 x i8]* @p_str1824, [1 x i8]* @p_str1825)"   --->   Operation 26 'specinterface' <Predicate = true> <Delay = 0.00>
ST_1 : Operation 27 [1/1] (0.00ns)   --->   "call void (...)* @_ssdm_op_SpecInterface(i16* %data_V_data_10_V, [8 x i8]* @ap_fifo_str, i32 0, i32 0, [1 x i8]* @p_str1813, i32 0, i32 0, [1 x i8]* @p_str1814, [1 x i8]* @p_str1815, [1 x i8]* @p_str1816, i32 2, i32 2, i32 16, i32 16, [1 x i8]* @p_str1817, [1 x i8]* @p_str1818)"   --->   Operation 27 'specinterface' <Predicate = true> <Delay = 0.00>
ST_1 : Operation 28 [1/1] (0.00ns)   --->   "call void (...)* @_ssdm_op_SpecInterface(i16* %data_V_data_9_V, [8 x i8]* @ap_fifo_str, i32 0, i32 0, [1 x i8]* @p_str1806, i32 0, i32 0, [1 x i8]* @p_str1807, [1 x i8]* @p_str1808, [1 x i8]* @p_str1809, i32 2, i32 2, i32 16, i32 16, [1 x i8]* @p_str1810, [1 x i8]* @p_str1811)"   --->   Operation 28 'specinterface' <Predicate = true> <Delay = 0.00>
ST_1 : Operation 29 [1/1] (0.00ns)   --->   "call void (...)* @_ssdm_op_SpecInterface(i16* %data_V_data_8_V, [8 x i8]* @ap_fifo_str, i32 0, i32 0, [1 x i8]* @p_str1799, i32 0, i32 0, [1 x i8]* @p_str1800, [1 x i8]* @p_str1801, [1 x i8]* @p_str1802, i32 2, i32 2, i32 16, i32 16, [1 x i8]* @p_str1803, [1 x i8]* @p_str1804)"   --->   Operation 29 'specinterface' <Predicate = true> <Delay = 0.00>
ST_1 : Operation 30 [1/1] (0.00ns)   --->   "call void (...)* @_ssdm_op_SpecInterface(i16* %data_V_data_7_V, [8 x i8]* @ap_fifo_str, i32 0, i32 0, [1 x i8]* @p_str1792, i32 0, i32 0, [1 x i8]* @p_str1793, [1 x i8]* @p_str1794, [1 x i8]* @p_str1795, i32 2, i32 2, i32 16, i32 16, [1 x i8]* @p_str1796, [1 x i8]* @p_str1797)"   --->   Operation 30 'specinterface' <Predicate = true> <Delay = 0.00>
ST_1 : Operation 31 [1/1] (0.00ns)   --->   "call void (...)* @_ssdm_op_SpecInterface(i16* %data_V_data_6_V, [8 x i8]* @ap_fifo_str, i32 0, i32 0, [1 x i8]* @p_str1785, i32 0, i32 0, [1 x i8]* @p_str1786, [1 x i8]* @p_str1787, [1 x i8]* @p_str1788, i32 2, i32 2, i32 16, i32 16, [1 x i8]* @p_str1789, [1 x i8]* @p_str1790)"   --->   Operation 31 'specinterface' <Predicate = true> <Delay = 0.00>
ST_1 : Operation 32 [1/1] (0.00ns)   --->   "call void (...)* @_ssdm_op_SpecInterface(i16* %data_V_data_5_V, [8 x i8]* @ap_fifo_str, i32 0, i32 0, [1 x i8]* @p_str1778, i32 0, i32 0, [1 x i8]* @p_str1779, [1 x i8]* @p_str1780, [1 x i8]* @p_str1781, i32 2, i32 2, i32 16, i32 16, [1 x i8]* @p_str1782, [1 x i8]* @p_str1783)"   --->   Operation 32 'specinterface' <Predicate = true> <Delay = 0.00>
ST_1 : Operation 33 [1/1] (0.00ns)   --->   "call void (...)* @_ssdm_op_SpecInterface(i16* %data_V_data_4_V, [8 x i8]* @ap_fifo_str, i32 0, i32 0, [1 x i8]* @p_str1771, i32 0, i32 0, [1 x i8]* @p_str1772, [1 x i8]* @p_str1773, [1 x i8]* @p_str1774, i32 2, i32 2, i32 16, i32 16, [1 x i8]* @p_str1775, [1 x i8]* @p_str1776)"   --->   Operation 33 'specinterface' <Predicate = true> <Delay = 0.00>
ST_1 : Operation 34 [1/1] (0.00ns)   --->   "call void (...)* @_ssdm_op_SpecInterface(i16* %data_V_data_3_V, [8 x i8]* @ap_fifo_str, i32 0, i32 0, [1 x i8]* @p_str1764, i32 0, i32 0, [1 x i8]* @p_str1765, [1 x i8]* @p_str1766, [1 x i8]* @p_str1767, i32 2, i32 2, i32 16, i32 16, [1 x i8]* @p_str1768, [1 x i8]* @p_str1769)"   --->   Operation 34 'specinterface' <Predicate = true> <Delay = 0.00>
ST_1 : Operation 35 [1/1] (0.00ns)   --->   "call void (...)* @_ssdm_op_SpecInterface(i16* %data_V_data_2_V, [8 x i8]* @ap_fifo_str, i32 0, i32 0, [1 x i8]* @p_str1757, i32 0, i32 0, [1 x i8]* @p_str1758, [1 x i8]* @p_str1759, [1 x i8]* @p_str1760, i32 2, i32 2, i32 16, i32 16, [1 x i8]* @p_str1761, [1 x i8]* @p_str1762)"   --->   Operation 35 'specinterface' <Predicate = true> <Delay = 0.00>
ST_1 : Operation 36 [1/1] (0.00ns)   --->   "call void (...)* @_ssdm_op_SpecInterface(i16* %data_V_data_1_V, [8 x i8]* @ap_fifo_str, i32 0, i32 0, [1 x i8]* @p_str1750, i32 0, i32 0, [1 x i8]* @p_str1751, [1 x i8]* @p_str1752, [1 x i8]* @p_str1753, i32 2, i32 2, i32 16, i32 16, [1 x i8]* @p_str1754, [1 x i8]* @p_str1755)"   --->   Operation 36 'specinterface' <Predicate = true> <Delay = 0.00>
ST_1 : Operation 37 [1/1] (0.00ns)   --->   "call void (...)* @_ssdm_op_SpecInterface(i16* %data_V_data_0_V, [8 x i8]* @ap_fifo_str, i32 0, i32 0, [1 x i8]* @p_str1743, i32 0, i32 0, [1 x i8]* @p_str1744, [1 x i8]* @p_str1745, [1 x i8]* @p_str1746, i32 2, i32 2, i32 16, i32 16, [1 x i8]* @p_str1747, [1 x i8]* @p_str1748)"   --->   Operation 37 'specinterface' <Predicate = true> <Delay = 0.00>
ST_1 : Operation 38 [1/1] (0.85ns)   --->   "br label %1" [firmware/nnet_utils/nnet_activation_stream.h:60]   --->   Operation 38 'br' <Predicate = true> <Delay = 0.85>

State 2 <SV = 1> <Delay = 0.87>
ST_2 : Operation 39 [1/1] (0.00ns)   --->   "%i_0 = phi i5 [ 0, %0 ], [ %i, %ReLUActLoop ]"   --->   Operation 39 'phi' 'i_0' <Predicate = true> <Delay = 0.00>
ST_2 : Operation 40 [1/1] (0.87ns)   --->   "%icmp_ln60 = icmp eq i5 %i_0, -16" [firmware/nnet_utils/nnet_activation_stream.h:60]   --->   Operation 40 'icmp' 'icmp_ln60' <Predicate = true> <Delay = 0.87> <Core = "Cmp">   --->   Core 25 'Cmp' <Latency = 0> <II = 1> <Delay = 1.18> <FuncUnit> <Opcode : 'icmp'> <InPorts = 2> <OutPorts = 1>
ST_2 : Operation 41 [1/1] (0.00ns)   --->   "%empty = call i32 (...)* @_ssdm_op_SpecLoopTripCount(i64 16, i64 16, i64 16)"   --->   Operation 41 'speclooptripcount' 'empty' <Predicate = true> <Delay = 0.00>
ST_2 : Operation 42 [1/1] (0.34ns)   --->   "%i = add i5 %i_0, 1" [firmware/nnet_utils/nnet_activation_stream.h:60]   --->   Operation 42 'add' 'i' <Predicate = true> <Delay = 0.34> <Core = "AddSub">   --->   Core 14 'AddSub' <Latency = 0> <II = 1> <Delay = 0.34> <FuncUnit> <Opcode : 'add' 'sub'> <InPorts = 2> <OutPorts = 1>
ST_2 : Operation 43 [1/1] (0.00ns)   --->   "br i1 %icmp_ln60, label %2, label %ReLUActLoop" [firmware/nnet_utils/nnet_activation_stream.h:60]   --->   Operation 43 'br' <Predicate = true> <Delay = 0.00>

State 3 <SV = 2> <Delay = 2.18>
ST_3 : Operation 44 [1/1] (2.18ns)   --->   "%empty_37 = call { i16, i16, i16, i16, i16, i16, i16, i16, i16, i16, i16, i16, i16, i16, i16, i16 } @_ssdm_op_Read.ap_fifo.volatile.i16P.i16P.i16P.i16P.i16P.i16P.i16P.i16P.i16P.i16P.i16P.i16P.i16P.i16P.i16P.i16P(i16* %data_V_data_0_V, i16* %data_V_data_1_V, i16* %data_V_data_2_V, i16* %data_V_data_3_V, i16* %data_V_data_4_V, i16* %data_V_data_5_V, i16* %data_V_data_6_V, i16* %data_V_data_7_V, i16* %data_V_data_8_V, i16* %data_V_data_9_V, i16* %data_V_data_10_V, i16* %data_V_data_11_V, i16* %data_V_data_12_V, i16* %data_V_data_13_V, i16* %data_V_data_14_V, i16* %data_V_data_15_V)" [firmware/nnet_utils/nnet_activation_stream.h:63]   --->   Operation 44 'read' 'empty_37' <Predicate = (!icmp_ln60)> <Delay = 2.18> <Core = "FIFO">   --->   Core 32 'FIFO' <Latency = 0> <II = 1> <Delay = 2.39> <Storage> <Opcode : 'read' 'write' 'nbread' 'nbwrite'> <Ports = 0> <Width = 16> <Depth = 1> <FIFO>
ST_3 : Operation 45 [1/1] (0.00ns)   --->   "%tmp_data_V_0 = extractvalue { i16, i16, i16, i16, i16, i16, i16, i16, i16, i16, i16, i16, i16, i16, i16, i16 } %empty_37, 0" [firmware/nnet_utils/nnet_activation_stream.h:63]   --->   Operation 45 'extractvalue' 'tmp_data_V_0' <Predicate = (!icmp_ln60)> <Delay = 0.00>
ST_3 : Operation 46 [1/1] (0.00ns)   --->   "%tmp_data_V_1 = extractvalue { i16, i16, i16, i16, i16, i16, i16, i16, i16, i16, i16, i16, i16, i16, i16, i16 } %empty_37, 1" [firmware/nnet_utils/nnet_activation_stream.h:63]   --->   Operation 46 'extractvalue' 'tmp_data_V_1' <Predicate = (!icmp_ln60)> <Delay = 0.00>
ST_3 : Operation 47 [1/1] (0.00ns)   --->   "%tmp_data_V_2 = extractvalue { i16, i16, i16, i16, i16, i16, i16, i16, i16, i16, i16, i16, i16, i16, i16, i16 } %empty_37, 2" [firmware/nnet_utils/nnet_activation_stream.h:63]   --->   Operation 47 'extractvalue' 'tmp_data_V_2' <Predicate = (!icmp_ln60)> <Delay = 0.00>
ST_3 : Operation 48 [1/1] (0.00ns)   --->   "%tmp_data_V_3 = extractvalue { i16, i16, i16, i16, i16, i16, i16, i16, i16, i16, i16, i16, i16, i16, i16, i16 } %empty_37, 3" [firmware/nnet_utils/nnet_activation_stream.h:63]   --->   Operation 48 'extractvalue' 'tmp_data_V_3' <Predicate = (!icmp_ln60)> <Delay = 0.00>
ST_3 : Operation 49 [1/1] (0.00ns)   --->   "%tmp_data_V_421 = extractvalue { i16, i16, i16, i16, i16, i16, i16, i16, i16, i16, i16, i16, i16, i16, i16, i16 } %empty_37, 4" [firmware/nnet_utils/nnet_activation_stream.h:63]   --->   Operation 49 'extractvalue' 'tmp_data_V_421' <Predicate = (!icmp_ln60)> <Delay = 0.00>
ST_3 : Operation 50 [1/1] (0.00ns)   --->   "%tmp_data_V_5 = extractvalue { i16, i16, i16, i16, i16, i16, i16, i16, i16, i16, i16, i16, i16, i16, i16, i16 } %empty_37, 5" [firmware/nnet_utils/nnet_activation_stream.h:63]   --->   Operation 50 'extractvalue' 'tmp_data_V_5' <Predicate = (!icmp_ln60)> <Delay = 0.00>
ST_3 : Operation 51 [1/1] (0.00ns)   --->   "%tmp_data_V_6 = extractvalue { i16, i16, i16, i16, i16, i16, i16, i16, i16, i16, i16, i16, i16, i16, i16, i16 } %empty_37, 6" [firmware/nnet_utils/nnet_activation_stream.h:63]   --->   Operation 51 'extractvalue' 'tmp_data_V_6' <Predicate = (!icmp_ln60)> <Delay = 0.00>
ST_3 : Operation 52 [1/1] (0.00ns)   --->   "%tmp_data_V_7 = extractvalue { i16, i16, i16, i16, i16, i16, i16, i16, i16, i16, i16, i16, i16, i16, i16, i16 } %empty_37, 7" [firmware/nnet_utils/nnet_activation_stream.h:63]   --->   Operation 52 'extractvalue' 'tmp_data_V_7' <Predicate = (!icmp_ln60)> <Delay = 0.00>
ST_3 : Operation 53 [1/1] (0.00ns)   --->   "%tmp_data_V_8 = extractvalue { i16, i16, i16, i16, i16, i16, i16, i16, i16, i16, i16, i16, i16, i16, i16, i16 } %empty_37, 8" [firmware/nnet_utils/nnet_activation_stream.h:63]   --->   Operation 53 'extractvalue' 'tmp_data_V_8' <Predicate = (!icmp_ln60)> <Delay = 0.00>
ST_3 : Operation 54 [1/1] (0.00ns)   --->   "%tmp_data_V_9 = extractvalue { i16, i16, i16, i16, i16, i16, i16, i16, i16, i16, i16, i16, i16, i16, i16, i16 } %empty_37, 9" [firmware/nnet_utils/nnet_activation_stream.h:63]   --->   Operation 54 'extractvalue' 'tmp_data_V_9' <Predicate = (!icmp_ln60)> <Delay = 0.00>
ST_3 : Operation 55 [1/1] (0.00ns)   --->   "%tmp_data_V_10 = extractvalue { i16, i16, i16, i16, i16, i16, i16, i16, i16, i16, i16, i16, i16, i16, i16, i16 } %empty_37, 10" [firmware/nnet_utils/nnet_activation_stream.h:63]   --->   Operation 55 'extractvalue' 'tmp_data_V_10' <Predicate = (!icmp_ln60)> <Delay = 0.00>
ST_3 : Operation 56 [1/1] (0.00ns)   --->   "%tmp_data_V_11 = extractvalue { i16, i16, i16, i16, i16, i16, i16, i16, i16, i16, i16, i16, i16, i16, i16, i16 } %empty_37, 11" [firmware/nnet_utils/nnet_activation_stream.h:63]   --->   Operation 56 'extractvalue' 'tmp_data_V_11' <Predicate = (!icmp_ln60)> <Delay = 0.00>
ST_3 : Operation 57 [1/1] (0.00ns)   --->   "%tmp_data_V_12 = extractvalue { i16, i16, i16, i16, i16, i16, i16, i16, i16, i16, i16, i16, i16, i16, i16, i16 } %empty_37, 12" [firmware/nnet_utils/nnet_activation_stream.h:63]   --->   Operation 57 'extractvalue' 'tmp_data_V_12' <Predicate = (!icmp_ln60)> <Delay = 0.00>
ST_3 : Operation 58 [1/1] (0.00ns)   --->   "%tmp_data_V_13 = extractvalue { i16, i16, i16, i16, i16, i16, i16, i16, i16, i16, i16, i16, i16, i16, i16, i16 } %empty_37, 13" [firmware/nnet_utils/nnet_activation_stream.h:63]   --->   Operation 58 'extractvalue' 'tmp_data_V_13' <Predicate = (!icmp_ln60)> <Delay = 0.00>
ST_3 : Operation 59 [1/1] (0.00ns)   --->   "%tmp_data_V_14 = extractvalue { i16, i16, i16, i16, i16, i16, i16, i16, i16, i16, i16, i16, i16, i16, i16, i16 } %empty_37, 14" [firmware/nnet_utils/nnet_activation_stream.h:63]   --->   Operation 59 'extractvalue' 'tmp_data_V_14' <Predicate = (!icmp_ln60)> <Delay = 0.00>
ST_3 : Operation 60 [1/1] (0.00ns)   --->   "%tmp_data_V_15 = extractvalue { i16, i16, i16, i16, i16, i16, i16, i16, i16, i16, i16, i16, i16, i16, i16, i16 } %empty_37, 15" [firmware/nnet_utils/nnet_activation_stream.h:63]   --->   Operation 60 'extractvalue' 'tmp_data_V_15' <Predicate = (!icmp_ln60)> <Delay = 0.00>

State 4 <SV = 3> <Delay = 3.84>
ST_4 : Operation 61 [1/1] (0.00ns)   --->   "call void (...)* @_ssdm_op_SpecLoopName([12 x i8]* @p_str47) nounwind" [firmware/nnet_utils/nnet_activation_stream.h:60]   --->   Operation 61 'specloopname' <Predicate = (!icmp_ln60)> <Delay = 0.00>
ST_4 : Operation 62 [1/1] (0.00ns)   --->   "%tmp = call i32 (...)* @_ssdm_op_SpecRegionBegin([12 x i8]* @p_str47)" [firmware/nnet_utils/nnet_activation_stream.h:60]   --->   Operation 62 'specregionbegin' 'tmp' <Predicate = (!icmp_ln60)> <Delay = 0.00>
ST_4 : Operation 63 [1/1] (0.00ns)   --->   "call void (...)* @_ssdm_op_SpecPipeline(i32 -1, i32 1, i32 1, i32 0, [1 x i8]* @p_str15) nounwind" [firmware/nnet_utils/nnet_activation_stream.h:61]   --->   Operation 63 'specpipeline' <Predicate = (!icmp_ln60)> <Delay = 0.00>
ST_4 : Operation 64 [1/1] (1.18ns)   --->   "%icmp_ln1494 = icmp sgt i16 %tmp_data_V_0, 0" [firmware/nnet_utils/nnet_activation_stream.h:69]   --->   Operation 64 'icmp' 'icmp_ln1494' <Predicate = (!icmp_ln60)> <Delay = 1.18> <Core = "Cmp">   --->   Core 25 'Cmp' <Latency = 0> <II = 1> <Delay = 1.18> <FuncUnit> <Opcode : 'icmp'> <InPorts = 2> <OutPorts = 1>
ST_4 : Operation 65 [1/1] (0.47ns)   --->   "%tmp_data_0_V = select i1 %icmp_ln1494, i16 %tmp_data_V_0, i16 0" [firmware/nnet_utils/nnet_activation_stream.h:69]   --->   Operation 65 'select' 'tmp_data_0_V' <Predicate = (!icmp_ln60)> <Delay = 0.47> <Core = "Sel">   --->   Core 26 'Sel' <Latency = 0> <II = 1> <Delay = 0.47> <FuncUnit> <Opcode : 'select'> <InPorts = 3> <OutPorts = 1>
ST_4 : Operation 66 [1/1] (1.18ns)   --->   "%icmp_ln1494_1 = icmp sgt i16 %tmp_data_V_1, 0" [firmware/nnet_utils/nnet_activation_stream.h:69]   --->   Operation 66 'icmp' 'icmp_ln1494_1' <Predicate = (!icmp_ln60)> <Delay = 1.18> <Core = "Cmp">   --->   Core 25 'Cmp' <Latency = 0> <II = 1> <Delay = 1.18> <FuncUnit> <Opcode : 'icmp'> <InPorts = 2> <OutPorts = 1>
ST_4 : Operation 67 [1/1] (0.47ns)   --->   "%tmp_data_1_V = select i1 %icmp_ln1494_1, i16 %tmp_data_V_1, i16 0" [firmware/nnet_utils/nnet_activation_stream.h:69]   --->   Operation 67 'select' 'tmp_data_1_V' <Predicate = (!icmp_ln60)> <Delay = 0.47> <Core = "Sel">   --->   Core 26 'Sel' <Latency = 0> <II = 1> <Delay = 0.47> <FuncUnit> <Opcode : 'select'> <InPorts = 3> <OutPorts = 1>
ST_4 : Operation 68 [1/1] (1.18ns)   --->   "%icmp_ln1494_2 = icmp sgt i16 %tmp_data_V_2, 0" [firmware/nnet_utils/nnet_activation_stream.h:69]   --->   Operation 68 'icmp' 'icmp_ln1494_2' <Predicate = (!icmp_ln60)> <Delay = 1.18> <Core = "Cmp">   --->   Core 25 'Cmp' <Latency = 0> <II = 1> <Delay = 1.18> <FuncUnit> <Opcode : 'icmp'> <InPorts = 2> <OutPorts = 1>
ST_4 : Operation 69 [1/1] (0.47ns)   --->   "%tmp_data_2_V = select i1 %icmp_ln1494_2, i16 %tmp_data_V_2, i16 0" [firmware/nnet_utils/nnet_activation_stream.h:69]   --->   Operation 69 'select' 'tmp_data_2_V' <Predicate = (!icmp_ln60)> <Delay = 0.47> <Core = "Sel">   --->   Core 26 'Sel' <Latency = 0> <II = 1> <Delay = 0.47> <FuncUnit> <Opcode : 'select'> <InPorts = 3> <OutPorts = 1>
ST_4 : Operation 70 [1/1] (1.18ns)   --->   "%icmp_ln1494_3 = icmp sgt i16 %tmp_data_V_3, 0" [firmware/nnet_utils/nnet_activation_stream.h:69]   --->   Operation 70 'icmp' 'icmp_ln1494_3' <Predicate = (!icmp_ln60)> <Delay = 1.18> <Core = "Cmp">   --->   Core 25 'Cmp' <Latency = 0> <II = 1> <Delay = 1.18> <FuncUnit> <Opcode : 'icmp'> <InPorts = 2> <OutPorts = 1>
ST_4 : Operation 71 [1/1] (0.47ns)   --->   "%tmp_data_3_V = select i1 %icmp_ln1494_3, i16 %tmp_data_V_3, i16 0" [firmware/nnet_utils/nnet_activation_stream.h:69]   --->   Operation 71 'select' 'tmp_data_3_V' <Predicate = (!icmp_ln60)> <Delay = 0.47> <Core = "Sel">   --->   Core 26 'Sel' <Latency = 0> <II = 1> <Delay = 0.47> <FuncUnit> <Opcode : 'select'> <InPorts = 3> <OutPorts = 1>
ST_4 : Operation 72 [1/1] (1.18ns)   --->   "%icmp_ln1494_4 = icmp sgt i16 %tmp_data_V_421, 0" [firmware/nnet_utils/nnet_activation_stream.h:69]   --->   Operation 72 'icmp' 'icmp_ln1494_4' <Predicate = (!icmp_ln60)> <Delay = 1.18> <Core = "Cmp">   --->   Core 25 'Cmp' <Latency = 0> <II = 1> <Delay = 1.18> <FuncUnit> <Opcode : 'icmp'> <InPorts = 2> <OutPorts = 1>
ST_4 : Operation 73 [1/1] (0.47ns)   --->   "%tmp_data_4_V = select i1 %icmp_ln1494_4, i16 %tmp_data_V_421, i16 0" [firmware/nnet_utils/nnet_activation_stream.h:69]   --->   Operation 73 'select' 'tmp_data_4_V' <Predicate = (!icmp_ln60)> <Delay = 0.47> <Core = "Sel">   --->   Core 26 'Sel' <Latency = 0> <II = 1> <Delay = 0.47> <FuncUnit> <Opcode : 'select'> <InPorts = 3> <OutPorts = 1>
ST_4 : Operation 74 [1/1] (1.18ns)   --->   "%icmp_ln1494_5 = icmp sgt i16 %tmp_data_V_5, 0" [firmware/nnet_utils/nnet_activation_stream.h:69]   --->   Operation 74 'icmp' 'icmp_ln1494_5' <Predicate = (!icmp_ln60)> <Delay = 1.18> <Core = "Cmp">   --->   Core 25 'Cmp' <Latency = 0> <II = 1> <Delay = 1.18> <FuncUnit> <Opcode : 'icmp'> <InPorts = 2> <OutPorts = 1>
ST_4 : Operation 75 [1/1] (0.47ns)   --->   "%tmp_data_5_V = select i1 %icmp_ln1494_5, i16 %tmp_data_V_5, i16 0" [firmware/nnet_utils/nnet_activation_stream.h:69]   --->   Operation 75 'select' 'tmp_data_5_V' <Predicate = (!icmp_ln60)> <Delay = 0.47> <Core = "Sel">   --->   Core 26 'Sel' <Latency = 0> <II = 1> <Delay = 0.47> <FuncUnit> <Opcode : 'select'> <InPorts = 3> <OutPorts = 1>
ST_4 : Operation 76 [1/1] (1.18ns)   --->   "%icmp_ln1494_6 = icmp sgt i16 %tmp_data_V_6, 0" [firmware/nnet_utils/nnet_activation_stream.h:69]   --->   Operation 76 'icmp' 'icmp_ln1494_6' <Predicate = (!icmp_ln60)> <Delay = 1.18> <Core = "Cmp">   --->   Core 25 'Cmp' <Latency = 0> <II = 1> <Delay = 1.18> <FuncUnit> <Opcode : 'icmp'> <InPorts = 2> <OutPorts = 1>
ST_4 : Operation 77 [1/1] (0.47ns)   --->   "%tmp_data_6_V = select i1 %icmp_ln1494_6, i16 %tmp_data_V_6, i16 0" [firmware/nnet_utils/nnet_activation_stream.h:69]   --->   Operation 77 'select' 'tmp_data_6_V' <Predicate = (!icmp_ln60)> <Delay = 0.47> <Core = "Sel">   --->   Core 26 'Sel' <Latency = 0> <II = 1> <Delay = 0.47> <FuncUnit> <Opcode : 'select'> <InPorts = 3> <OutPorts = 1>
ST_4 : Operation 78 [1/1] (1.18ns)   --->   "%icmp_ln1494_7 = icmp sgt i16 %tmp_data_V_7, 0" [firmware/nnet_utils/nnet_activation_stream.h:69]   --->   Operation 78 'icmp' 'icmp_ln1494_7' <Predicate = (!icmp_ln60)> <Delay = 1.18> <Core = "Cmp">   --->   Core 25 'Cmp' <Latency = 0> <II = 1> <Delay = 1.18> <FuncUnit> <Opcode : 'icmp'> <InPorts = 2> <OutPorts = 1>
ST_4 : Operation 79 [1/1] (0.47ns)   --->   "%tmp_data_7_V = select i1 %icmp_ln1494_7, i16 %tmp_data_V_7, i16 0" [firmware/nnet_utils/nnet_activation_stream.h:69]   --->   Operation 79 'select' 'tmp_data_7_V' <Predicate = (!icmp_ln60)> <Delay = 0.47> <Core = "Sel">   --->   Core 26 'Sel' <Latency = 0> <II = 1> <Delay = 0.47> <FuncUnit> <Opcode : 'select'> <InPorts = 3> <OutPorts = 1>
ST_4 : Operation 80 [1/1] (1.18ns)   --->   "%icmp_ln1494_8 = icmp sgt i16 %tmp_data_V_8, 0" [firmware/nnet_utils/nnet_activation_stream.h:69]   --->   Operation 80 'icmp' 'icmp_ln1494_8' <Predicate = (!icmp_ln60)> <Delay = 1.18> <Core = "Cmp">   --->   Core 25 'Cmp' <Latency = 0> <II = 1> <Delay = 1.18> <FuncUnit> <Opcode : 'icmp'> <InPorts = 2> <OutPorts = 1>
ST_4 : Operation 81 [1/1] (0.47ns)   --->   "%tmp_data_8_V = select i1 %icmp_ln1494_8, i16 %tmp_data_V_8, i16 0" [firmware/nnet_utils/nnet_activation_stream.h:69]   --->   Operation 81 'select' 'tmp_data_8_V' <Predicate = (!icmp_ln60)> <Delay = 0.47> <Core = "Sel">   --->   Core 26 'Sel' <Latency = 0> <II = 1> <Delay = 0.47> <FuncUnit> <Opcode : 'select'> <InPorts = 3> <OutPorts = 1>
ST_4 : Operation 82 [1/1] (1.18ns)   --->   "%icmp_ln1494_9 = icmp sgt i16 %tmp_data_V_9, 0" [firmware/nnet_utils/nnet_activation_stream.h:69]   --->   Operation 82 'icmp' 'icmp_ln1494_9' <Predicate = (!icmp_ln60)> <Delay = 1.18> <Core = "Cmp">   --->   Core 25 'Cmp' <Latency = 0> <II = 1> <Delay = 1.18> <FuncUnit> <Opcode : 'icmp'> <InPorts = 2> <OutPorts = 1>
ST_4 : Operation 83 [1/1] (0.47ns)   --->   "%tmp_data_9_V = select i1 %icmp_ln1494_9, i16 %tmp_data_V_9, i16 0" [firmware/nnet_utils/nnet_activation_stream.h:69]   --->   Operation 83 'select' 'tmp_data_9_V' <Predicate = (!icmp_ln60)> <Delay = 0.47> <Core = "Sel">   --->   Core 26 'Sel' <Latency = 0> <II = 1> <Delay = 0.47> <FuncUnit> <Opcode : 'select'> <InPorts = 3> <OutPorts = 1>
ST_4 : Operation 84 [1/1] (1.18ns)   --->   "%icmp_ln1494_10 = icmp sgt i16 %tmp_data_V_10, 0" [firmware/nnet_utils/nnet_activation_stream.h:69]   --->   Operation 84 'icmp' 'icmp_ln1494_10' <Predicate = (!icmp_ln60)> <Delay = 1.18> <Core = "Cmp">   --->   Core 25 'Cmp' <Latency = 0> <II = 1> <Delay = 1.18> <FuncUnit> <Opcode : 'icmp'> <InPorts = 2> <OutPorts = 1>
ST_4 : Operation 85 [1/1] (0.47ns)   --->   "%tmp_data_10_V = select i1 %icmp_ln1494_10, i16 %tmp_data_V_10, i16 0" [firmware/nnet_utils/nnet_activation_stream.h:69]   --->   Operation 85 'select' 'tmp_data_10_V' <Predicate = (!icmp_ln60)> <Delay = 0.47> <Core = "Sel">   --->   Core 26 'Sel' <Latency = 0> <II = 1> <Delay = 0.47> <FuncUnit> <Opcode : 'select'> <InPorts = 3> <OutPorts = 1>
ST_4 : Operation 86 [1/1] (1.18ns)   --->   "%icmp_ln1494_11 = icmp sgt i16 %tmp_data_V_11, 0" [firmware/nnet_utils/nnet_activation_stream.h:69]   --->   Operation 86 'icmp' 'icmp_ln1494_11' <Predicate = (!icmp_ln60)> <Delay = 1.18> <Core = "Cmp">   --->   Core 25 'Cmp' <Latency = 0> <II = 1> <Delay = 1.18> <FuncUnit> <Opcode : 'icmp'> <InPorts = 2> <OutPorts = 1>
ST_4 : Operation 87 [1/1] (0.47ns)   --->   "%tmp_data_11_V = select i1 %icmp_ln1494_11, i16 %tmp_data_V_11, i16 0" [firmware/nnet_utils/nnet_activation_stream.h:69]   --->   Operation 87 'select' 'tmp_data_11_V' <Predicate = (!icmp_ln60)> <Delay = 0.47> <Core = "Sel">   --->   Core 26 'Sel' <Latency = 0> <II = 1> <Delay = 0.47> <FuncUnit> <Opcode : 'select'> <InPorts = 3> <OutPorts = 1>
ST_4 : Operation 88 [1/1] (1.18ns)   --->   "%icmp_ln1494_12 = icmp sgt i16 %tmp_data_V_12, 0" [firmware/nnet_utils/nnet_activation_stream.h:69]   --->   Operation 88 'icmp' 'icmp_ln1494_12' <Predicate = (!icmp_ln60)> <Delay = 1.18> <Core = "Cmp">   --->   Core 25 'Cmp' <Latency = 0> <II = 1> <Delay = 1.18> <FuncUnit> <Opcode : 'icmp'> <InPorts = 2> <OutPorts = 1>
ST_4 : Operation 89 [1/1] (0.47ns)   --->   "%tmp_data_12_V = select i1 %icmp_ln1494_12, i16 %tmp_data_V_12, i16 0" [firmware/nnet_utils/nnet_activation_stream.h:69]   --->   Operation 89 'select' 'tmp_data_12_V' <Predicate = (!icmp_ln60)> <Delay = 0.47> <Core = "Sel">   --->   Core 26 'Sel' <Latency = 0> <II = 1> <Delay = 0.47> <FuncUnit> <Opcode : 'select'> <InPorts = 3> <OutPorts = 1>
ST_4 : Operation 90 [1/1] (1.18ns)   --->   "%icmp_ln1494_13 = icmp sgt i16 %tmp_data_V_13, 0" [firmware/nnet_utils/nnet_activation_stream.h:69]   --->   Operation 90 'icmp' 'icmp_ln1494_13' <Predicate = (!icmp_ln60)> <Delay = 1.18> <Core = "Cmp">   --->   Core 25 'Cmp' <Latency = 0> <II = 1> <Delay = 1.18> <FuncUnit> <Opcode : 'icmp'> <InPorts = 2> <OutPorts = 1>
ST_4 : Operation 91 [1/1] (0.47ns)   --->   "%tmp_data_13_V = select i1 %icmp_ln1494_13, i16 %tmp_data_V_13, i16 0" [firmware/nnet_utils/nnet_activation_stream.h:69]   --->   Operation 91 'select' 'tmp_data_13_V' <Predicate = (!icmp_ln60)> <Delay = 0.47> <Core = "Sel">   --->   Core 26 'Sel' <Latency = 0> <II = 1> <Delay = 0.47> <FuncUnit> <Opcode : 'select'> <InPorts = 3> <OutPorts = 1>
ST_4 : Operation 92 [1/1] (1.18ns)   --->   "%icmp_ln1494_14 = icmp sgt i16 %tmp_data_V_14, 0" [firmware/nnet_utils/nnet_activation_stream.h:69]   --->   Operation 92 'icmp' 'icmp_ln1494_14' <Predicate = (!icmp_ln60)> <Delay = 1.18> <Core = "Cmp">   --->   Core 25 'Cmp' <Latency = 0> <II = 1> <Delay = 1.18> <FuncUnit> <Opcode : 'icmp'> <InPorts = 2> <OutPorts = 1>
ST_4 : Operation 93 [1/1] (0.47ns)   --->   "%tmp_data_14_V = select i1 %icmp_ln1494_14, i16 %tmp_data_V_14, i16 0" [firmware/nnet_utils/nnet_activation_stream.h:69]   --->   Operation 93 'select' 'tmp_data_14_V' <Predicate = (!icmp_ln60)> <Delay = 0.47> <Core = "Sel">   --->   Core 26 'Sel' <Latency = 0> <II = 1> <Delay = 0.47> <FuncUnit> <Opcode : 'select'> <InPorts = 3> <OutPorts = 1>
ST_4 : Operation 94 [1/1] (1.18ns)   --->   "%icmp_ln1494_15 = icmp sgt i16 %tmp_data_V_15, 0" [firmware/nnet_utils/nnet_activation_stream.h:69]   --->   Operation 94 'icmp' 'icmp_ln1494_15' <Predicate = (!icmp_ln60)> <Delay = 1.18> <Core = "Cmp">   --->   Core 25 'Cmp' <Latency = 0> <II = 1> <Delay = 1.18> <FuncUnit> <Opcode : 'icmp'> <InPorts = 2> <OutPorts = 1>
ST_4 : Operation 95 [1/1] (0.47ns)   --->   "%tmp_data_15_V = select i1 %icmp_ln1494_15, i16 %tmp_data_V_15, i16 0" [firmware/nnet_utils/nnet_activation_stream.h:69]   --->   Operation 95 'select' 'tmp_data_15_V' <Predicate = (!icmp_ln60)> <Delay = 0.47> <Core = "Sel">   --->   Core 26 'Sel' <Latency = 0> <II = 1> <Delay = 0.47> <FuncUnit> <Opcode : 'select'> <InPorts = 3> <OutPorts = 1>
ST_4 : Operation 96 [1/1] (2.18ns)   --->   "call void @_ssdm_op_Write.ap_fifo.volatile.i16P.i16P.i16P.i16P.i16P.i16P.i16P.i16P.i16P.i16P.i16P.i16P.i16P.i16P.i16P.i16P(i16* %res_V_data_0_V, i16* %res_V_data_1_V, i16* %res_V_data_2_V, i16* %res_V_data_3_V, i16* %res_V_data_4_V, i16* %res_V_data_5_V, i16* %res_V_data_6_V, i16* %res_V_data_7_V, i16* %res_V_data_8_V, i16* %res_V_data_9_V, i16* %res_V_data_10_V, i16* %res_V_data_11_V, i16* %res_V_data_12_V, i16* %res_V_data_13_V, i16* %res_V_data_14_V, i16* %res_V_data_15_V, i16 %tmp_data_0_V, i16 %tmp_data_1_V, i16 %tmp_data_2_V, i16 %tmp_data_3_V, i16 %tmp_data_4_V, i16 %tmp_data_5_V, i16 %tmp_data_6_V, i16 %tmp_data_7_V, i16 %tmp_data_8_V, i16 %tmp_data_9_V, i16 %tmp_data_10_V, i16 %tmp_data_11_V, i16 %tmp_data_12_V, i16 %tmp_data_13_V, i16 %tmp_data_14_V, i16 %tmp_data_15_V)" [firmware/nnet_utils/nnet_activation_stream.h:73]   --->   Operation 96 'write' <Predicate = (!icmp_ln60)> <Delay = 2.18> <Core = "FIFO">   --->   Core 32 'FIFO' <Latency = 0> <II = 1> <Delay = 2.39> <Storage> <Opcode : 'read' 'write' 'nbread' 'nbwrite'> <Ports = 0> <Width = 16> <Depth = 1> <FIFO>
ST_4 : Operation 97 [1/1] (0.00ns)   --->   "%empty_38 = call i32 (...)* @_ssdm_op_SpecRegionEnd([12 x i8]* @p_str47, i32 %tmp)" [firmware/nnet_utils/nnet_activation_stream.h:74]   --->   Operation 97 'specregionend' 'empty_38' <Predicate = (!icmp_ln60)> <Delay = 0.00>
ST_4 : Operation 98 [1/1] (0.00ns)   --->   "br label %1" [firmware/nnet_utils/nnet_activation_stream.h:60]   --->   Operation 98 'br' <Predicate = (!icmp_ln60)> <Delay = 0.00>

State 5 <SV = 2> <Delay = 0.00>
ST_5 : Operation 99 [1/1] (0.00ns)   --->   "ret void" [firmware/nnet_utils/nnet_activation_stream.h:75]   --->   Operation 99 'ret' <Predicate = true> <Delay = 0.00>


============================================================
+ Verbose Summary: Timing violations
============================================================
Target clock period: 5ns, clock uncertainty: 0.625ns.

 <State 1>: 0.85ns
The critical path consists of the following:
	multiplexor before 'phi' operation ('i') with incoming values : ('i', firmware/nnet_utils/nnet_activation_stream.h:60) [67]  (0.85 ns)

 <State 2>: 0.871ns
The critical path consists of the following:
	'phi' operation ('i') with incoming values : ('i', firmware/nnet_utils/nnet_activation_stream.h:60) [67]  (0 ns)
	'icmp' operation ('icmp_ln60', firmware/nnet_utils/nnet_activation_stream.h:60) [68]  (0.871 ns)

 <State 3>: 2.19ns
The critical path consists of the following:
	fifo read on port 'data_V_data_0_V' (firmware/nnet_utils/nnet_activation_stream.h:63) [76]  (2.19 ns)

 <State 4>: 3.84ns
The critical path consists of the following:
	'icmp' operation ('icmp_ln1494', firmware/nnet_utils/nnet_activation_stream.h:69) [93]  (1.18 ns)
	'select' operation ('tmp.data[0].V', firmware/nnet_utils/nnet_activation_stream.h:69) [94]  (0.474 ns)
	fifo write on port 'res_V_data_0_V' (firmware/nnet_utils/nnet_activation_stream.h:73) [125]  (2.19 ns)

 <State 5>: 0ns
The critical path consists of the following:


============================================================
+ Verbose Summary: Binding
============================================================
N/A
* FSMD analyzer results:
  - Output states:
 - Input state : 
  - Chain level:
	State 1
	State 2
	State 3
	State 4
	State 5


============================================================
+ Verbose Summary: Datapath Resource usage 
============================================================
N/A
