

================================================================
== Vivado HLS Report for 'softmax_array_array_ap_fixed_2u_softmax_config13_s'
================================================================
* Date:           Tue Jul 20 16:20:24 2021

* Version:        2019.2 (Build 2698951 on Thu Oct 24 19:15:34 MDT 2019)
* Project:        myproject_prj
* Solution:       solution1
* Product family: virtex7
* Target device:  xc7vx690t-ffg1761-2


================================================================
== Performance Estimates
================================================================
+ Timing: 
    * Summary: 
    +--------+---------+----------+------------+
    |  Clock |  Target | Estimated| Uncertainty|
    +--------+---------+----------+------------+
    |ap_clk  | 5.00 ns | 3.740 ns |   0.62 ns  |
    +--------+---------+----------+------------+

+ Latency: 
    * Summary: 
    +---------+---------+-----------+-----------+-----+-----+---------+
    |  Latency (cycles) |   Latency (absolute)  |  Interval | Pipeline|
    |   min   |   max   |    min    |    max    | min | max |   Type  |
    +---------+---------+-----------+-----------+-----+-----+---------+
    |        6|        6| 30.000 ns | 30.000 ns |    6|    6|   none  |
    +---------+---------+-----------+-----------+-----+-----+---------+

    + Detail: 
        * Instance: 
        +----------------------------------------------------------+------------------------------------------------+---------+---------+-----------+-----------+-----+-----+----------+
        |                                                          |                                                |  Latency (cycles) |   Latency (absolute)  |  Interval | Pipeline |
        |                         Instance                         |                     Module                     |   min   |   max   |    min    |    max    | min | max |   Type   |
        +----------------------------------------------------------+------------------------------------------------+---------+---------+-----------+-----------+-----+-----+----------+
        |grp_softmax_latency_array_array_softmax_config13_s_fu_56  |softmax_latency_array_array_softmax_config13_s  |        5|        5| 25.000 ns | 25.000 ns |    1|    1| function |
        +----------------------------------------------------------+------------------------------------------------+---------+---------+-----------+-----------+-----+-----+----------+

        * Loop: 
        N/A

============================================================
+ Verbose Summary: Synthesis Manager
============================================================
InlineROM: 1
ExposeGlobal: 0
============================================================
+ Verbose Summary: CDFG Model
============================================================
IsTopModel: 0
ResetActiveHigh: 1
IsCombinational: 2
IsDatapathOnly: 0
HasWiredReturn: 1
HasMFsm: 0
HasVarLatency: 1
IsPipeline: 0
IsRtlPipelined: 0
IsInstanceOverlapped: 0
IsDontTouch: 0
HasImplIP: 0
IsGatedGlobalClock: 0


============================================================
+ Verbose Summary: Schedule
============================================================
* Number of FSM states : 7
* Pipeline : 0
* Dataflow Pipeline: 0

* FSM state transitions: 
1 --> 2 
2 --> 3 
3 --> 4 
4 --> 5 
5 --> 6 
6 --> 7 
7 --> 

* FSM state operations: 

State 1 <SV = 0> <Delay = 0.00>
ST_1 : Operation 8 [6/6] (0.00ns)   --->   "call fastcc void @"softmax_latency<array,array,softmax_config13>"(i16* %data_V_data_0_V, i16* %data_V_data_1_V, i16* %res_V_data_0_V, i16* %res_V_data_1_V)" [firmware/nnet_utils/nnet_activation_stream.h:333]   --->   Operation 8 'call' <Predicate = true> <Delay = 0.00> <CoreType = "Generic">   --->   Core 0 '' <Latency = 0> <II = 1> <Delay = 1.00> <Generic> <Opcode : >

State 2 <SV = 1> <Delay = 3.74>
ST_2 : Operation 9 [5/6] (3.74ns)   --->   "call fastcc void @"softmax_latency<array,array,softmax_config13>"(i16* %data_V_data_0_V, i16* %data_V_data_1_V, i16* %res_V_data_0_V, i16* %res_V_data_1_V)" [firmware/nnet_utils/nnet_activation_stream.h:333]   --->   Operation 9 'call' <Predicate = true> <Delay = 3.74> <CoreType = "Generic">   --->   Core 0 '' <Latency = 0> <II = 1> <Delay = 1.00> <Generic> <Opcode : >

State 3 <SV = 2> <Delay = 3.74>
ST_3 : Operation 10 [4/6] (3.74ns)   --->   "call fastcc void @"softmax_latency<array,array,softmax_config13>"(i16* %data_V_data_0_V, i16* %data_V_data_1_V, i16* %res_V_data_0_V, i16* %res_V_data_1_V)" [firmware/nnet_utils/nnet_activation_stream.h:333]   --->   Operation 10 'call' <Predicate = true> <Delay = 3.74> <CoreType = "Generic">   --->   Core 0 '' <Latency = 0> <II = 1> <Delay = 1.00> <Generic> <Opcode : >

State 4 <SV = 3> <Delay = 3.74>
ST_4 : Operation 11 [3/6] (3.74ns)   --->   "call fastcc void @"softmax_latency<array,array,softmax_config13>"(i16* %data_V_data_0_V, i16* %data_V_data_1_V, i16* %res_V_data_0_V, i16* %res_V_data_1_V)" [firmware/nnet_utils/nnet_activation_stream.h:333]   --->   Operation 11 'call' <Predicate = true> <Delay = 3.74> <CoreType = "Generic">   --->   Core 0 '' <Latency = 0> <II = 1> <Delay = 1.00> <Generic> <Opcode : >

State 5 <SV = 4> <Delay = 3.74>
ST_5 : Operation 12 [2/6] (3.74ns)   --->   "call fastcc void @"softmax_latency<array,array,softmax_config13>"(i16* %data_V_data_0_V, i16* %data_V_data_1_V, i16* %res_V_data_0_V, i16* %res_V_data_1_V)" [firmware/nnet_utils/nnet_activation_stream.h:333]   --->   Operation 12 'call' <Predicate = true> <Delay = 3.74> <CoreType = "Generic">   --->   Core 0 '' <Latency = 0> <II = 1> <Delay = 1.00> <Generic> <Opcode : >

State 6 <SV = 5> <Delay = 3.74>
ST_6 : Operation 13 [1/6] (3.74ns)   --->   "call fastcc void @"softmax_latency<array,array,softmax_config13>"(i16* %data_V_data_0_V, i16* %data_V_data_1_V, i16* %res_V_data_0_V, i16* %res_V_data_1_V)" [firmware/nnet_utils/nnet_activation_stream.h:333]   --->   Operation 13 'call' <Predicate = true> <Delay = 3.74> <CoreType = "Generic">   --->   Core 0 '' <Latency = 0> <II = 1> <Delay = 1.00> <Generic> <Opcode : >

State 7 <SV = 6> <Delay = 0.00>
ST_7 : Operation 14 [1/1] (0.00ns)   --->   "call void (...)* @_ssdm_op_SpecInterface(i16* %data_V_data_1_V, [8 x i8]* @ap_fifo_str, i32 0, i32 0, [1 x i8]* @p_str2198, i32 0, i32 0, [1 x i8]* @p_str2199, [1 x i8]* @p_str2200, [1 x i8]* @p_str2201, i32 2, i32 2, i32 16, i32 16, [1 x i8]* @p_str2202, [1 x i8]* @p_str2203)"   --->   Operation 14 'specinterface' <Predicate = true> <Delay = 0.00>
ST_7 : Operation 15 [1/1] (0.00ns)   --->   "call void (...)* @_ssdm_op_SpecInterface(i16* %data_V_data_0_V, [8 x i8]* @ap_fifo_str, i32 0, i32 0, [1 x i8]* @p_str2191, i32 0, i32 0, [1 x i8]* @p_str2192, [1 x i8]* @p_str2193, [1 x i8]* @p_str2194, i32 2, i32 2, i32 16, i32 16, [1 x i8]* @p_str2195, [1 x i8]* @p_str2196)"   --->   Operation 15 'specinterface' <Predicate = true> <Delay = 0.00>
ST_7 : Operation 16 [1/1] (0.00ns)   --->   "call void (...)* @_ssdm_op_SpecInterface(i16* %res_V_data_0_V, [5 x i8]* @p_str, i32 1, i32 1, [5 x i8]* @p_str14, i32 0, i32 0, [1 x i8]* @p_str15, [1 x i8]* @p_str15, [1 x i8]* @p_str15, i32 0, i32 0, i32 0, i32 0, [1 x i8]* @p_str15, [1 x i8]* @p_str15)"   --->   Operation 16 'specinterface' <Predicate = true> <Delay = 0.00>
ST_7 : Operation 17 [1/1] (0.00ns)   --->   "call void (...)* @_ssdm_op_SpecInterface(i16* %res_V_data_1_V, [5 x i8]* @p_str, i32 1, i32 1, [5 x i8]* @p_str14, i32 0, i32 0, [1 x i8]* @p_str15, [1 x i8]* @p_str15, [1 x i8]* @p_str15, i32 0, i32 0, i32 0, i32 0, [1 x i8]* @p_str15, [1 x i8]* @p_str15)"   --->   Operation 17 'specinterface' <Predicate = true> <Delay = 0.00>
ST_7 : Operation 18 [1/1] (0.00ns)   --->   "ret void" [firmware/nnet_utils/nnet_activation_stream.h:342]   --->   Operation 18 'ret' <Predicate = true> <Delay = 0.00>


============================================================
+ Verbose Summary: Binding
============================================================
STG Binding: 
---------------- STG Properties BEGIN ----------------
- Is combinational: 0
- Is one-state seq: 0
- Is datapath-only: 0
- Is pipelined: 0
- Is top level: 0
Port [ Return ] is wired: 1; IO mode=ap_ctrl_hs:ce=0
Port [ data_V_data_0_V]:  wired=1; compound=1; hidden=0; nouse=0; global=0; static=0; extern=0; dir=0; type=3; pingpong=0; private_global=0; IO mode=ap_fifo:ce=0
Port [ data_V_data_1_V]:  wired=1; compound=1; hidden=0; nouse=0; global=0; static=0; extern=0; dir=0; type=3; pingpong=0; private_global=0; IO mode=ap_fifo:ce=0
Port [ res_V_data_0_V]:  wired=1; compound=1; hidden=0; nouse=0; global=0; static=0; extern=0; dir=1; type=0; pingpong=0; private_global=0; IO mode=axis:ce=0
Port [ res_V_data_1_V]:  wired=1; compound=1; hidden=0; nouse=0; global=0; static=0; extern=0; dir=1; type=0; pingpong=0; private_global=0; IO mode=axis:ce=0
Port [ exp_table11]:  wired=0; compound=1; hidden=1; nouse=1; global=1; static=1; extern=0; dir=0; type=1; pingpong=0; private_global=0; linkage=7; visibility=0; MemPort=[11]; IO mode=ap_memory:ce=0
Port [ invert_table12]:  wired=0; compound=1; hidden=1; nouse=1; global=1; static=1; extern=0; dir=0; type=1; pingpong=0; private_global=0; linkage=7; visibility=0; MemPort=[1]; IO mode=ap_memory:ce=0
---------------- STG Properties END ------------------

---------------- Datapath Model BEGIN ----------------

<LifeTime>
<method=bitvector/>
call_ln333        (call         ) [ 00000000]
specinterface_ln0 (specinterface) [ 00000000]
specinterface_ln0 (specinterface) [ 00000000]
specinterface_ln0 (specinterface) [ 00000000]
specinterface_ln0 (specinterface) [ 00000000]
ret_ln342         (ret          ) [ 00000000]
</LifeTime>

<model>

<comp_list>
<comp id="0" class="1000" name="data_V_data_0_V">
<pin_list>
<pin id="1" dir="1" index="0" bw="1" slack="0"/>
</pin_list>
<bind>
<StgValue><ssdm name="data_V_data_0_V"/></StgValue>
</bind>
</comp>

<comp id="2" class="1000" name="data_V_data_1_V">
<pin_list>
<pin id="3" dir="1" index="0" bw="1" slack="0"/>
</pin_list>
<bind>
<StgValue><ssdm name="data_V_data_1_V"/></StgValue>
</bind>
</comp>

<comp id="4" class="1000" name="res_V_data_0_V">
<pin_list>
<pin id="5" dir="1" index="0" bw="1" slack="0"/>
</pin_list>
<bind>
<StgValue><ssdm name="res_V_data_0_V"/></StgValue>
</bind>
</comp>

<comp id="6" class="1000" name="res_V_data_1_V">
<pin_list>
<pin id="7" dir="1" index="0" bw="1" slack="0"/>
</pin_list>
<bind>
<StgValue><ssdm name="res_V_data_1_V"/></StgValue>
</bind>
</comp>

<comp id="8" class="1000" name="exp_table11">
<pin_list>
<pin id="9" dir="1" index="0" bw="1" slack="0"/>
</pin_list>
<bind>
<StgValue><ssdm name="exp_table11"/><MemPortTyVec>1 1 </MemPortTyVec>
</StgValue>
</bind>
</comp>

<comp id="10" class="1000" name="invert_table12">
<pin_list>
<pin id="11" dir="1" index="0" bw="1" slack="0"/>
</pin_list>
<bind>
<StgValue><ssdm name="invert_table12"/><MemPortTyVec>1 </MemPortTyVec>
</StgValue>
</bind>
</comp>

<comp id="12" class="1001" name="const_12">
<pin_list>
<pin id="13" dir="1" index="0" bw="1" slack="0"/>
</pin_list>
<bind>
<StgValue><ssdm name="softmax_latency<array,array,softmax_config13>"/></StgValue>
</bind>
</comp>

<comp id="14" class="1001" name="const_14">
<pin_list>
<pin id="15" dir="1" index="0" bw="1" slack="2147483647"/>
</pin_list>
<bind>
<StgValue><ssdm name="_ssdm_op_SpecInterface"/></StgValue>
</bind>
</comp>

<comp id="16" class="1001" name="const_16">
<pin_list>
<pin id="17" dir="1" index="0" bw="1" slack="2147483647"/>
</pin_list>
<bind>
<StgValue><ssdm name="ap_fifo_str"/></StgValue>
</bind>
</comp>

<comp id="18" class="1001" name="const_18">
<pin_list>
<pin id="19" dir="1" index="0" bw="1" slack="2147483647"/>
</pin_list>
<bind>
<StgValue><ssdm name=""/></StgValue>
</bind>
</comp>

<comp id="20" class="1001" name="const_20">
<pin_list>
<pin id="21" dir="1" index="0" bw="1" slack="2147483647"/>
</pin_list>
<bind>
<StgValue><ssdm name="p_str2198"/></StgValue>
</bind>
</comp>

<comp id="22" class="1001" name="const_22">
<pin_list>
<pin id="23" dir="1" index="0" bw="1" slack="2147483647"/>
</pin_list>
<bind>
<StgValue><ssdm name="p_str2199"/></StgValue>
</bind>
</comp>

<comp id="24" class="1001" name="const_24">
<pin_list>
<pin id="25" dir="1" index="0" bw="1" slack="2147483647"/>
</pin_list>
<bind>
<StgValue><ssdm name="p_str2200"/></StgValue>
</bind>
</comp>

<comp id="26" class="1001" name="const_26">
<pin_list>
<pin id="27" dir="1" index="0" bw="1" slack="2147483647"/>
</pin_list>
<bind>
<StgValue><ssdm name="p_str2201"/></StgValue>
</bind>
</comp>

<comp id="28" class="1001" name="const_28">
<pin_list>
<pin id="29" dir="1" index="0" bw="1" slack="2147483647"/>
</pin_list>
<bind>
<StgValue><ssdm name=""/></StgValue>
</bind>
</comp>

<comp id="30" class="1001" name="const_30">
<pin_list>
<pin id="31" dir="1" index="0" bw="1" slack="2147483647"/>
</pin_list>
<bind>
<StgValue><ssdm name=""/></StgValue>
</bind>
</comp>

<comp id="32" class="1001" name="const_32">
<pin_list>
<pin id="33" dir="1" index="0" bw="1" slack="2147483647"/>
</pin_list>
<bind>
<StgValue><ssdm name="p_str2202"/></StgValue>
</bind>
</comp>

<comp id="34" class="1001" name="const_34">
<pin_list>
<pin id="35" dir="1" index="0" bw="1" slack="2147483647"/>
</pin_list>
<bind>
<StgValue><ssdm name="p_str2203"/></StgValue>
</bind>
</comp>

<comp id="36" class="1001" name="const_36">
<pin_list>
<pin id="37" dir="1" index="0" bw="1" slack="2147483647"/>
</pin_list>
<bind>
<StgValue><ssdm name="p_str2191"/></StgValue>
</bind>
</comp>

<comp id="38" class="1001" name="const_38">
<pin_list>
<pin id="39" dir="1" index="0" bw="1" slack="2147483647"/>
</pin_list>
<bind>
<StgValue><ssdm name="p_str2192"/></StgValue>
</bind>
</comp>

<comp id="40" class="1001" name="const_40">
<pin_list>
<pin id="41" dir="1" index="0" bw="1" slack="2147483647"/>
</pin_list>
<bind>
<StgValue><ssdm name="p_str2193"/></StgValue>
</bind>
</comp>

<comp id="42" class="1001" name="const_42">
<pin_list>
<pin id="43" dir="1" index="0" bw="1" slack="2147483647"/>
</pin_list>
<bind>
<StgValue><ssdm name="p_str2194"/></StgValue>
</bind>
</comp>

<comp id="44" class="1001" name="const_44">
<pin_list>
<pin id="45" dir="1" index="0" bw="1" slack="2147483647"/>
</pin_list>
<bind>
<StgValue><ssdm name="p_str2195"/></StgValue>
</bind>
</comp>

<comp id="46" class="1001" name="const_46">
<pin_list>
<pin id="47" dir="1" index="0" bw="1" slack="2147483647"/>
</pin_list>
<bind>
<StgValue><ssdm name="p_str2196"/></StgValue>
</bind>
</comp>

<comp id="48" class="1001" name="const_48">
<pin_list>
<pin id="49" dir="1" index="0" bw="1" slack="2147483647"/>
</pin_list>
<bind>
<StgValue><ssdm name="p_str"/></StgValue>
</bind>
</comp>

<comp id="50" class="1001" name="const_50">
<pin_list>
<pin id="51" dir="1" index="0" bw="1" slack="2147483647"/>
</pin_list>
<bind>
<StgValue><ssdm name=""/></StgValue>
</bind>
</comp>

<comp id="52" class="1001" name="const_52">
<pin_list>
<pin id="53" dir="1" index="0" bw="1" slack="2147483647"/>
</pin_list>
<bind>
<StgValue><ssdm name="p_str14"/></StgValue>
</bind>
</comp>

<comp id="54" class="1001" name="const_54">
<pin_list>
<pin id="55" dir="1" index="0" bw="1" slack="2147483647"/>
</pin_list>
<bind>
<StgValue><ssdm name="p_str15"/></StgValue>
</bind>
</comp>

<comp id="56" class="1004" name="grp_softmax_latency_array_array_softmax_config13_s_fu_56">
<pin_list>
<pin id="57" dir="0" index="0" bw="0" slack="0"/>
<pin id="58" dir="0" index="1" bw="16" slack="0"/>
<pin id="59" dir="0" index="2" bw="16" slack="0"/>
<pin id="60" dir="0" index="3" bw="16" slack="0"/>
<pin id="61" dir="0" index="4" bw="16" slack="0"/>
<pin id="62" dir="0" index="5" bw="18" slack="0"/>
<pin id="63" dir="0" index="6" bw="14" slack="0"/>
<pin id="64" dir="1" index="7" bw="0" slack="2147483647"/>
</pin_list>
<bind>
<opcode="call(48) " fcode="call"/>
<opset="call_ln333/1 "/>
</bind>
</comp>

</comp_list>

<net_list>
<net id="65"><net_src comp="12" pin="0"/><net_sink comp="56" pin=0"/></net>

<net id="66"><net_src comp="0" pin="0"/><net_sink comp="56" pin=1"/></net>

<net id="67"><net_src comp="2" pin="0"/><net_sink comp="56" pin=2"/></net>

<net id="68"><net_src comp="4" pin="0"/><net_sink comp="56" pin=3"/></net>

<net id="69"><net_src comp="6" pin="0"/><net_sink comp="56" pin=4"/></net>

<net id="70"><net_src comp="8" pin="0"/><net_sink comp="56" pin=5"/></net>

<net id="71"><net_src comp="10" pin="0"/><net_sink comp="56" pin=6"/></net>

</net_list>

</model> 
---------------- Datapath Model END ------------------

* FSMD analyzer results:
  - Output states:
	Port: res_V_data_0_V | {6 }
	Port: res_V_data_1_V | {6 }
 - Input state : 
	Port: softmax<array,array<ap_fixed,2u>,softmax_config13> : data_V_data_0_V | {1 }
	Port: softmax<array,array<ap_fixed,2u>,softmax_config13> : data_V_data_1_V | {1 }
	Port: softmax<array,array<ap_fixed,2u>,softmax_config13> : exp_table11 | {2 3 }
	Port: softmax<array,array<ap_fixed,2u>,softmax_config13> : invert_table12 | {4 5 }
  - Chain level:
	State 1
	State 2
	State 3
	State 4
	State 5
	State 6
	State 7


============================================================
+ Verbose Summary: Datapath Resource usage 
============================================================

* Functional unit list:
|----------|----------------------------------------------------------|---------|---------|---------|---------|
| Operation|                      Functional Unit                     |  DSP48E |  Delay  |    FF   |   LUT   |
|----------|----------------------------------------------------------|---------|---------|---------|---------|
|   call   | grp_softmax_latency_array_array_softmax_config13_s_fu_56 |    2    |   2.55  |   100   |    61   |
|----------|----------------------------------------------------------|---------|---------|---------|---------|
|   Total  |                                                          |    2    |   2.55  |   100   |    61   |
|----------|----------------------------------------------------------|---------|---------|---------|---------|

Memories:
N/A

* Register list:
N/A

* Multiplexer (MUX) list: 
|--------|------|------|------|--------|
|  Comp  |  Pin | Size |  BW  | S x BW |
|--------|------|------|------|--------|
|  Total |      |      |      |    0   |
|--------|------|------|------|--------|



* Summary:
+-----------+--------+--------+--------+--------+
|           | DSP48E |  Delay |   FF   |   LUT  |
+-----------+--------+--------+--------+--------+
|  Function |    2   |    2   |   100  |   61   |
|   Memory  |    -   |    -   |    -   |    -   |
|Multiplexer|    -   |    -   |    -   |    -   |
|  Register |    -   |    -   |    -   |    -   |
+-----------+--------+--------+--------+--------+
|   Total   |    2   |    2   |   100  |   61   |
+-----------+--------+--------+--------+--------+
