

================================================================
== Vivado HLS Report for 'dense_wrapper_ap_fixed_ap_fixed_16_6_5_3_0_config12_s'
================================================================
* Date:           Tue Jul 20 16:25:58 2021

* Version:        2019.2 (Build 2698951 on Thu Oct 24 19:15:34 MDT 2019)
* Project:        myproject_prj
* Solution:       solution1
* Product family: virtex7
* Target device:  xc7vx690t-ffg1761-2


================================================================
== Performance Estimates
================================================================
+ Timing: 
    * Summary: 
    +--------+---------+----------+------------+
    |  Clock |  Target | Estimated| Uncertainty|
    +--------+---------+----------+------------+
    |ap_clk  | 5.00 ns | 4.263 ns |   0.62 ns  |
    +--------+---------+----------+------------+

+ Latency: 
    * Summary: 
    +---------+---------+-----------+-----------+-----+-----+----------+
    |  Latency (cycles) |   Latency (absolute)  |  Interval | Pipeline |
    |   min   |   max   |    min    |    max    | min | max |   Type   |
    +---------+---------+-----------+-----------+-----+-----+----------+
    |        2|        2| 10.000 ns | 10.000 ns |    1|    1| function |
    +---------+---------+-----------+-----------+-----+-----+----------+

    + Detail: 
        * Instance: 
        N/A

        * Loop: 
        N/A



================================================================
== Utilization Estimates
================================================================
* Summary: 
+-----------------+---------+-------+--------+--------+-----+
|       Name      | BRAM_18K| DSP48E|   FF   |   LUT  | URAM|
+-----------------+---------+-------+--------+--------+-----+
|DSP              |        -|      -|       -|       -|    -|
|Expression       |        -|     26|       0|     615|    -|
|FIFO             |        -|      -|       -|       -|    -|
|Instance         |        -|      -|       -|       -|    -|
|Memory           |        -|      -|       -|       -|    -|
|Multiplexer      |        -|      -|       -|       -|    -|
|Register         |        -|      -|     530|       -|    -|
+-----------------+---------+-------+--------+--------+-----+
|Total            |        0|     26|     530|     615|    0|
+-----------------+---------+-------+--------+--------+-----+
|Available        |     2940|   3600|  866400|  433200|    0|
+-----------------+---------+-------+--------+--------+-----+
|Utilization (%)  |        0|   ~0  |   ~0   |   ~0   |    0|
+-----------------+---------+-------+--------+--------+-----+

+ Detail: 
    * Instance: 
    N/A

    * DSP48E: 
    N/A

    * Memory: 
    N/A

    * FIFO: 
    N/A

    * Expression: 
    +-------------------------+----------+-------+---+----+------------+------------+
    |      Variable Name      | Operation| DSP48E| FF| LUT| Bitwidth P0| Bitwidth P1|
    +-------------------------+----------+-------+---+----+------------+------------+
    |mul_ln1118_10_fu_275_p2  |     *    |      1|  0|   6|          16|           9|
    |mul_ln1118_11_fu_255_p2  |     *    |      1|  0|   6|          16|           9|
    |mul_ln1118_12_fu_258_p2  |     *    |      1|  0|   6|          16|           8|
    |mul_ln1118_13_fu_256_p2  |     *    |      1|  0|   6|          16|           7|
    |mul_ln1118_14_fu_285_p2  |     *    |      1|  0|   6|          16|           9|
    |mul_ln1118_15_fu_276_p2  |     *    |      1|  0|   6|          16|           7|
    |mul_ln1118_16_fu_261_p2  |     *    |      1|  0|   6|          16|           7|
    |mul_ln1118_17_fu_269_p2  |     *    |      1|  0|   6|          16|           9|
    |mul_ln1118_18_fu_279_p2  |     *    |      1|  0|   6|          16|           7|
    |mul_ln1118_19_fu_273_p2  |     *    |      1|  0|   6|          16|          10|
    |mul_ln1118_20_fu_282_p2  |     *    |      1|  0|   6|          16|           9|
    |mul_ln1118_21_fu_272_p2  |     *    |      1|  0|   6|          16|           9|
    |mul_ln1118_22_fu_270_p2  |     *    |      1|  0|   6|          16|           9|
    |mul_ln1118_23_fu_260_p2  |     *    |      1|  0|   6|          16|          10|
    |mul_ln1118_24_fu_280_p2  |     *    |      1|  0|   6|          16|           9|
    |mul_ln1118_25_fu_281_p2  |     *    |      1|  0|   6|          16|           9|
    |mul_ln1118_26_fu_262_p2  |     *    |      1|  0|   6|          16|           9|
    |mul_ln1118_2_fu_267_p2   |     *    |      1|  0|   6|          16|           7|
    |mul_ln1118_3_fu_265_p2   |     *    |      1|  0|   6|          16|           9|
    |mul_ln1118_4_fu_278_p2   |     *    |      1|  0|   6|          16|           7|
    |mul_ln1118_5_fu_263_p2   |     *    |      1|  0|   6|          16|           9|
    |mul_ln1118_6_fu_283_p2   |     *    |      1|  0|   6|          16|           9|
    |mul_ln1118_7_fu_257_p2   |     *    |      1|  0|   6|          16|           9|
    |mul_ln1118_8_fu_268_p2   |     *    |      1|  0|   6|          16|           8|
    |mul_ln1118_9_fu_271_p2   |     *    |      1|  0|   6|          16|           8|
    |mul_ln1118_fu_274_p2     |     *    |      1|  0|   6|          16|           8|
    |acc_1_V_fu_4574_p2       |     +    |      0|  0|  10|          10|          10|
    |add_ln1118_1_fu_4082_p2  |     +    |      0|  0|  23|          23|          23|
    |add_ln1118_2_fu_4218_p2  |     +    |      0|  0|  24|          24|          24|
    |add_ln1118_3_fu_4291_p2  |     +    |      0|  0|  23|          23|          23|
    |add_ln1118_fu_3866_p2    |     +    |      0|  0|  24|          24|          24|
    |add_ln703_10_fu_4419_p2  |     +    |      0|  0|  10|          10|          10|
    |add_ln703_11_fu_4495_p2  |     +    |      0|  0|  15|           8|           5|
    |add_ln703_12_fu_4505_p2  |     +    |      0|  0|  10|          10|          10|
    |add_ln703_13_fu_4511_p2  |     +    |      0|  0|  10|          10|          10|
    |add_ln703_14_fu_4561_p2  |     +    |      0|  0|  10|          10|          10|
    |add_ln703_16_fu_4425_p2  |     +    |      0|  0|  10|          10|          10|
    |add_ln703_17_fu_4516_p2  |     +    |      0|  0|  10|          10|          10|
    |add_ln703_18_fu_4520_p2  |     +    |      0|  0|  10|          10|          10|
    |add_ln703_19_fu_4431_p2  |     +    |      0|  0|  10|          10|          10|
    |add_ln703_1_fu_4467_p2   |     +    |      0|  0|  10|          10|          10|
    |add_ln703_20_fu_4437_p2  |     +    |      0|  0|  10|          10|          10|
    |add_ln703_21_fu_4525_p2  |     +    |      0|  0|  10|          10|          10|
    |add_ln703_22_fu_4529_p2  |     +    |      0|  0|  10|          10|          10|
    |add_ln703_23_fu_4443_p2  |     +    |      0|  0|  10|          10|          10|
    |add_ln703_24_fu_4535_p2  |     +    |      0|  0|  10|          10|          10|
    |add_ln703_25_fu_4539_p2  |     +    |      0|  0|  10|          10|          10|
    |add_ln703_26_fu_4449_p2  |     +    |      0|  0|  10|          10|          10|
    |add_ln703_27_fu_4544_p2  |     +    |      0|  0|  10|          10|           4|
    |add_ln703_28_fu_4550_p2  |     +    |      0|  0|  10|          10|          10|
    |add_ln703_29_fu_4556_p2  |     +    |      0|  0|  10|          10|          10|
    |add_ln703_2_fu_4471_p2   |     +    |      0|  0|  10|          10|          10|
    |add_ln703_30_fu_4570_p2  |     +    |      0|  0|  10|          10|          10|
    |add_ln703_3_fu_4401_p2   |     +    |      0|  0|  10|          10|          10|
    |add_ln703_4_fu_4407_p2   |     +    |      0|  0|  10|          10|          10|
    |add_ln703_5_fu_4476_p2   |     +    |      0|  0|  10|          10|          10|
    |add_ln703_6_fu_4480_p2   |     +    |      0|  0|  10|          10|          10|
    |add_ln703_7_fu_4413_p2   |     +    |      0|  0|  10|          10|          10|
    |add_ln703_8_fu_4486_p2   |     +    |      0|  0|  10|          10|          10|
    |add_ln703_9_fu_4490_p2   |     +    |      0|  0|  10|          10|          10|
    |add_ln703_fu_4395_p2     |     +    |      0|  0|  10|          10|          10|
    |p_Val2_s_fu_4565_p2      |     +    |      0|  0|  10|          10|          10|
    |sub_ln1118_1_fu_4027_p2  |     -    |      0|  0|  10|          24|          24|
    |sub_ln1118_2_fu_4115_p2  |     -    |      0|  0|  10|           1|          21|
    |sub_ln1118_3_fu_4133_p2  |     -    |      0|  0|  10|          21|          21|
    |sub_ln1118_fu_4009_p2    |     -    |      0|  0|  10|           1|          24|
    +-------------------------+----------+-------+---+----+------------+------------+
    |Total                    |          |     26|  0| 615|         875|         713|
    +-------------------------+----------+-------+---+----+------------+------------+

    * Multiplexer: 
    N/A

    * Register: 
    +-------------------------+----+----+-----+-----------+
    |           Name          | FF | LUT| Bits| Const Bits|
    +-------------------------+----+----+-----+-----------+
    |add_ln703_10_reg_4695    |  10|   0|   10|          0|
    |add_ln703_13_reg_4735    |  10|   0|   10|          0|
    |add_ln703_16_reg_4700    |  10|   0|   10|          0|
    |add_ln703_19_reg_4705    |  10|   0|   10|          0|
    |add_ln703_20_reg_4710    |  10|   0|   10|          0|
    |add_ln703_22_reg_4740    |  10|   0|   10|          0|
    |add_ln703_23_reg_4715    |  10|   0|   10|          0|
    |add_ln703_25_reg_4745    |  10|   0|   10|          0|
    |add_ln703_26_reg_4720    |  10|   0|   10|          0|
    |add_ln703_29_reg_4750    |  10|   0|   10|          0|
    |add_ln703_3_reg_4680     |  10|   0|   10|          0|
    |add_ln703_4_reg_4685     |  10|   0|   10|          0|
    |add_ln703_6_reg_4725     |  10|   0|   10|          0|
    |add_ln703_7_reg_4690     |  10|   0|   10|          0|
    |add_ln703_9_reg_4730     |  10|   0|   10|          0|
    |add_ln703_reg_4675       |  10|   0|   10|          0|
    |data_0_V_read_int_reg    |  16|   0|   16|          0|
    |data_10_V_read_int_reg   |  16|   0|   16|          0|
    |data_11_V_read_int_reg   |  16|   0|   16|          0|
    |data_12_V_read_int_reg   |  16|   0|   16|          0|
    |data_13_V_read_int_reg   |  16|   0|   16|          0|
    |data_14_V_read_int_reg   |  16|   0|   16|          0|
    |data_15_V_read_int_reg   |  16|   0|   16|          0|
    |data_1_V_read_int_reg    |  16|   0|   16|          0|
    |data_2_V_read_int_reg    |  16|   0|   16|          0|
    |data_3_V_read_int_reg    |  16|   0|   16|          0|
    |data_4_V_read_int_reg    |  16|   0|   16|          0|
    |data_5_V_read_int_reg    |  16|   0|   16|          0|
    |data_6_V_read_int_reg    |  16|   0|   16|          0|
    |data_7_V_read_int_reg    |  16|   0|   16|          0|
    |data_8_V_read_int_reg    |  16|   0|   16|          0|
    |data_9_V_read_int_reg    |  16|   0|   16|          0|
    |trunc_ln708_14_reg_4635  |   9|   0|    9|          0|
    |trunc_ln708_15_reg_4640  |   7|   0|    7|          0|
    |trunc_ln708_18_reg_4645  |   9|   0|    9|          0|
    |trunc_ln708_23_reg_4650  |   9|   0|    9|          0|
    |trunc_ln708_25_reg_4655  |  10|   0|   10|          0|
    |trunc_ln708_26_reg_4660  |  10|   0|   10|          0|
    |trunc_ln708_27_reg_4665  |  10|   0|   10|          0|
    |trunc_ln708_28_reg_4670  |  10|   0|   10|          0|
    |trunc_ln708_5_reg_4615   |  10|   0|   10|          0|
    |trunc_ln708_7_reg_4620   |  10|   0|   10|          0|
    |trunc_ln708_8_reg_4625   |  10|   0|   10|          0|
    |trunc_ln708_s_reg_4630   |  10|   0|   10|          0|
    +-------------------------+----+----+-----+-----------+
    |Total                    | 530|   0|  530|          0|
    +-------------------------+----+----+-----+-----------+



================================================================
== Interface
================================================================
* Summary: 
+----------------+-----+-----+------------+-------------------------------------------------------+--------------+
|    RTL Ports   | Dir | Bits|  Protocol  |                     Source Object                     |    C Type    |
+----------------+-----+-----+------------+-------------------------------------------------------+--------------+
|ap_clk          |  in |    1| ap_ctrl_hs | dense_wrapper<ap_fixed,ap_fixed<16,6,5,3,0>,config12> | return value |
|ap_rst          |  in |    1| ap_ctrl_hs | dense_wrapper<ap_fixed,ap_fixed<16,6,5,3,0>,config12> | return value |
|ap_return_0     | out |   16| ap_ctrl_hs | dense_wrapper<ap_fixed,ap_fixed<16,6,5,3,0>,config12> | return value |
|ap_return_1     | out |   16| ap_ctrl_hs | dense_wrapper<ap_fixed,ap_fixed<16,6,5,3,0>,config12> | return value |
|data_0_V_read   |  in |   16|   ap_none  |                     data_0_V_read                     |    scalar    |
|data_1_V_read   |  in |   16|   ap_none  |                     data_1_V_read                     |    scalar    |
|data_2_V_read   |  in |   16|   ap_none  |                     data_2_V_read                     |    scalar    |
|data_3_V_read   |  in |   16|   ap_none  |                     data_3_V_read                     |    scalar    |
|data_4_V_read   |  in |   16|   ap_none  |                     data_4_V_read                     |    scalar    |
|data_5_V_read   |  in |   16|   ap_none  |                     data_5_V_read                     |    scalar    |
|data_6_V_read   |  in |   16|   ap_none  |                     data_6_V_read                     |    scalar    |
|data_7_V_read   |  in |   16|   ap_none  |                     data_7_V_read                     |    scalar    |
|data_8_V_read   |  in |   16|   ap_none  |                     data_8_V_read                     |    scalar    |
|data_9_V_read   |  in |   16|   ap_none  |                     data_9_V_read                     |    scalar    |
|data_10_V_read  |  in |   16|   ap_none  |                     data_10_V_read                    |    scalar    |
|data_11_V_read  |  in |   16|   ap_none  |                     data_11_V_read                    |    scalar    |
|data_12_V_read  |  in |   16|   ap_none  |                     data_12_V_read                    |    scalar    |
|data_13_V_read  |  in |   16|   ap_none  |                     data_13_V_read                    |    scalar    |
|data_14_V_read  |  in |   16|   ap_none  |                     data_14_V_read                    |    scalar    |
|data_15_V_read  |  in |   16|   ap_none  |                     data_15_V_read                    |    scalar    |
+----------------+-----+-----+------------+-------------------------------------------------------+--------------+

