

================================================================
== Vivado HLS Report for 'dense_array_array_ap_fixed_16_6_5_3_0_16u_config10_s'
================================================================
* Date:           Tue Jul 20 16:25:27 2021

* Version:        2019.2 (Build 2698951 on Thu Oct 24 19:15:34 MDT 2019)
* Project:        myproject_prj
* Solution:       solution1
* Product family: virtex7
* Target device:  xc7vx690t-ffg1761-2


================================================================
== Performance Estimates
================================================================
+ Timing: 
    * Summary: 
    +--------+---------+----------+------------+
    |  Clock |  Target | Estimated| Uncertainty|
    +--------+---------+----------+------------+
    |ap_clk  | 5.00 ns | 4.290 ns |   0.62 ns  |
    +--------+---------+----------+------------+

+ Latency: 
    * Summary: 
    +---------+---------+----------+----------+-----+-----+---------+
    |  Latency (cycles) |  Latency (absolute) |  Interval | Pipeline|
    |   min   |   max   |    min   |    max   | min | max |   Type  |
    +---------+---------+----------+----------+-----+-----+---------+
    |       23|       23| 0.115 us | 0.115 us |   23|   23|   none  |
    +---------+---------+----------+----------+-----+-----+---------+

    + Detail: 
        * Instance: 
        +-------------------------------------------------------------------+-------------------------------------------------------+---------+---------+-----------+-----------+-----+-----+----------+
        |                                                                   |                                                       |  Latency (cycles) |   Latency (absolute)  |  Interval | Pipeline |
        |                              Instance                             |                         Module                        |   min   |   max   |    min    |    max    | min | max |   Type   |
        +-------------------------------------------------------------------+-------------------------------------------------------+---------+---------+-----------+-----------+-----+-----+----------+
        |grp_dense_wrapper_ap_fixed_ap_fixed_16_6_5_3_0_config10_s_fu_1647  |dense_wrapper_ap_fixed_ap_fixed_16_6_5_3_0_config10_s  |        4|        4| 20.000 ns | 20.000 ns |    1|    1| function |
        +-------------------------------------------------------------------+-------------------------------------------------------+---------+---------+-----------+-----------+-----+-----+----------+

        * Loop: 
        +---------------+---------+---------+----------+-----------+-----------+------+----------+
        |               |  Latency (cycles) | Iteration|  Initiation Interval  | Trip |          |
        |   Loop Name   |   min   |   max   |  Latency |  achieved |   target  | Count| Pipelined|
        +---------------+---------+---------+----------+-----------+-----------+------+----------+
        |- DataPrepare  |       16|       16|         2|          1|          1|    16|    yes   |
        +---------------+---------+---------+----------+-----------+-----------+------+----------+



================================================================
== Utilization Estimates
================================================================
* Summary: 
+-----------------+---------+-------+--------+--------+-----+
|       Name      | BRAM_18K| DSP48E|   FF   |   LUT  | URAM|
+-----------------+---------+-------+--------+--------+-----+
|DSP              |        -|      -|       -|       -|    -|
|Expression       |        -|      -|       0|      29|    -|
|FIFO             |        -|      -|       -|       -|    -|
|Instance         |        0|   2686|   40729|   84185|    -|
|Memory           |        -|      -|       -|       -|    -|
|Multiplexer      |        -|      -|       -|     374|    -|
|Register         |        -|      -|    4117|       -|    -|
+-----------------+---------+-------+--------+--------+-----+
|Total            |        0|   2686|   44846|   84588|    0|
+-----------------+---------+-------+--------+--------+-----+
|Available        |     2940|   3600|  866400|  433200|    0|
+-----------------+---------+-------+--------+--------+-----+
|Utilization (%)  |        0|     74|       5|      19|    0|
+-----------------+---------+-------+--------+--------+-----+

+ Detail: 
    * Instance: 
    +-------------------------------------------------------------------+-------------------------------------------------------+---------+-------+-------+-------+-----+
    |                              Instance                             |                         Module                        | BRAM_18K| DSP48E|   FF  |  LUT  | URAM|
    +-------------------------------------------------------------------+-------------------------------------------------------+---------+-------+-------+-------+-----+
    |grp_dense_wrapper_ap_fixed_ap_fixed_16_6_5_3_0_config10_s_fu_1647  |dense_wrapper_ap_fixed_ap_fixed_16_6_5_3_0_config10_s  |        0|   2686|  40729|  84185|    0|
    +-------------------------------------------------------------------+-------------------------------------------------------+---------+-------+-------+-------+-----+
    |Total                                                              |                                                       |        0|   2686|  40729|  84185|    0|
    +-------------------------------------------------------------------+-------------------------------------------------------+---------+-------+-------+-------+-----+

    * DSP48E: 
    N/A

    * Memory: 
    N/A

    * FIFO: 
    N/A

    * Expression: 
    +----------------------------+----------+-------+---+----+------------+------------+
    |        Variable Name       | Operation| DSP48E| FF| LUT| Bitwidth P0| Bitwidth P1|
    +----------------------------+----------+-------+---+----+------------+------------+
    |i_in_fu_1913_p2             |     +    |      0|  0|   6|           5|           1|
    |ap_block_pp0_stage0_11001   |    and   |      0|  0|   2|           1|           1|
    |io_acc_block_signal_op1134  |    and   |      0|  0|   2|           1|           1|
    |io_acc_block_signal_op565   |    and   |      0|  0|   2|           1|           1|
    |icmp_ln41_fu_1907_p2        |   icmp   |      0|  0|  11|           5|           6|
    |ap_block_state1             |    or    |      0|  0|   2|           1|           1|
    |ap_enable_pp0               |    xor   |      0|  0|   2|           1|           2|
    |ap_enable_reg_pp0_iter1     |    xor   |      0|  0|   2|           2|           1|
    +----------------------------+----------+-------+---+----+------------+------------+
    |Total                       |          |      0|  0|  29|          17|          14|
    +----------------------------+----------+-------+---+----+------------+------------+

    * Multiplexer: 
    +-------------------------------+----+-----------+-----+-----------+
    |              Name             | LUT| Input Size| Bits| Total Bits|
    +-------------------------------+----+-----------+-----+-----------+
    |ap_NS_fsm                      |  44|          9|    1|          9|
    |ap_done                        |   9|          2|    1|          2|
    |ap_enable_reg_pp0_iter1        |  15|          3|    1|          3|
    |data_stream_V_data_0_V_blk_n   |   9|          2|    1|          2|
    |data_stream_V_data_10_V_blk_n  |   9|          2|    1|          2|
    |data_stream_V_data_11_V_blk_n  |   9|          2|    1|          2|
    |data_stream_V_data_12_V_blk_n  |   9|          2|    1|          2|
    |data_stream_V_data_13_V_blk_n  |   9|          2|    1|          2|
    |data_stream_V_data_14_V_blk_n  |   9|          2|    1|          2|
    |data_stream_V_data_15_V_blk_n  |   9|          2|    1|          2|
    |data_stream_V_data_1_V_blk_n   |   9|          2|    1|          2|
    |data_stream_V_data_2_V_blk_n   |   9|          2|    1|          2|
    |data_stream_V_data_3_V_blk_n   |   9|          2|    1|          2|
    |data_stream_V_data_4_V_blk_n   |   9|          2|    1|          2|
    |data_stream_V_data_5_V_blk_n   |   9|          2|    1|          2|
    |data_stream_V_data_6_V_blk_n   |   9|          2|    1|          2|
    |data_stream_V_data_7_V_blk_n   |   9|          2|    1|          2|
    |data_stream_V_data_8_V_blk_n   |   9|          2|    1|          2|
    |data_stream_V_data_9_V_blk_n   |   9|          2|    1|          2|
    |i_in_0_reg_1636                |   9|          2|    5|         10|
    |real_start                     |   9|          2|    1|          2|
    |res_stream_V_data_0_V_blk_n    |   9|          2|    1|          2|
    |res_stream_V_data_10_V_blk_n   |   9|          2|    1|          2|
    |res_stream_V_data_11_V_blk_n   |   9|          2|    1|          2|
    |res_stream_V_data_12_V_blk_n   |   9|          2|    1|          2|
    |res_stream_V_data_13_V_blk_n   |   9|          2|    1|          2|
    |res_stream_V_data_14_V_blk_n   |   9|          2|    1|          2|
    |res_stream_V_data_15_V_blk_n   |   9|          2|    1|          2|
    |res_stream_V_data_1_V_blk_n    |   9|          2|    1|          2|
    |res_stream_V_data_2_V_blk_n    |   9|          2|    1|          2|
    |res_stream_V_data_3_V_blk_n    |   9|          2|    1|          2|
    |res_stream_V_data_4_V_blk_n    |   9|          2|    1|          2|
    |res_stream_V_data_5_V_blk_n    |   9|          2|    1|          2|
    |res_stream_V_data_6_V_blk_n    |   9|          2|    1|          2|
    |res_stream_V_data_7_V_blk_n    |   9|          2|    1|          2|
    |res_stream_V_data_8_V_blk_n    |   9|          2|    1|          2|
    |res_stream_V_data_9_V_blk_n    |   9|          2|    1|          2|
    +-------------------------------+----+-----------+-----+-----------+
    |Total                          | 374|         82|   41|         90|
    +-------------------------------+----+-----------+-----+-----------+

    * Register: 
    +-------------------------+----+----+-----+-----------+
    |           Name          | FF | LUT| Bits| Const Bits|
    +-------------------------+----+----+-----+-----------+
    |ap_CS_fsm                |   8|   0|    8|          0|
    |ap_done_reg              |   1|   0|    1|          0|
    |ap_enable_reg_pp0_iter0  |   1|   0|    1|          0|
    |ap_enable_reg_pp0_iter1  |   1|   0|    1|          0|
    |data_240_V_10_fu_1164    |  16|   0|   16|          0|
    |data_240_V_11_fu_1228    |  16|   0|   16|          0|
    |data_240_V_12_fu_1292    |  16|   0|   16|          0|
    |data_240_V_13_fu_1356    |  16|   0|   16|          0|
    |data_240_V_14_fu_1420    |  16|   0|   16|          0|
    |data_240_V_15_fu_1484    |  16|   0|   16|          0|
    |data_240_V_1_fu_588      |  16|   0|   16|          0|
    |data_240_V_2_fu_652      |  16|   0|   16|          0|
    |data_240_V_3_fu_716      |  16|   0|   16|          0|
    |data_240_V_4_fu_780      |  16|   0|   16|          0|
    |data_240_V_5_fu_844      |  16|   0|   16|          0|
    |data_240_V_6_fu_908      |  16|   0|   16|          0|
    |data_240_V_7_fu_972      |  16|   0|   16|          0|
    |data_240_V_8_fu_1036     |  16|   0|   16|          0|
    |data_240_V_9_fu_1100     |  16|   0|   16|          0|
    |data_240_V_fu_524        |  16|   0|   16|          0|
    |data_241_V_10_fu_1168    |  16|   0|   16|          0|
    |data_241_V_11_fu_1232    |  16|   0|   16|          0|
    |data_241_V_12_fu_1296    |  16|   0|   16|          0|
    |data_241_V_13_fu_1360    |  16|   0|   16|          0|
    |data_241_V_14_fu_1424    |  16|   0|   16|          0|
    |data_241_V_15_fu_1488    |  16|   0|   16|          0|
    |data_241_V_1_fu_592      |  16|   0|   16|          0|
    |data_241_V_2_fu_656      |  16|   0|   16|          0|
    |data_241_V_3_fu_720      |  16|   0|   16|          0|
    |data_241_V_4_fu_784      |  16|   0|   16|          0|
    |data_241_V_5_fu_848      |  16|   0|   16|          0|
    |data_241_V_6_fu_912      |  16|   0|   16|          0|
    |data_241_V_7_fu_976      |  16|   0|   16|          0|
    |data_241_V_8_fu_1040     |  16|   0|   16|          0|
    |data_241_V_9_fu_1104     |  16|   0|   16|          0|
    |data_241_V_fu_528        |  16|   0|   16|          0|
    |data_242_V_10_fu_1172    |  16|   0|   16|          0|
    |data_242_V_11_fu_1236    |  16|   0|   16|          0|
    |data_242_V_12_fu_1300    |  16|   0|   16|          0|
    |data_242_V_13_fu_1364    |  16|   0|   16|          0|
    |data_242_V_14_fu_1428    |  16|   0|   16|          0|
    |data_242_V_15_fu_1492    |  16|   0|   16|          0|
    |data_242_V_1_fu_596      |  16|   0|   16|          0|
    |data_242_V_2_fu_660      |  16|   0|   16|          0|
    |data_242_V_3_fu_724      |  16|   0|   16|          0|
    |data_242_V_4_fu_788      |  16|   0|   16|          0|
    |data_242_V_5_fu_852      |  16|   0|   16|          0|
    |data_242_V_6_fu_916      |  16|   0|   16|          0|
    |data_242_V_7_fu_980      |  16|   0|   16|          0|
    |data_242_V_8_fu_1044     |  16|   0|   16|          0|
    |data_242_V_9_fu_1108     |  16|   0|   16|          0|
    |data_242_V_fu_532        |  16|   0|   16|          0|
    |data_243_V_10_fu_1176    |  16|   0|   16|          0|
    |data_243_V_11_fu_1240    |  16|   0|   16|          0|
    |data_243_V_12_fu_1304    |  16|   0|   16|          0|
    |data_243_V_13_fu_1368    |  16|   0|   16|          0|
    |data_243_V_14_fu_1432    |  16|   0|   16|          0|
    |data_243_V_15_fu_1496    |  16|   0|   16|          0|
    |data_243_V_1_fu_600      |  16|   0|   16|          0|
    |data_243_V_2_fu_664      |  16|   0|   16|          0|
    |data_243_V_3_fu_728      |  16|   0|   16|          0|
    |data_243_V_4_fu_792      |  16|   0|   16|          0|
    |data_243_V_5_fu_856      |  16|   0|   16|          0|
    |data_243_V_6_fu_920      |  16|   0|   16|          0|
    |data_243_V_7_fu_984      |  16|   0|   16|          0|
    |data_243_V_8_fu_1048     |  16|   0|   16|          0|
    |data_243_V_9_fu_1112     |  16|   0|   16|          0|
    |data_243_V_fu_536        |  16|   0|   16|          0|
    |data_244_V_10_fu_1180    |  16|   0|   16|          0|
    |data_244_V_11_fu_1244    |  16|   0|   16|          0|
    |data_244_V_12_fu_1308    |  16|   0|   16|          0|
    |data_244_V_13_fu_1372    |  16|   0|   16|          0|
    |data_244_V_14_fu_1436    |  16|   0|   16|          0|
    |data_244_V_15_fu_1500    |  16|   0|   16|          0|
    |data_244_V_1_fu_604      |  16|   0|   16|          0|
    |data_244_V_2_fu_668      |  16|   0|   16|          0|
    |data_244_V_3_fu_732      |  16|   0|   16|          0|
    |data_244_V_4_fu_796      |  16|   0|   16|          0|
    |data_244_V_5_fu_860      |  16|   0|   16|          0|
    |data_244_V_6_fu_924      |  16|   0|   16|          0|
    |data_244_V_7_fu_988      |  16|   0|   16|          0|
    |data_244_V_8_fu_1052     |  16|   0|   16|          0|
    |data_244_V_9_fu_1116     |  16|   0|   16|          0|
    |data_244_V_fu_540        |  16|   0|   16|          0|
    |data_245_V_10_fu_1184    |  16|   0|   16|          0|
    |data_245_V_11_fu_1248    |  16|   0|   16|          0|
    |data_245_V_12_fu_1312    |  16|   0|   16|          0|
    |data_245_V_13_fu_1376    |  16|   0|   16|          0|
    |data_245_V_14_fu_1440    |  16|   0|   16|          0|
    |data_245_V_15_fu_1504    |  16|   0|   16|          0|
    |data_245_V_1_fu_608      |  16|   0|   16|          0|
    |data_245_V_2_fu_672      |  16|   0|   16|          0|
    |data_245_V_3_fu_736      |  16|   0|   16|          0|
    |data_245_V_4_fu_800      |  16|   0|   16|          0|
    |data_245_V_5_fu_864      |  16|   0|   16|          0|
    |data_245_V_6_fu_928      |  16|   0|   16|          0|
    |data_245_V_7_fu_992      |  16|   0|   16|          0|
    |data_245_V_8_fu_1056     |  16|   0|   16|          0|
    |data_245_V_9_fu_1120     |  16|   0|   16|          0|
    |data_245_V_fu_544        |  16|   0|   16|          0|
    |data_246_V_10_fu_1188    |  16|   0|   16|          0|
    |data_246_V_11_fu_1252    |  16|   0|   16|          0|
    |data_246_V_12_fu_1316    |  16|   0|   16|          0|
    |data_246_V_13_fu_1380    |  16|   0|   16|          0|
    |data_246_V_14_fu_1444    |  16|   0|   16|          0|
    |data_246_V_15_fu_1508    |  16|   0|   16|          0|
    |data_246_V_1_fu_612      |  16|   0|   16|          0|
    |data_246_V_2_fu_676      |  16|   0|   16|          0|
    |data_246_V_3_fu_740      |  16|   0|   16|          0|
    |data_246_V_4_fu_804      |  16|   0|   16|          0|
    |data_246_V_5_fu_868      |  16|   0|   16|          0|
    |data_246_V_6_fu_932      |  16|   0|   16|          0|
    |data_246_V_7_fu_996      |  16|   0|   16|          0|
    |data_246_V_8_fu_1060     |  16|   0|   16|          0|
    |data_246_V_9_fu_1124     |  16|   0|   16|          0|
    |data_246_V_fu_548        |  16|   0|   16|          0|
    |data_247_V_10_fu_1192    |  16|   0|   16|          0|
    |data_247_V_11_fu_1256    |  16|   0|   16|          0|
    |data_247_V_12_fu_1320    |  16|   0|   16|          0|
    |data_247_V_13_fu_1384    |  16|   0|   16|          0|
    |data_247_V_14_fu_1448    |  16|   0|   16|          0|
    |data_247_V_15_fu_1512    |  16|   0|   16|          0|
    |data_247_V_1_fu_616      |  16|   0|   16|          0|
    |data_247_V_2_fu_680      |  16|   0|   16|          0|
    |data_247_V_3_fu_744      |  16|   0|   16|          0|
    |data_247_V_4_fu_808      |  16|   0|   16|          0|
    |data_247_V_5_fu_872      |  16|   0|   16|          0|
    |data_247_V_6_fu_936      |  16|   0|   16|          0|
    |data_247_V_7_fu_1000     |  16|   0|   16|          0|
    |data_247_V_8_fu_1064     |  16|   0|   16|          0|
    |data_247_V_9_fu_1128     |  16|   0|   16|          0|
    |data_247_V_fu_552        |  16|   0|   16|          0|
    |data_248_V_10_fu_1196    |  16|   0|   16|          0|
    |data_248_V_11_fu_1260    |  16|   0|   16|          0|
    |data_248_V_12_fu_1324    |  16|   0|   16|          0|
    |data_248_V_13_fu_1388    |  16|   0|   16|          0|
    |data_248_V_14_fu_1452    |  16|   0|   16|          0|
    |data_248_V_15_fu_1516    |  16|   0|   16|          0|
    |data_248_V_1_fu_620      |  16|   0|   16|          0|
    |data_248_V_2_fu_684      |  16|   0|   16|          0|
    |data_248_V_3_fu_748      |  16|   0|   16|          0|
    |data_248_V_4_fu_812      |  16|   0|   16|          0|
    |data_248_V_5_fu_876      |  16|   0|   16|          0|
    |data_248_V_6_fu_940      |  16|   0|   16|          0|
    |data_248_V_7_fu_1004     |  16|   0|   16|          0|
    |data_248_V_8_fu_1068     |  16|   0|   16|          0|
    |data_248_V_9_fu_1132     |  16|   0|   16|          0|
    |data_248_V_fu_556        |  16|   0|   16|          0|
    |data_249_V_10_fu_1200    |  16|   0|   16|          0|
    |data_249_V_11_fu_1264    |  16|   0|   16|          0|
    |data_249_V_12_fu_1328    |  16|   0|   16|          0|
    |data_249_V_13_fu_1392    |  16|   0|   16|          0|
    |data_249_V_14_fu_1456    |  16|   0|   16|          0|
    |data_249_V_15_fu_1520    |  16|   0|   16|          0|
    |data_249_V_1_fu_624      |  16|   0|   16|          0|
    |data_249_V_2_fu_688      |  16|   0|   16|          0|
    |data_249_V_3_fu_752      |  16|   0|   16|          0|
    |data_249_V_4_fu_816      |  16|   0|   16|          0|
    |data_249_V_5_fu_880      |  16|   0|   16|          0|
    |data_249_V_6_fu_944      |  16|   0|   16|          0|
    |data_249_V_7_fu_1008     |  16|   0|   16|          0|
    |data_249_V_8_fu_1072     |  16|   0|   16|          0|
    |data_249_V_9_fu_1136     |  16|   0|   16|          0|
    |data_249_V_fu_560        |  16|   0|   16|          0|
    |data_250_V_10_fu_1204    |  16|   0|   16|          0|
    |data_250_V_11_fu_1268    |  16|   0|   16|          0|
    |data_250_V_12_fu_1332    |  16|   0|   16|          0|
    |data_250_V_13_fu_1396    |  16|   0|   16|          0|
    |data_250_V_14_fu_1460    |  16|   0|   16|          0|
    |data_250_V_15_fu_1524    |  16|   0|   16|          0|
    |data_250_V_1_fu_628      |  16|   0|   16|          0|
    |data_250_V_2_fu_692      |  16|   0|   16|          0|
    |data_250_V_3_fu_756      |  16|   0|   16|          0|
    |data_250_V_4_fu_820      |  16|   0|   16|          0|
    |data_250_V_5_fu_884      |  16|   0|   16|          0|
    |data_250_V_6_fu_948      |  16|   0|   16|          0|
    |data_250_V_7_fu_1012     |  16|   0|   16|          0|
    |data_250_V_8_fu_1076     |  16|   0|   16|          0|
    |data_250_V_9_fu_1140     |  16|   0|   16|          0|
    |data_250_V_fu_564        |  16|   0|   16|          0|
    |data_251_V_10_fu_1208    |  16|   0|   16|          0|
    |data_251_V_11_fu_1272    |  16|   0|   16|          0|
    |data_251_V_12_fu_1336    |  16|   0|   16|          0|
    |data_251_V_13_fu_1400    |  16|   0|   16|          0|
    |data_251_V_14_fu_1464    |  16|   0|   16|          0|
    |data_251_V_15_fu_1528    |  16|   0|   16|          0|
    |data_251_V_1_fu_632      |  16|   0|   16|          0|
    |data_251_V_2_fu_696      |  16|   0|   16|          0|
    |data_251_V_3_fu_760      |  16|   0|   16|          0|
    |data_251_V_4_fu_824      |  16|   0|   16|          0|
    |data_251_V_5_fu_888      |  16|   0|   16|          0|
    |data_251_V_6_fu_952      |  16|   0|   16|          0|
    |data_251_V_7_fu_1016     |  16|   0|   16|          0|
    |data_251_V_8_fu_1080     |  16|   0|   16|          0|
    |data_251_V_9_fu_1144     |  16|   0|   16|          0|
    |data_251_V_fu_568        |  16|   0|   16|          0|
    |data_252_V_10_fu_1212    |  16|   0|   16|          0|
    |data_252_V_11_fu_1276    |  16|   0|   16|          0|
    |data_252_V_12_fu_1340    |  16|   0|   16|          0|
    |data_252_V_13_fu_1404    |  16|   0|   16|          0|
    |data_252_V_14_fu_1468    |  16|   0|   16|          0|
    |data_252_V_15_fu_1532    |  16|   0|   16|          0|
    |data_252_V_1_fu_636      |  16|   0|   16|          0|
    |data_252_V_2_fu_700      |  16|   0|   16|          0|
    |data_252_V_3_fu_764      |  16|   0|   16|          0|
    |data_252_V_4_fu_828      |  16|   0|   16|          0|
    |data_252_V_5_fu_892      |  16|   0|   16|          0|
    |data_252_V_6_fu_956      |  16|   0|   16|          0|
    |data_252_V_7_fu_1020     |  16|   0|   16|          0|
    |data_252_V_8_fu_1084     |  16|   0|   16|          0|
    |data_252_V_9_fu_1148     |  16|   0|   16|          0|
    |data_252_V_fu_572        |  16|   0|   16|          0|
    |data_253_V_10_fu_1216    |  16|   0|   16|          0|
    |data_253_V_11_fu_1280    |  16|   0|   16|          0|
    |data_253_V_12_fu_1344    |  16|   0|   16|          0|
    |data_253_V_13_fu_1408    |  16|   0|   16|          0|
    |data_253_V_14_fu_1472    |  16|   0|   16|          0|
    |data_253_V_15_fu_1536    |  16|   0|   16|          0|
    |data_253_V_1_fu_640      |  16|   0|   16|          0|
    |data_253_V_2_fu_704      |  16|   0|   16|          0|
    |data_253_V_3_fu_768      |  16|   0|   16|          0|
    |data_253_V_4_fu_832      |  16|   0|   16|          0|
    |data_253_V_5_fu_896      |  16|   0|   16|          0|
    |data_253_V_6_fu_960      |  16|   0|   16|          0|
    |data_253_V_7_fu_1024     |  16|   0|   16|          0|
    |data_253_V_8_fu_1088     |  16|   0|   16|          0|
    |data_253_V_9_fu_1152     |  16|   0|   16|          0|
    |data_253_V_fu_576        |  16|   0|   16|          0|
    |data_254_V_10_fu_1220    |  16|   0|   16|          0|
    |data_254_V_11_fu_1284    |  16|   0|   16|          0|
    |data_254_V_12_fu_1348    |  16|   0|   16|          0|
    |data_254_V_13_fu_1412    |  16|   0|   16|          0|
    |data_254_V_14_fu_1476    |  16|   0|   16|          0|
    |data_254_V_15_fu_1540    |  16|   0|   16|          0|
    |data_254_V_1_fu_644      |  16|   0|   16|          0|
    |data_254_V_2_fu_708      |  16|   0|   16|          0|
    |data_254_V_3_fu_772      |  16|   0|   16|          0|
    |data_254_V_4_fu_836      |  16|   0|   16|          0|
    |data_254_V_5_fu_900      |  16|   0|   16|          0|
    |data_254_V_6_fu_964      |  16|   0|   16|          0|
    |data_254_V_7_fu_1028     |  16|   0|   16|          0|
    |data_254_V_8_fu_1092     |  16|   0|   16|          0|
    |data_254_V_9_fu_1156     |  16|   0|   16|          0|
    |data_254_V_fu_580        |  16|   0|   16|          0|
    |data_255_V_10_fu_1224    |  16|   0|   16|          0|
    |data_255_V_11_fu_1288    |  16|   0|   16|          0|
    |data_255_V_12_fu_1352    |  16|   0|   16|          0|
    |data_255_V_13_fu_1416    |  16|   0|   16|          0|
    |data_255_V_14_fu_1480    |  16|   0|   16|          0|
    |data_255_V_15_fu_1544    |  16|   0|   16|          0|
    |data_255_V_1_fu_648      |  16|   0|   16|          0|
    |data_255_V_2_fu_712      |  16|   0|   16|          0|
    |data_255_V_3_fu_776      |  16|   0|   16|          0|
    |data_255_V_4_fu_840      |  16|   0|   16|          0|
    |data_255_V_5_fu_904      |  16|   0|   16|          0|
    |data_255_V_6_fu_968      |  16|   0|   16|          0|
    |data_255_V_7_fu_1032     |  16|   0|   16|          0|
    |data_255_V_8_fu_1096     |  16|   0|   16|          0|
    |data_255_V_9_fu_1160     |  16|   0|   16|          0|
    |data_255_V_fu_584        |  16|   0|   16|          0|
    |i_in_0_reg_1636          |   5|   0|    5|          0|
    |start_once_reg           |   1|   0|    1|          0|
    |trunc_ln203_reg_5916     |   4|   0|    4|          0|
    +-------------------------+----+----+-----+-----------+
    |Total                    |4117|   0| 4117|          0|
    +-------------------------+----+----+-----+-----------+



================================================================
== Interface
================================================================
* Summary: 
+---------------------------------+-----+-----+------------+-------------------------------------------------------+--------------+
|            RTL Ports            | Dir | Bits|  Protocol  |                     Source Object                     |    C Type    |
+---------------------------------+-----+-----+------------+-------------------------------------------------------+--------------+
|ap_clk                           |  in |    1| ap_ctrl_hs | dense<array,array<ap_fixed<16,6,5,3,0>,16u>,config10> | return value |
|ap_rst                           |  in |    1| ap_ctrl_hs | dense<array,array<ap_fixed<16,6,5,3,0>,16u>,config10> | return value |
|ap_start                         |  in |    1| ap_ctrl_hs | dense<array,array<ap_fixed<16,6,5,3,0>,16u>,config10> | return value |
|start_full_n                     |  in |    1| ap_ctrl_hs | dense<array,array<ap_fixed<16,6,5,3,0>,16u>,config10> | return value |
|ap_done                          | out |    1| ap_ctrl_hs | dense<array,array<ap_fixed<16,6,5,3,0>,16u>,config10> | return value |
|ap_continue                      |  in |    1| ap_ctrl_hs | dense<array,array<ap_fixed<16,6,5,3,0>,16u>,config10> | return value |
|ap_idle                          | out |    1| ap_ctrl_hs | dense<array,array<ap_fixed<16,6,5,3,0>,16u>,config10> | return value |
|ap_ready                         | out |    1| ap_ctrl_hs | dense<array,array<ap_fixed<16,6,5,3,0>,16u>,config10> | return value |
|start_out                        | out |    1| ap_ctrl_hs | dense<array,array<ap_fixed<16,6,5,3,0>,16u>,config10> | return value |
|start_write                      | out |    1| ap_ctrl_hs | dense<array,array<ap_fixed<16,6,5,3,0>,16u>,config10> | return value |
|data_stream_V_data_0_V_dout      |  in |   16|   ap_fifo  |                 data_stream_V_data_0_V                |    pointer   |
|data_stream_V_data_0_V_empty_n   |  in |    1|   ap_fifo  |                 data_stream_V_data_0_V                |    pointer   |
|data_stream_V_data_0_V_read      | out |    1|   ap_fifo  |                 data_stream_V_data_0_V                |    pointer   |
|data_stream_V_data_1_V_dout      |  in |   16|   ap_fifo  |                 data_stream_V_data_1_V                |    pointer   |
|data_stream_V_data_1_V_empty_n   |  in |    1|   ap_fifo  |                 data_stream_V_data_1_V                |    pointer   |
|data_stream_V_data_1_V_read      | out |    1|   ap_fifo  |                 data_stream_V_data_1_V                |    pointer   |
|data_stream_V_data_2_V_dout      |  in |   16|   ap_fifo  |                 data_stream_V_data_2_V                |    pointer   |
|data_stream_V_data_2_V_empty_n   |  in |    1|   ap_fifo  |                 data_stream_V_data_2_V                |    pointer   |
|data_stream_V_data_2_V_read      | out |    1|   ap_fifo  |                 data_stream_V_data_2_V                |    pointer   |
|data_stream_V_data_3_V_dout      |  in |   16|   ap_fifo  |                 data_stream_V_data_3_V                |    pointer   |
|data_stream_V_data_3_V_empty_n   |  in |    1|   ap_fifo  |                 data_stream_V_data_3_V                |    pointer   |
|data_stream_V_data_3_V_read      | out |    1|   ap_fifo  |                 data_stream_V_data_3_V                |    pointer   |
|data_stream_V_data_4_V_dout      |  in |   16|   ap_fifo  |                 data_stream_V_data_4_V                |    pointer   |
|data_stream_V_data_4_V_empty_n   |  in |    1|   ap_fifo  |                 data_stream_V_data_4_V                |    pointer   |
|data_stream_V_data_4_V_read      | out |    1|   ap_fifo  |                 data_stream_V_data_4_V                |    pointer   |
|data_stream_V_data_5_V_dout      |  in |   16|   ap_fifo  |                 data_stream_V_data_5_V                |    pointer   |
|data_stream_V_data_5_V_empty_n   |  in |    1|   ap_fifo  |                 data_stream_V_data_5_V                |    pointer   |
|data_stream_V_data_5_V_read      | out |    1|   ap_fifo  |                 data_stream_V_data_5_V                |    pointer   |
|data_stream_V_data_6_V_dout      |  in |   16|   ap_fifo  |                 data_stream_V_data_6_V                |    pointer   |
|data_stream_V_data_6_V_empty_n   |  in |    1|   ap_fifo  |                 data_stream_V_data_6_V                |    pointer   |
|data_stream_V_data_6_V_read      | out |    1|   ap_fifo  |                 data_stream_V_data_6_V                |    pointer   |
|data_stream_V_data_7_V_dout      |  in |   16|   ap_fifo  |                 data_stream_V_data_7_V                |    pointer   |
|data_stream_V_data_7_V_empty_n   |  in |    1|   ap_fifo  |                 data_stream_V_data_7_V                |    pointer   |
|data_stream_V_data_7_V_read      | out |    1|   ap_fifo  |                 data_stream_V_data_7_V                |    pointer   |
|data_stream_V_data_8_V_dout      |  in |   16|   ap_fifo  |                 data_stream_V_data_8_V                |    pointer   |
|data_stream_V_data_8_V_empty_n   |  in |    1|   ap_fifo  |                 data_stream_V_data_8_V                |    pointer   |
|data_stream_V_data_8_V_read      | out |    1|   ap_fifo  |                 data_stream_V_data_8_V                |    pointer   |
|data_stream_V_data_9_V_dout      |  in |   16|   ap_fifo  |                 data_stream_V_data_9_V                |    pointer   |
|data_stream_V_data_9_V_empty_n   |  in |    1|   ap_fifo  |                 data_stream_V_data_9_V                |    pointer   |
|data_stream_V_data_9_V_read      | out |    1|   ap_fifo  |                 data_stream_V_data_9_V                |    pointer   |
|data_stream_V_data_10_V_dout     |  in |   16|   ap_fifo  |                data_stream_V_data_10_V                |    pointer   |
|data_stream_V_data_10_V_empty_n  |  in |    1|   ap_fifo  |                data_stream_V_data_10_V                |    pointer   |
|data_stream_V_data_10_V_read     | out |    1|   ap_fifo  |                data_stream_V_data_10_V                |    pointer   |
|data_stream_V_data_11_V_dout     |  in |   16|   ap_fifo  |                data_stream_V_data_11_V                |    pointer   |
|data_stream_V_data_11_V_empty_n  |  in |    1|   ap_fifo  |                data_stream_V_data_11_V                |    pointer   |
|data_stream_V_data_11_V_read     | out |    1|   ap_fifo  |                data_stream_V_data_11_V                |    pointer   |
|data_stream_V_data_12_V_dout     |  in |   16|   ap_fifo  |                data_stream_V_data_12_V                |    pointer   |
|data_stream_V_data_12_V_empty_n  |  in |    1|   ap_fifo  |                data_stream_V_data_12_V                |    pointer   |
|data_stream_V_data_12_V_read     | out |    1|   ap_fifo  |                data_stream_V_data_12_V                |    pointer   |
|data_stream_V_data_13_V_dout     |  in |   16|   ap_fifo  |                data_stream_V_data_13_V                |    pointer   |
|data_stream_V_data_13_V_empty_n  |  in |    1|   ap_fifo  |                data_stream_V_data_13_V                |    pointer   |
|data_stream_V_data_13_V_read     | out |    1|   ap_fifo  |                data_stream_V_data_13_V                |    pointer   |
|data_stream_V_data_14_V_dout     |  in |   16|   ap_fifo  |                data_stream_V_data_14_V                |    pointer   |
|data_stream_V_data_14_V_empty_n  |  in |    1|   ap_fifo  |                data_stream_V_data_14_V                |    pointer   |
|data_stream_V_data_14_V_read     | out |    1|   ap_fifo  |                data_stream_V_data_14_V                |    pointer   |
|data_stream_V_data_15_V_dout     |  in |   16|   ap_fifo  |                data_stream_V_data_15_V                |    pointer   |
|data_stream_V_data_15_V_empty_n  |  in |    1|   ap_fifo  |                data_stream_V_data_15_V                |    pointer   |
|data_stream_V_data_15_V_read     | out |    1|   ap_fifo  |                data_stream_V_data_15_V                |    pointer   |
|res_stream_V_data_0_V_din        | out |   16|   ap_fifo  |                 res_stream_V_data_0_V                 |    pointer   |
|res_stream_V_data_0_V_full_n     |  in |    1|   ap_fifo  |                 res_stream_V_data_0_V                 |    pointer   |
|res_stream_V_data_0_V_write      | out |    1|   ap_fifo  |                 res_stream_V_data_0_V                 |    pointer   |
|res_stream_V_data_1_V_din        | out |   16|   ap_fifo  |                 res_stream_V_data_1_V                 |    pointer   |
|res_stream_V_data_1_V_full_n     |  in |    1|   ap_fifo  |                 res_stream_V_data_1_V                 |    pointer   |
|res_stream_V_data_1_V_write      | out |    1|   ap_fifo  |                 res_stream_V_data_1_V                 |    pointer   |
|res_stream_V_data_2_V_din        | out |   16|   ap_fifo  |                 res_stream_V_data_2_V                 |    pointer   |
|res_stream_V_data_2_V_full_n     |  in |    1|   ap_fifo  |                 res_stream_V_data_2_V                 |    pointer   |
|res_stream_V_data_2_V_write      | out |    1|   ap_fifo  |                 res_stream_V_data_2_V                 |    pointer   |
|res_stream_V_data_3_V_din        | out |   16|   ap_fifo  |                 res_stream_V_data_3_V                 |    pointer   |
|res_stream_V_data_3_V_full_n     |  in |    1|   ap_fifo  |                 res_stream_V_data_3_V                 |    pointer   |
|res_stream_V_data_3_V_write      | out |    1|   ap_fifo  |                 res_stream_V_data_3_V                 |    pointer   |
|res_stream_V_data_4_V_din        | out |   16|   ap_fifo  |                 res_stream_V_data_4_V                 |    pointer   |
|res_stream_V_data_4_V_full_n     |  in |    1|   ap_fifo  |                 res_stream_V_data_4_V                 |    pointer   |
|res_stream_V_data_4_V_write      | out |    1|   ap_fifo  |                 res_stream_V_data_4_V                 |    pointer   |
|res_stream_V_data_5_V_din        | out |   16|   ap_fifo  |                 res_stream_V_data_5_V                 |    pointer   |
|res_stream_V_data_5_V_full_n     |  in |    1|   ap_fifo  |                 res_stream_V_data_5_V                 |    pointer   |
|res_stream_V_data_5_V_write      | out |    1|   ap_fifo  |                 res_stream_V_data_5_V                 |    pointer   |
|res_stream_V_data_6_V_din        | out |   16|   ap_fifo  |                 res_stream_V_data_6_V                 |    pointer   |
|res_stream_V_data_6_V_full_n     |  in |    1|   ap_fifo  |                 res_stream_V_data_6_V                 |    pointer   |
|res_stream_V_data_6_V_write      | out |    1|   ap_fifo  |                 res_stream_V_data_6_V                 |    pointer   |
|res_stream_V_data_7_V_din        | out |   16|   ap_fifo  |                 res_stream_V_data_7_V                 |    pointer   |
|res_stream_V_data_7_V_full_n     |  in |    1|   ap_fifo  |                 res_stream_V_data_7_V                 |    pointer   |
|res_stream_V_data_7_V_write      | out |    1|   ap_fifo  |                 res_stream_V_data_7_V                 |    pointer   |
|res_stream_V_data_8_V_din        | out |   16|   ap_fifo  |                 res_stream_V_data_8_V                 |    pointer   |
|res_stream_V_data_8_V_full_n     |  in |    1|   ap_fifo  |                 res_stream_V_data_8_V                 |    pointer   |
|res_stream_V_data_8_V_write      | out |    1|   ap_fifo  |                 res_stream_V_data_8_V                 |    pointer   |
|res_stream_V_data_9_V_din        | out |   16|   ap_fifo  |                 res_stream_V_data_9_V                 |    pointer   |
|res_stream_V_data_9_V_full_n     |  in |    1|   ap_fifo  |                 res_stream_V_data_9_V                 |    pointer   |
|res_stream_V_data_9_V_write      | out |    1|   ap_fifo  |                 res_stream_V_data_9_V                 |    pointer   |
|res_stream_V_data_10_V_din       | out |   16|   ap_fifo  |                 res_stream_V_data_10_V                |    pointer   |
|res_stream_V_data_10_V_full_n    |  in |    1|   ap_fifo  |                 res_stream_V_data_10_V                |    pointer   |
|res_stream_V_data_10_V_write     | out |    1|   ap_fifo  |                 res_stream_V_data_10_V                |    pointer   |
|res_stream_V_data_11_V_din       | out |   16|   ap_fifo  |                 res_stream_V_data_11_V                |    pointer   |
|res_stream_V_data_11_V_full_n    |  in |    1|   ap_fifo  |                 res_stream_V_data_11_V                |    pointer   |
|res_stream_V_data_11_V_write     | out |    1|   ap_fifo  |                 res_stream_V_data_11_V                |    pointer   |
|res_stream_V_data_12_V_din       | out |   16|   ap_fifo  |                 res_stream_V_data_12_V                |    pointer   |
|res_stream_V_data_12_V_full_n    |  in |    1|   ap_fifo  |                 res_stream_V_data_12_V                |    pointer   |
|res_stream_V_data_12_V_write     | out |    1|   ap_fifo  |                 res_stream_V_data_12_V                |    pointer   |
|res_stream_V_data_13_V_din       | out |   16|   ap_fifo  |                 res_stream_V_data_13_V                |    pointer   |
|res_stream_V_data_13_V_full_n    |  in |    1|   ap_fifo  |                 res_stream_V_data_13_V                |    pointer   |
|res_stream_V_data_13_V_write     | out |    1|   ap_fifo  |                 res_stream_V_data_13_V                |    pointer   |
|res_stream_V_data_14_V_din       | out |   16|   ap_fifo  |                 res_stream_V_data_14_V                |    pointer   |
|res_stream_V_data_14_V_full_n    |  in |    1|   ap_fifo  |                 res_stream_V_data_14_V                |    pointer   |
|res_stream_V_data_14_V_write     | out |    1|   ap_fifo  |                 res_stream_V_data_14_V                |    pointer   |
|res_stream_V_data_15_V_din       | out |   16|   ap_fifo  |                 res_stream_V_data_15_V                |    pointer   |
|res_stream_V_data_15_V_full_n    |  in |    1|   ap_fifo  |                 res_stream_V_data_15_V                |    pointer   |
|res_stream_V_data_15_V_write     | out |    1|   ap_fifo  |                 res_stream_V_data_15_V                |    pointer   |
+---------------------------------+-----+-----+------------+-------------------------------------------------------+--------------+

