#-----------------------------------------------------------
# Vivado v2018.3 (64-bit)
# SW Build 2405991 on Thu Dec  6 23:36:41 MST 2018
# IP Build 2404404 on Fri Dec  7 01:43:56 MST 2018
# Start of session at: Tue Jul 20 15:16:13 2021
# Process ID: 29356
# Current directory: /home/rnarayan/hls4ml/thea/Quantized_CNN/cnn_projects/full_10bit_reuse1
# Command line: vivado Hls4MLTest.xpr
# Log file: /home/rnarayan/hls4ml/thea/Quantized_CNN/cnn_projects/full_10bit_reuse1/vivado.log
# Journal file: /home/rnarayan/hls4ml/thea/Quantized_CNN/cnn_projects/full_10bit_reuse1/vivado.jou
#-----------------------------------------------------------
start_gui
open_project Hls4MLTest.xpr
Scanning sources...
Finished scanning sources
INFO: [IP_Flow 19-234] Refreshing IP repositories
INFO: [IP_Flow 19-1704] No user IP repositories specified
INFO: [IP_Flow 19-2313] Loaded Vivado IP repository '/tools/Xilinx/Vivado/2018.3/data/ip'.
open_project: Time (s): cpu = 00:00:16 ; elapsed = 00:00:06 . Memory (MB): peak = 6625.223 ; gain = 160.570 ; free physical = 6333 ; free virtual = 19232
create_bd_design -dir {/home/rnarayan/hls4ml/thea/Quantized_CNN/cnn_projects/full_10bit_reuse1/myproject_prj/solution1/impl/ip/bd} "design_1"
Wrote  : </home/rnarayan/hls4ml/thea/Quantized_CNN/cnn_projects/full_10bit_reuse1/myproject_prj/solution1/impl/ip/bd/design_1/design_1.bd> 
update_compile_order -fileset sources_1
export_ip_user_files -of_objects  [get_files /home/rnarayan/hls4ml/thea/Quantized_CNN/cnn_projects/full_10bit_reuse1/myproject_prj/solution1/impl/ip/bd/design_1/design_1.bd] -no_script -reset -force -quiet
remove_files  /home/rnarayan/hls4ml/thea/Quantized_CNN/cnn_projects/full_10bit_reuse1/myproject_prj/solution1/impl/ip/bd/design_1/design_1.bd
set_property  ip_repo_paths  /home/rnarayan/hls4ml/thea/Quantized_CNN/cnn_projects/full_10bit_reuse1/myproject_prj/solution1/impl/ip/bd/design_1 [current_project]
update_ip_catalog
INFO: [IP_Flow 19-234] Refreshing IP repositories
INFO: [IP_Flow 19-1700] Loaded user IP repository '/home/rnarayan/hls4ml/thea/Quantized_CNN/cnn_projects/full_10bit_reuse1/myproject_prj/solution1/impl/ip/bd/design_1'.
create_bd_design "design_1"
Wrote  : </home/rnarayan/hls4ml/thea/Quantized_CNN/cnn_projects/full_10bit_reuse1/Hls4MLTest.srcs/sources_1/bd/design_1/design_1.bd> 
set_property  ip_repo_paths  {} [current_project]
update_ip_catalog
INFO: [IP_Flow 19-234] Refreshing IP repositories
INFO: [IP_Flow 19-1704] No user IP repositories specified
set_property  ip_repo_paths  /home/rnarayan/hls4ml/thea/Quantized_CNN/cnn_projects/full_10bit_reuse1/myproject_prj/solution1/impl/ip [current_project]
update_ip_catalog
INFO: [IP_Flow 19-234] Refreshing IP repositories
INFO: [IP_Flow 19-1700] Loaded user IP repository '/home/rnarayan/hls4ml/thea/Quantized_CNN/cnn_projects/full_10bit_reuse1/myproject_prj/solution1/impl/ip'.
export_ip_user_files -of_objects  [get_files /home/rnarayan/hls4ml/thea/Quantized_CNN/cnn_projects/full_10bit_reuse1/Hls4MLTest.srcs/sources_1/bd/design_1/design_1.bd] -no_script -reset -force -quiet
remove_files  /home/rnarayan/hls4ml/thea/Quantized_CNN/cnn_projects/full_10bit_reuse1/Hls4MLTest.srcs/sources_1/bd/design_1/design_1.bd
create_bd_design "design_1"
Wrote  : </home/rnarayan/hls4ml/thea/Quantized_CNN/cnn_projects/full_10bit_reuse1/Hls4MLTest.srcs/sources_1/bd/design_1/design_1.bd> 
export_ip_user_files -of_objects  [get_files /home/rnarayan/hls4ml/thea/Quantized_CNN/cnn_projects/full_10bit_reuse1/Hls4MLTest.srcs/sources_1/bd/design_1/design_1.bd] -no_script -reset -force -quiet
remove_files  /home/rnarayan/hls4ml/thea/Quantized_CNN/cnn_projects/full_10bit_reuse1/Hls4MLTest.srcs/sources_1/bd/design_1/design_1.bd
create_bd_design -dir {/home/rnarayan/hls4ml/thea/Quantized_CNN/cnn_projects/full_10bit_reuse1/myproject_prj/solution1/impl/ip/bd} "design_1"
Wrote  : </home/rnarayan/hls4ml/thea/Quantized_CNN/cnn_projects/full_10bit_reuse1/myproject_prj/solution1/impl/ip/bd/design_1/design_1.bd> 
exit
INFO: [Common 17-206] Exiting Vivado at Tue Jul 20 15:55:52 2021...
